[0.075s] Invoking command in '/home/optimus/first_ros2_ws/build/intro_interfaces': CMAKE_PREFIX_PATH=${CMAKE_PREFIX_PATH}:/opt/ros/jazzy DEBUGINFOD_URLS=https://debuginfod.ubuntu.com /usr/bin/cmake --build /home/optimus/first_ros2_ws/build/intro_interfaces -- -j4 -l4
[0.362s] [  1%] Built target intro_interfaces__rosidl_generator_type_description
[0.434s] [  1%] Built target ament_cmake_python_copy_intro_interfaces
[0.498s] [  3%] Built target intro_interfaces__cpp
[0.560s] [ 24%] Built target intro_interfaces__rosidl_generator_c
[0.825s] [ 33%] Built target intro_interfaces__rosidl_typesupport_c
[0.857s] [ 42%] Built target intro_interfaces__rosidl_typesupport_introspection_c
[0.879s] [ 51%] Built target intro_interfaces__rosidl_typesupport_fastrtps_cpp
[1.142s] [ 61%] Built target intro_interfaces__rosidl_typesupport_introspection_cpp
[1.190s] [ 70%] Built target intro_interfaces__rosidl_typesupport_fastrtps_c
[1.216s] [ 79%] Built target intro_interfaces__rosidl_typesupport_cpp
[1.486s] [ 79%] Built target intro_interfaces
[1.730s] [ 81%] Built target intro_interfaces__py
[1.999s] [ 88%] Built target intro_interfaces__rosidl_generator_py
[2.143s] running egg_info
[2.282s] [ 92%] Built target intro_interfaces_s__rosidl_typesupport_c
[2.303s] [ 96%] Built target intro_interfaces_s__rosidl_typesupport_fastrtps_c
[2.341s] [100%] Built target intro_interfaces_s__rosidl_typesupport_introspection_c
[2.444s] writing intro_interfaces.egg-info/PKG-INFO
[2.446s] writing dependency_links to intro_interfaces.egg-info/dependency_links.txt
[2.449s] writing top-level names to intro_interfaces.egg-info/top_level.txt
[3.091s] reading manifest file 'intro_interfaces.egg-info/SOURCES.txt'
[3.102s] writing manifest file 'intro_interfaces.egg-info/SOURCES.txt'
[3.334s] [100%] Built target ament_cmake_python_build_intro_interfaces_egg
[3.419s] Invoked command in '/home/optimus/first_ros2_ws/build/intro_interfaces' returned '0': CMAKE_PREFIX_PATH=${CMAKE_PREFIX_PATH}:/opt/ros/jazzy DEBUGINFOD_URLS=https://debuginfod.ubuntu.com /usr/bin/cmake --build /home/optimus/first_ros2_ws/build/intro_interfaces -- -j4 -l4
[3.492s] Invoking command in '/home/optimus/first_ros2_ws/build/intro_interfaces': CMAKE_PREFIX_PATH=${CMAKE_PREFIX_PATH}:/opt/ros/jazzy DEBUGINFOD_URLS=https://debuginfod.ubuntu.com /usr/bin/cmake --install /home/optimus/first_ros2_ws/build/intro_interfaces
[3.590s] -- Install configuration: ""
[3.594s] -- Up-to-date: /home/optimus/first_ros2_ws/install/intro_interfaces/share/ament_index/resource_index/rosidl_interfaces/intro_interfaces
[3.595s] -- Up-to-date: /home/optimus/first_ros2_ws/install/intro_interfaces/share/intro_interfaces/msg/LEDState.json
[3.604s] -- Up-to-date: /home/optimus/first_ros2_ws/install/intro_interfaces/share/intro_interfaces/srv/LEDTracker.json
[3.605s] -- Up-to-date: /home/optimus/first_ros2_ws/install/intro_interfaces/share/intro_interfaces/action/ToggleLED.json
[3.606s] -- Up-to-date: /home/optimus/first_ros2_ws/install/intro_interfaces/include/intro_interfaces/intro_interfaces
[3.615s] -- Up-to-date: /home/optimus/first_ros2_ws/install/intro_interfaces/include/intro_interfaces/intro_interfaces/srv
[3.615s] -- Up-to-date: /home/optimus/first_ros2_ws/install/intro_interfaces/include/intro_interfaces/intro_interfaces/srv/led_tracker.h
[3.616s] -- Up-to-date: /home/optimus/first_ros2_ws/install/intro_interfaces/include/intro_interfaces/intro_interfaces/srv/detail
[3.623s] -- Up-to-date: /home/optimus/first_ros2_ws/install/intro_interfaces/include/intro_interfaces/intro_interfaces/srv/detail/led_tracker__description.c
[3.624s] -- Up-to-date: /home/optimus/first_ros2_ws/install/intro_interfaces/include/intro_interfaces/intro_interfaces/srv/detail/led_tracker__functions.c
[3.624s] -- Up-to-date: /home/optimus/first_ros2_ws/install/intro_interfaces/include/intro_interfaces/intro_interfaces/srv/detail/led_tracker__struct.h
[3.632s] -- Up-to-date: /home/optimus/first_ros2_ws/install/intro_interfaces/include/intro_interfaces/intro_interfaces/srv/detail/led_tracker__type_support.h
[3.633s] -- Up-to-date: /home/optimus/first_ros2_ws/install/intro_interfaces/include/intro_interfaces/intro_interfaces/srv/detail/led_tracker__functions.h
[3.639s] -- Installing: /home/optimus/first_ros2_ws/install/intro_interfaces/include/intro_interfaces/intro_interfaces/srv/detail/led_tracker__type_support.c
[3.640s] -- Up-to-date: /home/optimus/first_ros2_ws/install/intro_interfaces/include/intro_interfaces/intro_interfaces/msg
[3.641s] -- Up-to-date: /home/optimus/first_ros2_ws/install/intro_interfaces/include/intro_interfaces/intro_interfaces/msg/led_state.h
[3.641s] -- Up-to-date: /home/optimus/first_ros2_ws/install/intro_interfaces/include/intro_interfaces/intro_interfaces/msg/rosidl_generator_c__visibility_control.h
[3.652s] -- Up-to-date: /home/optimus/first_ros2_ws/install/intro_interfaces/include/intro_interfaces/intro_interfaces/msg/detail
[3.652s] -- Installing: /home/optimus/first_ros2_ws/install/intro_interfaces/include/intro_interfaces/intro_interfaces/msg/detail/led_state__type_support.c
[3.653s] -- Up-to-date: /home/optimus/first_ros2_ws/install/intro_interfaces/include/intro_interfaces/intro_interfaces/msg/detail/led_state__description.c
[3.659s] -- Up-to-date: /home/optimus/first_ros2_ws/install/intro_interfaces/include/intro_interfaces/intro_interfaces/msg/detail/led_state__functions.c
[3.660s] -- Up-to-date: /home/optimus/first_ros2_ws/install/intro_interfaces/include/intro_interfaces/intro_interfaces/msg/detail/led_state__type_support.h
[3.669s] -- Up-to-date: /home/optimus/first_ros2_ws/install/intro_interfaces/include/intro_interfaces/intro_interfaces/msg/detail/led_state__struct.h
[3.671s] -- Up-to-date: /home/optimus/first_ros2_ws/install/intro_interfaces/include/intro_interfaces/intro_interfaces/msg/detail/led_state__functions.h
[3.679s] -- Up-to-date: /home/optimus/first_ros2_ws/install/intro_interfaces/include/intro_interfaces/intro_interfaces/action
[3.688s] -- Up-to-date: /home/optimus/first_ros2_ws/install/intro_interfaces/include/intro_interfaces/intro_interfaces/action/detail
[3.689s] -- Up-to-date: /home/optimus/first_ros2_ws/install/intro_interfaces/include/intro_interfaces/intro_interfaces/action/detail/toggle_led__type_support.h
[3.689s] -- Installing: /home/optimus/first_ros2_ws/install/intro_interfaces/include/intro_interfaces/intro_interfaces/action/detail/toggle_led__type_support.c
[3.693s] -- Up-to-date: /home/optimus/first_ros2_ws/install/intro_interfaces/include/intro_interfaces/intro_interfaces/action/detail/toggle_led__functions.c
[3.694s] -- Up-to-date: /home/optimus/first_ros2_ws/install/intro_interfaces/include/intro_interfaces/intro_interfaces/action/detail/toggle_led__struct.h
[3.694s] -- Up-to-date: /home/optimus/first_ros2_ws/install/intro_interfaces/include/intro_interfaces/intro_interfaces/action/detail/toggle_led__description.c
[3.695s] -- Up-to-date: /home/optimus/first_ros2_ws/install/intro_interfaces/include/intro_interfaces/intro_interfaces/action/detail/toggle_led__functions.h
[3.696s] -- Up-to-date: /home/optimus/first_ros2_ws/install/intro_interfaces/include/intro_interfaces/intro_interfaces/action/toggle_led.h
[3.700s] -- Up-to-date: /home/optimus/first_ros2_ws/install/intro_interfaces/share/intro_interfaces/environment/library_path.sh
[3.701s] -- Up-to-date: /home/optimus/first_ros2_ws/install/intro_interfaces/share/intro_interfaces/environment/library_path.dsv
[3.701s] -- Up-to-date: /home/optimus/first_ros2_ws/install/intro_interfaces/lib/libintro_interfaces__rosidl_generator_c.so
[3.706s] -- Up-to-date: /home/optimus/first_ros2_ws/install/intro_interfaces/include/intro_interfaces/intro_interfaces
[3.706s] -- Up-to-date: /home/optimus/first_ros2_ws/install/intro_interfaces/include/intro_interfaces/intro_interfaces/srv
[3.707s] -- Up-to-date: /home/optimus/first_ros2_ws/install/intro_interfaces/include/intro_interfaces/intro_interfaces/srv/detail
[3.711s] -- Up-to-date: /home/optimus/first_ros2_ws/install/intro_interfaces/include/intro_interfaces/intro_interfaces/srv/detail/led_tracker__rosidl_typesupport_fastrtps_c.h
[3.712s] -- Up-to-date: /home/optimus/first_ros2_ws/install/intro_interfaces/include/intro_interfaces/intro_interfaces/msg
[3.713s] -- Up-to-date: /home/optimus/first_ros2_ws/install/intro_interfaces/include/intro_interfaces/intro_interfaces/msg/detail
[3.717s] -- Up-to-date: /home/optimus/first_ros2_ws/install/intro_interfaces/include/intro_interfaces/intro_interfaces/msg/detail/led_state__rosidl_typesupport_fastrtps_c.h
[3.718s] -- Up-to-date: /home/optimus/first_ros2_ws/install/intro_interfaces/include/intro_interfaces/intro_interfaces/msg/rosidl_typesupport_fastrtps_c__visibility_control.h
[3.720s] -- Up-to-date: /home/optimus/first_ros2_ws/install/intro_interfaces/include/intro_interfaces/intro_interfaces/action
[3.722s] -- Up-to-date: /home/optimus/first_ros2_ws/install/intro_interfaces/include/intro_interfaces/intro_interfaces/action/detail
[3.723s] -- Up-to-date: /home/optimus/first_ros2_ws/install/intro_interfaces/include/intro_interfaces/intro_interfaces/action/detail/toggle_led__rosidl_typesupport_fastrtps_c.h
[3.724s] -- Up-to-date: /home/optimus/first_ros2_ws/install/intro_interfaces/lib/libintro_interfaces__rosidl_typesupport_fastrtps_c.so
[3.729s] -- Up-to-date: /home/optimus/first_ros2_ws/install/intro_interfaces/include/intro_interfaces/intro_interfaces
[3.730s] -- Up-to-date: /home/optimus/first_ros2_ws/install/intro_interfaces/include/intro_interfaces/intro_interfaces/srv
[3.731s] -- Up-to-date: /home/optimus/first_ros2_ws/install/intro_interfaces/include/intro_interfaces/intro_interfaces/srv/detail
[3.731s] -- Up-to-date: /home/optimus/first_ros2_ws/install/intro_interfaces/include/intro_interfaces/intro_interfaces/srv/detail/led_tracker__rosidl_typesupport_introspection_c.h
[3.735s] -- Installing: /home/optimus/first_ros2_ws/install/intro_interfaces/include/intro_interfaces/intro_interfaces/srv/detail/led_tracker__type_support.c
[3.736s] -- Up-to-date: /home/optimus/first_ros2_ws/install/intro_interfaces/include/intro_interfaces/intro_interfaces/msg
[3.736s] -- Up-to-date: /home/optimus/first_ros2_ws/install/intro_interfaces/include/intro_interfaces/intro_interfaces/msg/detail
[3.737s] -- Installing: /home/optimus/first_ros2_ws/install/intro_interfaces/include/intro_interfaces/intro_interfaces/msg/detail/led_state__type_support.c
[3.737s] -- Up-to-date: /home/optimus/first_ros2_ws/install/intro_interfaces/include/intro_interfaces/intro_interfaces/msg/detail/led_state__rosidl_typesupport_introspection_c.h
[3.739s] -- Up-to-date: /home/optimus/first_ros2_ws/install/intro_interfaces/include/intro_interfaces/intro_interfaces/msg/rosidl_typesupport_introspection_c__visibility_control.h
[3.740s] -- Up-to-date: /home/optimus/first_ros2_ws/install/intro_interfaces/include/intro_interfaces/intro_interfaces/action
[3.741s] -- Up-to-date: /home/optimus/first_ros2_ws/install/intro_interfaces/include/intro_interfaces/intro_interfaces/action/detail
[3.741s] -- Up-to-date: /home/optimus/first_ros2_ws/install/intro_interfaces/include/intro_interfaces/intro_interfaces/action/detail/toggle_led__rosidl_typesupport_introspection_c.h
[3.745s] -- Installing: /home/optimus/first_ros2_ws/install/intro_interfaces/include/intro_interfaces/intro_interfaces/action/detail/toggle_led__type_support.c
[3.745s] -- Up-to-date: /home/optimus/first_ros2_ws/install/intro_interfaces/lib/libintro_interfaces__rosidl_typesupport_introspection_c.so
[3.746s] -- Up-to-date: /home/optimus/first_ros2_ws/install/intro_interfaces/lib/libintro_interfaces__rosidl_typesupport_c.so
[3.746s] -- Up-to-date: /home/optimus/first_ros2_ws/install/intro_interfaces/include/intro_interfaces/intro_interfaces
[3.750s] -- Up-to-date: /home/optimus/first_ros2_ws/install/intro_interfaces/include/intro_interfaces/intro_interfaces/srv
[3.751s] -- Up-to-date: /home/optimus/first_ros2_ws/install/intro_interfaces/include/intro_interfaces/intro_interfaces/srv/detail
[3.751s] -- Up-to-date: /home/optimus/first_ros2_ws/install/intro_interfaces/include/intro_interfaces/intro_interfaces/srv/detail/led_tracker__type_support.hpp
[3.756s] -- Up-to-date: /home/optimus/first_ros2_ws/install/intro_interfaces/include/intro_interfaces/intro_interfaces/srv/detail/led_tracker__struct.hpp
[3.757s] -- Up-to-date: /home/optimus/first_ros2_ws/install/intro_interfaces/include/intro_interfaces/intro_interfaces/srv/detail/led_tracker__builder.hpp
[3.757s] -- Up-to-date: /home/optimus/first_ros2_ws/install/intro_interfaces/include/intro_interfaces/intro_interfaces/srv/detail/led_tracker__traits.hpp
[3.762s] -- Up-to-date: /home/optimus/first_ros2_ws/install/intro_interfaces/include/intro_interfaces/intro_interfaces/srv/led_tracker.hpp
[3.763s] -- Up-to-date: /home/optimus/first_ros2_ws/install/intro_interfaces/include/intro_interfaces/intro_interfaces/msg
[3.763s] -- Up-to-date: /home/optimus/first_ros2_ws/install/intro_interfaces/include/intro_interfaces/intro_interfaces/msg/rosidl_generator_cpp__visibility_control.hpp
[3.768s] -- Up-to-date: /home/optimus/first_ros2_ws/install/intro_interfaces/include/intro_interfaces/intro_interfaces/msg/led_state.hpp
[3.769s] -- Up-to-date: /home/optimus/first_ros2_ws/install/intro_interfaces/include/intro_interfaces/intro_interfaces/msg/detail
[3.773s] -- Up-to-date: /home/optimus/first_ros2_ws/install/intro_interfaces/include/intro_interfaces/intro_interfaces/msg/detail/led_state__struct.hpp
[3.778s] -- Up-to-date: /home/optimus/first_ros2_ws/install/intro_interfaces/include/intro_interfaces/intro_interfaces/msg/detail/led_state__type_support.hpp
[3.784s] -- Up-to-date: /home/optimus/first_ros2_ws/install/intro_interfaces/include/intro_interfaces/intro_interfaces/msg/detail/led_state__builder.hpp
[3.785s] -- Up-to-date: /home/optimus/first_ros2_ws/install/intro_interfaces/include/intro_interfaces/intro_interfaces/msg/detail/led_state__traits.hpp
[3.791s] -- Up-to-date: /home/optimus/first_ros2_ws/install/intro_interfaces/include/intro_interfaces/intro_interfaces/action
[3.792s] -- Up-to-date: /home/optimus/first_ros2_ws/install/intro_interfaces/include/intro_interfaces/intro_interfaces/action/toggle_led.hpp
[3.796s] -- Up-to-date: /home/optimus/first_ros2_ws/install/intro_interfaces/include/intro_interfaces/intro_interfaces/action/detail
[3.797s] -- Up-to-date: /home/optimus/first_ros2_ws/install/intro_interfaces/include/intro_interfaces/intro_interfaces/action/detail/toggle_led__type_support.hpp
[3.798s] -- Up-to-date: /home/optimus/first_ros2_ws/install/intro_interfaces/include/intro_interfaces/intro_interfaces/action/detail/toggle_led__builder.hpp
[3.802s] -- Up-to-date: /home/optimus/first_ros2_ws/install/intro_interfaces/include/intro_interfaces/intro_interfaces/action/detail/toggle_led__struct.hpp
[3.804s] -- Up-to-date: /home/optimus/first_ros2_ws/install/intro_interfaces/include/intro_interfaces/intro_interfaces/action/detail/toggle_led__traits.hpp
[3.805s] -- Up-to-date: /home/optimus/first_ros2_ws/install/intro_interfaces/include/intro_interfaces/intro_interfaces
[3.806s] -- Up-to-date: /home/optimus/first_ros2_ws/install/intro_interfaces/include/intro_interfaces/intro_interfaces/srv
[3.807s] -- Up-to-date: /home/optimus/first_ros2_ws/install/intro_interfaces/include/intro_interfaces/intro_interfaces/srv/detail
[3.808s] -- Up-to-date: /home/optimus/first_ros2_ws/install/intro_interfaces/include/intro_interfaces/intro_interfaces/srv/detail/dds_fastrtps
[3.809s] -- Up-to-date: /home/optimus/first_ros2_ws/install/intro_interfaces/include/intro_interfaces/intro_interfaces/srv/detail/led_tracker__rosidl_typesupport_fastrtps_cpp.hpp
[3.811s] -- Up-to-date: /home/optimus/first_ros2_ws/install/intro_interfaces/include/intro_interfaces/intro_interfaces/msg
[3.814s] -- Up-to-date: /home/optimus/first_ros2_ws/install/intro_interfaces/include/intro_interfaces/intro_interfaces/msg/rosidl_typesupport_fastrtps_cpp__visibility_control.h
[3.816s] -- Up-to-date: /home/optimus/first_ros2_ws/install/intro_interfaces/include/intro_interfaces/intro_interfaces/msg/detail
[3.820s] -- Up-to-date: /home/optimus/first_ros2_ws/install/intro_interfaces/include/intro_interfaces/intro_interfaces/msg/detail/dds_fastrtps
[3.821s] -- Up-to-date: /home/optimus/first_ros2_ws/install/intro_interfaces/include/intro_interfaces/intro_interfaces/msg/detail/led_state__rosidl_typesupport_fastrtps_cpp.hpp
[3.827s] -- Up-to-date: /home/optimus/first_ros2_ws/install/intro_interfaces/include/intro_interfaces/intro_interfaces/action
[3.827s] -- Up-to-date: /home/optimus/first_ros2_ws/install/intro_interfaces/include/intro_interfaces/intro_interfaces/action/detail
[3.834s] -- Up-to-date: /home/optimus/first_ros2_ws/install/intro_interfaces/include/intro_interfaces/intro_interfaces/action/detail/toggle_led__rosidl_typesupport_fastrtps_cpp.hpp
[3.835s] -- Up-to-date: /home/optimus/first_ros2_ws/install/intro_interfaces/include/intro_interfaces/intro_interfaces/action/detail/dds_fastrtps
[3.836s] -- Up-to-date: /home/optimus/first_ros2_ws/install/intro_interfaces/lib/libintro_interfaces__rosidl_typesupport_fastrtps_cpp.so
[3.837s] -- Up-to-date: /home/optimus/first_ros2_ws/install/intro_interfaces/include/intro_interfaces/intro_interfaces
[3.838s] -- Up-to-date: /home/optimus/first_ros2_ws/install/intro_interfaces/include/intro_interfaces/intro_interfaces/srv
[3.842s] -- Up-to-date: /home/optimus/first_ros2_ws/install/intro_interfaces/include/intro_interfaces/intro_interfaces/srv/detail
[3.843s] -- Up-to-date: /home/optimus/first_ros2_ws/install/intro_interfaces/include/intro_interfaces/intro_interfaces/srv/detail/led_tracker__rosidl_typesupport_introspection_cpp.hpp
[3.844s] -- Up-to-date: /home/optimus/first_ros2_ws/install/intro_interfaces/include/intro_interfaces/intro_interfaces/srv/detail/led_tracker__type_support.cpp
[3.848s] -- Up-to-date: /home/optimus/first_ros2_ws/install/intro_interfaces/include/intro_interfaces/intro_interfaces/msg
[3.849s] -- Up-to-date: /home/optimus/first_ros2_ws/install/intro_interfaces/include/intro_interfaces/intro_interfaces/msg/detail
[3.849s] -- Up-to-date: /home/optimus/first_ros2_ws/install/intro_interfaces/include/intro_interfaces/intro_interfaces/msg/detail/led_state__rosidl_typesupport_introspection_cpp.hpp
[3.850s] -- Up-to-date: /home/optimus/first_ros2_ws/install/intro_interfaces/include/intro_interfaces/intro_interfaces/msg/detail/led_state__type_support.cpp
[3.853s] -- Up-to-date: /home/optimus/first_ros2_ws/install/intro_interfaces/include/intro_interfaces/intro_interfaces/action
[3.855s] -- Up-to-date: /home/optimus/first_ros2_ws/install/intro_interfaces/include/intro_interfaces/intro_interfaces/action/detail
[3.856s] -- Up-to-date: /home/optimus/first_ros2_ws/install/intro_interfaces/include/intro_interfaces/intro_interfaces/action/detail/toggle_led__rosidl_typesupport_introspection_cpp.hpp
[3.860s] -- Up-to-date: /home/optimus/first_ros2_ws/install/intro_interfaces/include/intro_interfaces/intro_interfaces/action/detail/toggle_led__type_support.cpp
[3.864s] -- Up-to-date: /home/optimus/first_ros2_ws/install/intro_interfaces/lib/libintro_interfaces__rosidl_typesupport_introspection_cpp.so
[3.865s] -- Up-to-date: /home/optimus/first_ros2_ws/install/intro_interfaces/lib/libintro_interfaces__rosidl_typesupport_cpp.so
[3.865s] -- Up-to-date: /home/optimus/first_ros2_ws/install/intro_interfaces/share/intro_interfaces/environment/pythonpath.sh
[3.870s] -- Up-to-date: /home/optimus/first_ros2_ws/install/intro_interfaces/share/intro_interfaces/environment/pythonpath.dsv
[3.872s] -- Up-to-date: /home/optimus/first_ros2_ws/install/intro_interfaces/lib/python3.12/site-packages/intro_interfaces-0.0.0-py3.12.egg-info
[3.873s] -- Installing: /home/optimus/first_ros2_ws/install/intro_interfaces/lib/python3.12/site-packages/intro_interfaces-0.0.0-py3.12.egg-info/PKG-INFO
[3.879s] -- Installing: /home/optimus/first_ros2_ws/install/intro_interfaces/lib/python3.12/site-packages/intro_interfaces-0.0.0-py3.12.egg-info/top_level.txt
[3.890s] -- Installing: /home/optimus/first_ros2_ws/install/intro_interfaces/lib/python3.12/site-packages/intro_interfaces-0.0.0-py3.12.egg-info/dependency_links.txt
[3.891s] -- Installing: /home/optimus/first_ros2_ws/install/intro_interfaces/lib/python3.12/site-packages/intro_interfaces-0.0.0-py3.12.egg-info/SOURCES.txt
[3.892s] -- Up-to-date: /home/optimus/first_ros2_ws/install/intro_interfaces/lib/python3.12/site-packages/intro_interfaces
[3.900s] -- Up-to-date: /home/optimus/first_ros2_ws/install/intro_interfaces/lib/python3.12/site-packages/intro_interfaces/srv
[3.902s] -- Up-to-date: /home/optimus/first_ros2_ws/install/intro_interfaces/lib/python3.12/site-packages/intro_interfaces/srv/_led_tracker_s.c
[3.909s] -- Up-to-date: /home/optimus/first_ros2_ws/install/intro_interfaces/lib/python3.12/site-packages/intro_interfaces/srv/_led_tracker.py
[3.910s] -- Up-to-date: /home/optimus/first_ros2_ws/install/intro_interfaces/lib/python3.12/site-packages/intro_interfaces/srv/__init__.py
[3.911s] -- Up-to-date: /home/optimus/first_ros2_ws/install/intro_interfaces/lib/python3.12/site-packages/intro_interfaces/msg
[3.918s] -- Up-to-date: /home/optimus/first_ros2_ws/install/intro_interfaces/lib/python3.12/site-packages/intro_interfaces/msg/__init__.py
[3.919s] -- Up-to-date: /home/optimus/first_ros2_ws/install/intro_interfaces/lib/python3.12/site-packages/intro_interfaces/msg/_led_state.py
[3.919s] -- Up-to-date: /home/optimus/first_ros2_ws/install/intro_interfaces/lib/python3.12/site-packages/intro_interfaces/msg/_led_state_s.c
[3.920s] -- Up-to-date: /home/optimus/first_ros2_ws/install/intro_interfaces/lib/python3.12/site-packages/intro_interfaces/intro_interfaces_s__rosidl_typesupport_fastrtps_c.so
[3.925s] -- Up-to-date: /home/optimus/first_ros2_ws/install/intro_interfaces/lib/python3.12/site-packages/intro_interfaces/intro_interfaces_s__rosidl_typesupport_introspection_c.so
[3.926s] -- Up-to-date: /home/optimus/first_ros2_ws/install/intro_interfaces/lib/python3.12/site-packages/intro_interfaces/action
[3.927s] -- Up-to-date: /home/optimus/first_ros2_ws/install/intro_interfaces/lib/python3.12/site-packages/intro_interfaces/action/__init__.py
[3.932s] -- Up-to-date: /home/optimus/first_ros2_ws/install/intro_interfaces/lib/python3.12/site-packages/intro_interfaces/action/_toggle_led_s.c
[3.932s] -- Up-to-date: /home/optimus/first_ros2_ws/install/intro_interfaces/lib/python3.12/site-packages/intro_interfaces/action/_toggle_led.py
[3.938s] -- Up-to-date: /home/optimus/first_ros2_ws/install/intro_interfaces/lib/python3.12/site-packages/intro_interfaces/__init__.py
[3.939s] -- Up-to-date: /home/optimus/first_ros2_ws/install/intro_interfaces/lib/python3.12/site-packages/intro_interfaces/intro_interfaces_s__rosidl_typesupport_c.so
[3.943s] -- Up-to-date: /home/optimus/first_ros2_ws/install/intro_interfaces/lib/python3.12/site-packages/intro_interfaces/_intro_interfaces_s.ep.rosidl_typesupport_c.c
[3.943s] -- Up-to-date: /home/optimus/first_ros2_ws/install/intro_interfaces/lib/python3.12/site-packages/intro_interfaces/_intro_interfaces_s.ep.rosidl_typesupport_fastrtps_c.c
[3.944s] -- Up-to-date: /home/optimus/first_ros2_ws/install/intro_interfaces/lib/python3.12/site-packages/intro_interfaces/_intro_interfaces_s.ep.rosidl_typesupport_introspection_c.c
[4.121s] Listing '/home/optimus/first_ros2_ws/install/intro_interfaces/lib/python3.12/site-packages/intro_interfaces'...
[4.128s] Listing '/home/optimus/first_ros2_ws/install/intro_interfaces/lib/python3.12/site-packages/intro_interfaces/action'...
[4.130s] Listing '/home/optimus/first_ros2_ws/install/intro_interfaces/lib/python3.12/site-packages/intro_interfaces/msg'...
[4.131s] Listing '/home/optimus/first_ros2_ws/install/intro_interfaces/lib/python3.12/site-packages/intro_interfaces/srv'...
[4.176s] -- Up-to-date: /home/optimus/first_ros2_ws/install/intro_interfaces/lib/python3.12/site-packages/intro_interfaces/intro_interfaces_s__rosidl_typesupport_fastrtps_c.so
[4.178s] -- Up-to-date: /home/optimus/first_ros2_ws/install/intro_interfaces/lib/python3.12/site-packages/intro_interfaces/intro_interfaces_s__rosidl_typesupport_introspection_c.so
[4.183s] -- Up-to-date: /home/optimus/first_ros2_ws/install/intro_interfaces/lib/python3.12/site-packages/intro_interfaces/intro_interfaces_s__rosidl_typesupport_c.so
[4.190s] -- Up-to-date: /home/optimus/first_ros2_ws/install/intro_interfaces/lib/libintro_interfaces__rosidl_generator_py.so
[4.192s] -- Up-to-date: /home/optimus/first_ros2_ws/install/intro_interfaces/share/intro_interfaces/msg/LEDState.idl
[4.192s] -- Up-to-date: /home/optimus/first_ros2_ws/install/intro_interfaces/share/intro_interfaces/srv/LEDTracker.idl
[4.196s] -- Up-to-date: /home/optimus/first_ros2_ws/install/intro_interfaces/share/intro_interfaces/action/ToggleLED.idl
[4.197s] -- Up-to-date: /home/optimus/first_ros2_ws/install/intro_interfaces/share/intro_interfaces/msg/LEDState.msg
[4.202s] -- Up-to-date: /home/optimus/first_ros2_ws/install/intro_interfaces/share/intro_interfaces/srv/LEDTracker.srv
[4.203s] -- Up-to-date: /home/optimus/first_ros2_ws/install/intro_interfaces/share/intro_interfaces/action/ToggleLED.action
[4.204s] -- Up-to-date: /home/optimus/first_ros2_ws/install/intro_interfaces/share/ament_index/resource_index/package_run_dependencies/intro_interfaces
[4.204s] -- Up-to-date: /home/optimus/first_ros2_ws/install/intro_interfaces/share/ament_index/resource_index/parent_prefix_path/intro_interfaces
[4.205s] -- Up-to-date: /home/optimus/first_ros2_ws/install/intro_interfaces/share/intro_interfaces/environment/ament_prefix_path.sh
[4.205s] -- Up-to-date: /home/optimus/first_ros2_ws/install/intro_interfaces/share/intro_interfaces/environment/ament_prefix_path.dsv
[4.209s] -- Up-to-date: /home/optimus/first_ros2_ws/install/intro_interfaces/share/intro_interfaces/environment/path.sh
[4.210s] -- Up-to-date: /home/optimus/first_ros2_ws/install/intro_interfaces/share/intro_interfaces/environment/path.dsv
[4.211s] -- Up-to-date: /home/optimus/first_ros2_ws/install/intro_interfaces/share/intro_interfaces/local_setup.bash
[4.211s] -- Up-to-date: /home/optimus/first_ros2_ws/install/intro_interfaces/share/intro_interfaces/local_setup.sh
[4.216s] -- Up-to-date: /home/optimus/first_ros2_ws/install/intro_interfaces/share/intro_interfaces/local_setup.zsh
[4.217s] -- Up-to-date: /home/optimus/first_ros2_ws/install/intro_interfaces/share/intro_interfaces/local_setup.dsv
[4.217s] -- Installing: /home/optimus/first_ros2_ws/install/intro_interfaces/share/intro_interfaces/package.dsv
[4.221s] -- Up-to-date: /home/optimus/first_ros2_ws/install/intro_interfaces/share/ament_index/resource_index/packages/intro_interfaces
[4.222s] -- Up-to-date: /home/optimus/first_ros2_ws/install/intro_interfaces/share/intro_interfaces/cmake/export_intro_interfaces__rosidl_generator_cExport.cmake
[4.226s] -- Up-to-date: /home/optimus/first_ros2_ws/install/intro_interfaces/share/intro_interfaces/cmake/export_intro_interfaces__rosidl_generator_cExport-noconfig.cmake
[4.231s] -- Up-to-date: /home/optimus/first_ros2_ws/install/intro_interfaces/share/intro_interfaces/cmake/export_intro_interfaces__rosidl_typesupport_fastrtps_cExport.cmake
[4.232s] -- Up-to-date: /home/optimus/first_ros2_ws/install/intro_interfaces/share/intro_interfaces/cmake/export_intro_interfaces__rosidl_typesupport_fastrtps_cExport-noconfig.cmake
[4.233s] -- Up-to-date: /home/optimus/first_ros2_ws/install/intro_interfaces/share/intro_interfaces/cmake/intro_interfaces__rosidl_typesupport_introspection_cExport.cmake
[4.237s] -- Up-to-date: /home/optimus/first_ros2_ws/install/intro_interfaces/share/intro_interfaces/cmake/intro_interfaces__rosidl_typesupport_introspection_cExport-noconfig.cmake
[4.238s] -- Up-to-date: /home/optimus/first_ros2_ws/install/intro_interfaces/share/intro_interfaces/cmake/intro_interfaces__rosidl_typesupport_cExport.cmake
[4.240s] -- Up-to-date: /home/optimus/first_ros2_ws/install/intro_interfaces/share/intro_interfaces/cmake/intro_interfaces__rosidl_typesupport_cExport-noconfig.cmake
[4.243s] -- Up-to-date: /home/optimus/first_ros2_ws/install/intro_interfaces/share/intro_interfaces/cmake/export_intro_interfaces__rosidl_generator_cppExport.cmake
[4.244s] -- Up-to-date: /home/optimus/first_ros2_ws/install/intro_interfaces/share/intro_interfaces/cmake/export_intro_interfaces__rosidl_typesupport_fastrtps_cppExport.cmake
[4.244s] -- Up-to-date: /home/optimus/first_ros2_ws/install/intro_interfaces/share/intro_interfaces/cmake/export_intro_interfaces__rosidl_typesupport_fastrtps_cppExport-noconfig.cmake
[4.249s] -- Up-to-date: /home/optimus/first_ros2_ws/install/intro_interfaces/share/intro_interfaces/cmake/intro_interfaces__rosidl_typesupport_introspection_cppExport.cmake
[4.250s] -- Up-to-date: /home/optimus/first_ros2_ws/install/intro_interfaces/share/intro_interfaces/cmake/intro_interfaces__rosidl_typesupport_introspection_cppExport-noconfig.cmake
[4.253s] -- Up-to-date: /home/optimus/first_ros2_ws/install/intro_interfaces/share/intro_interfaces/cmake/intro_interfaces__rosidl_typesupport_cppExport.cmake
[4.254s] -- Up-to-date: /home/optimus/first_ros2_ws/install/intro_interfaces/share/intro_interfaces/cmake/intro_interfaces__rosidl_typesupport_cppExport-noconfig.cmake
[4.258s] -- Up-to-date: /home/optimus/first_ros2_ws/install/intro_interfaces/share/intro_interfaces/cmake/export_intro_interfaces__rosidl_generator_pyExport.cmake
[4.259s] -- Up-to-date: /home/optimus/first_ros2_ws/install/intro_interfaces/share/intro_interfaces/cmake/export_intro_interfaces__rosidl_generator_pyExport-noconfig.cmake
[4.260s] -- Up-to-date: /home/optimus/first_ros2_ws/install/intro_interfaces/share/intro_interfaces/cmake/rosidl_cmake-extras.cmake
[4.264s] -- Up-to-date: /home/optimus/first_ros2_ws/install/intro_interfaces/share/intro_interfaces/cmake/ament_cmake_export_dependencies-extras.cmake
[4.265s] -- Up-to-date: /home/optimus/first_ros2_ws/install/intro_interfaces/share/intro_interfaces/cmake/ament_cmake_export_include_directories-extras.cmake
[4.266s] -- Up-to-date: /home/optimus/first_ros2_ws/install/intro_interfaces/share/intro_interfaces/cmake/ament_cmake_export_libraries-extras.cmake
[4.266s] -- Up-to-date: /home/optimus/first_ros2_ws/install/intro_interfaces/share/intro_interfaces/cmake/ament_cmake_export_targets-extras.cmake
[4.269s] -- Up-to-date: /home/optimus/first_ros2_ws/install/intro_interfaces/share/intro_interfaces/cmake/rosidl_cmake_export_typesupport_targets-extras.cmake
[4.270s] -- Up-to-date: /home/optimus/first_ros2_ws/install/intro_interfaces/share/intro_interfaces/cmake/rosidl_cmake_export_typesupport_libraries-extras.cmake
[4.271s] -- Up-to-date: /home/optimus/first_ros2_ws/install/intro_interfaces/share/intro_interfaces/cmake/intro_interfacesConfig.cmake
[4.277s] -- Up-to-date: /home/optimus/first_ros2_ws/install/intro_interfaces/share/intro_interfaces/cmake/intro_interfacesConfig-version.cmake
[4.278s] -- Up-to-date: /home/optimus/first_ros2_ws/install/intro_interfaces/share/intro_interfaces/package.xml
[4.279s] Invoked command in '/home/optimus/first_ros2_ws/build/intro_interfaces' returned '0': CMAKE_PREFIX_PATH=${CMAKE_PREFIX_PATH}:/opt/ros/jazzy DEBUGINFOD_URLS=https://debuginfod.ubuntu.com /usr/bin/cmake --install /home/optimus/first_ros2_ws/build/intro_interfaces
