[5.904s] Invoking command in '/home/optimus/first_ros2_ws/src/timed_led': DEBUGINFOD_URLS=https://debuginfod.ubuntu.com PYTHONPATH=/home/optimus/first_ros2_ws/build/timed_led/prefix_override:/usr/lib/python3/dist-packages/colcon_core/task/python/colcon_distutils_commands:/home/optimus/first_ros2_ws/install/timed_led/lib/python3.12/site-packages:${PYTHONPATH} /usr/bin/python3 -W ignore:setup.py install is deprecated -W ignore:easy_install command is deprecated setup.py egg_info --egg-base ../../build/timed_led build --build-base /home/optimus/first_ros2_ws/build/timed_led/build install --record /home/optimus/first_ros2_ws/build/timed_led/install.log --single-version-externally-managed install_data
[7.173s] running egg_info
[7.263s] writing ../../build/timed_led/timed_led.egg-info/PKG-INFO
[7.265s] writing dependency_links to ../../build/timed_led/timed_led.egg-info/dependency_links.txt
[7.266s] writing entry points to ../../build/timed_led/timed_led.egg-info/entry_points.txt
[7.267s] writing requirements to ../../build/timed_led/timed_led.egg-info/requires.txt
[7.269s] writing top-level names to ../../build/timed_led/timed_led.egg-info/top_level.txt
[7.463s] reading manifest file '../../build/timed_led/timed_led.egg-info/SOURCES.txt'
[7.466s] adding license file 'LICENSE'
[7.469s] writing manifest file '../../build/timed_led/timed_led.egg-info/SOURCES.txt'
[7.470s] running build
[7.470s] running build_py
[7.474s] running install
[7.498s] running install_lib
[7.605s] running install_data
[7.606s] copying package.xml -> /home/optimus/first_ros2_ws/install/timed_led/share/timed_led
[7.607s] running install_egg_info
[7.707s] removing '/home/optimus/first_ros2_ws/install/timed_led/lib/python3.12/site-packages/timed_led-0.0.0-py3.12.egg-info' (and everything under it)
[7.709s] Copying ../../build/timed_led/timed_led.egg-info to /home/optimus/first_ros2_ws/install/timed_led/lib/python3.12/site-packages/timed_led-0.0.0-py3.12.egg-info
[7.717s] running install_scripts
[8.431s] Installing client_led_tracker script to /home/optimus/first_ros2_ws/install/timed_led/lib/timed_led
[8.432s] Installing led_action_client script to /home/optimus/first_ros2_ws/install/timed_led/lib/timed_led
[8.433s] Installing led_action_server script to /home/optimus/first_ros2_ws/install/timed_led/lib/timed_led
[8.434s] Installing led_timer script to /home/optimus/first_ros2_ws/install/timed_led/lib/timed_led
[8.435s] Installing ps4_controller script to /home/optimus/first_ros2_ws/install/timed_led/lib/timed_led
[8.436s] Installing server_led_tracker script to /home/optimus/first_ros2_ws/install/timed_led/lib/timed_led
[8.438s] Installing timed_led script to /home/optimus/first_ros2_ws/install/timed_led/lib/timed_led
[8.440s] writing list of installed files to '/home/optimus/first_ros2_ws/build/timed_led/install.log'
[8.589s] Invoked command in '/home/optimus/first_ros2_ws/src/timed_led' returned '0': DEBUGINFOD_URLS=https://debuginfod.ubuntu.com PYTHONPATH=/home/optimus/first_ros2_ws/build/timed_led/prefix_override:/usr/lib/python3/dist-packages/colcon_core/task/python/colcon_distutils_commands:/home/optimus/first_ros2_ws/install/timed_led/lib/python3.12/site-packages:${PYTHONPATH} /usr/bin/python3 -W ignore:setup.py install is deprecated -W ignore:easy_install command is deprecated setup.py egg_info --egg-base ../../build/timed_led build --build-base /home/optimus/first_ros2_ws/build/timed_led/build install --record /home/optimus/first_ros2_ws/build/timed_led/install.log --single-version-externally-managed install_data
