[3.930s] Invoking command in '/home/optimus/first_ros2_ws/src/timed_led': DEBUGINFOD_URLS=https://debuginfod.ubuntu.com PYTHONPATH=/home/optimus/first_ros2_ws/build/timed_led/prefix_override:/usr/lib/python3/dist-packages/colcon_core/task/python/colcon_distutils_commands:/home/optimus/first_ros2_ws/install/timed_led/lib/python3.12/site-packages:${PYTHONPATH} /usr/bin/python3 -W ignore:setup.py install is deprecated -W ignore:easy_install command is deprecated setup.py egg_info --egg-base ../../build/timed_led build --build-base /home/optimus/first_ros2_ws/build/timed_led/build install --record /home/optimus/first_ros2_ws/build/timed_led/install.log --single-version-externally-managed install_data
[5.148s] running egg_info
[5.238s] writing ../../build/timed_led/timed_led.egg-info/PKG-INFO
[5.239s] writing dependency_links to ../../build/timed_led/timed_led.egg-info/dependency_links.txt
[5.241s] writing entry points to ../../build/timed_led/timed_led.egg-info/entry_points.txt
[5.243s] writing requirements to ../../build/timed_led/timed_led.egg-info/requires.txt
[5.244s] writing top-level names to ../../build/timed_led/timed_led.egg-info/top_level.txt
[5.461s] reading manifest file '../../build/timed_led/timed_led.egg-info/SOURCES.txt'
[5.462s] adding license file 'LICENSE'
[5.465s] writing manifest file '../../build/timed_led/timed_led.egg-info/SOURCES.txt'
[5.465s] running build
[5.466s] running build_py
[5.468s] copying timed_led/led_action_server.py -> /home/optimus/first_ros2_ws/build/timed_led/build/lib/timed_led
[5.470s] running install
[5.495s] running install_lib
[5.588s] copying /home/optimus/first_ros2_ws/build/timed_led/build/lib/timed_led/led_action_server.py -> /home/optimus/first_ros2_ws/install/timed_led/lib/python3.12/site-packages/timed_led
[5.591s] byte-compiling /home/optimus/first_ros2_ws/install/timed_led/lib/python3.12/site-packages/timed_led/led_action_server.py to led_action_server.cpython-312.pyc
[5.593s]   File "/home/optimus/first_ros2_ws/install/timed_led/lib/python3.12/site-packages/timed_led/led_action_server.py", line 24
[5.595s]     self.current_duty_cycle =+ i if self.led_state else self.current_duty_cycle =- i
[5.595s]     ^^^^^^^^^^^^^^^^^^^^^^^
[5.596s] SyntaxError: cannot assign to attribute here. Maybe you meant '==' instead of '='?
[5.596s] 
[5.597s] running install_data
[5.597s] running install_egg_info
[5.690s] removing '/home/optimus/first_ros2_ws/install/timed_led/lib/python3.12/site-packages/timed_led-0.0.0-py3.12.egg-info' (and everything under it)
[5.691s] Copying ../../build/timed_led/timed_led.egg-info to /home/optimus/first_ros2_ws/install/timed_led/lib/python3.12/site-packages/timed_led-0.0.0-py3.12.egg-info
[5.699s] running install_scripts
[6.383s] Installing client_led_tracker script to /home/optimus/first_ros2_ws/install/timed_led/lib/timed_led
[6.384s] Installing led_timer script to /home/optimus/first_ros2_ws/install/timed_led/lib/timed_led
[6.385s] Installing server_led_tracker script to /home/optimus/first_ros2_ws/install/timed_led/lib/timed_led
[6.386s] Installing timed_led script to /home/optimus/first_ros2_ws/install/timed_led/lib/timed_led
[6.388s] writing list of installed files to '/home/optimus/first_ros2_ws/build/timed_led/install.log'
[6.536s] Invoked command in '/home/optimus/first_ros2_ws/src/timed_led' returned '0': DEBUGINFOD_URLS=https://debuginfod.ubuntu.com PYTHONPATH=/home/optimus/first_ros2_ws/build/timed_led/prefix_override:/usr/lib/python3/dist-packages/colcon_core/task/python/colcon_distutils_commands:/home/optimus/first_ros2_ws/install/timed_led/lib/python3.12/site-packages:${PYTHONPATH} /usr/bin/python3 -W ignore:setup.py install is deprecated -W ignore:easy_install command is deprecated setup.py egg_info --egg-base ../../build/timed_led build --build-base /home/optimus/first_ros2_ws/build/timed_led/build install --record /home/optimus/first_ros2_ws/build/timed_led/install.log --single-version-externally-managed install_data
