[0.090s] Invoking command in '/home/optimus/first_ros2_ws/build/intro_interfaces': CMAKE_PREFIX_PATH=${CMAKE_PREFIX_PATH}:/home/optimus/first_ros2_ws/install/timed_led:/opt/ros/jazzy DEBUGINFOD_URLS=https://debuginfod.ubuntu.com /usr/bin/cmake --build /home/optimus/first_ros2_ws/build/intro_interfaces -- -j4 -l4
[0.546s] [  1%] Built target intro_interfaces__rosidl_generator_type_description
[0.698s] [  1%] Built target ament_cmake_python_copy_intro_interfaces
[0.725s] [  3%] Built target intro_interfaces__cpp
[0.774s] [ 25%] Built target intro_interfaces__rosidl_generator_c
[0.994s] [ 34%] Built target intro_interfaces__rosidl_typesupport_introspection_c
[0.998s] [ 43%] Built target intro_interfaces__rosidl_typesupport_c
[1.075s] [ 53%] Built target intro_interfaces__rosidl_typesupport_fastrtps_cpp
[1.232s] [ 62%] Built target intro_interfaces__rosidl_typesupport_cpp
[1.242s] [ 71%] Built target intro_interfaces__rosidl_typesupport_introspection_cpp
[1.338s] [ 81%] Built target intro_interfaces__rosidl_typesupport_fastrtps_c
[1.483s] [ 81%] Built target intro_interfaces
[1.665s] [ 82%] Built target intro_interfaces__py
[1.845s] [ 90%] Built target intro_interfaces__rosidl_generator_py
[2.070s] [ 93%] Built target intro_interfaces_s__rosidl_typesupport_introspection_c
[2.100s] [ 96%] Built target intro_interfaces_s__rosidl_typesupport_fastrtps_c
[2.112s] [100%] Built target intro_interfaces_s__rosidl_typesupport_c
[2.350s] running egg_info
[2.464s] writing intro_interfaces.egg-info/PKG-INFO
[2.465s] writing dependency_links to intro_interfaces.egg-info/dependency_links.txt
[2.467s] writing top-level names to intro_interfaces.egg-info/top_level.txt
[2.813s] reading manifest file 'intro_interfaces.egg-info/SOURCES.txt'
[2.817s] writing manifest file 'intro_interfaces.egg-info/SOURCES.txt'
[2.986s] [100%] Built target ament_cmake_python_build_intro_interfaces_egg
[3.053s] Invoked command in '/home/optimus/first_ros2_ws/build/intro_interfaces' returned '0': CMAKE_PREFIX_PATH=${CMAKE_PREFIX_PATH}:/home/optimus/first_ros2_ws/install/timed_led:/opt/ros/jazzy DEBUGINFOD_URLS=https://debuginfod.ubuntu.com /usr/bin/cmake --build /home/optimus/first_ros2_ws/build/intro_interfaces -- -j4 -l4
[3.111s] Invoking command in '/home/optimus/first_ros2_ws/build/intro_interfaces': CMAKE_PREFIX_PATH=${CMAKE_PREFIX_PATH}:/home/optimus/first_ros2_ws/install/timed_led:/opt/ros/jazzy DEBUGINFOD_URLS=https://debuginfod.ubuntu.com /usr/bin/cmake --install /home/optimus/first_ros2_ws/build/intro_interfaces
[3.159s] -- Install configuration: ""
[3.160s] -- Up-to-date: /home/optimus/first_ros2_ws/install/intro_interfaces/share/ament_index/resource_index/rosidl_interfaces/intro_interfaces
[3.161s] -- Up-to-date: /home/optimus/first_ros2_ws/install/intro_interfaces/share/intro_interfaces/msg/LEDState.json
[3.162s] -- Up-to-date: /home/optimus/first_ros2_ws/install/intro_interfaces/share/intro_interfaces/srv/LEDTracker.json
[3.162s] -- Up-to-date: /home/optimus/first_ros2_ws/install/intro_interfaces/share/intro_interfaces/srv/SlowLEDToggle.json
[3.163s] -- Up-to-date: /home/optimus/first_ros2_ws/install/intro_interfaces/share/intro_interfaces/action/ToggleLED.json
[3.164s] -- Up-to-date: /home/optimus/first_ros2_ws/install/intro_interfaces/include/intro_interfaces/intro_interfaces
[3.164s] -- Up-to-date: /home/optimus/first_ros2_ws/install/intro_interfaces/include/intro_interfaces/intro_interfaces/srv
[3.165s] -- Up-to-date: /home/optimus/first_ros2_ws/install/intro_interfaces/include/intro_interfaces/intro_interfaces/srv/led_tracker.h
[3.165s] -- Up-to-date: /home/optimus/first_ros2_ws/install/intro_interfaces/include/intro_interfaces/intro_interfaces/srv/detail
[3.166s] -- Up-to-date: /home/optimus/first_ros2_ws/install/intro_interfaces/include/intro_interfaces/intro_interfaces/srv/detail/slow_led_toggle__functions.c
[3.167s] -- Up-to-date: /home/optimus/first_ros2_ws/install/intro_interfaces/include/intro_interfaces/intro_interfaces/srv/detail/slow_led_toggle__description.c
[3.168s] -- Up-to-date: /home/optimus/first_ros2_ws/install/intro_interfaces/include/intro_interfaces/intro_interfaces/srv/detail/led_tracker__description.c
[3.168s] -- Up-to-date: /home/optimus/first_ros2_ws/install/intro_interfaces/include/intro_interfaces/intro_interfaces/srv/detail/led_tracker__functions.c
[3.169s] -- Up-to-date: /home/optimus/first_ros2_ws/install/intro_interfaces/include/intro_interfaces/intro_interfaces/srv/detail/slow_led_toggle__struct.h
[3.170s] -- Up-to-date: /home/optimus/first_ros2_ws/install/intro_interfaces/include/intro_interfaces/intro_interfaces/srv/detail/slow_led_toggle__type_support.h
[3.171s] -- Installing: /home/optimus/first_ros2_ws/install/intro_interfaces/include/intro_interfaces/intro_interfaces/srv/detail/slow_led_toggle__type_support.c
[3.171s] -- Up-to-date: /home/optimus/first_ros2_ws/install/intro_interfaces/include/intro_interfaces/intro_interfaces/srv/detail/led_tracker__struct.h
[3.172s] -- Up-to-date: /home/optimus/first_ros2_ws/install/intro_interfaces/include/intro_interfaces/intro_interfaces/srv/detail/led_tracker__type_support.h
[3.173s] -- Up-to-date: /home/optimus/first_ros2_ws/install/intro_interfaces/include/intro_interfaces/intro_interfaces/srv/detail/led_tracker__functions.h
[3.174s] -- Installing: /home/optimus/first_ros2_ws/install/intro_interfaces/include/intro_interfaces/intro_interfaces/srv/detail/led_tracker__type_support.c
[3.174s] -- Up-to-date: /home/optimus/first_ros2_ws/install/intro_interfaces/include/intro_interfaces/intro_interfaces/srv/detail/slow_led_toggle__functions.h
[3.175s] -- Up-to-date: /home/optimus/first_ros2_ws/install/intro_interfaces/include/intro_interfaces/intro_interfaces/srv/slow_led_toggle.h
[3.176s] -- Up-to-date: /home/optimus/first_ros2_ws/install/intro_interfaces/include/intro_interfaces/intro_interfaces/msg
[3.176s] -- Up-to-date: /home/optimus/first_ros2_ws/install/intro_interfaces/include/intro_interfaces/intro_interfaces/msg/led_state.h
[3.177s] -- Up-to-date: /home/optimus/first_ros2_ws/install/intro_interfaces/include/intro_interfaces/intro_interfaces/msg/rosidl_generator_c__visibility_control.h
[3.177s] -- Up-to-date: /home/optimus/first_ros2_ws/install/intro_interfaces/include/intro_interfaces/intro_interfaces/msg/detail
[3.178s] -- Installing: /home/optimus/first_ros2_ws/install/intro_interfaces/include/intro_interfaces/intro_interfaces/msg/detail/led_state__type_support.c
[3.179s] -- Up-to-date: /home/optimus/first_ros2_ws/install/intro_interfaces/include/intro_interfaces/intro_interfaces/msg/detail/led_state__description.c
[3.180s] -- Up-to-date: /home/optimus/first_ros2_ws/install/intro_interfaces/include/intro_interfaces/intro_interfaces/msg/detail/led_state__functions.c
[3.180s] -- Up-to-date: /home/optimus/first_ros2_ws/install/intro_interfaces/include/intro_interfaces/intro_interfaces/msg/detail/led_state__type_support.h
[3.181s] -- Up-to-date: /home/optimus/first_ros2_ws/install/intro_interfaces/include/intro_interfaces/intro_interfaces/msg/detail/led_state__struct.h
[3.181s] -- Up-to-date: /home/optimus/first_ros2_ws/install/intro_interfaces/include/intro_interfaces/intro_interfaces/msg/detail/led_state__functions.h
[3.182s] -- Up-to-date: /home/optimus/first_ros2_ws/install/intro_interfaces/include/intro_interfaces/intro_interfaces/action
[3.182s] -- Up-to-date: /home/optimus/first_ros2_ws/install/intro_interfaces/include/intro_interfaces/intro_interfaces/action/detail
[3.183s] -- Up-to-date: /home/optimus/first_ros2_ws/install/intro_interfaces/include/intro_interfaces/intro_interfaces/action/detail/toggle_led__type_support.h
[3.183s] -- Installing: /home/optimus/first_ros2_ws/install/intro_interfaces/include/intro_interfaces/intro_interfaces/action/detail/toggle_led__type_support.c
[3.184s] -- Up-to-date: /home/optimus/first_ros2_ws/install/intro_interfaces/include/intro_interfaces/intro_interfaces/action/detail/toggle_led__functions.c
[3.185s] -- Up-to-date: /home/optimus/first_ros2_ws/install/intro_interfaces/include/intro_interfaces/intro_interfaces/action/detail/toggle_led__struct.h
[3.186s] -- Up-to-date: /home/optimus/first_ros2_ws/install/intro_interfaces/include/intro_interfaces/intro_interfaces/action/detail/toggle_led__description.c
[3.187s] -- Up-to-date: /home/optimus/first_ros2_ws/install/intro_interfaces/include/intro_interfaces/intro_interfaces/action/detail/toggle_led__functions.h
[3.187s] -- Up-to-date: /home/optimus/first_ros2_ws/install/intro_interfaces/include/intro_interfaces/intro_interfaces/action/toggle_led.h
[3.188s] -- Up-to-date: /home/optimus/first_ros2_ws/install/intro_interfaces/share/intro_interfaces/environment/library_path.sh
[3.189s] -- Up-to-date: /home/optimus/first_ros2_ws/install/intro_interfaces/share/intro_interfaces/environment/library_path.dsv
[3.192s] -- Up-to-date: /home/optimus/first_ros2_ws/install/intro_interfaces/lib/libintro_interfaces__rosidl_generator_c.so
[3.195s] -- Up-to-date: /home/optimus/first_ros2_ws/install/intro_interfaces/include/intro_interfaces/intro_interfaces
[3.197s] -- Up-to-date: /home/optimus/first_ros2_ws/install/intro_interfaces/include/intro_interfaces/intro_interfaces/srv
[3.197s] -- Up-to-date: /home/optimus/first_ros2_ws/install/intro_interfaces/include/intro_interfaces/intro_interfaces/srv/detail
[3.197s] -- Up-to-date: /home/optimus/first_ros2_ws/install/intro_interfaces/include/intro_interfaces/intro_interfaces/srv/detail/slow_led_toggle__rosidl_typesupport_fastrtps_c.h
[3.198s] -- Up-to-date: /home/optimus/first_ros2_ws/install/intro_interfaces/include/intro_interfaces/intro_interfaces/srv/detail/led_tracker__rosidl_typesupport_fastrtps_c.h
[3.199s] -- Up-to-date: /home/optimus/first_ros2_ws/install/intro_interfaces/include/intro_interfaces/intro_interfaces/msg
[3.200s] -- Up-to-date: /home/optimus/first_ros2_ws/install/intro_interfaces/include/intro_interfaces/intro_interfaces/msg/detail
[3.200s] -- Up-to-date: /home/optimus/first_ros2_ws/install/intro_interfaces/include/intro_interfaces/intro_interfaces/msg/detail/led_state__rosidl_typesupport_fastrtps_c.h
[3.201s] -- Up-to-date: /home/optimus/first_ros2_ws/install/intro_interfaces/include/intro_interfaces/intro_interfaces/msg/rosidl_typesupport_fastrtps_c__visibility_control.h
[3.201s] -- Up-to-date: /home/optimus/first_ros2_ws/install/intro_interfaces/include/intro_interfaces/intro_interfaces/action
[3.202s] -- Up-to-date: /home/optimus/first_ros2_ws/install/intro_interfaces/include/intro_interfaces/intro_interfaces/action/detail
[3.202s] -- Up-to-date: /home/optimus/first_ros2_ws/install/intro_interfaces/include/intro_interfaces/intro_interfaces/action/detail/toggle_led__rosidl_typesupport_fastrtps_c.h
[3.205s] -- Up-to-date: /home/optimus/first_ros2_ws/install/intro_interfaces/lib/libintro_interfaces__rosidl_typesupport_fastrtps_c.so
[3.207s] -- Up-to-date: /home/optimus/first_ros2_ws/install/intro_interfaces/include/intro_interfaces/intro_interfaces
[3.207s] -- Up-to-date: /home/optimus/first_ros2_ws/install/intro_interfaces/include/intro_interfaces/intro_interfaces/srv
[3.208s] -- Up-to-date: /home/optimus/first_ros2_ws/install/intro_interfaces/include/intro_interfaces/intro_interfaces/srv/detail
[3.209s] -- Up-to-date: /home/optimus/first_ros2_ws/install/intro_interfaces/include/intro_interfaces/intro_interfaces/srv/detail/led_tracker__rosidl_typesupport_introspection_c.h
[3.210s] -- Installing: /home/optimus/first_ros2_ws/install/intro_interfaces/include/intro_interfaces/intro_interfaces/srv/detail/slow_led_toggle__type_support.c
[3.212s] -- Installing: /home/optimus/first_ros2_ws/install/intro_interfaces/include/intro_interfaces/intro_interfaces/srv/detail/led_tracker__type_support.c
[3.215s] -- Up-to-date: /home/optimus/first_ros2_ws/install/intro_interfaces/include/intro_interfaces/intro_interfaces/srv/detail/slow_led_toggle__rosidl_typesupport_introspection_c.h
[3.217s] -- Up-to-date: /home/optimus/first_ros2_ws/install/intro_interfaces/include/intro_interfaces/intro_interfaces/msg
[3.218s] -- Up-to-date: /home/optimus/first_ros2_ws/install/intro_interfaces/include/intro_interfaces/intro_interfaces/msg/detail
[3.220s] -- Installing: /home/optimus/first_ros2_ws/install/intro_interfaces/include/intro_interfaces/intro_interfaces/msg/detail/led_state__type_support.c
[3.221s] -- Up-to-date: /home/optimus/first_ros2_ws/install/intro_interfaces/include/intro_interfaces/intro_interfaces/msg/detail/led_state__rosidl_typesupport_introspection_c.h
[3.221s] -- Up-to-date: /home/optimus/first_ros2_ws/install/intro_interfaces/include/intro_interfaces/intro_interfaces/msg/rosidl_typesupport_introspection_c__visibility_control.h
[3.222s] -- Up-to-date: /home/optimus/first_ros2_ws/install/intro_interfaces/include/intro_interfaces/intro_interfaces/action
[3.223s] -- Up-to-date: /home/optimus/first_ros2_ws/install/intro_interfaces/include/intro_interfaces/intro_interfaces/action/detail
[3.224s] -- Up-to-date: /home/optimus/first_ros2_ws/install/intro_interfaces/include/intro_interfaces/intro_interfaces/action/detail/toggle_led__rosidl_typesupport_introspection_c.h
[3.224s] -- Installing: /home/optimus/first_ros2_ws/install/intro_interfaces/include/intro_interfaces/intro_interfaces/action/detail/toggle_led__type_support.c
[3.231s] -- Up-to-date: /home/optimus/first_ros2_ws/install/intro_interfaces/lib/libintro_interfaces__rosidl_typesupport_introspection_c.so
[3.235s] -- Up-to-date: /home/optimus/first_ros2_ws/install/intro_interfaces/lib/libintro_interfaces__rosidl_typesupport_c.so
[3.237s] -- Up-to-date: /home/optimus/first_ros2_ws/install/intro_interfaces/include/intro_interfaces/intro_interfaces
[3.238s] -- Up-to-date: /home/optimus/first_ros2_ws/install/intro_interfaces/include/intro_interfaces/intro_interfaces/srv
[3.239s] -- Up-to-date: /home/optimus/first_ros2_ws/install/intro_interfaces/include/intro_interfaces/intro_interfaces/srv/slow_led_toggle.hpp
[3.239s] -- Up-to-date: /home/optimus/first_ros2_ws/install/intro_interfaces/include/intro_interfaces/intro_interfaces/srv/detail
[3.241s] -- Up-to-date: /home/optimus/first_ros2_ws/install/intro_interfaces/include/intro_interfaces/intro_interfaces/srv/detail/slow_led_toggle__traits.hpp
[3.242s] -- Up-to-date: /home/optimus/first_ros2_ws/install/intro_interfaces/include/intro_interfaces/intro_interfaces/srv/detail/led_tracker__type_support.hpp
[3.244s] -- Up-to-date: /home/optimus/first_ros2_ws/install/intro_interfaces/include/intro_interfaces/intro_interfaces/srv/detail/led_tracker__struct.hpp
[3.245s] -- Up-to-date: /home/optimus/first_ros2_ws/install/intro_interfaces/include/intro_interfaces/intro_interfaces/srv/detail/led_tracker__builder.hpp
[3.246s] -- Up-to-date: /home/optimus/first_ros2_ws/install/intro_interfaces/include/intro_interfaces/intro_interfaces/srv/detail/slow_led_toggle__type_support.hpp
[3.248s] -- Up-to-date: /home/optimus/first_ros2_ws/install/intro_interfaces/include/intro_interfaces/intro_interfaces/srv/detail/led_tracker__traits.hpp
[3.249s] -- Up-to-date: /home/optimus/first_ros2_ws/install/intro_interfaces/include/intro_interfaces/intro_interfaces/srv/detail/slow_led_toggle__builder.hpp
[3.250s] -- Up-to-date: /home/optimus/first_ros2_ws/install/intro_interfaces/include/intro_interfaces/intro_interfaces/srv/detail/slow_led_toggle__struct.hpp
[3.251s] -- Up-to-date: /home/optimus/first_ros2_ws/install/intro_interfaces/include/intro_interfaces/intro_interfaces/srv/led_tracker.hpp
[3.252s] -- Up-to-date: /home/optimus/first_ros2_ws/install/intro_interfaces/include/intro_interfaces/intro_interfaces/msg
[3.252s] -- Up-to-date: /home/optimus/first_ros2_ws/install/intro_interfaces/include/intro_interfaces/intro_interfaces/msg/rosidl_generator_cpp__visibility_control.hpp
[3.254s] -- Up-to-date: /home/optimus/first_ros2_ws/install/intro_interfaces/include/intro_interfaces/intro_interfaces/msg/led_state.hpp
[3.255s] -- Up-to-date: /home/optimus/first_ros2_ws/install/intro_interfaces/include/intro_interfaces/intro_interfaces/msg/detail
[3.255s] -- Up-to-date: /home/optimus/first_ros2_ws/install/intro_interfaces/include/intro_interfaces/intro_interfaces/msg/detail/led_state__struct.hpp
[3.256s] -- Up-to-date: /home/optimus/first_ros2_ws/install/intro_interfaces/include/intro_interfaces/intro_interfaces/msg/detail/led_state__type_support.hpp
[3.256s] -- Up-to-date: /home/optimus/first_ros2_ws/install/intro_interfaces/include/intro_interfaces/intro_interfaces/msg/detail/led_state__builder.hpp
[3.257s] -- Up-to-date: /home/optimus/first_ros2_ws/install/intro_interfaces/include/intro_interfaces/intro_interfaces/msg/detail/led_state__traits.hpp
[3.257s] -- Up-to-date: /home/optimus/first_ros2_ws/install/intro_interfaces/include/intro_interfaces/intro_interfaces/action
[3.258s] -- Up-to-date: /home/optimus/first_ros2_ws/install/intro_interfaces/include/intro_interfaces/intro_interfaces/action/toggle_led.hpp
[3.258s] -- Up-to-date: /home/optimus/first_ros2_ws/install/intro_interfaces/include/intro_interfaces/intro_interfaces/action/detail
[3.258s] -- Up-to-date: /home/optimus/first_ros2_ws/install/intro_interfaces/include/intro_interfaces/intro_interfaces/action/detail/toggle_led__type_support.hpp
[3.259s] -- Up-to-date: /home/optimus/first_ros2_ws/install/intro_interfaces/include/intro_interfaces/intro_interfaces/action/detail/toggle_led__builder.hpp
[3.259s] -- Up-to-date: /home/optimus/first_ros2_ws/install/intro_interfaces/include/intro_interfaces/intro_interfaces/action/detail/toggle_led__struct.hpp
[3.260s] -- Up-to-date: /home/optimus/first_ros2_ws/install/intro_interfaces/include/intro_interfaces/intro_interfaces/action/detail/toggle_led__traits.hpp
[3.260s] -- Up-to-date: /home/optimus/first_ros2_ws/install/intro_interfaces/include/intro_interfaces/intro_interfaces
[3.261s] -- Up-to-date: /home/optimus/first_ros2_ws/install/intro_interfaces/include/intro_interfaces/intro_interfaces/srv
[3.262s] -- Up-to-date: /home/optimus/first_ros2_ws/install/intro_interfaces/include/intro_interfaces/intro_interfaces/srv/detail
[3.264s] -- Up-to-date: /home/optimus/first_ros2_ws/install/intro_interfaces/include/intro_interfaces/intro_interfaces/srv/detail/slow_led_toggle__rosidl_typesupport_fastrtps_cpp.hpp
[3.265s] -- Up-to-date: /home/optimus/first_ros2_ws/install/intro_interfaces/include/intro_interfaces/intro_interfaces/srv/detail/dds_fastrtps
[3.266s] -- Up-to-date: /home/optimus/first_ros2_ws/install/intro_interfaces/include/intro_interfaces/intro_interfaces/srv/detail/led_tracker__rosidl_typesupport_fastrtps_cpp.hpp
[3.267s] -- Up-to-date: /home/optimus/first_ros2_ws/install/intro_interfaces/include/intro_interfaces/intro_interfaces/msg
[3.267s] -- Up-to-date: /home/optimus/first_ros2_ws/install/intro_interfaces/include/intro_interfaces/intro_interfaces/msg/rosidl_typesupport_fastrtps_cpp__visibility_control.h
[3.268s] -- Up-to-date: /home/optimus/first_ros2_ws/install/intro_interfaces/include/intro_interfaces/intro_interfaces/msg/detail
[3.268s] -- Up-to-date: /home/optimus/first_ros2_ws/install/intro_interfaces/include/intro_interfaces/intro_interfaces/msg/detail/dds_fastrtps
[3.269s] -- Up-to-date: /home/optimus/first_ros2_ws/install/intro_interfaces/include/intro_interfaces/intro_interfaces/msg/detail/led_state__rosidl_typesupport_fastrtps_cpp.hpp
[3.269s] -- Up-to-date: /home/optimus/first_ros2_ws/install/intro_interfaces/include/intro_interfaces/intro_interfaces/action
[3.270s] -- Up-to-date: /home/optimus/first_ros2_ws/install/intro_interfaces/include/intro_interfaces/intro_interfaces/action/detail
[3.270s] -- Up-to-date: /home/optimus/first_ros2_ws/install/intro_interfaces/include/intro_interfaces/intro_interfaces/action/detail/toggle_led__rosidl_typesupport_fastrtps_cpp.hpp
[3.271s] -- Up-to-date: /home/optimus/first_ros2_ws/install/intro_interfaces/include/intro_interfaces/intro_interfaces/action/detail/dds_fastrtps
[3.271s] -- Up-to-date: /home/optimus/first_ros2_ws/install/intro_interfaces/lib/libintro_interfaces__rosidl_typesupport_fastrtps_cpp.so
[3.272s] -- Up-to-date: /home/optimus/first_ros2_ws/install/intro_interfaces/include/intro_interfaces/intro_interfaces
[3.272s] -- Up-to-date: /home/optimus/first_ros2_ws/install/intro_interfaces/include/intro_interfaces/intro_interfaces/srv
[3.273s] -- Up-to-date: /home/optimus/first_ros2_ws/install/intro_interfaces/include/intro_interfaces/intro_interfaces/srv/detail
[3.273s] -- Up-to-date: /home/optimus/first_ros2_ws/install/intro_interfaces/include/intro_interfaces/intro_interfaces/srv/detail/led_tracker__rosidl_typesupport_introspection_cpp.hpp
[3.274s] -- Up-to-date: /home/optimus/first_ros2_ws/install/intro_interfaces/include/intro_interfaces/intro_interfaces/srv/detail/led_tracker__type_support.cpp
[3.274s] -- Up-to-date: /home/optimus/first_ros2_ws/install/intro_interfaces/include/intro_interfaces/intro_interfaces/srv/detail/slow_led_toggle__type_support.cpp
[3.275s] -- Up-to-date: /home/optimus/first_ros2_ws/install/intro_interfaces/include/intro_interfaces/intro_interfaces/srv/detail/slow_led_toggle__rosidl_typesupport_introspection_cpp.hpp
[3.275s] -- Up-to-date: /home/optimus/first_ros2_ws/install/intro_interfaces/include/intro_interfaces/intro_interfaces/msg
[3.276s] -- Up-to-date: /home/optimus/first_ros2_ws/install/intro_interfaces/include/intro_interfaces/intro_interfaces/msg/detail
[3.276s] -- Up-to-date: /home/optimus/first_ros2_ws/install/intro_interfaces/include/intro_interfaces/intro_interfaces/msg/detail/led_state__rosidl_typesupport_introspection_cpp.hpp
[3.276s] -- Up-to-date: /home/optimus/first_ros2_ws/install/intro_interfaces/include/intro_interfaces/intro_interfaces/msg/detail/led_state__type_support.cpp
[3.277s] -- Up-to-date: /home/optimus/first_ros2_ws/install/intro_interfaces/include/intro_interfaces/intro_interfaces/action
[3.277s] -- Up-to-date: /home/optimus/first_ros2_ws/install/intro_interfaces/include/intro_interfaces/intro_interfaces/action/detail
[3.278s] -- Up-to-date: /home/optimus/first_ros2_ws/install/intro_interfaces/include/intro_interfaces/intro_interfaces/action/detail/toggle_led__rosidl_typesupport_introspection_cpp.hpp
[3.279s] -- Up-to-date: /home/optimus/first_ros2_ws/install/intro_interfaces/include/intro_interfaces/intro_interfaces/action/detail/toggle_led__type_support.cpp
[3.280s] -- Up-to-date: /home/optimus/first_ros2_ws/install/intro_interfaces/lib/libintro_interfaces__rosidl_typesupport_introspection_cpp.so
[3.281s] -- Up-to-date: /home/optimus/first_ros2_ws/install/intro_interfaces/lib/libintro_interfaces__rosidl_typesupport_cpp.so
[3.282s] -- Up-to-date: /home/optimus/first_ros2_ws/install/intro_interfaces/share/intro_interfaces/environment/pythonpath.sh
[3.283s] -- Up-to-date: /home/optimus/first_ros2_ws/install/intro_interfaces/share/intro_interfaces/environment/pythonpath.dsv
[3.283s] -- Up-to-date: /home/optimus/first_ros2_ws/install/intro_interfaces/lib/python3.12/site-packages/intro_interfaces-0.0.0-py3.12.egg-info
[3.284s] -- Installing: /home/optimus/first_ros2_ws/install/intro_interfaces/lib/python3.12/site-packages/intro_interfaces-0.0.0-py3.12.egg-info/PKG-INFO
[3.285s] -- Installing: /home/optimus/first_ros2_ws/install/intro_interfaces/lib/python3.12/site-packages/intro_interfaces-0.0.0-py3.12.egg-info/top_level.txt
[3.285s] -- Installing: /home/optimus/first_ros2_ws/install/intro_interfaces/lib/python3.12/site-packages/intro_interfaces-0.0.0-py3.12.egg-info/dependency_links.txt
[3.286s] -- Installing: /home/optimus/first_ros2_ws/install/intro_interfaces/lib/python3.12/site-packages/intro_interfaces-0.0.0-py3.12.egg-info/SOURCES.txt
[3.287s] -- Up-to-date: /home/optimus/first_ros2_ws/install/intro_interfaces/lib/python3.12/site-packages/intro_interfaces
[3.289s] -- Up-to-date: /home/optimus/first_ros2_ws/install/intro_interfaces/lib/python3.12/site-packages/intro_interfaces/srv
[3.290s] -- Up-to-date: /home/optimus/first_ros2_ws/install/intro_interfaces/lib/python3.12/site-packages/intro_interfaces/srv/_led_tracker_s.c
[3.291s] -- Up-to-date: /home/optimus/first_ros2_ws/install/intro_interfaces/lib/python3.12/site-packages/intro_interfaces/srv/_led_tracker.py
[3.292s] -- Up-to-date: /home/optimus/first_ros2_ws/install/intro_interfaces/lib/python3.12/site-packages/intro_interfaces/srv/_slow_led_toggle_s.c
[3.292s] -- Up-to-date: /home/optimus/first_ros2_ws/install/intro_interfaces/lib/python3.12/site-packages/intro_interfaces/srv/__init__.py
[3.293s] -- Up-to-date: /home/optimus/first_ros2_ws/install/intro_interfaces/lib/python3.12/site-packages/intro_interfaces/srv/_slow_led_toggle.py
[3.294s] -- Up-to-date: /home/optimus/first_ros2_ws/install/intro_interfaces/lib/python3.12/site-packages/intro_interfaces/msg
[3.295s] -- Up-to-date: /home/optimus/first_ros2_ws/install/intro_interfaces/lib/python3.12/site-packages/intro_interfaces/msg/__init__.py
[3.296s] -- Up-to-date: /home/optimus/first_ros2_ws/install/intro_interfaces/lib/python3.12/site-packages/intro_interfaces/msg/_led_state.py
[3.296s] -- Up-to-date: /home/optimus/first_ros2_ws/install/intro_interfaces/lib/python3.12/site-packages/intro_interfaces/msg/_led_state_s.c
[3.297s] -- Up-to-date: /home/optimus/first_ros2_ws/install/intro_interfaces/lib/python3.12/site-packages/intro_interfaces/intro_interfaces_s__rosidl_typesupport_fastrtps_c.so
[3.297s] -- Up-to-date: /home/optimus/first_ros2_ws/install/intro_interfaces/lib/python3.12/site-packages/intro_interfaces/intro_interfaces_s__rosidl_typesupport_introspection_c.so
[3.298s] -- Up-to-date: /home/optimus/first_ros2_ws/install/intro_interfaces/lib/python3.12/site-packages/intro_interfaces/action
[3.298s] -- Up-to-date: /home/optimus/first_ros2_ws/install/intro_interfaces/lib/python3.12/site-packages/intro_interfaces/action/__init__.py
[3.299s] -- Up-to-date: /home/optimus/first_ros2_ws/install/intro_interfaces/lib/python3.12/site-packages/intro_interfaces/action/_toggle_led_s.c
[3.299s] -- Up-to-date: /home/optimus/first_ros2_ws/install/intro_interfaces/lib/python3.12/site-packages/intro_interfaces/action/_toggle_led.py
[3.300s] -- Up-to-date: /home/optimus/first_ros2_ws/install/intro_interfaces/lib/python3.12/site-packages/intro_interfaces/__init__.py
[3.300s] -- Up-to-date: /home/optimus/first_ros2_ws/install/intro_interfaces/lib/python3.12/site-packages/intro_interfaces/intro_interfaces_s__rosidl_typesupport_c.so
[3.301s] -- Up-to-date: /home/optimus/first_ros2_ws/install/intro_interfaces/lib/python3.12/site-packages/intro_interfaces/_intro_interfaces_s.ep.rosidl_typesupport_c.c
[3.301s] -- Up-to-date: /home/optimus/first_ros2_ws/install/intro_interfaces/lib/python3.12/site-packages/intro_interfaces/_intro_interfaces_s.ep.rosidl_typesupport_fastrtps_c.c
[3.302s] -- Up-to-date: /home/optimus/first_ros2_ws/install/intro_interfaces/lib/python3.12/site-packages/intro_interfaces/_intro_interfaces_s.ep.rosidl_typesupport_introspection_c.c
[3.509s] Listing '/home/optimus/first_ros2_ws/install/intro_interfaces/lib/python3.12/site-packages/intro_interfaces'...
[3.511s] Listing '/home/optimus/first_ros2_ws/install/intro_interfaces/lib/python3.12/site-packages/intro_interfaces/action'...
[3.515s] Listing '/home/optimus/first_ros2_ws/install/intro_interfaces/lib/python3.12/site-packages/intro_interfaces/msg'...
[3.517s] Listing '/home/optimus/first_ros2_ws/install/intro_interfaces/lib/python3.12/site-packages/intro_interfaces/srv'...
[3.559s] -- Up-to-date: /home/optimus/first_ros2_ws/install/intro_interfaces/lib/python3.12/site-packages/intro_interfaces/intro_interfaces_s__rosidl_typesupport_fastrtps_c.so
[3.566s] -- Up-to-date: /home/optimus/first_ros2_ws/install/intro_interfaces/lib/python3.12/site-packages/intro_interfaces/intro_interfaces_s__rosidl_typesupport_introspection_c.so
[3.573s] -- Up-to-date: /home/optimus/first_ros2_ws/install/intro_interfaces/lib/python3.12/site-packages/intro_interfaces/intro_interfaces_s__rosidl_typesupport_c.so
[3.581s] -- Up-to-date: /home/optimus/first_ros2_ws/install/intro_interfaces/lib/libintro_interfaces__rosidl_generator_py.so
[3.587s] -- Up-to-date: /home/optimus/first_ros2_ws/install/intro_interfaces/share/intro_interfaces/msg/LEDState.idl
[3.590s] -- Up-to-date: /home/optimus/first_ros2_ws/install/intro_interfaces/share/intro_interfaces/srv/LEDTracker.idl
[3.594s] -- Up-to-date: /home/optimus/first_ros2_ws/install/intro_interfaces/share/intro_interfaces/srv/SlowLEDToggle.idl
[3.595s] -- Up-to-date: /home/optimus/first_ros2_ws/install/intro_interfaces/share/intro_interfaces/action/ToggleLED.idl
[3.596s] -- Up-to-date: /home/optimus/first_ros2_ws/install/intro_interfaces/share/intro_interfaces/msg/LEDState.msg
[3.596s] -- Up-to-date: /home/optimus/first_ros2_ws/install/intro_interfaces/share/intro_interfaces/srv/LEDTracker.srv
[3.597s] -- Up-to-date: /home/optimus/first_ros2_ws/install/intro_interfaces/share/intro_interfaces/srv/SlowLEDToggle.srv
[3.598s] -- Up-to-date: /home/optimus/first_ros2_ws/install/intro_interfaces/share/intro_interfaces/action/ToggleLED.action
[3.599s] -- Up-to-date: /home/optimus/first_ros2_ws/install/intro_interfaces/share/ament_index/resource_index/package_run_dependencies/intro_interfaces
[3.602s] -- Up-to-date: /home/optimus/first_ros2_ws/install/intro_interfaces/share/ament_index/resource_index/parent_prefix_path/intro_interfaces
[3.605s] -- Up-to-date: /home/optimus/first_ros2_ws/install/intro_interfaces/share/intro_interfaces/environment/ament_prefix_path.sh
[3.606s] -- Up-to-date: /home/optimus/first_ros2_ws/install/intro_interfaces/share/intro_interfaces/environment/ament_prefix_path.dsv
[3.607s] -- Up-to-date: /home/optimus/first_ros2_ws/install/intro_interfaces/share/intro_interfaces/environment/path.sh
[3.607s] -- Up-to-date: /home/optimus/first_ros2_ws/install/intro_interfaces/share/intro_interfaces/environment/path.dsv
[3.613s] -- Up-to-date: /home/optimus/first_ros2_ws/install/intro_interfaces/share/intro_interfaces/local_setup.bash
[3.614s] -- Up-to-date: /home/optimus/first_ros2_ws/install/intro_interfaces/share/intro_interfaces/local_setup.sh
[3.615s] -- Up-to-date: /home/optimus/first_ros2_ws/install/intro_interfaces/share/intro_interfaces/local_setup.zsh
[3.616s] -- Up-to-date: /home/optimus/first_ros2_ws/install/intro_interfaces/share/intro_interfaces/local_setup.dsv
[3.616s] -- Installing: /home/optimus/first_ros2_ws/install/intro_interfaces/share/intro_interfaces/package.dsv
[3.617s] -- Up-to-date: /home/optimus/first_ros2_ws/install/intro_interfaces/share/ament_index/resource_index/packages/intro_interfaces
[3.618s] -- Up-to-date: /home/optimus/first_ros2_ws/install/intro_interfaces/share/intro_interfaces/cmake/export_intro_interfaces__rosidl_generator_cExport.cmake
[3.619s] -- Up-to-date: /home/optimus/first_ros2_ws/install/intro_interfaces/share/intro_interfaces/cmake/export_intro_interfaces__rosidl_generator_cExport-noconfig.cmake
[3.620s] -- Up-to-date: /home/optimus/first_ros2_ws/install/intro_interfaces/share/intro_interfaces/cmake/export_intro_interfaces__rosidl_typesupport_fastrtps_cExport.cmake
[3.622s] -- Up-to-date: /home/optimus/first_ros2_ws/install/intro_interfaces/share/intro_interfaces/cmake/export_intro_interfaces__rosidl_typesupport_fastrtps_cExport-noconfig.cmake
[3.623s] -- Up-to-date: /home/optimus/first_ros2_ws/install/intro_interfaces/share/intro_interfaces/cmake/intro_interfaces__rosidl_typesupport_introspection_cExport.cmake
[3.628s] -- Up-to-date: /home/optimus/first_ros2_ws/install/intro_interfaces/share/intro_interfaces/cmake/intro_interfaces__rosidl_typesupport_introspection_cExport-noconfig.cmake
[3.630s] -- Up-to-date: /home/optimus/first_ros2_ws/install/intro_interfaces/share/intro_interfaces/cmake/intro_interfaces__rosidl_typesupport_cExport.cmake
[3.635s] -- Up-to-date: /home/optimus/first_ros2_ws/install/intro_interfaces/share/intro_interfaces/cmake/intro_interfaces__rosidl_typesupport_cExport-noconfig.cmake
[3.636s] -- Up-to-date: /home/optimus/first_ros2_ws/install/intro_interfaces/share/intro_interfaces/cmake/export_intro_interfaces__rosidl_generator_cppExport.cmake
[3.642s] -- Up-to-date: /home/optimus/first_ros2_ws/install/intro_interfaces/share/intro_interfaces/cmake/export_intro_interfaces__rosidl_typesupport_fastrtps_cppExport.cmake
[3.643s] -- Up-to-date: /home/optimus/first_ros2_ws/install/intro_interfaces/share/intro_interfaces/cmake/export_intro_interfaces__rosidl_typesupport_fastrtps_cppExport-noconfig.cmake
[3.646s] -- Up-to-date: /home/optimus/first_ros2_ws/install/intro_interfaces/share/intro_interfaces/cmake/intro_interfaces__rosidl_typesupport_introspection_cppExport.cmake
[3.650s] -- Up-to-date: /home/optimus/first_ros2_ws/install/intro_interfaces/share/intro_interfaces/cmake/intro_interfaces__rosidl_typesupport_introspection_cppExport-noconfig.cmake
[3.654s] -- Up-to-date: /home/optimus/first_ros2_ws/install/intro_interfaces/share/intro_interfaces/cmake/intro_interfaces__rosidl_typesupport_cppExport.cmake
[3.655s] -- Up-to-date: /home/optimus/first_ros2_ws/install/intro_interfaces/share/intro_interfaces/cmake/intro_interfaces__rosidl_typesupport_cppExport-noconfig.cmake
[3.659s] -- Up-to-date: /home/optimus/first_ros2_ws/install/intro_interfaces/share/intro_interfaces/cmake/export_intro_interfaces__rosidl_generator_pyExport.cmake
[3.662s] -- Up-to-date: /home/optimus/first_ros2_ws/install/intro_interfaces/share/intro_interfaces/cmake/export_intro_interfaces__rosidl_generator_pyExport-noconfig.cmake
[3.663s] -- Up-to-date: /home/optimus/first_ros2_ws/install/intro_interfaces/share/intro_interfaces/cmake/rosidl_cmake-extras.cmake
[3.669s] -- Up-to-date: /home/optimus/first_ros2_ws/install/intro_interfaces/share/intro_interfaces/cmake/ament_cmake_export_dependencies-extras.cmake
[3.670s] -- Up-to-date: /home/optimus/first_ros2_ws/install/intro_interfaces/share/intro_interfaces/cmake/ament_cmake_export_include_directories-extras.cmake
[3.670s] -- Up-to-date: /home/optimus/first_ros2_ws/install/intro_interfaces/share/intro_interfaces/cmake/ament_cmake_export_libraries-extras.cmake
[3.671s] -- Up-to-date: /home/optimus/first_ros2_ws/install/intro_interfaces/share/intro_interfaces/cmake/ament_cmake_export_targets-extras.cmake
[3.672s] -- Up-to-date: /home/optimus/first_ros2_ws/install/intro_interfaces/share/intro_interfaces/cmake/rosidl_cmake_export_typesupport_targets-extras.cmake
[3.675s] -- Up-to-date: /home/optimus/first_ros2_ws/install/intro_interfaces/share/intro_interfaces/cmake/rosidl_cmake_export_typesupport_libraries-extras.cmake
[3.676s] -- Up-to-date: /home/optimus/first_ros2_ws/install/intro_interfaces/share/intro_interfaces/cmake/intro_interfacesConfig.cmake
[3.677s] -- Up-to-date: /home/optimus/first_ros2_ws/install/intro_interfaces/share/intro_interfaces/cmake/intro_interfacesConfig-version.cmake
[3.681s] -- Up-to-date: /home/optimus/first_ros2_ws/install/intro_interfaces/share/intro_interfaces/package.xml
[3.691s] Invoked command in '/home/optimus/first_ros2_ws/build/intro_interfaces' returned '0': CMAKE_PREFIX_PATH=${CMAKE_PREFIX_PATH}:/home/optimus/first_ros2_ws/install/timed_led:/opt/ros/jazzy DEBUGINFOD_URLS=https://debuginfod.ubuntu.com /usr/bin/cmake --install /home/optimus/first_ros2_ws/build/intro_interfaces
