[5.517s] Invoking command in '/home/optimus/first_ros2_ws/src/timed_led': DEBUGINFOD_URLS=https://debuginfod.ubuntu.com PYTHONPATH=/home/optimus/first_ros2_ws/build/timed_led/prefix_override:/usr/lib/python3/dist-packages/colcon_core/task/python/colcon_distutils_commands:/home/optimus/first_ros2_ws/install/timed_led/lib/python3.12/site-packages:${PYTHONPATH} /usr/bin/python3 -W ignore:setup.py install is deprecated -W ignore:easy_install command is deprecated setup.py egg_info --egg-base ../../build/timed_led build --build-base /home/optimus/first_ros2_ws/build/timed_led/build install --record /home/optimus/first_ros2_ws/build/timed_led/install.log --single-version-externally-managed install_data
[6.808s] running egg_info
[6.907s] writing ../../build/timed_led/timed_led.egg-info/PKG-INFO
[6.908s] writing dependency_links to ../../build/timed_led/timed_led.egg-info/dependency_links.txt
[6.910s] writing entry points to ../../build/timed_led/timed_led.egg-info/entry_points.txt
[6.911s] writing requirements to ../../build/timed_led/timed_led.egg-info/requires.txt
[6.912s] writing top-level names to ../../build/timed_led/timed_led.egg-info/top_level.txt
[7.115s] reading manifest file '../../build/timed_led/timed_led.egg-info/SOURCES.txt'
[7.116s] adding license file 'LICENSE'
[7.119s] writing manifest file '../../build/timed_led/timed_led.egg-info/SOURCES.txt'
[7.120s] running build
[7.120s] running build_py
[7.122s] copying timed_led/camera_node.py -> /home/optimus/first_ros2_ws/build/timed_led/build/lib/timed_led
[7.124s] running install
[7.149s] running install_lib
[7.253s] copying /home/optimus/first_ros2_ws/build/timed_led/build/lib/timed_led/camera_node.py -> /home/optimus/first_ros2_ws/install/timed_led/lib/python3.12/site-packages/timed_led
[7.257s] byte-compiling /home/optimus/first_ros2_ws/install/timed_led/lib/python3.12/site-packages/timed_led/camera_node.py to camera_node.cpython-312.pyc
[7.261s] running install_data
[7.262s] running install_egg_info
[7.366s] removing '/home/optimus/first_ros2_ws/install/timed_led/lib/python3.12/site-packages/timed_led-0.0.0-py3.12.egg-info' (and everything under it)
[7.368s] Copying ../../build/timed_led/timed_led.egg-info to /home/optimus/first_ros2_ws/install/timed_led/lib/python3.12/site-packages/timed_led-0.0.0-py3.12.egg-info
[7.376s] running install_scripts
[8.109s] Installing camera_node script to /home/optimus/first_ros2_ws/install/timed_led/lib/timed_led
[8.110s] Installing client_led_tracker script to /home/optimus/first_ros2_ws/install/timed_led/lib/timed_led
[8.111s] Installing led_action_client script to /home/optimus/first_ros2_ws/install/timed_led/lib/timed_led
[8.112s] Installing led_action_server script to /home/optimus/first_ros2_ws/install/timed_led/lib/timed_led
[8.113s] Installing led_timer script to /home/optimus/first_ros2_ws/install/timed_led/lib/timed_led
[8.114s] Installing ps4_controller script to /home/optimus/first_ros2_ws/install/timed_led/lib/timed_led
[8.115s] Installing server_led_tracker script to /home/optimus/first_ros2_ws/install/timed_led/lib/timed_led
[8.116s] Installing timed_led script to /home/optimus/first_ros2_ws/install/timed_led/lib/timed_led
[8.119s] writing list of installed files to '/home/optimus/first_ros2_ws/build/timed_led/install.log'
[8.269s] Invoked command in '/home/optimus/first_ros2_ws/src/timed_led' returned '0': DEBUGINFOD_URLS=https://debuginfod.ubuntu.com PYTHONPATH=/home/optimus/first_ros2_ws/build/timed_led/prefix_override:/usr/lib/python3/dist-packages/colcon_core/task/python/colcon_distutils_commands:/home/optimus/first_ros2_ws/install/timed_led/lib/python3.12/site-packages:${PYTHONPATH} /usr/bin/python3 -W ignore:setup.py install is deprecated -W ignore:easy_install command is deprecated setup.py egg_info --egg-base ../../build/timed_led build --build-base /home/optimus/first_ros2_ws/build/timed_led/build install --record /home/optimus/first_ros2_ws/build/timed_led/install.log --single-version-externally-managed install_data
