[5.234s] Invoking command in '/home/optimus/first_ros2_ws/src/timed_led': DEBUGINFOD_URLS=https://debuginfod.ubuntu.com PYTHONPATH=/home/optimus/first_ros2_ws/build/timed_led/prefix_override:/usr/lib/python3/dist-packages/colcon_core/task/python/colcon_distutils_commands:/home/optimus/first_ros2_ws/install/timed_led/lib/python3.12/site-packages:${PYTHONPATH} /usr/bin/python3 -W ignore:setup.py install is deprecated -W ignore:easy_install command is deprecated setup.py egg_info --egg-base ../../build/timed_led build --build-base /home/optimus/first_ros2_ws/build/timed_led/build install --record /home/optimus/first_ros2_ws/build/timed_led/install.log --single-version-externally-managed install_data
[6.498s] running egg_info
[6.587s] writing ../../build/timed_led/timed_led.egg-info/PKG-INFO
[6.588s] writing dependency_links to ../../build/timed_led/timed_led.egg-info/dependency_links.txt
[6.591s] writing entry points to ../../build/timed_led/timed_led.egg-info/entry_points.txt
[6.592s] writing requirements to ../../build/timed_led/timed_led.egg-info/requires.txt
[6.594s] writing top-level names to ../../build/timed_led/timed_led.egg-info/top_level.txt
[6.785s] reading manifest file '../../build/timed_led/timed_led.egg-info/SOURCES.txt'
[6.786s] adding license file 'LICENSE'
[6.789s] writing manifest file '../../build/timed_led/timed_led.egg-info/SOURCES.txt'
[6.790s] running build
[6.790s] running build_py
[6.791s] copying timed_led/service_led_tracker.py -> /home/optimus/first_ros2_ws/build/timed_led/build/lib/timed_led
[6.792s] copying timed_led/led_action_client.py -> /home/optimus/first_ros2_ws/build/timed_led/build/lib/timed_led
[6.794s] copying timed_led/ps4_controller.py -> /home/optimus/first_ros2_ws/build/timed_led/build/lib/timed_led
[6.796s] running install
[6.821s] running install_lib
[6.912s] copying /home/optimus/first_ros2_ws/build/timed_led/build/lib/timed_led/service_led_tracker.py -> /home/optimus/first_ros2_ws/install/timed_led/lib/python3.12/site-packages/timed_led
[6.913s] copying /home/optimus/first_ros2_ws/build/timed_led/build/lib/timed_led/led_action_client.py -> /home/optimus/first_ros2_ws/install/timed_led/lib/python3.12/site-packages/timed_led
[6.914s] copying /home/optimus/first_ros2_ws/build/timed_led/build/lib/timed_led/ps4_controller.py -> /home/optimus/first_ros2_ws/install/timed_led/lib/python3.12/site-packages/timed_led
[6.917s] byte-compiling /home/optimus/first_ros2_ws/install/timed_led/lib/python3.12/site-packages/timed_led/service_led_tracker.py to service_led_tracker.cpython-312.pyc
[6.920s] byte-compiling /home/optimus/first_ros2_ws/install/timed_led/lib/python3.12/site-packages/timed_led/led_action_client.py to led_action_client.cpython-312.pyc
[6.924s] byte-compiling /home/optimus/first_ros2_ws/install/timed_led/lib/python3.12/site-packages/timed_led/ps4_controller.py to ps4_controller.cpython-312.pyc
[6.927s] running install_data
[6.928s] running install_egg_info
[7.026s] removing '/home/optimus/first_ros2_ws/install/timed_led/lib/python3.12/site-packages/timed_led-0.0.0-py3.12.egg-info' (and everything under it)
[7.028s] Copying ../../build/timed_led/timed_led.egg-info to /home/optimus/first_ros2_ws/install/timed_led/lib/python3.12/site-packages/timed_led-0.0.0-py3.12.egg-info
[7.035s] running install_scripts
[7.712s] Installing client_led_tracker script to /home/optimus/first_ros2_ws/install/timed_led/lib/timed_led
[7.713s] Installing led_action_client script to /home/optimus/first_ros2_ws/install/timed_led/lib/timed_led
[7.715s] Installing led_action_server script to /home/optimus/first_ros2_ws/install/timed_led/lib/timed_led
[7.716s] Installing led_timer script to /home/optimus/first_ros2_ws/install/timed_led/lib/timed_led
[7.718s] Installing ps4_controller script to /home/optimus/first_ros2_ws/install/timed_led/lib/timed_led
[7.719s] Installing server_led_tracker script to /home/optimus/first_ros2_ws/install/timed_led/lib/timed_led
[7.721s] Installing timed_led script to /home/optimus/first_ros2_ws/install/timed_led/lib/timed_led
[7.724s] writing list of installed files to '/home/optimus/first_ros2_ws/build/timed_led/install.log'
[7.872s] Invoked command in '/home/optimus/first_ros2_ws/src/timed_led' returned '0': DEBUGINFOD_URLS=https://debuginfod.ubuntu.com PYTHONPATH=/home/optimus/first_ros2_ws/build/timed_led/prefix_override:/usr/lib/python3/dist-packages/colcon_core/task/python/colcon_distutils_commands:/home/optimus/first_ros2_ws/install/timed_led/lib/python3.12/site-packages:${PYTHONPATH} /usr/bin/python3 -W ignore:setup.py install is deprecated -W ignore:easy_install command is deprecated setup.py egg_info --egg-base ../../build/timed_led build --build-base /home/optimus/first_ros2_ws/build/timed_led/build install --record /home/optimus/first_ros2_ws/build/timed_led/install.log --single-version-externally-managed install_data
