[3.934s] Invoking command in '/home/optimus/first_ros2_ws/src/timed_led': DEBUGINFOD_URLS=https://debuginfod.ubuntu.com PYTHONPATH=/home/optimus/first_ros2_ws/build/timed_led/prefix_override:/usr/lib/python3/dist-packages/colcon_core/task/python/colcon_distutils_commands:/home/optimus/first_ros2_ws/install/timed_led/lib/python3.12/site-packages:${PYTHONPATH} /usr/bin/python3 -W ignore:setup.py install is deprecated -W ignore:easy_install command is deprecated setup.py egg_info --egg-base ../../build/timed_led build --build-base /home/optimus/first_ros2_ws/build/timed_led/build install --record /home/optimus/first_ros2_ws/build/timed_led/install.log --single-version-externally-managed install_data
[5.208s] running egg_info
[5.320s] writing ../../build/timed_led/timed_led.egg-info/PKG-INFO
[5.321s] writing dependency_links to ../../build/timed_led/timed_led.egg-info/dependency_links.txt
[5.323s] writing entry points to ../../build/timed_led/timed_led.egg-info/entry_points.txt
[5.325s] writing requirements to ../../build/timed_led/timed_led.egg-info/requires.txt
[5.326s] writing top-level names to ../../build/timed_led/timed_led.egg-info/top_level.txt
[5.531s] reading manifest file '../../build/timed_led/timed_led.egg-info/SOURCES.txt'
[5.533s] adding license file 'LICENSE'
[5.535s] writing manifest file '../../build/timed_led/timed_led.egg-info/SOURCES.txt'
[5.536s] running build
[5.537s] running build_py
[5.540s] running install
[5.564s] running install_lib
[5.663s] running install_data
[5.664s] running install_egg_info
[5.764s] removing '/home/optimus/first_ros2_ws/install/timed_led/lib/python3.12/site-packages/timed_led-0.0.0-py3.12.egg-info' (and everything under it)
[5.766s] Copying ../../build/timed_led/timed_led.egg-info to /home/optimus/first_ros2_ws/install/timed_led/lib/python3.12/site-packages/timed_led-0.0.0-py3.12.egg-info
[5.773s] running install_scripts
[6.488s] Installing camera_node script to /home/optimus/first_ros2_ws/install/timed_led/lib/timed_led
[6.490s] Installing client_led_tracker script to /home/optimus/first_ros2_ws/install/timed_led/lib/timed_led
[6.491s] Installing led_action_client script to /home/optimus/first_ros2_ws/install/timed_led/lib/timed_led
[6.492s] Installing led_action_server script to /home/optimus/first_ros2_ws/install/timed_led/lib/timed_led
[6.493s] Installing led_timer script to /home/optimus/first_ros2_ws/install/timed_led/lib/timed_led
[6.496s] Installing ps4_controller script to /home/optimus/first_ros2_ws/install/timed_led/lib/timed_led
[6.497s] Installing server_led_tracker script to /home/optimus/first_ros2_ws/install/timed_led/lib/timed_led
[6.499s] Installing timed_led script to /home/optimus/first_ros2_ws/install/timed_led/lib/timed_led
[6.502s] writing list of installed files to '/home/optimus/first_ros2_ws/build/timed_led/install.log'
[6.651s] Invoked command in '/home/optimus/first_ros2_ws/src/timed_led' returned '0': DEBUGINFOD_URLS=https://debuginfod.ubuntu.com PYTHONPATH=/home/optimus/first_ros2_ws/build/timed_led/prefix_override:/usr/lib/python3/dist-packages/colcon_core/task/python/colcon_distutils_commands:/home/optimus/first_ros2_ws/install/timed_led/lib/python3.12/site-packages:${PYTHONPATH} /usr/bin/python3 -W ignore:setup.py install is deprecated -W ignore:easy_install command is deprecated setup.py egg_info --egg-base ../../build/timed_led build --build-base /home/optimus/first_ros2_ws/build/timed_led/build install --record /home/optimus/first_ros2_ws/build/timed_led/install.log --single-version-externally-managed install_data
