[5.968s] Invoking command in '/home/optimus/first_ros2_ws/src/timed_led': DEBUGINFOD_URLS=https://debuginfod.ubuntu.com PYTHONPATH=/home/optimus/first_ros2_ws/build/timed_led/prefix_override:/usr/lib/python3/dist-packages/colcon_core/task/python/colcon_distutils_commands:/home/optimus/first_ros2_ws/install/timed_led/lib/python3.12/site-packages:${PYTHONPATH} /usr/bin/python3 -W ignore:setup.py install is deprecated -W ignore:easy_install command is deprecated setup.py egg_info --egg-base ../../build/timed_led build --build-base /home/optimus/first_ros2_ws/build/timed_led/build install --record /home/optimus/first_ros2_ws/build/timed_led/install.log --single-version-externally-managed install_data
[8.355s] running egg_info
[8.528s] writing ../../build/timed_led/timed_led.egg-info/PKG-INFO
[8.530s] writing dependency_links to ../../build/timed_led/timed_led.egg-info/dependency_links.txt
[8.531s] writing entry points to ../../build/timed_led/timed_led.egg-info/entry_points.txt
[8.533s] writing requirements to ../../build/timed_led/timed_led.egg-info/requires.txt
[8.534s] writing top-level names to ../../build/timed_led/timed_led.egg-info/top_level.txt
[8.826s] reading manifest file '../../build/timed_led/timed_led.egg-info/SOURCES.txt'
[8.829s] adding license file 'LICENSE'
[8.831s] writing manifest file '../../build/timed_led/timed_led.egg-info/SOURCES.txt'
[8.833s] running build
[8.833s] running build_py
[8.836s] running install
[8.870s] running install_lib
[9.041s] running install_data
[9.042s] copying launch/main_launch._launch.xml -> /home/optimus/first_ros2_ws/install/timed_led/share/timed_led/launch
[9.043s] running install_egg_info
[9.139s] removing '/home/optimus/first_ros2_ws/install/timed_led/lib/python3.12/site-packages/timed_led-0.0.0-py3.12.egg-info' (and everything under it)
[9.141s] Copying ../../build/timed_led/timed_led.egg-info to /home/optimus/first_ros2_ws/install/timed_led/lib/python3.12/site-packages/timed_led-0.0.0-py3.12.egg-info
[9.149s] running install_scripts
[9.849s] Installing client_led_tracker script to /home/optimus/first_ros2_ws/install/timed_led/lib/timed_led
[9.850s] Installing led_action_client script to /home/optimus/first_ros2_ws/install/timed_led/lib/timed_led
[9.851s] Installing led_action_server script to /home/optimus/first_ros2_ws/install/timed_led/lib/timed_led
[9.852s] Installing led_timer script to /home/optimus/first_ros2_ws/install/timed_led/lib/timed_led
[9.854s] Installing ps4_controller script to /home/optimus/first_ros2_ws/install/timed_led/lib/timed_led
[9.855s] Installing server_led_tracker script to /home/optimus/first_ros2_ws/install/timed_led/lib/timed_led
[9.855s] Installing timed_led script to /home/optimus/first_ros2_ws/install/timed_led/lib/timed_led
[9.858s] writing list of installed files to '/home/optimus/first_ros2_ws/build/timed_led/install.log'
[10.004s] Invoked command in '/home/optimus/first_ros2_ws/src/timed_led' returned '0': DEBUGINFOD_URLS=https://debuginfod.ubuntu.com PYTHONPATH=/home/optimus/first_ros2_ws/build/timed_led/prefix_override:/usr/lib/python3/dist-packages/colcon_core/task/python/colcon_distutils_commands:/home/optimus/first_ros2_ws/install/timed_led/lib/python3.12/site-packages:${PYTHONPATH} /usr/bin/python3 -W ignore:setup.py install is deprecated -W ignore:easy_install command is deprecated setup.py egg_info --egg-base ../../build/timed_led build --build-base /home/optimus/first_ros2_ws/build/timed_led/build install --record /home/optimus/first_ros2_ws/build/timed_led/install.log --single-version-externally-managed install_data
