[0.080s] Invoking command in '/home/optimus/first_ros2_ws/build/intro_interfaces': CMAKE_PREFIX_PATH=${CMAKE_PREFIX_PATH}:/home/optimus/first_ros2_ws/install/timed_led:/opt/ros/jazzy DEBUGINFOD_URLS=https://debuginfod.ubuntu.com /usr/bin/cmake --build /home/optimus/first_ros2_ws/build/intro_interfaces -- -j4 -l4
[0.381s] [  1%] Built target intro_interfaces__rosidl_generator_type_description
[0.476s] [  1%] Built target ament_cmake_python_copy_intro_interfaces
[0.533s] [  3%] Built target intro_interfaces__cpp
[0.562s] [ 25%] Built target intro_interfaces__rosidl_generator_c
[0.721s] [ 34%] Built target intro_interfaces__rosidl_typesupport_c
[0.821s] [ 43%] Built target intro_interfaces__rosidl_typesupport_introspection_c
[0.840s] [ 53%] Built target intro_interfaces__rosidl_typesupport_fastrtps_cpp
[1.008s] [ 62%] Built target intro_interfaces__rosidl_typesupport_cpp
[1.036s] [ 71%] Built target intro_interfaces__rosidl_typesupport_introspection_cpp
[1.055s] [ 81%] Built target intro_interfaces__rosidl_typesupport_fastrtps_c
[1.182s] [ 81%] Built target intro_interfaces
[1.328s] [ 82%] Built target intro_interfaces__py
[1.488s] [ 90%] Built target intro_interfaces__rosidl_generator_py
[1.689s] [ 93%] Built target intro_interfaces_s__rosidl_typesupport_c
[1.698s] [ 96%] Built target intro_interfaces_s__rosidl_typesupport_fastrtps_c
[1.730s] [100%] Built target intro_interfaces_s__rosidl_typesupport_introspection_c
[2.078s] running egg_info
[2.200s] writing intro_interfaces.egg-info/PKG-INFO
[2.202s] writing dependency_links to intro_interfaces.egg-info/dependency_links.txt
[2.203s] writing top-level names to intro_interfaces.egg-info/top_level.txt
[2.563s] reading manifest file 'intro_interfaces.egg-info/SOURCES.txt'
[2.566s] writing manifest file 'intro_interfaces.egg-info/SOURCES.txt'
[2.728s] [100%] Built target ament_cmake_python_build_intro_interfaces_egg
[2.792s] Invoked command in '/home/optimus/first_ros2_ws/build/intro_interfaces' returned '0': CMAKE_PREFIX_PATH=${CMAKE_PREFIX_PATH}:/home/optimus/first_ros2_ws/install/timed_led:/opt/ros/jazzy DEBUGINFOD_URLS=https://debuginfod.ubuntu.com /usr/bin/cmake --build /home/optimus/first_ros2_ws/build/intro_interfaces -- -j4 -l4
[2.845s] Invoking command in '/home/optimus/first_ros2_ws/build/intro_interfaces': CMAKE_PREFIX_PATH=${CMAKE_PREFIX_PATH}:/home/optimus/first_ros2_ws/install/timed_led:/opt/ros/jazzy DEBUGINFOD_URLS=https://debuginfod.ubuntu.com /usr/bin/cmake --install /home/optimus/first_ros2_ws/build/intro_interfaces
[2.888s] -- Install configuration: ""
[2.894s] -- Up-to-date: /home/optimus/first_ros2_ws/install/intro_interfaces/share/ament_index/resource_index/rosidl_interfaces/intro_interfaces
[2.894s] -- Up-to-date: /home/optimus/first_ros2_ws/install/intro_interfaces/share/intro_interfaces/msg/LEDState.json
[2.895s] -- Up-to-date: /home/optimus/first_ros2_ws/install/intro_interfaces/share/intro_interfaces/srv/LEDTracker.json
[2.895s] -- Up-to-date: /home/optimus/first_ros2_ws/install/intro_interfaces/share/intro_interfaces/srv/SlowLEDToggle.json
[2.896s] -- Up-to-date: /home/optimus/first_ros2_ws/install/intro_interfaces/share/intro_interfaces/action/ToggleLED.json
[2.897s] -- Up-to-date: /home/optimus/first_ros2_ws/install/intro_interfaces/include/intro_interfaces/intro_interfaces
[2.897s] -- Up-to-date: /home/optimus/first_ros2_ws/install/intro_interfaces/include/intro_interfaces/intro_interfaces/srv
[2.898s] -- Up-to-date: /home/optimus/first_ros2_ws/install/intro_interfaces/include/intro_interfaces/intro_interfaces/srv/led_tracker.h
[2.898s] -- Up-to-date: /home/optimus/first_ros2_ws/install/intro_interfaces/include/intro_interfaces/intro_interfaces/srv/detail
[2.899s] -- Up-to-date: /home/optimus/first_ros2_ws/install/intro_interfaces/include/intro_interfaces/intro_interfaces/srv/detail/slow_led_toggle__functions.c
[2.899s] -- Up-to-date: /home/optimus/first_ros2_ws/install/intro_interfaces/include/intro_interfaces/intro_interfaces/srv/detail/slow_led_toggle__description.c
[2.900s] -- Up-to-date: /home/optimus/first_ros2_ws/install/intro_interfaces/include/intro_interfaces/intro_interfaces/srv/detail/led_tracker__description.c
[2.901s] -- Up-to-date: /home/optimus/first_ros2_ws/install/intro_interfaces/include/intro_interfaces/intro_interfaces/srv/detail/led_tracker__functions.c
[2.901s] -- Up-to-date: /home/optimus/first_ros2_ws/install/intro_interfaces/include/intro_interfaces/intro_interfaces/srv/detail/slow_led_toggle__struct.h
[2.902s] -- Up-to-date: /home/optimus/first_ros2_ws/install/intro_interfaces/include/intro_interfaces/intro_interfaces/srv/detail/slow_led_toggle__type_support.h
[2.903s] -- Installing: /home/optimus/first_ros2_ws/install/intro_interfaces/include/intro_interfaces/intro_interfaces/srv/detail/slow_led_toggle__type_support.c
[2.904s] -- Up-to-date: /home/optimus/first_ros2_ws/install/intro_interfaces/include/intro_interfaces/intro_interfaces/srv/detail/led_tracker__struct.h
[2.905s] -- Up-to-date: /home/optimus/first_ros2_ws/install/intro_interfaces/include/intro_interfaces/intro_interfaces/srv/detail/led_tracker__type_support.h
[2.905s] -- Up-to-date: /home/optimus/first_ros2_ws/install/intro_interfaces/include/intro_interfaces/intro_interfaces/srv/detail/led_tracker__functions.h
[2.906s] -- Installing: /home/optimus/first_ros2_ws/install/intro_interfaces/include/intro_interfaces/intro_interfaces/srv/detail/led_tracker__type_support.c
[2.907s] -- Up-to-date: /home/optimus/first_ros2_ws/install/intro_interfaces/include/intro_interfaces/intro_interfaces/srv/detail/slow_led_toggle__functions.h
[2.908s] -- Up-to-date: /home/optimus/first_ros2_ws/install/intro_interfaces/include/intro_interfaces/intro_interfaces/srv/slow_led_toggle.h
[2.908s] -- Up-to-date: /home/optimus/first_ros2_ws/install/intro_interfaces/include/intro_interfaces/intro_interfaces/msg
[2.909s] -- Up-to-date: /home/optimus/first_ros2_ws/install/intro_interfaces/include/intro_interfaces/intro_interfaces/msg/led_state.h
[2.910s] -- Up-to-date: /home/optimus/first_ros2_ws/install/intro_interfaces/include/intro_interfaces/intro_interfaces/msg/rosidl_generator_c__visibility_control.h
[2.910s] -- Up-to-date: /home/optimus/first_ros2_ws/install/intro_interfaces/include/intro_interfaces/intro_interfaces/msg/detail
[2.912s] -- Installing: /home/optimus/first_ros2_ws/install/intro_interfaces/include/intro_interfaces/intro_interfaces/msg/detail/led_state__type_support.c
[2.912s] -- Up-to-date: /home/optimus/first_ros2_ws/install/intro_interfaces/include/intro_interfaces/intro_interfaces/msg/detail/led_state__description.c
[2.914s] -- Up-to-date: /home/optimus/first_ros2_ws/install/intro_interfaces/include/intro_interfaces/intro_interfaces/msg/detail/led_state__functions.c
[2.914s] -- Up-to-date: /home/optimus/first_ros2_ws/install/intro_interfaces/include/intro_interfaces/intro_interfaces/msg/detail/led_state__type_support.h
[2.915s] -- Up-to-date: /home/optimus/first_ros2_ws/install/intro_interfaces/include/intro_interfaces/intro_interfaces/msg/detail/led_state__struct.h
[2.916s] -- Up-to-date: /home/optimus/first_ros2_ws/install/intro_interfaces/include/intro_interfaces/intro_interfaces/msg/detail/led_state__functions.h
[2.916s] -- Up-to-date: /home/optimus/first_ros2_ws/install/intro_interfaces/include/intro_interfaces/intro_interfaces/action
[2.918s] -- Up-to-date: /home/optimus/first_ros2_ws/install/intro_interfaces/include/intro_interfaces/intro_interfaces/action/detail
[2.919s] -- Up-to-date: /home/optimus/first_ros2_ws/install/intro_interfaces/include/intro_interfaces/intro_interfaces/action/detail/toggle_led__type_support.h
[2.919s] -- Installing: /home/optimus/first_ros2_ws/install/intro_interfaces/include/intro_interfaces/intro_interfaces/action/detail/toggle_led__type_support.c
[2.920s] -- Up-to-date: /home/optimus/first_ros2_ws/install/intro_interfaces/include/intro_interfaces/intro_interfaces/action/detail/toggle_led__functions.c
[2.921s] -- Up-to-date: /home/optimus/first_ros2_ws/install/intro_interfaces/include/intro_interfaces/intro_interfaces/action/detail/toggle_led__struct.h
[2.921s] -- Up-to-date: /home/optimus/first_ros2_ws/install/intro_interfaces/include/intro_interfaces/intro_interfaces/action/detail/toggle_led__description.c
[2.922s] -- Up-to-date: /home/optimus/first_ros2_ws/install/intro_interfaces/include/intro_interfaces/intro_interfaces/action/detail/toggle_led__functions.h
[2.923s] -- Up-to-date: /home/optimus/first_ros2_ws/install/intro_interfaces/include/intro_interfaces/intro_interfaces/action/toggle_led.h
[2.924s] -- Up-to-date: /home/optimus/first_ros2_ws/install/intro_interfaces/share/intro_interfaces/environment/library_path.sh
[2.925s] -- Up-to-date: /home/optimus/first_ros2_ws/install/intro_interfaces/share/intro_interfaces/environment/library_path.dsv
[2.926s] -- Up-to-date: /home/optimus/first_ros2_ws/install/intro_interfaces/lib/libintro_interfaces__rosidl_generator_c.so
[2.926s] -- Up-to-date: /home/optimus/first_ros2_ws/install/intro_interfaces/include/intro_interfaces/intro_interfaces
[2.927s] -- Up-to-date: /home/optimus/first_ros2_ws/install/intro_interfaces/include/intro_interfaces/intro_interfaces/srv
[2.927s] -- Up-to-date: /home/optimus/first_ros2_ws/install/intro_interfaces/include/intro_interfaces/intro_interfaces/srv/detail
[2.928s] -- Up-to-date: /home/optimus/first_ros2_ws/install/intro_interfaces/include/intro_interfaces/intro_interfaces/srv/detail/slow_led_toggle__rosidl_typesupport_fastrtps_c.h
[2.928s] -- Up-to-date: /home/optimus/first_ros2_ws/install/intro_interfaces/include/intro_interfaces/intro_interfaces/srv/detail/led_tracker__rosidl_typesupport_fastrtps_c.h
[2.929s] -- Up-to-date: /home/optimus/first_ros2_ws/install/intro_interfaces/include/intro_interfaces/intro_interfaces/msg
[2.929s] -- Up-to-date: /home/optimus/first_ros2_ws/install/intro_interfaces/include/intro_interfaces/intro_interfaces/msg/detail
[2.931s] -- Up-to-date: /home/optimus/first_ros2_ws/install/intro_interfaces/include/intro_interfaces/intro_interfaces/msg/detail/led_state__rosidl_typesupport_fastrtps_c.h
[2.932s] -- Up-to-date: /home/optimus/first_ros2_ws/install/intro_interfaces/include/intro_interfaces/intro_interfaces/msg/rosidl_typesupport_fastrtps_c__visibility_control.h
[2.933s] -- Up-to-date: /home/optimus/first_ros2_ws/install/intro_interfaces/include/intro_interfaces/intro_interfaces/action
[2.934s] -- Up-to-date: /home/optimus/first_ros2_ws/install/intro_interfaces/include/intro_interfaces/intro_interfaces/action/detail
[2.935s] -- Up-to-date: /home/optimus/first_ros2_ws/install/intro_interfaces/include/intro_interfaces/intro_interfaces/action/detail/toggle_led__rosidl_typesupport_fastrtps_c.h
[2.935s] -- Up-to-date: /home/optimus/first_ros2_ws/install/intro_interfaces/lib/libintro_interfaces__rosidl_typesupport_fastrtps_c.so
[2.936s] -- Up-to-date: /home/optimus/first_ros2_ws/install/intro_interfaces/include/intro_interfaces/intro_interfaces
[2.937s] -- Up-to-date: /home/optimus/first_ros2_ws/install/intro_interfaces/include/intro_interfaces/intro_interfaces/srv
[2.937s] -- Up-to-date: /home/optimus/first_ros2_ws/install/intro_interfaces/include/intro_interfaces/intro_interfaces/srv/detail
[2.938s] -- Up-to-date: /home/optimus/first_ros2_ws/install/intro_interfaces/include/intro_interfaces/intro_interfaces/srv/detail/led_tracker__rosidl_typesupport_introspection_c.h
[2.938s] -- Installing: /home/optimus/first_ros2_ws/install/intro_interfaces/include/intro_interfaces/intro_interfaces/srv/detail/slow_led_toggle__type_support.c
[2.939s] -- Installing: /home/optimus/first_ros2_ws/install/intro_interfaces/include/intro_interfaces/intro_interfaces/srv/detail/led_tracker__type_support.c
[2.939s] -- Up-to-date: /home/optimus/first_ros2_ws/install/intro_interfaces/include/intro_interfaces/intro_interfaces/srv/detail/slow_led_toggle__rosidl_typesupport_introspection_c.h
[2.940s] -- Up-to-date: /home/optimus/first_ros2_ws/install/intro_interfaces/include/intro_interfaces/intro_interfaces/msg
[2.941s] -- Up-to-date: /home/optimus/first_ros2_ws/install/intro_interfaces/include/intro_interfaces/intro_interfaces/msg/detail
[2.941s] -- Installing: /home/optimus/first_ros2_ws/install/intro_interfaces/include/intro_interfaces/intro_interfaces/msg/detail/led_state__type_support.c
[2.942s] -- Up-to-date: /home/optimus/first_ros2_ws/install/intro_interfaces/include/intro_interfaces/intro_interfaces/msg/detail/led_state__rosidl_typesupport_introspection_c.h
[2.943s] -- Up-to-date: /home/optimus/first_ros2_ws/install/intro_interfaces/include/intro_interfaces/intro_interfaces/msg/rosidl_typesupport_introspection_c__visibility_control.h
[2.944s] -- Up-to-date: /home/optimus/first_ros2_ws/install/intro_interfaces/include/intro_interfaces/intro_interfaces/action
[2.944s] -- Up-to-date: /home/optimus/first_ros2_ws/install/intro_interfaces/include/intro_interfaces/intro_interfaces/action/detail
[2.945s] -- Up-to-date: /home/optimus/first_ros2_ws/install/intro_interfaces/include/intro_interfaces/intro_interfaces/action/detail/toggle_led__rosidl_typesupport_introspection_c.h
[2.947s] -- Installing: /home/optimus/first_ros2_ws/install/intro_interfaces/include/intro_interfaces/intro_interfaces/action/detail/toggle_led__type_support.c
[2.947s] -- Up-to-date: /home/optimus/first_ros2_ws/install/intro_interfaces/lib/libintro_interfaces__rosidl_typesupport_introspection_c.so
[2.948s] -- Up-to-date: /home/optimus/first_ros2_ws/install/intro_interfaces/lib/libintro_interfaces__rosidl_typesupport_c.so
[2.948s] -- Up-to-date: /home/optimus/first_ros2_ws/install/intro_interfaces/include/intro_interfaces/intro_interfaces
[2.950s] -- Up-to-date: /home/optimus/first_ros2_ws/install/intro_interfaces/include/intro_interfaces/intro_interfaces/srv
[2.951s] -- Up-to-date: /home/optimus/first_ros2_ws/install/intro_interfaces/include/intro_interfaces/intro_interfaces/srv/slow_led_toggle.hpp
[2.952s] -- Up-to-date: /home/optimus/first_ros2_ws/install/intro_interfaces/include/intro_interfaces/intro_interfaces/srv/detail
[2.953s] -- Up-to-date: /home/optimus/first_ros2_ws/install/intro_interfaces/include/intro_interfaces/intro_interfaces/srv/detail/slow_led_toggle__traits.hpp
[2.953s] -- Up-to-date: /home/optimus/first_ros2_ws/install/intro_interfaces/include/intro_interfaces/intro_interfaces/srv/detail/led_tracker__type_support.hpp
[2.954s] -- Up-to-date: /home/optimus/first_ros2_ws/install/intro_interfaces/include/intro_interfaces/intro_interfaces/srv/detail/led_tracker__struct.hpp
[2.954s] -- Up-to-date: /home/optimus/first_ros2_ws/install/intro_interfaces/include/intro_interfaces/intro_interfaces/srv/detail/led_tracker__builder.hpp
[2.955s] -- Up-to-date: /home/optimus/first_ros2_ws/install/intro_interfaces/include/intro_interfaces/intro_interfaces/srv/detail/slow_led_toggle__type_support.hpp
[2.956s] -- Up-to-date: /home/optimus/first_ros2_ws/install/intro_interfaces/include/intro_interfaces/intro_interfaces/srv/detail/led_tracker__traits.hpp
[2.957s] -- Up-to-date: /home/optimus/first_ros2_ws/install/intro_interfaces/include/intro_interfaces/intro_interfaces/srv/detail/slow_led_toggle__builder.hpp
[2.957s] -- Up-to-date: /home/optimus/first_ros2_ws/install/intro_interfaces/include/intro_interfaces/intro_interfaces/srv/detail/slow_led_toggle__struct.hpp
[2.959s] -- Up-to-date: /home/optimus/first_ros2_ws/install/intro_interfaces/include/intro_interfaces/intro_interfaces/srv/led_tracker.hpp
[2.960s] -- Up-to-date: /home/optimus/first_ros2_ws/install/intro_interfaces/include/intro_interfaces/intro_interfaces/msg
[2.960s] -- Up-to-date: /home/optimus/first_ros2_ws/install/intro_interfaces/include/intro_interfaces/intro_interfaces/msg/rosidl_generator_cpp__visibility_control.hpp
[2.961s] -- Up-to-date: /home/optimus/first_ros2_ws/install/intro_interfaces/include/intro_interfaces/intro_interfaces/msg/led_state.hpp
[2.962s] -- Up-to-date: /home/optimus/first_ros2_ws/install/intro_interfaces/include/intro_interfaces/intro_interfaces/msg/detail
[2.962s] -- Up-to-date: /home/optimus/first_ros2_ws/install/intro_interfaces/include/intro_interfaces/intro_interfaces/msg/detail/led_state__struct.hpp
[2.964s] -- Up-to-date: /home/optimus/first_ros2_ws/install/intro_interfaces/include/intro_interfaces/intro_interfaces/msg/detail/led_state__type_support.hpp
[2.964s] -- Up-to-date: /home/optimus/first_ros2_ws/install/intro_interfaces/include/intro_interfaces/intro_interfaces/msg/detail/led_state__builder.hpp
[2.968s] -- Up-to-date: /home/optimus/first_ros2_ws/install/intro_interfaces/include/intro_interfaces/intro_interfaces/msg/detail/led_state__traits.hpp
[2.969s] -- Up-to-date: /home/optimus/first_ros2_ws/install/intro_interfaces/include/intro_interfaces/intro_interfaces/action
[2.971s] -- Up-to-date: /home/optimus/first_ros2_ws/install/intro_interfaces/include/intro_interfaces/intro_interfaces/action/toggle_led.hpp
[2.974s] -- Up-to-date: /home/optimus/first_ros2_ws/install/intro_interfaces/include/intro_interfaces/intro_interfaces/action/detail
[2.979s] -- Up-to-date: /home/optimus/first_ros2_ws/install/intro_interfaces/include/intro_interfaces/intro_interfaces/action/detail/toggle_led__type_support.hpp
[2.979s] -- Up-to-date: /home/optimus/first_ros2_ws/install/intro_interfaces/include/intro_interfaces/intro_interfaces/action/detail/toggle_led__builder.hpp
[2.980s] -- Up-to-date: /home/optimus/first_ros2_ws/install/intro_interfaces/include/intro_interfaces/intro_interfaces/action/detail/toggle_led__struct.hpp
[2.980s] -- Up-to-date: /home/optimus/first_ros2_ws/install/intro_interfaces/include/intro_interfaces/intro_interfaces/action/detail/toggle_led__traits.hpp
[2.981s] -- Up-to-date: /home/optimus/first_ros2_ws/install/intro_interfaces/include/intro_interfaces/intro_interfaces
[2.981s] -- Up-to-date: /home/optimus/first_ros2_ws/install/intro_interfaces/include/intro_interfaces/intro_interfaces/srv
[2.982s] -- Up-to-date: /home/optimus/first_ros2_ws/install/intro_interfaces/include/intro_interfaces/intro_interfaces/srv/detail
[2.986s] -- Up-to-date: /home/optimus/first_ros2_ws/install/intro_interfaces/include/intro_interfaces/intro_interfaces/srv/detail/slow_led_toggle__rosidl_typesupport_fastrtps_cpp.hpp
[2.987s] -- Up-to-date: /home/optimus/first_ros2_ws/install/intro_interfaces/include/intro_interfaces/intro_interfaces/srv/detail/dds_fastrtps
[2.987s] -- Up-to-date: /home/optimus/first_ros2_ws/install/intro_interfaces/include/intro_interfaces/intro_interfaces/srv/detail/led_tracker__rosidl_typesupport_fastrtps_cpp.hpp
[2.988s] -- Up-to-date: /home/optimus/first_ros2_ws/install/intro_interfaces/include/intro_interfaces/intro_interfaces/msg
[2.993s] -- Up-to-date: /home/optimus/first_ros2_ws/install/intro_interfaces/include/intro_interfaces/intro_interfaces/msg/rosidl_typesupport_fastrtps_cpp__visibility_control.h
[2.994s] -- Up-to-date: /home/optimus/first_ros2_ws/install/intro_interfaces/include/intro_interfaces/intro_interfaces/msg/detail
[2.999s] -- Up-to-date: /home/optimus/first_ros2_ws/install/intro_interfaces/include/intro_interfaces/intro_interfaces/msg/detail/dds_fastrtps
[2.999s] -- Up-to-date: /home/optimus/first_ros2_ws/install/intro_interfaces/include/intro_interfaces/intro_interfaces/msg/detail/led_state__rosidl_typesupport_fastrtps_cpp.hpp
[3.000s] -- Up-to-date: /home/optimus/first_ros2_ws/install/intro_interfaces/include/intro_interfaces/intro_interfaces/action
[3.001s] -- Up-to-date: /home/optimus/first_ros2_ws/install/intro_interfaces/include/intro_interfaces/intro_interfaces/action/detail
[3.001s] -- Up-to-date: /home/optimus/first_ros2_ws/install/intro_interfaces/include/intro_interfaces/intro_interfaces/action/detail/toggle_led__rosidl_typesupport_fastrtps_cpp.hpp
[3.003s] -- Up-to-date: /home/optimus/first_ros2_ws/install/intro_interfaces/include/intro_interfaces/intro_interfaces/action/detail/dds_fastrtps
[3.004s] -- Up-to-date: /home/optimus/first_ros2_ws/install/intro_interfaces/lib/libintro_interfaces__rosidl_typesupport_fastrtps_cpp.so
[3.005s] -- Up-to-date: /home/optimus/first_ros2_ws/install/intro_interfaces/include/intro_interfaces/intro_interfaces
[3.005s] -- Up-to-date: /home/optimus/first_ros2_ws/install/intro_interfaces/include/intro_interfaces/intro_interfaces/srv
[3.010s] -- Up-to-date: /home/optimus/first_ros2_ws/install/intro_interfaces/include/intro_interfaces/intro_interfaces/srv/detail
[3.011s] -- Up-to-date: /home/optimus/first_ros2_ws/install/intro_interfaces/include/intro_interfaces/intro_interfaces/srv/detail/led_tracker__rosidl_typesupport_introspection_cpp.hpp
[3.011s] -- Up-to-date: /home/optimus/first_ros2_ws/install/intro_interfaces/include/intro_interfaces/intro_interfaces/srv/detail/led_tracker__type_support.cpp
[3.012s] -- Up-to-date: /home/optimus/first_ros2_ws/install/intro_interfaces/include/intro_interfaces/intro_interfaces/srv/detail/slow_led_toggle__type_support.cpp
[3.015s] -- Up-to-date: /home/optimus/first_ros2_ws/install/intro_interfaces/include/intro_interfaces/intro_interfaces/srv/detail/slow_led_toggle__rosidl_typesupport_introspection_cpp.hpp
[3.016s] -- Up-to-date: /home/optimus/first_ros2_ws/install/intro_interfaces/include/intro_interfaces/intro_interfaces/msg
[3.016s] -- Up-to-date: /home/optimus/first_ros2_ws/install/intro_interfaces/include/intro_interfaces/intro_interfaces/msg/detail
[3.018s] -- Up-to-date: /home/optimus/first_ros2_ws/install/intro_interfaces/include/intro_interfaces/intro_interfaces/msg/detail/led_state__rosidl_typesupport_introspection_cpp.hpp
[3.021s] -- Up-to-date: /home/optimus/first_ros2_ws/install/intro_interfaces/include/intro_interfaces/intro_interfaces/msg/detail/led_state__type_support.cpp
[3.022s] -- Up-to-date: /home/optimus/first_ros2_ws/install/intro_interfaces/include/intro_interfaces/intro_interfaces/action
[3.023s] -- Up-to-date: /home/optimus/first_ros2_ws/install/intro_interfaces/include/intro_interfaces/intro_interfaces/action/detail
[3.026s] -- Up-to-date: /home/optimus/first_ros2_ws/install/intro_interfaces/include/intro_interfaces/intro_interfaces/action/detail/toggle_led__rosidl_typesupport_introspection_cpp.hpp
[3.026s] -- Up-to-date: /home/optimus/first_ros2_ws/install/intro_interfaces/include/intro_interfaces/intro_interfaces/action/detail/toggle_led__type_support.cpp
[3.027s] -- Up-to-date: /home/optimus/first_ros2_ws/install/intro_interfaces/lib/libintro_interfaces__rosidl_typesupport_introspection_cpp.so
[3.028s] -- Up-to-date: /home/optimus/first_ros2_ws/install/intro_interfaces/lib/libintro_interfaces__rosidl_typesupport_cpp.so
[3.034s] -- Up-to-date: /home/optimus/first_ros2_ws/install/intro_interfaces/share/intro_interfaces/environment/pythonpath.sh
[3.035s] -- Up-to-date: /home/optimus/first_ros2_ws/install/intro_interfaces/share/intro_interfaces/environment/pythonpath.dsv
[3.039s] -- Up-to-date: /home/optimus/first_ros2_ws/install/intro_interfaces/lib/python3.12/site-packages/intro_interfaces-0.0.0-py3.12.egg-info
[3.039s] -- Installing: /home/optimus/first_ros2_ws/install/intro_interfaces/lib/python3.12/site-packages/intro_interfaces-0.0.0-py3.12.egg-info/PKG-INFO
[3.040s] -- Installing: /home/optimus/first_ros2_ws/install/intro_interfaces/lib/python3.12/site-packages/intro_interfaces-0.0.0-py3.12.egg-info/top_level.txt
[3.041s] -- Installing: /home/optimus/first_ros2_ws/install/intro_interfaces/lib/python3.12/site-packages/intro_interfaces-0.0.0-py3.12.egg-info/dependency_links.txt
[3.044s] -- Installing: /home/optimus/first_ros2_ws/install/intro_interfaces/lib/python3.12/site-packages/intro_interfaces-0.0.0-py3.12.egg-info/SOURCES.txt
[3.045s] -- Up-to-date: /home/optimus/first_ros2_ws/install/intro_interfaces/lib/python3.12/site-packages/intro_interfaces
[3.046s] -- Up-to-date: /home/optimus/first_ros2_ws/install/intro_interfaces/lib/python3.12/site-packages/intro_interfaces/srv
[3.049s] -- Up-to-date: /home/optimus/first_ros2_ws/install/intro_interfaces/lib/python3.12/site-packages/intro_interfaces/srv/_led_tracker_s.c
[3.050s] -- Up-to-date: /home/optimus/first_ros2_ws/install/intro_interfaces/lib/python3.12/site-packages/intro_interfaces/srv/_led_tracker.py
[3.051s] -- Up-to-date: /home/optimus/first_ros2_ws/install/intro_interfaces/lib/python3.12/site-packages/intro_interfaces/srv/_slow_led_toggle_s.c
[3.051s] -- Up-to-date: /home/optimus/first_ros2_ws/install/intro_interfaces/lib/python3.12/site-packages/intro_interfaces/srv/__init__.py
[3.052s] -- Up-to-date: /home/optimus/first_ros2_ws/install/intro_interfaces/lib/python3.12/site-packages/intro_interfaces/srv/_slow_led_toggle.py
[3.056s] -- Up-to-date: /home/optimus/first_ros2_ws/install/intro_interfaces/lib/python3.12/site-packages/intro_interfaces/msg
[3.057s] -- Up-to-date: /home/optimus/first_ros2_ws/install/intro_interfaces/lib/python3.12/site-packages/intro_interfaces/msg/__init__.py
[3.058s] -- Up-to-date: /home/optimus/first_ros2_ws/install/intro_interfaces/lib/python3.12/site-packages/intro_interfaces/msg/_led_state.py
[3.058s] -- Up-to-date: /home/optimus/first_ros2_ws/install/intro_interfaces/lib/python3.12/site-packages/intro_interfaces/msg/_led_state_s.c
[3.062s] -- Up-to-date: /home/optimus/first_ros2_ws/install/intro_interfaces/lib/python3.12/site-packages/intro_interfaces/intro_interfaces_s__rosidl_typesupport_fastrtps_c.so
[3.062s] -- Up-to-date: /home/optimus/first_ros2_ws/install/intro_interfaces/lib/python3.12/site-packages/intro_interfaces/intro_interfaces_s__rosidl_typesupport_introspection_c.so
[3.063s] -- Up-to-date: /home/optimus/first_ros2_ws/install/intro_interfaces/lib/python3.12/site-packages/intro_interfaces/action
[3.063s] -- Up-to-date: /home/optimus/first_ros2_ws/install/intro_interfaces/lib/python3.12/site-packages/intro_interfaces/action/__init__.py
[3.064s] -- Up-to-date: /home/optimus/first_ros2_ws/install/intro_interfaces/lib/python3.12/site-packages/intro_interfaces/action/_toggle_led_s.c
[3.067s] -- Up-to-date: /home/optimus/first_ros2_ws/install/intro_interfaces/lib/python3.12/site-packages/intro_interfaces/action/_toggle_led.py
[3.067s] -- Up-to-date: /home/optimus/first_ros2_ws/install/intro_interfaces/lib/python3.12/site-packages/intro_interfaces/__init__.py
[3.068s] -- Up-to-date: /home/optimus/first_ros2_ws/install/intro_interfaces/lib/python3.12/site-packages/intro_interfaces/intro_interfaces_s__rosidl_typesupport_c.so
[3.068s] -- Up-to-date: /home/optimus/first_ros2_ws/install/intro_interfaces/lib/python3.12/site-packages/intro_interfaces/_intro_interfaces_s.ep.rosidl_typesupport_c.c
[3.069s] -- Up-to-date: /home/optimus/first_ros2_ws/install/intro_interfaces/lib/python3.12/site-packages/intro_interfaces/_intro_interfaces_s.ep.rosidl_typesupport_fastrtps_c.c
[3.070s] -- Up-to-date: /home/optimus/first_ros2_ws/install/intro_interfaces/lib/python3.12/site-packages/intro_interfaces/_intro_interfaces_s.ep.rosidl_typesupport_introspection_c.c
[3.220s] Listing '/home/optimus/first_ros2_ws/install/intro_interfaces/lib/python3.12/site-packages/intro_interfaces'...
[3.224s] Listing '/home/optimus/first_ros2_ws/install/intro_interfaces/lib/python3.12/site-packages/intro_interfaces/action'...
[3.227s] Listing '/home/optimus/first_ros2_ws/install/intro_interfaces/lib/python3.12/site-packages/intro_interfaces/msg'...
[3.229s] Listing '/home/optimus/first_ros2_ws/install/intro_interfaces/lib/python3.12/site-packages/intro_interfaces/srv'...
[3.267s] -- Up-to-date: /home/optimus/first_ros2_ws/install/intro_interfaces/lib/python3.12/site-packages/intro_interfaces/intro_interfaces_s__rosidl_typesupport_fastrtps_c.so
[3.271s] -- Up-to-date: /home/optimus/first_ros2_ws/install/intro_interfaces/lib/python3.12/site-packages/intro_interfaces/intro_interfaces_s__rosidl_typesupport_introspection_c.so
[3.272s] -- Up-to-date: /home/optimus/first_ros2_ws/install/intro_interfaces/lib/python3.12/site-packages/intro_interfaces/intro_interfaces_s__rosidl_typesupport_c.so
[3.273s] -- Up-to-date: /home/optimus/first_ros2_ws/install/intro_interfaces/lib/libintro_interfaces__rosidl_generator_py.so
[3.280s] -- Up-to-date: /home/optimus/first_ros2_ws/install/intro_interfaces/share/intro_interfaces/msg/LEDState.idl
[3.283s] -- Up-to-date: /home/optimus/first_ros2_ws/install/intro_interfaces/share/intro_interfaces/srv/LEDTracker.idl
[3.284s] -- Up-to-date: /home/optimus/first_ros2_ws/install/intro_interfaces/share/intro_interfaces/srv/SlowLEDToggle.idl
[3.289s] -- Up-to-date: /home/optimus/first_ros2_ws/install/intro_interfaces/share/intro_interfaces/action/ToggleLED.idl
[3.303s] -- Up-to-date: /home/optimus/first_ros2_ws/install/intro_interfaces/share/intro_interfaces/msg/LEDState.msg
[3.304s] -- Up-to-date: /home/optimus/first_ros2_ws/install/intro_interfaces/share/intro_interfaces/srv/LEDTracker.srv
[3.305s] -- Up-to-date: /home/optimus/first_ros2_ws/install/intro_interfaces/share/intro_interfaces/srv/SlowLEDToggle.srv
[3.307s] -- Up-to-date: /home/optimus/first_ros2_ws/install/intro_interfaces/share/intro_interfaces/action/ToggleLED.action
[3.307s] -- Up-to-date: /home/optimus/first_ros2_ws/install/intro_interfaces/share/ament_index/resource_index/package_run_dependencies/intro_interfaces
[3.308s] -- Up-to-date: /home/optimus/first_ros2_ws/install/intro_interfaces/share/ament_index/resource_index/parent_prefix_path/intro_interfaces
[3.309s] -- Up-to-date: /home/optimus/first_ros2_ws/install/intro_interfaces/share/intro_interfaces/environment/ament_prefix_path.sh
[3.313s] -- Up-to-date: /home/optimus/first_ros2_ws/install/intro_interfaces/share/intro_interfaces/environment/ament_prefix_path.dsv
[3.315s] -- Up-to-date: /home/optimus/first_ros2_ws/install/intro_interfaces/share/intro_interfaces/environment/path.sh
[3.324s] -- Up-to-date: /home/optimus/first_ros2_ws/install/intro_interfaces/share/intro_interfaces/environment/path.dsv
[3.324s] -- Up-to-date: /home/optimus/first_ros2_ws/install/intro_interfaces/share/intro_interfaces/local_setup.bash
[3.333s] -- Up-to-date: /home/optimus/first_ros2_ws/install/intro_interfaces/share/intro_interfaces/local_setup.sh
[3.333s] -- Up-to-date: /home/optimus/first_ros2_ws/install/intro_interfaces/share/intro_interfaces/local_setup.zsh
[3.334s] -- Up-to-date: /home/optimus/first_ros2_ws/install/intro_interfaces/share/intro_interfaces/local_setup.dsv
[3.334s] -- Installing: /home/optimus/first_ros2_ws/install/intro_interfaces/share/intro_interfaces/package.dsv
[3.335s] -- Up-to-date: /home/optimus/first_ros2_ws/install/intro_interfaces/share/ament_index/resource_index/packages/intro_interfaces
[3.338s] -- Up-to-date: /home/optimus/first_ros2_ws/install/intro_interfaces/share/intro_interfaces/cmake/export_intro_interfaces__rosidl_generator_cExport.cmake
[3.345s] -- Up-to-date: /home/optimus/first_ros2_ws/install/intro_interfaces/share/intro_interfaces/cmake/export_intro_interfaces__rosidl_generator_cExport-noconfig.cmake
[3.353s] -- Up-to-date: /home/optimus/first_ros2_ws/install/intro_interfaces/share/intro_interfaces/cmake/export_intro_interfaces__rosidl_typesupport_fastrtps_cExport.cmake
[3.357s] -- Up-to-date: /home/optimus/first_ros2_ws/install/intro_interfaces/share/intro_interfaces/cmake/export_intro_interfaces__rosidl_typesupport_fastrtps_cExport-noconfig.cmake
[3.357s] -- Up-to-date: /home/optimus/first_ros2_ws/install/intro_interfaces/share/intro_interfaces/cmake/intro_interfaces__rosidl_typesupport_introspection_cExport.cmake
[3.358s] -- Up-to-date: /home/optimus/first_ros2_ws/install/intro_interfaces/share/intro_interfaces/cmake/intro_interfaces__rosidl_typesupport_introspection_cExport-noconfig.cmake
[3.366s] -- Up-to-date: /home/optimus/first_ros2_ws/install/intro_interfaces/share/intro_interfaces/cmake/intro_interfaces__rosidl_typesupport_cExport.cmake
[3.367s] -- Up-to-date: /home/optimus/first_ros2_ws/install/intro_interfaces/share/intro_interfaces/cmake/intro_interfaces__rosidl_typesupport_cExport-noconfig.cmake
[3.372s] -- Up-to-date: /home/optimus/first_ros2_ws/install/intro_interfaces/share/intro_interfaces/cmake/export_intro_interfaces__rosidl_generator_cppExport.cmake
[3.380s] -- Up-to-date: /home/optimus/first_ros2_ws/install/intro_interfaces/share/intro_interfaces/cmake/export_intro_interfaces__rosidl_typesupport_fastrtps_cppExport.cmake
[3.381s] -- Up-to-date: /home/optimus/first_ros2_ws/install/intro_interfaces/share/intro_interfaces/cmake/export_intro_interfaces__rosidl_typesupport_fastrtps_cppExport-noconfig.cmake
[3.387s] -- Up-to-date: /home/optimus/first_ros2_ws/install/intro_interfaces/share/intro_interfaces/cmake/intro_interfaces__rosidl_typesupport_introspection_cppExport.cmake
[3.392s] -- Up-to-date: /home/optimus/first_ros2_ws/install/intro_interfaces/share/intro_interfaces/cmake/intro_interfaces__rosidl_typesupport_introspection_cppExport-noconfig.cmake
[3.408s] -- Up-to-date: /home/optimus/first_ros2_ws/install/intro_interfaces/share/intro_interfaces/cmake/intro_interfaces__rosidl_typesupport_cppExport.cmake
[3.409s] -- Up-to-date: /home/optimus/first_ros2_ws/install/intro_interfaces/share/intro_interfaces/cmake/intro_interfaces__rosidl_typesupport_cppExport-noconfig.cmake
[3.410s] -- Up-to-date: /home/optimus/first_ros2_ws/install/intro_interfaces/share/intro_interfaces/cmake/export_intro_interfaces__rosidl_generator_pyExport.cmake
[3.411s] -- Up-to-date: /home/optimus/first_ros2_ws/install/intro_interfaces/share/intro_interfaces/cmake/export_intro_interfaces__rosidl_generator_pyExport-noconfig.cmake
[3.430s] -- Up-to-date: /home/optimus/first_ros2_ws/install/intro_interfaces/share/intro_interfaces/cmake/rosidl_cmake-extras.cmake
[3.430s] -- Up-to-date: /home/optimus/first_ros2_ws/install/intro_interfaces/share/intro_interfaces/cmake/ament_cmake_export_dependencies-extras.cmake
[3.435s] -- Up-to-date: /home/optimus/first_ros2_ws/install/intro_interfaces/share/intro_interfaces/cmake/ament_cmake_export_include_directories-extras.cmake
[3.436s] -- Up-to-date: /home/optimus/first_ros2_ws/install/intro_interfaces/share/intro_interfaces/cmake/ament_cmake_export_libraries-extras.cmake
[3.436s] -- Up-to-date: /home/optimus/first_ros2_ws/install/intro_interfaces/share/intro_interfaces/cmake/ament_cmake_export_targets-extras.cmake
[3.443s] -- Up-to-date: /home/optimus/first_ros2_ws/install/intro_interfaces/share/intro_interfaces/cmake/rosidl_cmake_export_typesupport_targets-extras.cmake
[3.448s] -- Up-to-date: /home/optimus/first_ros2_ws/install/intro_interfaces/share/intro_interfaces/cmake/rosidl_cmake_export_typesupport_libraries-extras.cmake
[3.449s] -- Up-to-date: /home/optimus/first_ros2_ws/install/intro_interfaces/share/intro_interfaces/cmake/intro_interfacesConfig.cmake
[3.459s] -- Up-to-date: /home/optimus/first_ros2_ws/install/intro_interfaces/share/intro_interfaces/cmake/intro_interfacesConfig-version.cmake
[3.460s] -- Up-to-date: /home/optimus/first_ros2_ws/install/intro_interfaces/share/intro_interfaces/package.xml
[3.461s] Invoked command in '/home/optimus/first_ros2_ws/build/intro_interfaces' returned '0': CMAKE_PREFIX_PATH=${CMAKE_PREFIX_PATH}:/home/optimus/first_ros2_ws/install/timed_led:/opt/ros/jazzy DEBUGINFOD_URLS=https://debuginfod.ubuntu.com /usr/bin/cmake --install /home/optimus/first_ros2_ws/build/intro_interfaces
