[3.728s] Invoking command in '/home/optimus/first_ros2_ws/src/timed_led': DEBUGINFOD_URLS=https://debuginfod.ubuntu.com PYTHONPATH=/home/optimus/first_ros2_ws/build/timed_led/prefix_override:/usr/lib/python3/dist-packages/colcon_core/task/python/colcon_distutils_commands:/home/optimus/first_ros2_ws/install/timed_led/lib/python3.12/site-packages:${PYTHONPATH} /usr/bin/python3 -W ignore:setup.py install is deprecated -W ignore:easy_install command is deprecated setup.py egg_info --egg-base ../../build/timed_led build --build-base /home/optimus/first_ros2_ws/build/timed_led/build install --record /home/optimus/first_ros2_ws/build/timed_led/install.log --single-version-externally-managed install_data
[4.956s] running egg_info
[5.045s] writing ../../build/timed_led/timed_led.egg-info/PKG-INFO
[5.046s] writing dependency_links to ../../build/timed_led/timed_led.egg-info/dependency_links.txt
[5.054s] writing entry points to ../../build/timed_led/timed_led.egg-info/entry_points.txt
[5.059s] writing requirements to ../../build/timed_led/timed_led.egg-info/requires.txt
[5.063s] writing top-level names to ../../build/timed_led/timed_led.egg-info/top_level.txt
[5.264s] reading manifest file '../../build/timed_led/timed_led.egg-info/SOURCES.txt'
[5.265s] adding license file 'LICENSE'
[5.268s] writing manifest file '../../build/timed_led/timed_led.egg-info/SOURCES.txt'
[5.268s] running build
[5.269s] running build_py
[5.270s] copying timed_led/service_led_tracker.py -> /home/optimus/first_ros2_ws/build/timed_led/build/lib/timed_led
[5.272s] running install
[5.296s] running install_lib
[5.385s] copying /home/optimus/first_ros2_ws/build/timed_led/build/lib/timed_led/service_led_tracker.py -> /home/optimus/first_ros2_ws/install/timed_led/lib/python3.12/site-packages/timed_led
[5.389s] byte-compiling /home/optimus/first_ros2_ws/install/timed_led/lib/python3.12/site-packages/timed_led/service_led_tracker.py to service_led_tracker.cpython-312.pyc
[5.391s] running install_data
[5.392s] running install_egg_info
[5.497s] removing '/home/optimus/first_ros2_ws/install/timed_led/lib/python3.12/site-packages/timed_led-0.0.0-py3.12.egg-info' (and everything under it)
[5.500s] Copying ../../build/timed_led/timed_led.egg-info to /home/optimus/first_ros2_ws/install/timed_led/lib/python3.12/site-packages/timed_led-0.0.0-py3.12.egg-info
[5.508s] running install_scripts
[6.200s] Installing client_led_tracker script to /home/optimus/first_ros2_ws/install/timed_led/lib/timed_led
[6.201s] Installing led_timer script to /home/optimus/first_ros2_ws/install/timed_led/lib/timed_led
[6.207s] Installing server_led_tracker script to /home/optimus/first_ros2_ws/install/timed_led/lib/timed_led
[6.216s] Installing timed_led script to /home/optimus/first_ros2_ws/install/timed_led/lib/timed_led
[6.224s] writing list of installed files to '/home/optimus/first_ros2_ws/build/timed_led/install.log'
[6.375s] Invoked command in '/home/optimus/first_ros2_ws/src/timed_led' returned '0': DEBUGINFOD_URLS=https://debuginfod.ubuntu.com PYTHONPATH=/home/optimus/first_ros2_ws/build/timed_led/prefix_override:/usr/lib/python3/dist-packages/colcon_core/task/python/colcon_distutils_commands:/home/optimus/first_ros2_ws/install/timed_led/lib/python3.12/site-packages:${PYTHONPATH} /usr/bin/python3 -W ignore:setup.py install is deprecated -W ignore:easy_install command is deprecated setup.py egg_info --egg-base ../../build/timed_led build --build-base /home/optimus/first_ros2_ws/build/timed_led/build install --record /home/optimus/first_ros2_ws/build/timed_led/install.log --single-version-externally-managed install_data
