[7.187s] Invoking command in '/home/optimus/first_ros2_ws/src/timed_led': DEBUGINFOD_URLS=https://debuginfod.ubuntu.com PYTHONPATH=/home/optimus/first_ros2_ws/build/timed_led/prefix_override:/usr/lib/python3/dist-packages/colcon_core/task/python/colcon_distutils_commands:/home/optimus/first_ros2_ws/install/timed_led/lib/python3.12/site-packages:${PYTHONPATH} /usr/bin/python3 -W ignore:setup.py install is deprecated -W ignore:easy_install command is deprecated setup.py egg_info --egg-base ../../build/timed_led build --build-base /home/optimus/first_ros2_ws/build/timed_led/build install --record /home/optimus/first_ros2_ws/build/timed_led/install.log --single-version-externally-managed install_data
[9.651s] running egg_info
[9.791s] writing ../../build/timed_led/timed_led.egg-info/PKG-INFO
[9.792s] writing dependency_links to ../../build/timed_led/timed_led.egg-info/dependency_links.txt
[9.793s] writing entry points to ../../build/timed_led/timed_led.egg-info/entry_points.txt
[9.794s] writing requirements to ../../build/timed_led/timed_led.egg-info/requires.txt
[9.795s] writing top-level names to ../../build/timed_led/timed_led.egg-info/top_level.txt
[9.994s] reading manifest file '../../build/timed_led/timed_led.egg-info/SOURCES.txt'
[9.996s] adding license file 'LICENSE'
[9.999s] writing manifest file '../../build/timed_led/timed_led.egg-info/SOURCES.txt'
[10.000s] running build
[10.000s] running build_py
[10.002s] copying timed_led/camera_node.py -> /home/optimus/first_ros2_ws/build/timed_led/build/lib/timed_led
[10.004s] running install
[10.029s] running install_lib
[10.130s] copying /home/optimus/first_ros2_ws/build/timed_led/build/lib/timed_led/camera_node.py -> /home/optimus/first_ros2_ws/install/timed_led/lib/python3.12/site-packages/timed_led
[10.134s] byte-compiling /home/optimus/first_ros2_ws/install/timed_led/lib/python3.12/site-packages/timed_led/camera_node.py to camera_node.cpython-312.pyc
[10.136s] running install_data
[10.137s] running install_egg_info
[10.247s] removing '/home/optimus/first_ros2_ws/install/timed_led/lib/python3.12/site-packages/timed_led-0.0.0-py3.12.egg-info' (and everything under it)
[10.249s] Copying ../../build/timed_led/timed_led.egg-info to /home/optimus/first_ros2_ws/install/timed_led/lib/python3.12/site-packages/timed_led-0.0.0-py3.12.egg-info
[10.259s] running install_scripts
[11.007s] Installing client_led_tracker script to /home/optimus/first_ros2_ws/install/timed_led/lib/timed_led
[11.008s] Installing led_action_client script to /home/optimus/first_ros2_ws/install/timed_led/lib/timed_led
[11.010s] Installing led_action_server script to /home/optimus/first_ros2_ws/install/timed_led/lib/timed_led
[11.011s] Installing led_timer script to /home/optimus/first_ros2_ws/install/timed_led/lib/timed_led
[11.012s] Installing ps4_controller script to /home/optimus/first_ros2_ws/install/timed_led/lib/timed_led
[11.014s] Installing server_led_tracker script to /home/optimus/first_ros2_ws/install/timed_led/lib/timed_led
[11.016s] Installing timed_led script to /home/optimus/first_ros2_ws/install/timed_led/lib/timed_led
[11.019s] writing list of installed files to '/home/optimus/first_ros2_ws/build/timed_led/install.log'
[11.168s] Invoked command in '/home/optimus/first_ros2_ws/src/timed_led' returned '0': DEBUGINFOD_URLS=https://debuginfod.ubuntu.com PYTHONPATH=/home/optimus/first_ros2_ws/build/timed_led/prefix_override:/usr/lib/python3/dist-packages/colcon_core/task/python/colcon_distutils_commands:/home/optimus/first_ros2_ws/install/timed_led/lib/python3.12/site-packages:${PYTHONPATH} /usr/bin/python3 -W ignore:setup.py install is deprecated -W ignore:easy_install command is deprecated setup.py egg_info --egg-base ../../build/timed_led build --build-base /home/optimus/first_ros2_ws/build/timed_led/build install --record /home/optimus/first_ros2_ws/build/timed_led/install.log --single-version-externally-managed install_data
