[4.939s] Invoking command in '/home/optimus/first_ros2_ws/src/timed_led': DEBUGINFOD_URLS=https://debuginfod.ubuntu.com PYTHONPATH=/home/optimus/first_ros2_ws/build/timed_led/prefix_override:/usr/lib/python3/dist-packages/colcon_core/task/python/colcon_distutils_commands:/home/optimus/first_ros2_ws/install/timed_led/lib/python3.12/site-packages:${PYTHONPATH} /usr/bin/python3 -W ignore:setup.py install is deprecated -W ignore:easy_install command is deprecated setup.py egg_info --egg-base ../../build/timed_led build --build-base /home/optimus/first_ros2_ws/build/timed_led/build install --record /home/optimus/first_ros2_ws/build/timed_led/install.log --single-version-externally-managed install_data
[6.195s] running egg_info
[6.289s] writing ../../build/timed_led/timed_led.egg-info/PKG-INFO
[6.290s] writing dependency_links to ../../build/timed_led/timed_led.egg-info/dependency_links.txt
[6.291s] writing entry points to ../../build/timed_led/timed_led.egg-info/entry_points.txt
[6.293s] writing requirements to ../../build/timed_led/timed_led.egg-info/requires.txt
[6.294s] writing top-level names to ../../build/timed_led/timed_led.egg-info/top_level.txt
[6.488s] reading manifest file '../../build/timed_led/timed_led.egg-info/SOURCES.txt'
[6.490s] adding license file 'LICENSE'
[6.492s] writing manifest file '../../build/timed_led/timed_led.egg-info/SOURCES.txt'
[6.493s] running build
[6.493s] running build_py
[6.495s] copying timed_led/ps4_controller.py -> /home/optimus/first_ros2_ws/build/timed_led/build/lib/timed_led
[6.497s] running install
[6.533s] running install_lib
[6.619s] copying /home/optimus/first_ros2_ws/build/timed_led/build/lib/timed_led/ps4_controller.py -> /home/optimus/first_ros2_ws/install/timed_led/lib/python3.12/site-packages/timed_led
[6.623s] byte-compiling /home/optimus/first_ros2_ws/install/timed_led/lib/python3.12/site-packages/timed_led/ps4_controller.py to ps4_controller.cpython-312.pyc
[6.627s] running install_data
[6.628s] running install_egg_info
[6.724s] removing '/home/optimus/first_ros2_ws/install/timed_led/lib/python3.12/site-packages/timed_led-0.0.0-py3.12.egg-info' (and everything under it)
[6.726s] Copying ../../build/timed_led/timed_led.egg-info to /home/optimus/first_ros2_ws/install/timed_led/lib/python3.12/site-packages/timed_led-0.0.0-py3.12.egg-info
[6.733s] running install_scripts
[7.403s] Installing client_led_tracker script to /home/optimus/first_ros2_ws/install/timed_led/lib/timed_led
[7.404s] Installing led_action_client script to /home/optimus/first_ros2_ws/install/timed_led/lib/timed_led
[7.405s] Installing led_action_server script to /home/optimus/first_ros2_ws/install/timed_led/lib/timed_led
[7.406s] Installing led_timer script to /home/optimus/first_ros2_ws/install/timed_led/lib/timed_led
[7.407s] Installing ps4_controller script to /home/optimus/first_ros2_ws/install/timed_led/lib/timed_led
[7.408s] Installing server_led_tracker script to /home/optimus/first_ros2_ws/install/timed_led/lib/timed_led
[7.409s] Installing timed_led script to /home/optimus/first_ros2_ws/install/timed_led/lib/timed_led
[7.412s] writing list of installed files to '/home/optimus/first_ros2_ws/build/timed_led/install.log'
[7.558s] Invoked command in '/home/optimus/first_ros2_ws/src/timed_led' returned '0': DEBUGINFOD_URLS=https://debuginfod.ubuntu.com PYTHONPATH=/home/optimus/first_ros2_ws/build/timed_led/prefix_override:/usr/lib/python3/dist-packages/colcon_core/task/python/colcon_distutils_commands:/home/optimus/first_ros2_ws/install/timed_led/lib/python3.12/site-packages:${PYTHONPATH} /usr/bin/python3 -W ignore:setup.py install is deprecated -W ignore:easy_install command is deprecated setup.py egg_info --egg-base ../../build/timed_led build --build-base /home/optimus/first_ros2_ws/build/timed_led/build install --record /home/optimus/first_ros2_ws/build/timed_led/install.log --single-version-externally-managed install_data
