running egg_info
creating ../../build/timed_led/timed_led.egg-info
writing ../../build/timed_led/timed_led.egg-info/PKG-INFO
writing dependency_links to ../../build/timed_led/timed_led.egg-info/dependency_links.txt
writing requirements to ../../build/timed_led/timed_led.egg-info/requires.txt
writing top-level names to ../../build/timed_led/timed_led.egg-info/top_level.txt
writing manifest file '../../build/timed_led/timed_led.egg-info/SOURCES.txt'
reading manifest file '../../build/timed_led/timed_led.egg-info/SOURCES.txt'
adding license file 'LICENSE'
writing manifest file '../../build/timed_led/timed_led.egg-info/SOURCES.txt'
running build
running build_py
creating /home/optimus/first_ros2_ws/build/timed_led/build
creating /home/optimus/first_ros2_ws/build/timed_led/build/lib
creating /home/optimus/first_ros2_ws/build/timed_led/build/lib/timed_led
copying timed_led/__init__.py -> /home/optimus/first_ros2_ws/build/timed_led/build/lib/timed_led
running install
running install_lib
creating /home/optimus/first_ros2_ws/install/timed_led/lib/python3.12/site-packages/timed_led
copying /home/optimus/first_ros2_ws/build/timed_led/build/lib/timed_led/__init__.py -> /home/optimus/first_ros2_ws/install/timed_led/lib/python3.12/site-packages/timed_led
byte-compiling /home/optimus/first_ros2_ws/install/timed_led/lib/python3.12/site-packages/timed_led/__init__.py to __init__.cpython-312.pyc
running install_data
creating /home/optimus/first_ros2_ws/install/timed_led/share/ament_index
creating /home/optimus/first_ros2_ws/install/timed_led/share/ament_index/resource_index
creating /home/optimus/first_ros2_ws/install/timed_led/share/ament_index/resource_index/packages
copying resource/timed_led -> /home/optimus/first_ros2_ws/install/timed_led/share/ament_index/resource_index/packages
copying package.xml -> /home/optimus/first_ros2_ws/install/timed_led/share/timed_led
running install_egg_info
Copying ../../build/timed_led/timed_led.egg-info to /home/optimus/first_ros2_ws/install/timed_led/lib/python3.12/site-packages/timed_led-0.0.0-py3.12.egg-info
running install_scripts
writing list of installed files to '/home/optimus/first_ros2_ws/build/timed_led/install.log'
