[0.078s] Invoking command in '/home/optimus/first_ros2_ws/build/intro_interfaces': CMAKE_PREFIX_PATH=${CMAKE_PREFIX_PATH}:/home/optimus/first_ros2_ws/install/timed_led:/opt/ros/jazzy DEBUGINFOD_URLS=https://debuginfod.ubuntu.com /usr/bin/cmake --build /home/optimus/first_ros2_ws/build/intro_interfaces -- -j4 -l4
[0.383s] [  1%] Built target intro_interfaces__rosidl_generator_type_description
[0.485s] [  1%] Built target ament_cmake_python_copy_intro_interfaces
[0.564s] [  3%] Built target intro_interfaces__cpp
[0.568s] [ 25%] Built target intro_interfaces__rosidl_generator_c
[0.750s] [ 34%] Built target intro_interfaces__rosidl_typesupport_c
[0.833s] [ 43%] Built target intro_interfaces__rosidl_typesupport_introspection_c
[0.875s] [ 53%] Built target intro_interfaces__rosidl_typesupport_fastrtps_cpp
[1.032s] [ 62%] Built target intro_interfaces__rosidl_typesupport_introspection_cpp
[1.036s] [ 71%] Built target intro_interfaces__rosidl_typesupport_cpp
[1.073s] [ 81%] Built target intro_interfaces__rosidl_typesupport_fastrtps_c
[1.202s] [ 81%] Built target intro_interfaces
[1.348s] [ 82%] Built target intro_interfaces__py
[1.539s] [ 90%] Built target intro_interfaces__rosidl_generator_py
[1.749s] [ 93%] Built target intro_interfaces_s__rosidl_typesupport_introspection_c
[1.793s] [ 96%] Built target intro_interfaces_s__rosidl_typesupport_c
[1.803s] [100%] Built target intro_interfaces_s__rosidl_typesupport_fastrtps_c
[2.350s] running egg_info
[2.461s] writing intro_interfaces.egg-info/PKG-INFO
[2.462s] writing dependency_links to intro_interfaces.egg-info/dependency_links.txt
[2.466s] writing top-level names to intro_interfaces.egg-info/top_level.txt
[2.784s] reading manifest file 'intro_interfaces.egg-info/SOURCES.txt'
[2.787s] writing manifest file 'intro_interfaces.egg-info/SOURCES.txt'
[2.946s] [100%] Built target ament_cmake_python_build_intro_interfaces_egg
[3.012s] Invoked command in '/home/optimus/first_ros2_ws/build/intro_interfaces' returned '0': CMAKE_PREFIX_PATH=${CMAKE_PREFIX_PATH}:/home/optimus/first_ros2_ws/install/timed_led:/opt/ros/jazzy DEBUGINFOD_URLS=https://debuginfod.ubuntu.com /usr/bin/cmake --build /home/optimus/first_ros2_ws/build/intro_interfaces -- -j4 -l4
[3.065s] Invoking command in '/home/optimus/first_ros2_ws/build/intro_interfaces': CMAKE_PREFIX_PATH=${CMAKE_PREFIX_PATH}:/home/optimus/first_ros2_ws/install/timed_led:/opt/ros/jazzy DEBUGINFOD_URLS=https://debuginfod.ubuntu.com /usr/bin/cmake --install /home/optimus/first_ros2_ws/build/intro_interfaces
[3.108s] -- Install configuration: ""
[3.109s] -- Up-to-date: /home/optimus/first_ros2_ws/install/intro_interfaces/share/ament_index/resource_index/rosidl_interfaces/intro_interfaces
[3.110s] -- Up-to-date: /home/optimus/first_ros2_ws/install/intro_interfaces/share/intro_interfaces/msg/LEDState.json
[3.111s] -- Up-to-date: /home/optimus/first_ros2_ws/install/intro_interfaces/share/intro_interfaces/srv/LEDTracker.json
[3.111s] -- Up-to-date: /home/optimus/first_ros2_ws/install/intro_interfaces/share/intro_interfaces/srv/SlowLEDToggle.json
[3.112s] -- Up-to-date: /home/optimus/first_ros2_ws/install/intro_interfaces/share/intro_interfaces/action/ToggleLED.json
[3.112s] -- Up-to-date: /home/optimus/first_ros2_ws/install/intro_interfaces/include/intro_interfaces/intro_interfaces
[3.113s] -- Up-to-date: /home/optimus/first_ros2_ws/install/intro_interfaces/include/intro_interfaces/intro_interfaces/srv
[3.113s] -- Up-to-date: /home/optimus/first_ros2_ws/install/intro_interfaces/include/intro_interfaces/intro_interfaces/srv/led_tracker.h
[3.114s] -- Up-to-date: /home/optimus/first_ros2_ws/install/intro_interfaces/include/intro_interfaces/intro_interfaces/srv/detail
[3.115s] -- Up-to-date: /home/optimus/first_ros2_ws/install/intro_interfaces/include/intro_interfaces/intro_interfaces/srv/detail/slow_led_toggle__functions.c
[3.115s] -- Up-to-date: /home/optimus/first_ros2_ws/install/intro_interfaces/include/intro_interfaces/intro_interfaces/srv/detail/slow_led_toggle__description.c
[3.116s] -- Up-to-date: /home/optimus/first_ros2_ws/install/intro_interfaces/include/intro_interfaces/intro_interfaces/srv/detail/led_tracker__description.c
[3.116s] -- Up-to-date: /home/optimus/first_ros2_ws/install/intro_interfaces/include/intro_interfaces/intro_interfaces/srv/detail/led_tracker__functions.c
[3.117s] -- Up-to-date: /home/optimus/first_ros2_ws/install/intro_interfaces/include/intro_interfaces/intro_interfaces/srv/detail/slow_led_toggle__struct.h
[3.118s] -- Up-to-date: /home/optimus/first_ros2_ws/install/intro_interfaces/include/intro_interfaces/intro_interfaces/srv/detail/slow_led_toggle__type_support.h
[3.118s] -- Installing: /home/optimus/first_ros2_ws/install/intro_interfaces/include/intro_interfaces/intro_interfaces/srv/detail/slow_led_toggle__type_support.c
[3.123s] -- Up-to-date: /home/optimus/first_ros2_ws/install/intro_interfaces/include/intro_interfaces/intro_interfaces/srv/detail/led_tracker__struct.h
[3.123s] -- Up-to-date: /home/optimus/first_ros2_ws/install/intro_interfaces/include/intro_interfaces/intro_interfaces/srv/detail/led_tracker__type_support.h
[3.124s] -- Up-to-date: /home/optimus/first_ros2_ws/install/intro_interfaces/include/intro_interfaces/intro_interfaces/srv/detail/led_tracker__functions.h
[3.124s] -- Installing: /home/optimus/first_ros2_ws/install/intro_interfaces/include/intro_interfaces/intro_interfaces/srv/detail/led_tracker__type_support.c
[3.125s] -- Up-to-date: /home/optimus/first_ros2_ws/install/intro_interfaces/include/intro_interfaces/intro_interfaces/srv/detail/slow_led_toggle__functions.h
[3.125s] -- Up-to-date: /home/optimus/first_ros2_ws/install/intro_interfaces/include/intro_interfaces/intro_interfaces/srv/slow_led_toggle.h
[3.126s] -- Up-to-date: /home/optimus/first_ros2_ws/install/intro_interfaces/include/intro_interfaces/intro_interfaces/msg
[3.126s] -- Up-to-date: /home/optimus/first_ros2_ws/install/intro_interfaces/include/intro_interfaces/intro_interfaces/msg/led_state.h
[3.127s] -- Up-to-date: /home/optimus/first_ros2_ws/install/intro_interfaces/include/intro_interfaces/intro_interfaces/msg/rosidl_generator_c__visibility_control.h
[3.127s] -- Up-to-date: /home/optimus/first_ros2_ws/install/intro_interfaces/include/intro_interfaces/intro_interfaces/msg/detail
[3.128s] -- Installing: /home/optimus/first_ros2_ws/install/intro_interfaces/include/intro_interfaces/intro_interfaces/msg/detail/led_state__type_support.c
[3.129s] -- Up-to-date: /home/optimus/first_ros2_ws/install/intro_interfaces/include/intro_interfaces/intro_interfaces/msg/detail/led_state__description.c
[3.129s] -- Up-to-date: /home/optimus/first_ros2_ws/install/intro_interfaces/include/intro_interfaces/intro_interfaces/msg/detail/led_state__functions.c
[3.130s] -- Up-to-date: /home/optimus/first_ros2_ws/install/intro_interfaces/include/intro_interfaces/intro_interfaces/msg/detail/led_state__type_support.h
[3.131s] -- Up-to-date: /home/optimus/first_ros2_ws/install/intro_interfaces/include/intro_interfaces/intro_interfaces/msg/detail/led_state__struct.h
[3.132s] -- Up-to-date: /home/optimus/first_ros2_ws/install/intro_interfaces/include/intro_interfaces/intro_interfaces/msg/detail/led_state__functions.h
[3.133s] -- Up-to-date: /home/optimus/first_ros2_ws/install/intro_interfaces/include/intro_interfaces/intro_interfaces/action
[3.133s] -- Up-to-date: /home/optimus/first_ros2_ws/install/intro_interfaces/include/intro_interfaces/intro_interfaces/action/detail
[3.134s] -- Up-to-date: /home/optimus/first_ros2_ws/install/intro_interfaces/include/intro_interfaces/intro_interfaces/action/detail/toggle_led__type_support.h
[3.135s] -- Installing: /home/optimus/first_ros2_ws/install/intro_interfaces/include/intro_interfaces/intro_interfaces/action/detail/toggle_led__type_support.c
[3.136s] -- Up-to-date: /home/optimus/first_ros2_ws/install/intro_interfaces/include/intro_interfaces/intro_interfaces/action/detail/toggle_led__functions.c
[3.136s] -- Up-to-date: /home/optimus/first_ros2_ws/install/intro_interfaces/include/intro_interfaces/intro_interfaces/action/detail/toggle_led__struct.h
[3.137s] -- Up-to-date: /home/optimus/first_ros2_ws/install/intro_interfaces/include/intro_interfaces/intro_interfaces/action/detail/toggle_led__description.c
[3.137s] -- Up-to-date: /home/optimus/first_ros2_ws/install/intro_interfaces/include/intro_interfaces/intro_interfaces/action/detail/toggle_led__functions.h
[3.139s] -- Up-to-date: /home/optimus/first_ros2_ws/install/intro_interfaces/include/intro_interfaces/intro_interfaces/action/toggle_led.h
[3.140s] -- Up-to-date: /home/optimus/first_ros2_ws/install/intro_interfaces/share/intro_interfaces/environment/library_path.sh
[3.141s] -- Up-to-date: /home/optimus/first_ros2_ws/install/intro_interfaces/share/intro_interfaces/environment/library_path.dsv
[3.142s] -- Up-to-date: /home/optimus/first_ros2_ws/install/intro_interfaces/lib/libintro_interfaces__rosidl_generator_c.so
[3.143s] -- Up-to-date: /home/optimus/first_ros2_ws/install/intro_interfaces/include/intro_interfaces/intro_interfaces
[3.144s] -- Up-to-date: /home/optimus/first_ros2_ws/install/intro_interfaces/include/intro_interfaces/intro_interfaces/srv
[3.145s] -- Up-to-date: /home/optimus/first_ros2_ws/install/intro_interfaces/include/intro_interfaces/intro_interfaces/srv/detail
[3.147s] -- Up-to-date: /home/optimus/first_ros2_ws/install/intro_interfaces/include/intro_interfaces/intro_interfaces/srv/detail/slow_led_toggle__rosidl_typesupport_fastrtps_c.h
[3.148s] -- Up-to-date: /home/optimus/first_ros2_ws/install/intro_interfaces/include/intro_interfaces/intro_interfaces/srv/detail/led_tracker__rosidl_typesupport_fastrtps_c.h
[3.150s] -- Up-to-date: /home/optimus/first_ros2_ws/install/intro_interfaces/include/intro_interfaces/intro_interfaces/msg
[3.151s] -- Up-to-date: /home/optimus/first_ros2_ws/install/intro_interfaces/include/intro_interfaces/intro_interfaces/msg/detail
[3.152s] -- Up-to-date: /home/optimus/first_ros2_ws/install/intro_interfaces/include/intro_interfaces/intro_interfaces/msg/detail/led_state__rosidl_typesupport_fastrtps_c.h
[3.152s] -- Up-to-date: /home/optimus/first_ros2_ws/install/intro_interfaces/include/intro_interfaces/intro_interfaces/msg/rosidl_typesupport_fastrtps_c__visibility_control.h
[3.153s] -- Up-to-date: /home/optimus/first_ros2_ws/install/intro_interfaces/include/intro_interfaces/intro_interfaces/action
[3.154s] -- Up-to-date: /home/optimus/first_ros2_ws/install/intro_interfaces/include/intro_interfaces/intro_interfaces/action/detail
[3.155s] -- Up-to-date: /home/optimus/first_ros2_ws/install/intro_interfaces/include/intro_interfaces/intro_interfaces/action/detail/toggle_led__rosidl_typesupport_fastrtps_c.h
[3.156s] -- Up-to-date: /home/optimus/first_ros2_ws/install/intro_interfaces/lib/libintro_interfaces__rosidl_typesupport_fastrtps_c.so
[3.156s] -- Up-to-date: /home/optimus/first_ros2_ws/install/intro_interfaces/include/intro_interfaces/intro_interfaces
[3.157s] -- Up-to-date: /home/optimus/first_ros2_ws/install/intro_interfaces/include/intro_interfaces/intro_interfaces/srv
[3.158s] -- Up-to-date: /home/optimus/first_ros2_ws/install/intro_interfaces/include/intro_interfaces/intro_interfaces/srv/detail
[3.158s] -- Up-to-date: /home/optimus/first_ros2_ws/install/intro_interfaces/include/intro_interfaces/intro_interfaces/srv/detail/led_tracker__rosidl_typesupport_introspection_c.h
[3.160s] -- Installing: /home/optimus/first_ros2_ws/install/intro_interfaces/include/intro_interfaces/intro_interfaces/srv/detail/slow_led_toggle__type_support.c
[3.161s] -- Installing: /home/optimus/first_ros2_ws/install/intro_interfaces/include/intro_interfaces/intro_interfaces/srv/detail/led_tracker__type_support.c
[3.161s] -- Up-to-date: /home/optimus/first_ros2_ws/install/intro_interfaces/include/intro_interfaces/intro_interfaces/srv/detail/slow_led_toggle__rosidl_typesupport_introspection_c.h
[3.164s] -- Up-to-date: /home/optimus/first_ros2_ws/install/intro_interfaces/include/intro_interfaces/intro_interfaces/msg
[3.165s] -- Up-to-date: /home/optimus/first_ros2_ws/install/intro_interfaces/include/intro_interfaces/intro_interfaces/msg/detail
[3.167s] -- Installing: /home/optimus/first_ros2_ws/install/intro_interfaces/include/intro_interfaces/intro_interfaces/msg/detail/led_state__type_support.c
[3.168s] -- Up-to-date: /home/optimus/first_ros2_ws/install/intro_interfaces/include/intro_interfaces/intro_interfaces/msg/detail/led_state__rosidl_typesupport_introspection_c.h
[3.169s] -- Up-to-date: /home/optimus/first_ros2_ws/install/intro_interfaces/include/intro_interfaces/intro_interfaces/msg/rosidl_typesupport_introspection_c__visibility_control.h
[3.170s] -- Up-to-date: /home/optimus/first_ros2_ws/install/intro_interfaces/include/intro_interfaces/intro_interfaces/action
[3.171s] -- Up-to-date: /home/optimus/first_ros2_ws/install/intro_interfaces/include/intro_interfaces/intro_interfaces/action/detail
[3.172s] -- Up-to-date: /home/optimus/first_ros2_ws/install/intro_interfaces/include/intro_interfaces/intro_interfaces/action/detail/toggle_led__rosidl_typesupport_introspection_c.h
[3.173s] -- Installing: /home/optimus/first_ros2_ws/install/intro_interfaces/include/intro_interfaces/intro_interfaces/action/detail/toggle_led__type_support.c
[3.173s] -- Up-to-date: /home/optimus/first_ros2_ws/install/intro_interfaces/lib/libintro_interfaces__rosidl_typesupport_introspection_c.so
[3.173s] -- Up-to-date: /home/optimus/first_ros2_ws/install/intro_interfaces/lib/libintro_interfaces__rosidl_typesupport_c.so
[3.174s] -- Up-to-date: /home/optimus/first_ros2_ws/install/intro_interfaces/include/intro_interfaces/intro_interfaces
[3.174s] -- Up-to-date: /home/optimus/first_ros2_ws/install/intro_interfaces/include/intro_interfaces/intro_interfaces/srv
[3.175s] -- Up-to-date: /home/optimus/first_ros2_ws/install/intro_interfaces/include/intro_interfaces/intro_interfaces/srv/slow_led_toggle.hpp
[3.175s] -- Up-to-date: /home/optimus/first_ros2_ws/install/intro_interfaces/include/intro_interfaces/intro_interfaces/srv/detail
[3.177s] -- Up-to-date: /home/optimus/first_ros2_ws/install/intro_interfaces/include/intro_interfaces/intro_interfaces/srv/detail/slow_led_toggle__traits.hpp
[3.177s] -- Up-to-date: /home/optimus/first_ros2_ws/install/intro_interfaces/include/intro_interfaces/intro_interfaces/srv/detail/led_tracker__type_support.hpp
[3.178s] -- Up-to-date: /home/optimus/first_ros2_ws/install/intro_interfaces/include/intro_interfaces/intro_interfaces/srv/detail/led_tracker__struct.hpp
[3.179s] -- Up-to-date: /home/optimus/first_ros2_ws/install/intro_interfaces/include/intro_interfaces/intro_interfaces/srv/detail/led_tracker__builder.hpp
[3.179s] -- Up-to-date: /home/optimus/first_ros2_ws/install/intro_interfaces/include/intro_interfaces/intro_interfaces/srv/detail/slow_led_toggle__type_support.hpp
[3.180s] -- Up-to-date: /home/optimus/first_ros2_ws/install/intro_interfaces/include/intro_interfaces/intro_interfaces/srv/detail/led_tracker__traits.hpp
[3.181s] -- Up-to-date: /home/optimus/first_ros2_ws/install/intro_interfaces/include/intro_interfaces/intro_interfaces/srv/detail/slow_led_toggle__builder.hpp
[3.182s] -- Up-to-date: /home/optimus/first_ros2_ws/install/intro_interfaces/include/intro_interfaces/intro_interfaces/srv/detail/slow_led_toggle__struct.hpp
[3.183s] -- Up-to-date: /home/optimus/first_ros2_ws/install/intro_interfaces/include/intro_interfaces/intro_interfaces/srv/led_tracker.hpp
[3.183s] -- Up-to-date: /home/optimus/first_ros2_ws/install/intro_interfaces/include/intro_interfaces/intro_interfaces/msg
[3.185s] -- Up-to-date: /home/optimus/first_ros2_ws/install/intro_interfaces/include/intro_interfaces/intro_interfaces/msg/rosidl_generator_cpp__visibility_control.hpp
[3.185s] -- Up-to-date: /home/optimus/first_ros2_ws/install/intro_interfaces/include/intro_interfaces/intro_interfaces/msg/led_state.hpp
[3.186s] -- Up-to-date: /home/optimus/first_ros2_ws/install/intro_interfaces/include/intro_interfaces/intro_interfaces/msg/detail
[3.186s] -- Up-to-date: /home/optimus/first_ros2_ws/install/intro_interfaces/include/intro_interfaces/intro_interfaces/msg/detail/led_state__struct.hpp
[3.187s] -- Up-to-date: /home/optimus/first_ros2_ws/install/intro_interfaces/include/intro_interfaces/intro_interfaces/msg/detail/led_state__type_support.hpp
[3.188s] -- Up-to-date: /home/optimus/first_ros2_ws/install/intro_interfaces/include/intro_interfaces/intro_interfaces/msg/detail/led_state__builder.hpp
[3.188s] -- Up-to-date: /home/optimus/first_ros2_ws/install/intro_interfaces/include/intro_interfaces/intro_interfaces/msg/detail/led_state__traits.hpp
[3.189s] -- Up-to-date: /home/optimus/first_ros2_ws/install/intro_interfaces/include/intro_interfaces/intro_interfaces/action
[3.189s] -- Up-to-date: /home/optimus/first_ros2_ws/install/intro_interfaces/include/intro_interfaces/intro_interfaces/action/toggle_led.hpp
[3.190s] -- Up-to-date: /home/optimus/first_ros2_ws/install/intro_interfaces/include/intro_interfaces/intro_interfaces/action/detail
[3.190s] -- Up-to-date: /home/optimus/first_ros2_ws/install/intro_interfaces/include/intro_interfaces/intro_interfaces/action/detail/toggle_led__type_support.hpp
[3.191s] -- Up-to-date: /home/optimus/first_ros2_ws/install/intro_interfaces/include/intro_interfaces/intro_interfaces/action/detail/toggle_led__builder.hpp
[3.191s] -- Up-to-date: /home/optimus/first_ros2_ws/install/intro_interfaces/include/intro_interfaces/intro_interfaces/action/detail/toggle_led__struct.hpp
[3.192s] -- Up-to-date: /home/optimus/first_ros2_ws/install/intro_interfaces/include/intro_interfaces/intro_interfaces/action/detail/toggle_led__traits.hpp
[3.193s] -- Up-to-date: /home/optimus/first_ros2_ws/install/intro_interfaces/include/intro_interfaces/intro_interfaces
[3.193s] -- Up-to-date: /home/optimus/first_ros2_ws/install/intro_interfaces/include/intro_interfaces/intro_interfaces/srv
[3.195s] -- Up-to-date: /home/optimus/first_ros2_ws/install/intro_interfaces/include/intro_interfaces/intro_interfaces/srv/detail
[3.196s] -- Up-to-date: /home/optimus/first_ros2_ws/install/intro_interfaces/include/intro_interfaces/intro_interfaces/srv/detail/slow_led_toggle__rosidl_typesupport_fastrtps_cpp.hpp
[3.197s] -- Up-to-date: /home/optimus/first_ros2_ws/install/intro_interfaces/include/intro_interfaces/intro_interfaces/srv/detail/dds_fastrtps
[3.199s] -- Up-to-date: /home/optimus/first_ros2_ws/install/intro_interfaces/include/intro_interfaces/intro_interfaces/srv/detail/led_tracker__rosidl_typesupport_fastrtps_cpp.hpp
[3.201s] -- Up-to-date: /home/optimus/first_ros2_ws/install/intro_interfaces/include/intro_interfaces/intro_interfaces/msg
[3.201s] -- Up-to-date: /home/optimus/first_ros2_ws/install/intro_interfaces/include/intro_interfaces/intro_interfaces/msg/rosidl_typesupport_fastrtps_cpp__visibility_control.h
[3.203s] -- Up-to-date: /home/optimus/first_ros2_ws/install/intro_interfaces/include/intro_interfaces/intro_interfaces/msg/detail
[3.204s] -- Up-to-date: /home/optimus/first_ros2_ws/install/intro_interfaces/include/intro_interfaces/intro_interfaces/msg/detail/dds_fastrtps
[3.205s] -- Up-to-date: /home/optimus/first_ros2_ws/install/intro_interfaces/include/intro_interfaces/intro_interfaces/msg/detail/led_state__rosidl_typesupport_fastrtps_cpp.hpp
[3.206s] -- Up-to-date: /home/optimus/first_ros2_ws/install/intro_interfaces/include/intro_interfaces/intro_interfaces/action
[3.206s] -- Up-to-date: /home/optimus/first_ros2_ws/install/intro_interfaces/include/intro_interfaces/intro_interfaces/action/detail
[3.207s] -- Up-to-date: /home/optimus/first_ros2_ws/install/intro_interfaces/include/intro_interfaces/intro_interfaces/action/detail/toggle_led__rosidl_typesupport_fastrtps_cpp.hpp
[3.207s] -- Up-to-date: /home/optimus/first_ros2_ws/install/intro_interfaces/include/intro_interfaces/intro_interfaces/action/detail/dds_fastrtps
[3.208s] -- Up-to-date: /home/optimus/first_ros2_ws/install/intro_interfaces/lib/libintro_interfaces__rosidl_typesupport_fastrtps_cpp.so
[3.208s] -- Up-to-date: /home/optimus/first_ros2_ws/install/intro_interfaces/include/intro_interfaces/intro_interfaces
[3.208s] -- Up-to-date: /home/optimus/first_ros2_ws/install/intro_interfaces/include/intro_interfaces/intro_interfaces/srv
[3.209s] -- Up-to-date: /home/optimus/first_ros2_ws/install/intro_interfaces/include/intro_interfaces/intro_interfaces/srv/detail
[3.209s] -- Up-to-date: /home/optimus/first_ros2_ws/install/intro_interfaces/include/intro_interfaces/intro_interfaces/srv/detail/led_tracker__rosidl_typesupport_introspection_cpp.hpp
[3.210s] -- Up-to-date: /home/optimus/first_ros2_ws/install/intro_interfaces/include/intro_interfaces/intro_interfaces/srv/detail/led_tracker__type_support.cpp
[3.211s] -- Up-to-date: /home/optimus/first_ros2_ws/install/intro_interfaces/include/intro_interfaces/intro_interfaces/srv/detail/slow_led_toggle__type_support.cpp
[3.211s] -- Up-to-date: /home/optimus/first_ros2_ws/install/intro_interfaces/include/intro_interfaces/intro_interfaces/srv/detail/slow_led_toggle__rosidl_typesupport_introspection_cpp.hpp
[3.212s] -- Up-to-date: /home/optimus/first_ros2_ws/install/intro_interfaces/include/intro_interfaces/intro_interfaces/msg
[3.212s] -- Up-to-date: /home/optimus/first_ros2_ws/install/intro_interfaces/include/intro_interfaces/intro_interfaces/msg/detail
[3.213s] -- Up-to-date: /home/optimus/first_ros2_ws/install/intro_interfaces/include/intro_interfaces/intro_interfaces/msg/detail/led_state__rosidl_typesupport_introspection_cpp.hpp
[3.216s] -- Up-to-date: /home/optimus/first_ros2_ws/install/intro_interfaces/include/intro_interfaces/intro_interfaces/msg/detail/led_state__type_support.cpp
[3.217s] -- Up-to-date: /home/optimus/first_ros2_ws/install/intro_interfaces/include/intro_interfaces/intro_interfaces/action
[3.218s] -- Up-to-date: /home/optimus/first_ros2_ws/install/intro_interfaces/include/intro_interfaces/intro_interfaces/action/detail
[3.218s] -- Up-to-date: /home/optimus/first_ros2_ws/install/intro_interfaces/include/intro_interfaces/intro_interfaces/action/detail/toggle_led__rosidl_typesupport_introspection_cpp.hpp
[3.219s] -- Up-to-date: /home/optimus/first_ros2_ws/install/intro_interfaces/include/intro_interfaces/intro_interfaces/action/detail/toggle_led__type_support.cpp
[3.222s] -- Up-to-date: /home/optimus/first_ros2_ws/install/intro_interfaces/lib/libintro_interfaces__rosidl_typesupport_introspection_cpp.so
[3.223s] -- Up-to-date: /home/optimus/first_ros2_ws/install/intro_interfaces/lib/libintro_interfaces__rosidl_typesupport_cpp.so
[3.224s] -- Up-to-date: /home/optimus/first_ros2_ws/install/intro_interfaces/share/intro_interfaces/environment/pythonpath.sh
[3.224s] -- Up-to-date: /home/optimus/first_ros2_ws/install/intro_interfaces/share/intro_interfaces/environment/pythonpath.dsv
[3.225s] -- Up-to-date: /home/optimus/first_ros2_ws/install/intro_interfaces/lib/python3.12/site-packages/intro_interfaces-0.0.0-py3.12.egg-info
[3.229s] -- Installing: /home/optimus/first_ros2_ws/install/intro_interfaces/lib/python3.12/site-packages/intro_interfaces-0.0.0-py3.12.egg-info/PKG-INFO
[3.229s] -- Installing: /home/optimus/first_ros2_ws/install/intro_interfaces/lib/python3.12/site-packages/intro_interfaces-0.0.0-py3.12.egg-info/top_level.txt
[3.230s] -- Installing: /home/optimus/first_ros2_ws/install/intro_interfaces/lib/python3.12/site-packages/intro_interfaces-0.0.0-py3.12.egg-info/dependency_links.txt
[3.230s] -- Installing: /home/optimus/first_ros2_ws/install/intro_interfaces/lib/python3.12/site-packages/intro_interfaces-0.0.0-py3.12.egg-info/SOURCES.txt
[3.231s] -- Up-to-date: /home/optimus/first_ros2_ws/install/intro_interfaces/lib/python3.12/site-packages/intro_interfaces
[3.232s] -- Up-to-date: /home/optimus/first_ros2_ws/install/intro_interfaces/lib/python3.12/site-packages/intro_interfaces/srv
[3.233s] -- Up-to-date: /home/optimus/first_ros2_ws/install/intro_interfaces/lib/python3.12/site-packages/intro_interfaces/srv/_led_tracker_s.c
[3.233s] -- Up-to-date: /home/optimus/first_ros2_ws/install/intro_interfaces/lib/python3.12/site-packages/intro_interfaces/srv/_led_tracker.py
[3.234s] -- Up-to-date: /home/optimus/first_ros2_ws/install/intro_interfaces/lib/python3.12/site-packages/intro_interfaces/srv/_slow_led_toggle_s.c
[3.235s] -- Up-to-date: /home/optimus/first_ros2_ws/install/intro_interfaces/lib/python3.12/site-packages/intro_interfaces/srv/__init__.py
[3.235s] -- Up-to-date: /home/optimus/first_ros2_ws/install/intro_interfaces/lib/python3.12/site-packages/intro_interfaces/srv/_slow_led_toggle.py
[3.236s] -- Up-to-date: /home/optimus/first_ros2_ws/install/intro_interfaces/lib/python3.12/site-packages/intro_interfaces/msg
[3.237s] -- Up-to-date: /home/optimus/first_ros2_ws/install/intro_interfaces/lib/python3.12/site-packages/intro_interfaces/msg/__init__.py
[3.237s] -- Up-to-date: /home/optimus/first_ros2_ws/install/intro_interfaces/lib/python3.12/site-packages/intro_interfaces/msg/_led_state.py
[3.238s] -- Up-to-date: /home/optimus/first_ros2_ws/install/intro_interfaces/lib/python3.12/site-packages/intro_interfaces/msg/_led_state_s.c
[3.239s] -- Up-to-date: /home/optimus/first_ros2_ws/install/intro_interfaces/lib/python3.12/site-packages/intro_interfaces/intro_interfaces_s__rosidl_typesupport_fastrtps_c.so
[3.240s] -- Up-to-date: /home/optimus/first_ros2_ws/install/intro_interfaces/lib/python3.12/site-packages/intro_interfaces/intro_interfaces_s__rosidl_typesupport_introspection_c.so
[3.240s] -- Up-to-date: /home/optimus/first_ros2_ws/install/intro_interfaces/lib/python3.12/site-packages/intro_interfaces/action
[3.241s] -- Up-to-date: /home/optimus/first_ros2_ws/install/intro_interfaces/lib/python3.12/site-packages/intro_interfaces/action/__init__.py
[3.241s] -- Up-to-date: /home/optimus/first_ros2_ws/install/intro_interfaces/lib/python3.12/site-packages/intro_interfaces/action/_toggle_led_s.c
[3.242s] -- Up-to-date: /home/optimus/first_ros2_ws/install/intro_interfaces/lib/python3.12/site-packages/intro_interfaces/action/_toggle_led.py
[3.242s] -- Up-to-date: /home/optimus/first_ros2_ws/install/intro_interfaces/lib/python3.12/site-packages/intro_interfaces/__init__.py
[3.243s] -- Up-to-date: /home/optimus/first_ros2_ws/install/intro_interfaces/lib/python3.12/site-packages/intro_interfaces/intro_interfaces_s__rosidl_typesupport_c.so
[3.243s] -- Up-to-date: /home/optimus/first_ros2_ws/install/intro_interfaces/lib/python3.12/site-packages/intro_interfaces/_intro_interfaces_s.ep.rosidl_typesupport_c.c
[3.244s] -- Up-to-date: /home/optimus/first_ros2_ws/install/intro_interfaces/lib/python3.12/site-packages/intro_interfaces/_intro_interfaces_s.ep.rosidl_typesupport_fastrtps_c.c
[3.245s] -- Up-to-date: /home/optimus/first_ros2_ws/install/intro_interfaces/lib/python3.12/site-packages/intro_interfaces/_intro_interfaces_s.ep.rosidl_typesupport_introspection_c.c
[3.386s] Listing '/home/optimus/first_ros2_ws/install/intro_interfaces/lib/python3.12/site-packages/intro_interfaces'...
[3.387s] Listing '/home/optimus/first_ros2_ws/install/intro_interfaces/lib/python3.12/site-packages/intro_interfaces/action'...
[3.389s] Listing '/home/optimus/first_ros2_ws/install/intro_interfaces/lib/python3.12/site-packages/intro_interfaces/msg'...
[3.390s] Listing '/home/optimus/first_ros2_ws/install/intro_interfaces/lib/python3.12/site-packages/intro_interfaces/srv'...
[3.420s] -- Up-to-date: /home/optimus/first_ros2_ws/install/intro_interfaces/lib/python3.12/site-packages/intro_interfaces/intro_interfaces_s__rosidl_typesupport_fastrtps_c.so
[3.423s] -- Up-to-date: /home/optimus/first_ros2_ws/install/intro_interfaces/lib/python3.12/site-packages/intro_interfaces/intro_interfaces_s__rosidl_typesupport_introspection_c.so
[3.425s] -- Up-to-date: /home/optimus/first_ros2_ws/install/intro_interfaces/lib/python3.12/site-packages/intro_interfaces/intro_interfaces_s__rosidl_typesupport_c.so
[3.427s] -- Up-to-date: /home/optimus/first_ros2_ws/install/intro_interfaces/lib/libintro_interfaces__rosidl_generator_py.so
[3.429s] -- Up-to-date: /home/optimus/first_ros2_ws/install/intro_interfaces/share/intro_interfaces/msg/LEDState.idl
[3.431s] -- Up-to-date: /home/optimus/first_ros2_ws/install/intro_interfaces/share/intro_interfaces/srv/LEDTracker.idl
[3.432s] -- Up-to-date: /home/optimus/first_ros2_ws/install/intro_interfaces/share/intro_interfaces/srv/SlowLEDToggle.idl
[3.433s] -- Up-to-date: /home/optimus/first_ros2_ws/install/intro_interfaces/share/intro_interfaces/action/ToggleLED.idl
[3.433s] -- Up-to-date: /home/optimus/first_ros2_ws/install/intro_interfaces/share/intro_interfaces/msg/LEDState.msg
[3.434s] -- Up-to-date: /home/optimus/first_ros2_ws/install/intro_interfaces/share/intro_interfaces/srv/LEDTracker.srv
[3.435s] -- Up-to-date: /home/optimus/first_ros2_ws/install/intro_interfaces/share/intro_interfaces/srv/SlowLEDToggle.srv
[3.436s] -- Up-to-date: /home/optimus/first_ros2_ws/install/intro_interfaces/share/intro_interfaces/action/ToggleLED.action
[3.437s] -- Up-to-date: /home/optimus/first_ros2_ws/install/intro_interfaces/share/ament_index/resource_index/package_run_dependencies/intro_interfaces
[3.438s] -- Up-to-date: /home/optimus/first_ros2_ws/install/intro_interfaces/share/ament_index/resource_index/parent_prefix_path/intro_interfaces
[3.441s] -- Up-to-date: /home/optimus/first_ros2_ws/install/intro_interfaces/share/intro_interfaces/environment/ament_prefix_path.sh
[3.441s] -- Up-to-date: /home/optimus/first_ros2_ws/install/intro_interfaces/share/intro_interfaces/environment/ament_prefix_path.dsv
[3.442s] -- Up-to-date: /home/optimus/first_ros2_ws/install/intro_interfaces/share/intro_interfaces/environment/path.sh
[3.443s] -- Up-to-date: /home/optimus/first_ros2_ws/install/intro_interfaces/share/intro_interfaces/environment/path.dsv
[3.446s] -- Up-to-date: /home/optimus/first_ros2_ws/install/intro_interfaces/share/intro_interfaces/local_setup.bash
[3.446s] -- Up-to-date: /home/optimus/first_ros2_ws/install/intro_interfaces/share/intro_interfaces/local_setup.sh
[3.447s] -- Up-to-date: /home/optimus/first_ros2_ws/install/intro_interfaces/share/intro_interfaces/local_setup.zsh
[3.450s] -- Up-to-date: /home/optimus/first_ros2_ws/install/intro_interfaces/share/intro_interfaces/local_setup.dsv
[3.451s] -- Installing: /home/optimus/first_ros2_ws/install/intro_interfaces/share/intro_interfaces/package.dsv
[3.452s] -- Up-to-date: /home/optimus/first_ros2_ws/install/intro_interfaces/share/ament_index/resource_index/packages/intro_interfaces
[3.452s] -- Up-to-date: /home/optimus/first_ros2_ws/install/intro_interfaces/share/intro_interfaces/cmake/export_intro_interfaces__rosidl_generator_cExport.cmake
[3.454s] -- Up-to-date: /home/optimus/first_ros2_ws/install/intro_interfaces/share/intro_interfaces/cmake/export_intro_interfaces__rosidl_generator_cExport-noconfig.cmake
[3.455s] -- Up-to-date: /home/optimus/first_ros2_ws/install/intro_interfaces/share/intro_interfaces/cmake/export_intro_interfaces__rosidl_typesupport_fastrtps_cExport.cmake
[3.456s] -- Up-to-date: /home/optimus/first_ros2_ws/install/intro_interfaces/share/intro_interfaces/cmake/export_intro_interfaces__rosidl_typesupport_fastrtps_cExport-noconfig.cmake
[3.457s] -- Up-to-date: /home/optimus/first_ros2_ws/install/intro_interfaces/share/intro_interfaces/cmake/intro_interfaces__rosidl_typesupport_introspection_cExport.cmake
[3.458s] -- Up-to-date: /home/optimus/first_ros2_ws/install/intro_interfaces/share/intro_interfaces/cmake/intro_interfaces__rosidl_typesupport_introspection_cExport-noconfig.cmake
[3.459s] -- Up-to-date: /home/optimus/first_ros2_ws/install/intro_interfaces/share/intro_interfaces/cmake/intro_interfaces__rosidl_typesupport_cExport.cmake
[3.460s] -- Up-to-date: /home/optimus/first_ros2_ws/install/intro_interfaces/share/intro_interfaces/cmake/intro_interfaces__rosidl_typesupport_cExport-noconfig.cmake
[3.461s] -- Up-to-date: /home/optimus/first_ros2_ws/install/intro_interfaces/share/intro_interfaces/cmake/export_intro_interfaces__rosidl_generator_cppExport.cmake
[3.463s] -- Up-to-date: /home/optimus/first_ros2_ws/install/intro_interfaces/share/intro_interfaces/cmake/export_intro_interfaces__rosidl_typesupport_fastrtps_cppExport.cmake
[3.464s] -- Up-to-date: /home/optimus/first_ros2_ws/install/intro_interfaces/share/intro_interfaces/cmake/export_intro_interfaces__rosidl_typesupport_fastrtps_cppExport-noconfig.cmake
[3.465s] -- Up-to-date: /home/optimus/first_ros2_ws/install/intro_interfaces/share/intro_interfaces/cmake/intro_interfaces__rosidl_typesupport_introspection_cppExport.cmake
[3.466s] -- Up-to-date: /home/optimus/first_ros2_ws/install/intro_interfaces/share/intro_interfaces/cmake/intro_interfaces__rosidl_typesupport_introspection_cppExport-noconfig.cmake
[3.466s] -- Up-to-date: /home/optimus/first_ros2_ws/install/intro_interfaces/share/intro_interfaces/cmake/intro_interfaces__rosidl_typesupport_cppExport.cmake
[3.467s] -- Up-to-date: /home/optimus/first_ros2_ws/install/intro_interfaces/share/intro_interfaces/cmake/intro_interfaces__rosidl_typesupport_cppExport-noconfig.cmake
[3.467s] -- Up-to-date: /home/optimus/first_ros2_ws/install/intro_interfaces/share/intro_interfaces/cmake/export_intro_interfaces__rosidl_generator_pyExport.cmake
[3.468s] -- Up-to-date: /home/optimus/first_ros2_ws/install/intro_interfaces/share/intro_interfaces/cmake/export_intro_interfaces__rosidl_generator_pyExport-noconfig.cmake
[3.468s] -- Up-to-date: /home/optimus/first_ros2_ws/install/intro_interfaces/share/intro_interfaces/cmake/rosidl_cmake-extras.cmake
[3.469s] -- Up-to-date: /home/optimus/first_ros2_ws/install/intro_interfaces/share/intro_interfaces/cmake/ament_cmake_export_dependencies-extras.cmake
[3.469s] -- Up-to-date: /home/optimus/first_ros2_ws/install/intro_interfaces/share/intro_interfaces/cmake/ament_cmake_export_include_directories-extras.cmake
[3.470s] -- Up-to-date: /home/optimus/first_ros2_ws/install/intro_interfaces/share/intro_interfaces/cmake/ament_cmake_export_libraries-extras.cmake
[3.470s] -- Up-to-date: /home/optimus/first_ros2_ws/install/intro_interfaces/share/intro_interfaces/cmake/ament_cmake_export_targets-extras.cmake
[3.470s] -- Up-to-date: /home/optimus/first_ros2_ws/install/intro_interfaces/share/intro_interfaces/cmake/rosidl_cmake_export_typesupport_targets-extras.cmake
[3.471s] -- Up-to-date: /home/optimus/first_ros2_ws/install/intro_interfaces/share/intro_interfaces/cmake/rosidl_cmake_export_typesupport_libraries-extras.cmake
[3.472s] -- Up-to-date: /home/optimus/first_ros2_ws/install/intro_interfaces/share/intro_interfaces/cmake/intro_interfacesConfig.cmake
[3.473s] -- Up-to-date: /home/optimus/first_ros2_ws/install/intro_interfaces/share/intro_interfaces/cmake/intro_interfacesConfig-version.cmake
[3.475s] -- Up-to-date: /home/optimus/first_ros2_ws/install/intro_interfaces/share/intro_interfaces/package.xml
[3.476s] Invoked command in '/home/optimus/first_ros2_ws/build/intro_interfaces' returned '0': CMAKE_PREFIX_PATH=${CMAKE_PREFIX_PATH}:/home/optimus/first_ros2_ws/install/timed_led:/opt/ros/jazzy DEBUGINFOD_URLS=https://debuginfod.ubuntu.com /usr/bin/cmake --install /home/optimus/first_ros2_ws/build/intro_interfaces
