[4.566s] Invoking command in '/home/optimus/first_ros2_ws/src/timed_led': DEBUGINFOD_URLS=https://debuginfod.ubuntu.com PYTHONPATH=/home/optimus/first_ros2_ws/build/timed_led/prefix_override:/usr/lib/python3/dist-packages/colcon_core/task/python/colcon_distutils_commands:/home/optimus/first_ros2_ws/install/timed_led/lib/python3.12/site-packages:${PYTHONPATH} /usr/bin/python3 -W ignore:setup.py install is deprecated -W ignore:easy_install command is deprecated setup.py egg_info --egg-base ../../build/timed_led build --build-base /home/optimus/first_ros2_ws/build/timed_led/build install --record /home/optimus/first_ros2_ws/build/timed_led/install.log --single-version-externally-managed install_data
[5.759s] running egg_info
[5.848s] writing ../../build/timed_led/timed_led.egg-info/PKG-INFO
[5.850s] writing dependency_links to ../../build/timed_led/timed_led.egg-info/dependency_links.txt
[5.852s] writing entry points to ../../build/timed_led/timed_led.egg-info/entry_points.txt
[5.853s] writing requirements to ../../build/timed_led/timed_led.egg-info/requires.txt
[5.854s] writing top-level names to ../../build/timed_led/timed_led.egg-info/top_level.txt
[6.044s] reading manifest file '../../build/timed_led/timed_led.egg-info/SOURCES.txt'
[6.045s] adding license file 'LICENSE'
[6.047s] writing manifest file '../../build/timed_led/timed_led.egg-info/SOURCES.txt'
[6.049s] running build
[6.049s] running build_py
[6.051s] copying timed_led/subscriber_timed_led.py -> /home/optimus/first_ros2_ws/build/timed_led/build/lib/timed_led
[6.052s] running install
[6.076s] running install_lib
[6.167s] copying /home/optimus/first_ros2_ws/build/timed_led/build/lib/timed_led/subscriber_timed_led.py -> /home/optimus/first_ros2_ws/install/timed_led/lib/python3.12/site-packages/timed_led
[6.170s] byte-compiling /home/optimus/first_ros2_ws/install/timed_led/lib/python3.12/site-packages/timed_led/subscriber_timed_led.py to subscriber_timed_led.cpython-312.pyc
[6.173s] running install_data
[6.173s] running install_egg_info
[6.270s] removing '/home/optimus/first_ros2_ws/install/timed_led/lib/python3.12/site-packages/timed_led-0.0.0-py3.12.egg-info' (and everything under it)
[6.272s] Copying ../../build/timed_led/timed_led.egg-info to /home/optimus/first_ros2_ws/install/timed_led/lib/python3.12/site-packages/timed_led-0.0.0-py3.12.egg-info
[6.280s] running install_scripts
[6.959s] Installing led_timer script to /home/optimus/first_ros2_ws/install/timed_led/lib/timed_led
[6.960s] Installing timed_led script to /home/optimus/first_ros2_ws/install/timed_led/lib/timed_led
[6.962s] writing list of installed files to '/home/optimus/first_ros2_ws/build/timed_led/install.log'
[7.106s] Invoked command in '/home/optimus/first_ros2_ws/src/timed_led' returned '0': DEBUGINFOD_URLS=https://debuginfod.ubuntu.com PYTHONPATH=/home/optimus/first_ros2_ws/build/timed_led/prefix_override:/usr/lib/python3/dist-packages/colcon_core/task/python/colcon_distutils_commands:/home/optimus/first_ros2_ws/install/timed_led/lib/python3.12/site-packages:${PYTHONPATH} /usr/bin/python3 -W ignore:setup.py install is deprecated -W ignore:easy_install command is deprecated setup.py egg_info --egg-base ../../build/timed_led build --build-base /home/optimus/first_ros2_ws/build/timed_led/build install --record /home/optimus/first_ros2_ws/build/timed_led/install.log --single-version-externally-managed install_data
