[0.458s] DEBUG:colcon:Command line arguments: ['/usr/bin/colcon', 'build']
[0.459s] DEBUG:colcon:Parsed command line arguments: Namespace(log_base=None, log_level=None, verb_name='build', build_base='build', install_base='install', merge_install=False, symlink_install=False, test_result_base=None, continue_on_error=False, executor='parallel', parallel_workers=4, event_handlers=None, ignore_user_meta=False, metas=['./colcon.meta'], base_paths=['.'], packages_ignore=None, packages_ignore_regex=None, paths=None, packages_up_to=None, packages_up_to_regex=None, packages_above=None, packages_above_and_dependencies=None, packages_above_depth=None, packages_select_by_dep=None, packages_skip_by_dep=None, packages_skip_up_to=None, packages_select_build_failed=False, packages_skip_build_finished=False, packages_select_test_failures=False, packages_skip_test_passed=False, packages_select=None, packages_skip=None, packages_select_regex=None, packages_skip_regex=None, packages_start=None, packages_end=None, allow_overriding=[], cmake_args=None, cmake_target=None, cmake_target_skip_unavailable=False, cmake_clean_cache=False, cmake_clean_first=False, cmake_force_configure=False, ament_cmake_args=None, catkin_cmake_args=None, catkin_skip_building_tests=False, mixin_files=None, mixin=None, verb_parser=<colcon_mixin.mixin.mixin_argument.MixinArgumentDecorator object at 0xffffbaebb950>, verb_extension=<colcon_core.verb.build.BuildVerb object at 0xffffbb06ffe0>, main=<bound method BuildVerb.main of <colcon_core.verb.build.BuildVerb object at 0xffffbb06ffe0>>, mixin_verb=('build',))
[0.625s] Level 1:colcon.colcon_core.package_discovery:discover_packages(colcon_meta) check parameters
[0.626s] Level 1:colcon.colcon_core.package_discovery:discover_packages(recursive) check parameters
[0.626s] Level 1:colcon.colcon_core.package_discovery:discover_packages(ignore) check parameters
[0.626s] Level 1:colcon.colcon_core.package_discovery:discover_packages(path) check parameters
[0.626s] Level 1:colcon.colcon_core.package_discovery:discover_packages(colcon_meta) discover
[0.627s] Level 1:colcon.colcon_core.package_discovery:discover_packages(recursive) discover
[0.627s] INFO:colcon.colcon_core.package_discovery:Crawling recursively for packages in '/home/optimus/first_ros2_ws'
[0.627s] Level 1:colcon.colcon_core.package_identification:_identify(.) by extensions ['ignore', 'ignore_ament_install']
[0.628s] Level 1:colcon.colcon_core.package_identification:_identify(.) by extension 'ignore'
[0.628s] Level 1:colcon.colcon_core.package_identification:_identify(.) by extension 'ignore_ament_install'
[0.628s] Level 1:colcon.colcon_core.package_identification:_identify(.) by extensions ['colcon_pkg']
[0.628s] Level 1:colcon.colcon_core.package_identification:_identify(.) by extension 'colcon_pkg'
[0.628s] Level 1:colcon.colcon_core.package_identification:_identify(.) by extensions ['colcon_meta']
[0.628s] Level 1:colcon.colcon_core.package_identification:_identify(.) by extension 'colcon_meta'
[0.629s] Level 1:colcon.colcon_core.package_identification:_identify(.) by extensions ['ros']
[0.629s] Level 1:colcon.colcon_core.package_identification:_identify(.) by extension 'ros'
[0.740s] Level 1:colcon.colcon_core.package_identification:_identify(.) by extensions ['cmake', 'python']
[0.741s] Level 1:colcon.colcon_core.package_identification:_identify(.) by extension 'cmake'
[0.741s] Level 1:colcon.colcon_core.package_identification:_identify(.) by extension 'python'
[0.741s] Level 1:colcon.colcon_core.package_identification:_identify(.) by extensions ['python_setup_py']
[0.741s] Level 1:colcon.colcon_core.package_identification:_identify(.) by extension 'python_setup_py'
[0.742s] Level 1:colcon.colcon_core.package_identification:_identify(build) by extensions ['ignore', 'ignore_ament_install']
[0.742s] Level 1:colcon.colcon_core.package_identification:_identify(build) by extension 'ignore'
[0.743s] Level 1:colcon.colcon_core.package_identification:_identify(build) ignored
[0.743s] Level 1:colcon.colcon_core.package_identification:_identify(install) by extensions ['ignore', 'ignore_ament_install']
[0.744s] Level 1:colcon.colcon_core.package_identification:_identify(install) by extension 'ignore'
[0.744s] Level 1:colcon.colcon_core.package_identification:_identify(install) ignored
[0.745s] Level 1:colcon.colcon_core.package_identification:_identify(log) by extensions ['ignore', 'ignore_ament_install']
[0.746s] Level 1:colcon.colcon_core.package_identification:_identify(log) by extension 'ignore'
[0.746s] Level 1:colcon.colcon_core.package_identification:_identify(log) ignored
[0.747s] Level 1:colcon.colcon_core.package_identification:_identify(src) by extensions ['ignore', 'ignore_ament_install']
[0.747s] Level 1:colcon.colcon_core.package_identification:_identify(src) by extension 'ignore'
[0.747s] Level 1:colcon.colcon_core.package_identification:_identify(src) by extension 'ignore_ament_install'
[0.748s] Level 1:colcon.colcon_core.package_identification:_identify(src) by extensions ['colcon_pkg']
[0.748s] Level 1:colcon.colcon_core.package_identification:_identify(src) by extension 'colcon_pkg'
[0.748s] Level 1:colcon.colcon_core.package_identification:_identify(src) by extensions ['colcon_meta']
[0.748s] Level 1:colcon.colcon_core.package_identification:_identify(src) by extension 'colcon_meta'
[0.748s] Level 1:colcon.colcon_core.package_identification:_identify(src) by extensions ['ros']
[0.749s] Level 1:colcon.colcon_core.package_identification:_identify(src) by extension 'ros'
[0.749s] Level 1:colcon.colcon_core.package_identification:_identify(src) by extensions ['cmake', 'python']
[0.749s] Level 1:colcon.colcon_core.package_identification:_identify(src) by extension 'cmake'
[0.749s] Level 1:colcon.colcon_core.package_identification:_identify(src) by extension 'python'
[0.750s] Level 1:colcon.colcon_core.package_identification:_identify(src) by extensions ['python_setup_py']
[0.750s] Level 1:colcon.colcon_core.package_identification:_identify(src) by extension 'python_setup_py'
[0.750s] Level 1:colcon.colcon_core.package_identification:_identify(src/intro_interfaces) by extensions ['ignore', 'ignore_ament_install']
[0.751s] Level 1:colcon.colcon_core.package_identification:_identify(src/intro_interfaces) by extension 'ignore'
[0.751s] Level 1:colcon.colcon_core.package_identification:_identify(src/intro_interfaces) by extension 'ignore_ament_install'
[0.751s] Level 1:colcon.colcon_core.package_identification:_identify(src/intro_interfaces) by extensions ['colcon_pkg']
[0.752s] Level 1:colcon.colcon_core.package_identification:_identify(src/intro_interfaces) by extension 'colcon_pkg'
[0.752s] Level 1:colcon.colcon_core.package_identification:_identify(src/intro_interfaces) by extensions ['colcon_meta']
[0.752s] Level 1:colcon.colcon_core.package_identification:_identify(src/intro_interfaces) by extension 'colcon_meta'
[0.752s] Level 1:colcon.colcon_core.package_identification:_identify(src/intro_interfaces) by extensions ['ros']
[0.752s] Level 1:colcon.colcon_core.package_identification:_identify(src/intro_interfaces) by extension 'ros'
[0.762s] DEBUG:colcon.colcon_core.package_identification:Package 'src/intro_interfaces' with type 'ros.ament_cmake' and name 'intro_interfaces'
[0.763s] Level 1:colcon.colcon_core.package_identification:_identify(src/timed_led) by extensions ['ignore', 'ignore_ament_install']
[0.763s] Level 1:colcon.colcon_core.package_identification:_identify(src/timed_led) by extension 'ignore'
[0.764s] Level 1:colcon.colcon_core.package_identification:_identify(src/timed_led) by extension 'ignore_ament_install'
[0.764s] Level 1:colcon.colcon_core.package_identification:_identify(src/timed_led) by extensions ['colcon_pkg']
[0.765s] Level 1:colcon.colcon_core.package_identification:_identify(src/timed_led) by extension 'colcon_pkg'
[0.765s] Level 1:colcon.colcon_core.package_identification:_identify(src/timed_led) by extensions ['colcon_meta']
[0.765s] Level 1:colcon.colcon_core.package_identification:_identify(src/timed_led) by extension 'colcon_meta'
[0.765s] Level 1:colcon.colcon_core.package_identification:_identify(src/timed_led) by extensions ['ros']
[0.766s] Level 1:colcon.colcon_core.package_identification:_identify(src/timed_led) by extension 'ros'
[0.768s] DEBUG:colcon.colcon_core.package_identification:Package 'src/timed_led' with type 'ros.ament_python' and name 'timed_led'
[0.769s] Level 1:colcon.colcon_core.package_discovery:discover_packages(recursive) using defaults
[0.769s] Level 1:colcon.colcon_core.package_discovery:discover_packages(ignore) discover
[0.770s] Level 1:colcon.colcon_core.package_discovery:discover_packages(ignore) using defaults
[0.770s] Level 1:colcon.colcon_core.package_discovery:discover_packages(path) discover
[0.770s] Level 1:colcon.colcon_core.package_discovery:discover_packages(path) using defaults
[0.843s] Level 1:colcon.colcon_core.package_discovery:discover_packages(prefix_path) check parameters
[0.843s] Level 1:colcon.colcon_core.package_discovery:discover_packages(prefix_path) discover
[0.851s] DEBUG:colcon.colcon_installed_package_information.package_discovery:Found 2 installed packages in /home/optimus/first_ros2_ws/install
[0.861s] DEBUG:colcon.colcon_installed_package_information.package_discovery:Found 284 installed packages in /opt/ros/jazzy
[0.865s] Level 1:colcon.colcon_core.package_discovery:discover_packages(prefix_path) using defaults
[1.062s] Level 5:colcon.colcon_core.verb:set package 'intro_interfaces' build argument 'cmake_args' from command line to 'None'
[1.062s] Level 5:colcon.colcon_core.verb:set package 'intro_interfaces' build argument 'cmake_target' from command line to 'None'
[1.063s] Level 5:colcon.colcon_core.verb:set package 'intro_interfaces' build argument 'cmake_target_skip_unavailable' from command line to 'False'
[1.063s] Level 5:colcon.colcon_core.verb:set package 'intro_interfaces' build argument 'cmake_clean_cache' from command line to 'False'
[1.063s] Level 5:colcon.colcon_core.verb:set package 'intro_interfaces' build argument 'cmake_clean_first' from command line to 'False'
[1.063s] Level 5:colcon.colcon_core.verb:set package 'intro_interfaces' build argument 'cmake_force_configure' from command line to 'False'
[1.063s] Level 5:colcon.colcon_core.verb:set package 'intro_interfaces' build argument 'ament_cmake_args' from command line to 'None'
[1.063s] Level 5:colcon.colcon_core.verb:set package 'intro_interfaces' build argument 'catkin_cmake_args' from command line to 'None'
[1.063s] Level 5:colcon.colcon_core.verb:set package 'intro_interfaces' build argument 'catkin_skip_building_tests' from command line to 'False'
[1.063s] DEBUG:colcon.colcon_core.verb:Building package 'intro_interfaces' with the following arguments: {'ament_cmake_args': None, 'build_base': '/home/optimus/first_ros2_ws/build/intro_interfaces', 'catkin_cmake_args': None, 'catkin_skip_building_tests': False, 'cmake_args': None, 'cmake_clean_cache': False, 'cmake_clean_first': False, 'cmake_force_configure': False, 'cmake_target': None, 'cmake_target_skip_unavailable': False, 'install_base': '/home/optimus/first_ros2_ws/install/intro_interfaces', 'merge_install': False, 'path': '/home/optimus/first_ros2_ws/src/intro_interfaces', 'symlink_install': False, 'test_result_base': None}
[1.065s] Level 5:colcon.colcon_core.verb:set package 'timed_led' build argument 'cmake_args' from command line to 'None'
[1.065s] Level 5:colcon.colcon_core.verb:set package 'timed_led' build argument 'cmake_target' from command line to 'None'
[1.065s] Level 5:colcon.colcon_core.verb:set package 'timed_led' build argument 'cmake_target_skip_unavailable' from command line to 'False'
[1.065s] Level 5:colcon.colcon_core.verb:set package 'timed_led' build argument 'cmake_clean_cache' from command line to 'False'
[1.065s] Level 5:colcon.colcon_core.verb:set package 'timed_led' build argument 'cmake_clean_first' from command line to 'False'
[1.065s] Level 5:colcon.colcon_core.verb:set package 'timed_led' build argument 'cmake_force_configure' from command line to 'False'
[1.065s] Level 5:colcon.colcon_core.verb:set package 'timed_led' build argument 'ament_cmake_args' from command line to 'None'
[1.065s] Level 5:colcon.colcon_core.verb:set package 'timed_led' build argument 'catkin_cmake_args' from command line to 'None'
[1.066s] Level 5:colcon.colcon_core.verb:set package 'timed_led' build argument 'catkin_skip_building_tests' from command line to 'False'
[1.066s] DEBUG:colcon.colcon_core.verb:Building package 'timed_led' with the following arguments: {'ament_cmake_args': None, 'build_base': '/home/optimus/first_ros2_ws/build/timed_led', 'catkin_cmake_args': None, 'catkin_skip_building_tests': False, 'cmake_args': None, 'cmake_clean_cache': False, 'cmake_clean_first': False, 'cmake_force_configure': False, 'cmake_target': None, 'cmake_target_skip_unavailable': False, 'install_base': '/home/optimus/first_ros2_ws/install/timed_led', 'merge_install': False, 'path': '/home/optimus/first_ros2_ws/src/timed_led', 'symlink_install': False, 'test_result_base': None}
[1.066s] INFO:colcon.colcon_core.executor:Executing jobs using 'parallel' executor
[1.070s] DEBUG:colcon.colcon_parallel_executor.executor.parallel:run_until_complete
[1.070s] INFO:colcon.colcon_ros.task.ament_cmake.build:Building ROS package in '/home/optimus/first_ros2_ws/src/intro_interfaces' with build type 'ament_cmake'
[1.071s] INFO:colcon.colcon_cmake.task.cmake.build:Building CMake package in '/home/optimus/first_ros2_ws/src/intro_interfaces'
[1.080s] INFO:colcon.colcon_core.plugin_system:Skipping extension 'colcon_core.shell.bat': Not used on non-Windows systems
[1.081s] INFO:colcon.colcon_core.shell:Skip shell extension 'powershell' for command environment: Not usable outside of PowerShell
[1.081s] DEBUG:colcon.colcon_core.shell:Skip shell extension 'dsv' for command environment
[1.100s] INFO:colcon.colcon_ros.task.ament_python.build:Building ROS package in '/home/optimus/first_ros2_ws/src/timed_led' with build type 'ament_python'
[1.101s] Level 1:colcon.colcon_core.shell:create_environment_hook('timed_led', 'ament_prefix_path')
[1.102s] INFO:colcon.colcon_core.shell:Creating environment hook '/home/optimus/first_ros2_ws/install/timed_led/share/timed_led/hook/ament_prefix_path.ps1'
[1.105s] INFO:colcon.colcon_core.shell:Creating environment descriptor '/home/optimus/first_ros2_ws/install/timed_led/share/timed_led/hook/ament_prefix_path.dsv'
[1.107s] INFO:colcon.colcon_core.shell:Creating environment hook '/home/optimus/first_ros2_ws/install/timed_led/share/timed_led/hook/ament_prefix_path.sh'
[1.110s] INFO:colcon.colcon_core.shell:Skip shell extension 'powershell' for command environment: Not usable outside of PowerShell
[1.110s] DEBUG:colcon.colcon_core.shell:Skip shell extension 'dsv' for command environment
[1.151s] DEBUG:colcon.colcon_core.event_handler.log_command:Invoking command in '/home/optimus/first_ros2_ws/build/intro_interfaces': CMAKE_PREFIX_PATH=${CMAKE_PREFIX_PATH}:/home/optimus/first_ros2_ws/install/timed_led:/opt/ros/jazzy DEBUGINFOD_URLS=https://debuginfod.ubuntu.com /usr/bin/cmake --build /home/optimus/first_ros2_ws/build/intro_interfaces -- -j4 -l4
[2.714s] INFO:colcon.colcon_core.task.python.build:Building Python package in '/home/optimus/first_ros2_ws/src/timed_led'
[2.717s] INFO:colcon.colcon_core.shell:Skip shell extension 'powershell' for command environment: Not usable outside of PowerShell
[2.717s] DEBUG:colcon.colcon_core.shell:Skip shell extension 'dsv' for command environment
[4.026s] DEBUG:colcon.colcon_core.event_handler.log_command:Invoked command in '/home/optimus/first_ros2_ws/build/intro_interfaces' returned '0': CMAKE_PREFIX_PATH=${CMAKE_PREFIX_PATH}:/home/optimus/first_ros2_ws/install/timed_led:/opt/ros/jazzy DEBUGINFOD_URLS=https://debuginfod.ubuntu.com /usr/bin/cmake --build /home/optimus/first_ros2_ws/build/intro_interfaces -- -j4 -l4
[4.077s] DEBUG:colcon.colcon_core.event_handler.log_command:Invoking command in '/home/optimus/first_ros2_ws/build/intro_interfaces': CMAKE_PREFIX_PATH=${CMAKE_PREFIX_PATH}:/home/optimus/first_ros2_ws/install/timed_led:/opt/ros/jazzy DEBUGINFOD_URLS=https://debuginfod.ubuntu.com /usr/bin/cmake --install /home/optimus/first_ros2_ws/build/intro_interfaces
[4.538s] Level 1:colcon.colcon_core.environment:create_environment_scripts_only(intro_interfaces)
[4.567s] DEBUG:colcon.colcon_core.event_handler.log_command:Invoked command in '/home/optimus/first_ros2_ws/build/intro_interfaces' returned '0': CMAKE_PREFIX_PATH=${CMAKE_PREFIX_PATH}:/home/optimus/first_ros2_ws/install/timed_led:/opt/ros/jazzy DEBUGINFOD_URLS=https://debuginfod.ubuntu.com /usr/bin/cmake --install /home/optimus/first_ros2_ws/build/intro_interfaces
[4.569s] Level 1:colcon.colcon_core.environment:checking '/home/optimus/first_ros2_ws/install/intro_interfaces' for CMake module files
[4.574s] Level 1:colcon.colcon_core.environment:checking '/home/optimus/first_ros2_ws/install/intro_interfaces' for CMake config files
[4.580s] Level 1:colcon.colcon_core.shell:create_environment_hook('intro_interfaces', 'cmake_prefix_path')
[4.581s] INFO:colcon.colcon_core.shell:Creating environment hook '/home/optimus/first_ros2_ws/install/intro_interfaces/share/intro_interfaces/hook/cmake_prefix_path.ps1'
[4.583s] INFO:colcon.colcon_core.shell:Creating environment descriptor '/home/optimus/first_ros2_ws/install/intro_interfaces/share/intro_interfaces/hook/cmake_prefix_path.dsv'
[4.585s] INFO:colcon.colcon_core.shell:Creating environment hook '/home/optimus/first_ros2_ws/install/intro_interfaces/share/intro_interfaces/hook/cmake_prefix_path.sh'
[4.588s] Level 1:colcon.colcon_core.environment:checking '/home/optimus/first_ros2_ws/install/intro_interfaces/lib'
[4.589s] Level 1:colcon.colcon_core.shell:create_environment_hook('intro_interfaces', 'ld_library_path_lib')
[4.590s] INFO:colcon.colcon_core.shell:Creating environment hook '/home/optimus/first_ros2_ws/install/intro_interfaces/share/intro_interfaces/hook/ld_library_path_lib.ps1'
[4.592s] INFO:colcon.colcon_core.shell:Creating environment descriptor '/home/optimus/first_ros2_ws/install/intro_interfaces/share/intro_interfaces/hook/ld_library_path_lib.dsv'
[4.594s] INFO:colcon.colcon_core.shell:Creating environment hook '/home/optimus/first_ros2_ws/install/intro_interfaces/share/intro_interfaces/hook/ld_library_path_lib.sh'
[4.596s] Level 1:colcon.colcon_core.environment:checking '/home/optimus/first_ros2_ws/install/intro_interfaces/bin'
[4.596s] Level 1:colcon.colcon_core.environment:checking '/home/optimus/first_ros2_ws/install/intro_interfaces/lib/pkgconfig/intro_interfaces.pc'
[4.597s] Level 1:colcon.colcon_core.environment:checking '/home/optimus/first_ros2_ws/install/intro_interfaces/lib/python3.12/site-packages'
[4.598s] Level 1:colcon.colcon_core.shell:create_environment_hook('intro_interfaces', 'pythonpath')
[4.598s] INFO:colcon.colcon_core.shell:Creating environment hook '/home/optimus/first_ros2_ws/install/intro_interfaces/share/intro_interfaces/hook/pythonpath.ps1'
[4.600s] INFO:colcon.colcon_core.shell:Creating environment descriptor '/home/optimus/first_ros2_ws/install/intro_interfaces/share/intro_interfaces/hook/pythonpath.dsv'
[4.602s] INFO:colcon.colcon_core.shell:Creating environment hook '/home/optimus/first_ros2_ws/install/intro_interfaces/share/intro_interfaces/hook/pythonpath.sh'
[4.605s] Level 1:colcon.colcon_core.environment:checking '/home/optimus/first_ros2_ws/install/intro_interfaces/bin'
[4.606s] INFO:colcon.colcon_core.shell:Creating package script '/home/optimus/first_ros2_ws/install/intro_interfaces/share/intro_interfaces/package.ps1'
[4.611s] INFO:colcon.colcon_core.shell:Creating package descriptor '/home/optimus/first_ros2_ws/install/intro_interfaces/share/intro_interfaces/package.dsv'
[4.614s] INFO:colcon.colcon_core.shell:Creating package script '/home/optimus/first_ros2_ws/install/intro_interfaces/share/intro_interfaces/package.sh'
[4.619s] INFO:colcon.colcon_core.shell:Creating package script '/home/optimus/first_ros2_ws/install/intro_interfaces/share/intro_interfaces/package.bash'
[4.621s] INFO:colcon.colcon_core.shell:Creating package script '/home/optimus/first_ros2_ws/install/intro_interfaces/share/intro_interfaces/package.zsh'
[4.624s] Level 1:colcon.colcon_core.environment:create_file_with_runtime_dependencies(/home/optimus/first_ros2_ws/install/intro_interfaces/share/colcon-core/packages/intro_interfaces)
[4.628s] Level 1:colcon.colcon_core.environment:create_environment_scripts_only(intro_interfaces)
[4.629s] Level 1:colcon.colcon_core.environment:checking '/home/optimus/first_ros2_ws/install/intro_interfaces' for CMake module files
[4.633s] Level 1:colcon.colcon_core.environment:checking '/home/optimus/first_ros2_ws/install/intro_interfaces' for CMake config files
[4.639s] Level 1:colcon.colcon_core.shell:create_environment_hook('intro_interfaces', 'cmake_prefix_path')
[4.640s] INFO:colcon.colcon_core.shell:Creating environment hook '/home/optimus/first_ros2_ws/install/intro_interfaces/share/intro_interfaces/hook/cmake_prefix_path.ps1'
[4.642s] INFO:colcon.colcon_core.shell:Creating environment descriptor '/home/optimus/first_ros2_ws/install/intro_interfaces/share/intro_interfaces/hook/cmake_prefix_path.dsv'
[4.644s] INFO:colcon.colcon_core.shell:Creating environment hook '/home/optimus/first_ros2_ws/install/intro_interfaces/share/intro_interfaces/hook/cmake_prefix_path.sh'
[4.647s] Level 1:colcon.colcon_core.environment:checking '/home/optimus/first_ros2_ws/install/intro_interfaces/lib'
[4.648s] Level 1:colcon.colcon_core.shell:create_environment_hook('intro_interfaces', 'ld_library_path_lib')
[4.648s] INFO:colcon.colcon_core.shell:Creating environment hook '/home/optimus/first_ros2_ws/install/intro_interfaces/share/intro_interfaces/hook/ld_library_path_lib.ps1'
[4.650s] INFO:colcon.colcon_core.shell:Creating environment descriptor '/home/optimus/first_ros2_ws/install/intro_interfaces/share/intro_interfaces/hook/ld_library_path_lib.dsv'
[4.654s] INFO:colcon.colcon_core.shell:Creating environment hook '/home/optimus/first_ros2_ws/install/intro_interfaces/share/intro_interfaces/hook/ld_library_path_lib.sh'
[4.656s] Level 1:colcon.colcon_core.environment:checking '/home/optimus/first_ros2_ws/install/intro_interfaces/bin'
[4.656s] Level 1:colcon.colcon_core.environment:checking '/home/optimus/first_ros2_ws/install/intro_interfaces/lib/pkgconfig/intro_interfaces.pc'
[4.657s] Level 1:colcon.colcon_core.environment:checking '/home/optimus/first_ros2_ws/install/intro_interfaces/lib/python3.12/site-packages'
[4.658s] Level 1:colcon.colcon_core.shell:create_environment_hook('intro_interfaces', 'pythonpath')
[4.658s] INFO:colcon.colcon_core.shell:Creating environment hook '/home/optimus/first_ros2_ws/install/intro_interfaces/share/intro_interfaces/hook/pythonpath.ps1'
[4.660s] INFO:colcon.colcon_core.shell:Creating environment descriptor '/home/optimus/first_ros2_ws/install/intro_interfaces/share/intro_interfaces/hook/pythonpath.dsv'
[4.662s] INFO:colcon.colcon_core.shell:Creating environment hook '/home/optimus/first_ros2_ws/install/intro_interfaces/share/intro_interfaces/hook/pythonpath.sh'
[4.666s] Level 1:colcon.colcon_core.environment:checking '/home/optimus/first_ros2_ws/install/intro_interfaces/bin'
[4.667s] INFO:colcon.colcon_core.shell:Creating package script '/home/optimus/first_ros2_ws/install/intro_interfaces/share/intro_interfaces/package.ps1'
[4.670s] INFO:colcon.colcon_core.shell:Creating package descriptor '/home/optimus/first_ros2_ws/install/intro_interfaces/share/intro_interfaces/package.dsv'
[4.672s] INFO:colcon.colcon_core.shell:Creating package script '/home/optimus/first_ros2_ws/install/intro_interfaces/share/intro_interfaces/package.sh'
[4.675s] INFO:colcon.colcon_core.shell:Creating package script '/home/optimus/first_ros2_ws/install/intro_interfaces/share/intro_interfaces/package.bash'
[4.678s] INFO:colcon.colcon_core.shell:Creating package script '/home/optimus/first_ros2_ws/install/intro_interfaces/share/intro_interfaces/package.zsh'
[4.680s] Level 1:colcon.colcon_core.environment:create_file_with_runtime_dependencies(/home/optimus/first_ros2_ws/install/intro_interfaces/share/colcon-core/packages/intro_interfaces)
[6.829s] DEBUG:colcon.colcon_core.event_handler.log_command:Invoking command in '/home/optimus/first_ros2_ws/src/timed_led': DEBUGINFOD_URLS=https://debuginfod.ubuntu.com PYTHONPATH=/home/optimus/first_ros2_ws/build/timed_led/prefix_override:/usr/lib/python3/dist-packages/colcon_core/task/python/colcon_distutils_commands:/home/optimus/first_ros2_ws/install/timed_led/lib/python3.12/site-packages:${PYTHONPATH} /usr/bin/python3 -W ignore:setup.py install is deprecated -W ignore:easy_install command is deprecated setup.py egg_info --egg-base ../../build/timed_led build --build-base /home/optimus/first_ros2_ws/build/timed_led/build install --record /home/optimus/first_ros2_ws/build/timed_led/install.log --single-version-externally-managed install_data
[10.552s] Level 1:colcon.colcon_core.environment:checking '/home/optimus/first_ros2_ws/install/timed_led' for CMake module files
[10.554s] DEBUG:colcon.colcon_core.event_handler.log_command:Invoked command in '/home/optimus/first_ros2_ws/src/timed_led' returned '0': DEBUGINFOD_URLS=https://debuginfod.ubuntu.com PYTHONPATH=/home/optimus/first_ros2_ws/build/timed_led/prefix_override:/usr/lib/python3/dist-packages/colcon_core/task/python/colcon_distutils_commands:/home/optimus/first_ros2_ws/install/timed_led/lib/python3.12/site-packages:${PYTHONPATH} /usr/bin/python3 -W ignore:setup.py install is deprecated -W ignore:easy_install command is deprecated setup.py egg_info --egg-base ../../build/timed_led build --build-base /home/optimus/first_ros2_ws/build/timed_led/build install --record /home/optimus/first_ros2_ws/build/timed_led/install.log --single-version-externally-managed install_data
[10.556s] Level 1:colcon.colcon_core.environment:checking '/home/optimus/first_ros2_ws/install/timed_led' for CMake config files
[10.560s] Level 1:colcon.colcon_core.environment:checking '/home/optimus/first_ros2_ws/install/timed_led/lib'
[10.561s] Level 1:colcon.colcon_core.environment:checking '/home/optimus/first_ros2_ws/install/timed_led/bin'
[10.561s] Level 1:colcon.colcon_core.environment:checking '/home/optimus/first_ros2_ws/install/timed_led/lib/pkgconfig/timed_led.pc'
[10.562s] Level 1:colcon.colcon_core.environment:checking '/home/optimus/first_ros2_ws/install/timed_led/lib/python3.12/site-packages'
[10.563s] Level 1:colcon.colcon_core.shell:create_environment_hook('timed_led', 'pythonpath')
[10.564s] INFO:colcon.colcon_core.shell:Creating environment hook '/home/optimus/first_ros2_ws/install/timed_led/share/timed_led/hook/pythonpath.ps1'
[10.566s] INFO:colcon.colcon_core.shell:Creating environment descriptor '/home/optimus/first_ros2_ws/install/timed_led/share/timed_led/hook/pythonpath.dsv'
[10.569s] INFO:colcon.colcon_core.shell:Creating environment hook '/home/optimus/first_ros2_ws/install/timed_led/share/timed_led/hook/pythonpath.sh'
[10.572s] Level 1:colcon.colcon_core.environment:checking '/home/optimus/first_ros2_ws/install/timed_led/bin'
[10.572s] Level 1:colcon.colcon_core.environment:create_environment_scripts_only(timed_led)
[10.573s] INFO:colcon.colcon_core.shell:Creating package script '/home/optimus/first_ros2_ws/install/timed_led/share/timed_led/package.ps1'
[10.575s] INFO:colcon.colcon_core.shell:Creating package descriptor '/home/optimus/first_ros2_ws/install/timed_led/share/timed_led/package.dsv'
[10.577s] INFO:colcon.colcon_core.shell:Creating package script '/home/optimus/first_ros2_ws/install/timed_led/share/timed_led/package.sh'
[10.579s] INFO:colcon.colcon_core.shell:Creating package script '/home/optimus/first_ros2_ws/install/timed_led/share/timed_led/package.bash'
[10.581s] INFO:colcon.colcon_core.shell:Creating package script '/home/optimus/first_ros2_ws/install/timed_led/share/timed_led/package.zsh'
[10.583s] Level 1:colcon.colcon_core.environment:create_file_with_runtime_dependencies(/home/optimus/first_ros2_ws/install/timed_led/share/colcon-core/packages/timed_led)
[10.584s] DEBUG:colcon.colcon_parallel_executor.executor.parallel:closing loop
[10.586s] DEBUG:colcon.colcon_parallel_executor.executor.parallel:loop closed
[10.586s] DEBUG:colcon.colcon_parallel_executor.executor.parallel:run_until_complete finished with '0'
[10.587s] DEBUG:colcon.colcon_core.event_reactor:joining thread
[10.610s] INFO:colcon.colcon_core.plugin_system:Skipping extension 'colcon_notification.desktop_notification.terminal_notifier': Not used on non-Darwin systems
[10.611s] INFO:colcon.colcon_core.plugin_system:Skipping extension 'colcon_notification.desktop_notification.win32': Not used on non-Windows systems
[10.611s] INFO:colcon.colcon_notification.desktop_notification:Sending desktop notification using 'notify2'
[10.616s] DEBUG:colcon.colcon_notification.desktop_notification.notify2:Failed to initialize notify2: org.freedesktop.DBus.Error.ServiceUnknown: The name org.freedesktop.Notifications was not provided by any .service files
[10.616s] DEBUG:colcon.colcon_core.event_reactor:joined thread
[10.617s] INFO:colcon.colcon_core.shell:Creating prefix script '/home/optimus/first_ros2_ws/install/local_setup.ps1'
[10.620s] INFO:colcon.colcon_core.shell:Creating prefix util module '/home/optimus/first_ros2_ws/install/_local_setup_util_ps1.py'
[10.626s] INFO:colcon.colcon_core.shell:Creating prefix chain script '/home/optimus/first_ros2_ws/install/setup.ps1'
[10.632s] INFO:colcon.colcon_core.shell:Creating prefix script '/home/optimus/first_ros2_ws/install/local_setup.sh'
[10.635s] INFO:colcon.colcon_core.shell:Creating prefix util module '/home/optimus/first_ros2_ws/install/_local_setup_util_sh.py'
[10.637s] INFO:colcon.colcon_core.shell:Creating prefix chain script '/home/optimus/first_ros2_ws/install/setup.sh'
[10.641s] INFO:colcon.colcon_core.shell:Creating prefix script '/home/optimus/first_ros2_ws/install/local_setup.bash'
[10.644s] INFO:colcon.colcon_core.shell:Creating prefix chain script '/home/optimus/first_ros2_ws/install/setup.bash'
[10.648s] INFO:colcon.colcon_core.shell:Creating prefix script '/home/optimus/first_ros2_ws/install/local_setup.zsh'
[10.650s] INFO:colcon.colcon_core.shell:Creating prefix chain script '/home/optimus/first_ros2_ws/install/setup.zsh'
