[0.457s] DEBUG:colcon:Command line arguments: ['/usr/bin/colcon', 'build', '--packages-select', 'timed_led']
[0.457s] DEBUG:colcon:Parsed command line arguments: Namespace(log_base=None, log_level=None, verb_name='build', build_base='build', install_base='install', merge_install=False, symlink_install=False, test_result_base=None, continue_on_error=False, executor='parallel', parallel_workers=4, event_handlers=None, ignore_user_meta=False, metas=['./colcon.meta'], base_paths=['.'], packages_ignore=None, packages_ignore_regex=None, paths=None, packages_up_to=None, packages_up_to_regex=None, packages_above=None, packages_above_and_dependencies=None, packages_above_depth=None, packages_select_by_dep=None, packages_skip_by_dep=None, packages_skip_up_to=None, packages_select_build_failed=False, packages_skip_build_finished=False, packages_select_test_failures=False, packages_skip_test_passed=False, packages_select=['timed_led'], packages_skip=None, packages_select_regex=None, packages_skip_regex=None, packages_start=None, packages_end=None, allow_overriding=[], cmake_args=None, cmake_target=None, cmake_target_skip_unavailable=False, cmake_clean_cache=False, cmake_clean_first=False, cmake_force_configure=False, ament_cmake_args=None, catkin_cmake_args=None, catkin_skip_building_tests=False, mixin_files=None, mixin=None, verb_parser=<colcon_mixin.mixin.mixin_argument.MixinArgumentDecorator object at 0xffff92b335c0>, verb_extension=<colcon_core.verb.build.BuildVerb object at 0xffff92c97d10>, main=<bound method BuildVerb.main of <colcon_core.verb.build.BuildVerb object at 0xffff92c97d10>>, mixin_verb=('build',))
[0.623s] Level 1:colcon.colcon_core.package_discovery:discover_packages(colcon_meta) check parameters
[0.623s] Level 1:colcon.colcon_core.package_discovery:discover_packages(recursive) check parameters
[0.624s] Level 1:colcon.colcon_core.package_discovery:discover_packages(ignore) check parameters
[0.624s] Level 1:colcon.colcon_core.package_discovery:discover_packages(path) check parameters
[0.624s] Level 1:colcon.colcon_core.package_discovery:discover_packages(colcon_meta) discover
[0.624s] Level 1:colcon.colcon_core.package_discovery:discover_packages(recursive) discover
[0.624s] INFO:colcon.colcon_core.package_discovery:Crawling recursively for packages in '/home/optimus/first_ros2_ws'
[0.625s] Level 1:colcon.colcon_core.package_identification:_identify(.) by extensions ['ignore', 'ignore_ament_install']
[0.625s] Level 1:colcon.colcon_core.package_identification:_identify(.) by extension 'ignore'
[0.625s] Level 1:colcon.colcon_core.package_identification:_identify(.) by extension 'ignore_ament_install'
[0.626s] Level 1:colcon.colcon_core.package_identification:_identify(.) by extensions ['colcon_pkg']
[0.626s] Level 1:colcon.colcon_core.package_identification:_identify(.) by extension 'colcon_pkg'
[0.626s] Level 1:colcon.colcon_core.package_identification:_identify(.) by extensions ['colcon_meta']
[0.626s] Level 1:colcon.colcon_core.package_identification:_identify(.) by extension 'colcon_meta'
[0.626s] Level 1:colcon.colcon_core.package_identification:_identify(.) by extensions ['ros']
[0.626s] Level 1:colcon.colcon_core.package_identification:_identify(.) by extension 'ros'
[0.736s] Level 1:colcon.colcon_core.package_identification:_identify(.) by extensions ['cmake', 'python']
[0.737s] Level 1:colcon.colcon_core.package_identification:_identify(.) by extension 'cmake'
[0.737s] Level 1:colcon.colcon_core.package_identification:_identify(.) by extension 'python'
[0.737s] Level 1:colcon.colcon_core.package_identification:_identify(.) by extensions ['python_setup_py']
[0.737s] Level 1:colcon.colcon_core.package_identification:_identify(.) by extension 'python_setup_py'
[0.738s] Level 1:colcon.colcon_core.package_identification:_identify(build) by extensions ['ignore', 'ignore_ament_install']
[0.738s] Level 1:colcon.colcon_core.package_identification:_identify(build) by extension 'ignore'
[0.739s] Level 1:colcon.colcon_core.package_identification:_identify(build) ignored
[0.739s] Level 1:colcon.colcon_core.package_identification:_identify(install) by extensions ['ignore', 'ignore_ament_install']
[0.740s] Level 1:colcon.colcon_core.package_identification:_identify(install) by extension 'ignore'
[0.740s] Level 1:colcon.colcon_core.package_identification:_identify(install) ignored
[0.741s] Level 1:colcon.colcon_core.package_identification:_identify(log) by extensions ['ignore', 'ignore_ament_install']
[0.741s] Level 1:colcon.colcon_core.package_identification:_identify(log) by extension 'ignore'
[0.741s] Level 1:colcon.colcon_core.package_identification:_identify(log) ignored
[0.742s] Level 1:colcon.colcon_core.package_identification:_identify(src) by extensions ['ignore', 'ignore_ament_install']
[0.742s] Level 1:colcon.colcon_core.package_identification:_identify(src) by extension 'ignore'
[0.742s] Level 1:colcon.colcon_core.package_identification:_identify(src) by extension 'ignore_ament_install'
[0.743s] Level 1:colcon.colcon_core.package_identification:_identify(src) by extensions ['colcon_pkg']
[0.743s] Level 1:colcon.colcon_core.package_identification:_identify(src) by extension 'colcon_pkg'
[0.743s] Level 1:colcon.colcon_core.package_identification:_identify(src) by extensions ['colcon_meta']
[0.743s] Level 1:colcon.colcon_core.package_identification:_identify(src) by extension 'colcon_meta'
[0.743s] Level 1:colcon.colcon_core.package_identification:_identify(src) by extensions ['ros']
[0.744s] Level 1:colcon.colcon_core.package_identification:_identify(src) by extension 'ros'
[0.744s] Level 1:colcon.colcon_core.package_identification:_identify(src) by extensions ['cmake', 'python']
[0.744s] Level 1:colcon.colcon_core.package_identification:_identify(src) by extension 'cmake'
[0.744s] Level 1:colcon.colcon_core.package_identification:_identify(src) by extension 'python'
[0.745s] Level 1:colcon.colcon_core.package_identification:_identify(src) by extensions ['python_setup_py']
[0.745s] Level 1:colcon.colcon_core.package_identification:_identify(src) by extension 'python_setup_py'
[0.745s] Level 1:colcon.colcon_core.package_identification:_identify(src/intro_interfaces) by extensions ['ignore', 'ignore_ament_install']
[0.746s] Level 1:colcon.colcon_core.package_identification:_identify(src/intro_interfaces) by extension 'ignore'
[0.746s] Level 1:colcon.colcon_core.package_identification:_identify(src/intro_interfaces) by extension 'ignore_ament_install'
[0.746s] Level 1:colcon.colcon_core.package_identification:_identify(src/intro_interfaces) by extensions ['colcon_pkg']
[0.747s] Level 1:colcon.colcon_core.package_identification:_identify(src/intro_interfaces) by extension 'colcon_pkg'
[0.747s] Level 1:colcon.colcon_core.package_identification:_identify(src/intro_interfaces) by extensions ['colcon_meta']
[0.747s] Level 1:colcon.colcon_core.package_identification:_identify(src/intro_interfaces) by extension 'colcon_meta'
[0.747s] Level 1:colcon.colcon_core.package_identification:_identify(src/intro_interfaces) by extensions ['ros']
[0.747s] Level 1:colcon.colcon_core.package_identification:_identify(src/intro_interfaces) by extension 'ros'
[0.757s] DEBUG:colcon.colcon_core.package_identification:Package 'src/intro_interfaces' with type 'ros.ament_cmake' and name 'intro_interfaces'
[0.757s] Level 1:colcon.colcon_core.package_identification:_identify(src/timed_led) by extensions ['ignore', 'ignore_ament_install']
[0.758s] Level 1:colcon.colcon_core.package_identification:_identify(src/timed_led) by extension 'ignore'
[0.758s] Level 1:colcon.colcon_core.package_identification:_identify(src/timed_led) by extension 'ignore_ament_install'
[0.758s] Level 1:colcon.colcon_core.package_identification:_identify(src/timed_led) by extensions ['colcon_pkg']
[0.759s] Level 1:colcon.colcon_core.package_identification:_identify(src/timed_led) by extension 'colcon_pkg'
[0.759s] Level 1:colcon.colcon_core.package_identification:_identify(src/timed_led) by extensions ['colcon_meta']
[0.759s] Level 1:colcon.colcon_core.package_identification:_identify(src/timed_led) by extension 'colcon_meta'
[0.759s] Level 1:colcon.colcon_core.package_identification:_identify(src/timed_led) by extensions ['ros']
[0.759s] Level 1:colcon.colcon_core.package_identification:_identify(src/timed_led) by extension 'ros'
[0.762s] DEBUG:colcon.colcon_core.package_identification:Package 'src/timed_led' with type 'ros.ament_python' and name 'timed_led'
[0.762s] Level 1:colcon.colcon_core.package_discovery:discover_packages(recursive) using defaults
[0.762s] Level 1:colcon.colcon_core.package_discovery:discover_packages(ignore) discover
[0.762s] Level 1:colcon.colcon_core.package_discovery:discover_packages(ignore) using defaults
[0.763s] Level 1:colcon.colcon_core.package_discovery:discover_packages(path) discover
[0.763s] Level 1:colcon.colcon_core.package_discovery:discover_packages(path) using defaults
[0.836s] INFO:colcon.colcon_core.package_selection:Skipping not selected package 'intro_interfaces' in 'src/intro_interfaces'
[0.837s] Level 1:colcon.colcon_core.package_discovery:discover_packages(prefix_path) check parameters
[0.838s] Level 1:colcon.colcon_core.package_discovery:discover_packages(prefix_path) discover
[0.845s] DEBUG:colcon.colcon_installed_package_information.package_discovery:Found 2 installed packages in /home/optimus/first_ros2_ws/install
[0.855s] DEBUG:colcon.colcon_installed_package_information.package_discovery:Found 284 installed packages in /opt/ros/jazzy
[0.859s] Level 1:colcon.colcon_core.package_discovery:discover_packages(prefix_path) using defaults
[1.082s] Level 5:colcon.colcon_core.verb:set package 'timed_led' build argument 'cmake_args' from command line to 'None'
[1.082s] Level 5:colcon.colcon_core.verb:set package 'timed_led' build argument 'cmake_target' from command line to 'None'
[1.082s] Level 5:colcon.colcon_core.verb:set package 'timed_led' build argument 'cmake_target_skip_unavailable' from command line to 'False'
[1.082s] Level 5:colcon.colcon_core.verb:set package 'timed_led' build argument 'cmake_clean_cache' from command line to 'False'
[1.083s] Level 5:colcon.colcon_core.verb:set package 'timed_led' build argument 'cmake_clean_first' from command line to 'False'
[1.083s] Level 5:colcon.colcon_core.verb:set package 'timed_led' build argument 'cmake_force_configure' from command line to 'False'
[1.083s] Level 5:colcon.colcon_core.verb:set package 'timed_led' build argument 'ament_cmake_args' from command line to 'None'
[1.083s] Level 5:colcon.colcon_core.verb:set package 'timed_led' build argument 'catkin_cmake_args' from command line to 'None'
[1.083s] Level 5:colcon.colcon_core.verb:set package 'timed_led' build argument 'catkin_skip_building_tests' from command line to 'False'
[1.083s] DEBUG:colcon.colcon_core.verb:Building package 'timed_led' with the following arguments: {'ament_cmake_args': None, 'build_base': '/home/optimus/first_ros2_ws/build/timed_led', 'catkin_cmake_args': None, 'catkin_skip_building_tests': False, 'cmake_args': None, 'cmake_clean_cache': False, 'cmake_clean_first': False, 'cmake_force_configure': False, 'cmake_target': None, 'cmake_target_skip_unavailable': False, 'install_base': '/home/optimus/first_ros2_ws/install/timed_led', 'merge_install': False, 'path': '/home/optimus/first_ros2_ws/src/timed_led', 'symlink_install': False, 'test_result_base': None}
[1.084s] INFO:colcon.colcon_core.executor:Executing jobs using 'parallel' executor
[1.087s] DEBUG:colcon.colcon_parallel_executor.executor.parallel:run_until_complete
[1.088s] INFO:colcon.colcon_ros.task.ament_python.build:Building ROS package in '/home/optimus/first_ros2_ws/src/timed_led' with build type 'ament_python'
[1.089s] Level 1:colcon.colcon_core.shell:create_environment_hook('timed_led', 'ament_prefix_path')
[1.099s] INFO:colcon.colcon_core.plugin_system:Skipping extension 'colcon_core.shell.bat': Not used on non-Windows systems
[1.100s] INFO:colcon.colcon_core.shell:Creating environment hook '/home/optimus/first_ros2_ws/install/timed_led/share/timed_led/hook/ament_prefix_path.ps1'
[1.118s] INFO:colcon.colcon_core.shell:Creating environment descriptor '/home/optimus/first_ros2_ws/install/timed_led/share/timed_led/hook/ament_prefix_path.dsv'
[1.122s] INFO:colcon.colcon_core.shell:Creating environment hook '/home/optimus/first_ros2_ws/install/timed_led/share/timed_led/hook/ament_prefix_path.sh'
[1.127s] INFO:colcon.colcon_core.shell:Skip shell extension 'powershell' for command environment: Not usable outside of PowerShell
[1.128s] DEBUG:colcon.colcon_core.shell:Skip shell extension 'dsv' for command environment
[2.114s] INFO:colcon.colcon_core.task.python.build:Building Python package in '/home/optimus/first_ros2_ws/src/timed_led'
[2.115s] INFO:colcon.colcon_core.shell:Skip shell extension 'powershell' for command environment: Not usable outside of PowerShell
[2.115s] DEBUG:colcon.colcon_core.shell:Skip shell extension 'dsv' for command environment
[4.839s] DEBUG:colcon.colcon_core.event_handler.log_command:Invoking command in '/home/optimus/first_ros2_ws/src/timed_led': DEBUGINFOD_URLS=https://debuginfod.ubuntu.com PYTHONPATH=/home/optimus/first_ros2_ws/build/timed_led/prefix_override:/usr/lib/python3/dist-packages/colcon_core/task/python/colcon_distutils_commands:/home/optimus/first_ros2_ws/install/timed_led/lib/python3.12/site-packages:${PYTHONPATH} /usr/bin/python3 -W ignore:setup.py install is deprecated -W ignore:easy_install command is deprecated setup.py egg_info --egg-base ../../build/timed_led build --build-base /home/optimus/first_ros2_ws/build/timed_led/build install --record /home/optimus/first_ros2_ws/build/timed_led/install.log --single-version-externally-managed install_data
[8.013s] DEBUG:colcon.colcon_core.event_handler.log_command:Invoked command in '/home/optimus/first_ros2_ws/src/timed_led' returned '0': DEBUGINFOD_URLS=https://debuginfod.ubuntu.com PYTHONPATH=/home/optimus/first_ros2_ws/build/timed_led/prefix_override:/usr/lib/python3/dist-packages/colcon_core/task/python/colcon_distutils_commands:/home/optimus/first_ros2_ws/install/timed_led/lib/python3.12/site-packages:${PYTHONPATH} /usr/bin/python3 -W ignore:setup.py install is deprecated -W ignore:easy_install command is deprecated setup.py egg_info --egg-base ../../build/timed_led build --build-base /home/optimus/first_ros2_ws/build/timed_led/build install --record /home/optimus/first_ros2_ws/build/timed_led/install.log --single-version-externally-managed install_data
[8.022s] Level 1:colcon.colcon_core.environment:checking '/home/optimus/first_ros2_ws/install/timed_led' for CMake module files
[8.025s] Level 1:colcon.colcon_core.environment:checking '/home/optimus/first_ros2_ws/install/timed_led' for CMake config files
[8.030s] Level 1:colcon.colcon_core.environment:checking '/home/optimus/first_ros2_ws/install/timed_led/lib'
[8.031s] Level 1:colcon.colcon_core.environment:checking '/home/optimus/first_ros2_ws/install/timed_led/bin'
[8.031s] Level 1:colcon.colcon_core.environment:checking '/home/optimus/first_ros2_ws/install/timed_led/lib/pkgconfig/timed_led.pc'
[8.032s] Level 1:colcon.colcon_core.environment:checking '/home/optimus/first_ros2_ws/install/timed_led/lib/python3.12/site-packages'
[8.033s] Level 1:colcon.colcon_core.shell:create_environment_hook('timed_led', 'pythonpath')
[8.033s] INFO:colcon.colcon_core.shell:Creating environment hook '/home/optimus/first_ros2_ws/install/timed_led/share/timed_led/hook/pythonpath.ps1'
[8.035s] INFO:colcon.colcon_core.shell:Creating environment descriptor '/home/optimus/first_ros2_ws/install/timed_led/share/timed_led/hook/pythonpath.dsv'
[8.054s] INFO:colcon.colcon_core.shell:Creating environment hook '/home/optimus/first_ros2_ws/install/timed_led/share/timed_led/hook/pythonpath.sh'
[8.061s] Level 1:colcon.colcon_core.environment:checking '/home/optimus/first_ros2_ws/install/timed_led/bin'
[8.061s] Level 1:colcon.colcon_core.environment:create_environment_scripts_only(timed_led)
[8.064s] INFO:colcon.colcon_core.shell:Creating package script '/home/optimus/first_ros2_ws/install/timed_led/share/timed_led/package.ps1'
[8.075s] INFO:colcon.colcon_core.shell:Creating package descriptor '/home/optimus/first_ros2_ws/install/timed_led/share/timed_led/package.dsv'
[8.080s] INFO:colcon.colcon_core.shell:Creating package script '/home/optimus/first_ros2_ws/install/timed_led/share/timed_led/package.sh'
[8.091s] INFO:colcon.colcon_core.shell:Creating package script '/home/optimus/first_ros2_ws/install/timed_led/share/timed_led/package.bash'
[8.103s] INFO:colcon.colcon_core.shell:Creating package script '/home/optimus/first_ros2_ws/install/timed_led/share/timed_led/package.zsh'
[8.114s] Level 1:colcon.colcon_core.environment:create_file_with_runtime_dependencies(/home/optimus/first_ros2_ws/install/timed_led/share/colcon-core/packages/timed_led)
[8.119s] DEBUG:colcon.colcon_parallel_executor.executor.parallel:closing loop
[8.121s] DEBUG:colcon.colcon_parallel_executor.executor.parallel:loop closed
[8.122s] DEBUG:colcon.colcon_parallel_executor.executor.parallel:run_until_complete finished with '0'
[8.122s] DEBUG:colcon.colcon_core.event_reactor:joining thread
[8.149s] INFO:colcon.colcon_core.plugin_system:Skipping extension 'colcon_notification.desktop_notification.terminal_notifier': Not used on non-Darwin systems
[8.149s] INFO:colcon.colcon_core.plugin_system:Skipping extension 'colcon_notification.desktop_notification.win32': Not used on non-Windows systems
[8.149s] INFO:colcon.colcon_notification.desktop_notification:Sending desktop notification using 'notify2'
[8.154s] DEBUG:colcon.colcon_notification.desktop_notification.notify2:Failed to initialize notify2: org.freedesktop.DBus.Error.ServiceUnknown: The name org.freedesktop.Notifications was not provided by any .service files
[8.154s] DEBUG:colcon.colcon_core.event_reactor:joined thread
[8.155s] INFO:colcon.colcon_core.shell:Creating prefix script '/home/optimus/first_ros2_ws/install/local_setup.ps1'
[8.159s] INFO:colcon.colcon_core.shell:Creating prefix util module '/home/optimus/first_ros2_ws/install/_local_setup_util_ps1.py'
[8.179s] INFO:colcon.colcon_core.shell:Creating prefix chain script '/home/optimus/first_ros2_ws/install/setup.ps1'
[8.186s] INFO:colcon.colcon_core.shell:Creating prefix script '/home/optimus/first_ros2_ws/install/local_setup.sh'
[8.192s] INFO:colcon.colcon_core.shell:Creating prefix util module '/home/optimus/first_ros2_ws/install/_local_setup_util_sh.py'
[8.198s] INFO:colcon.colcon_core.shell:Creating prefix chain script '/home/optimus/first_ros2_ws/install/setup.sh'
[8.209s] INFO:colcon.colcon_core.shell:Creating prefix script '/home/optimus/first_ros2_ws/install/local_setup.bash'
[8.222s] INFO:colcon.colcon_core.shell:Creating prefix chain script '/home/optimus/first_ros2_ws/install/setup.bash'
[8.234s] INFO:colcon.colcon_core.shell:Creating prefix script '/home/optimus/first_ros2_ws/install/local_setup.zsh'
[8.245s] INFO:colcon.colcon_core.shell:Creating prefix chain script '/home/optimus/first_ros2_ws/install/setup.zsh'
