[4.568s] Invoking command in '/home/optimus/first_ros2_ws/src/timed_led': DEBUGINFOD_URLS=https://debuginfod.ubuntu.com PYTHONPATH=/home/optimus/first_ros2_ws/build/timed_led/prefix_override:/usr/lib/python3/dist-packages/colcon_core/task/python/colcon_distutils_commands:/home/optimus/first_ros2_ws/install/timed_led/lib/python3.12/site-packages:${PYTHONPATH} /usr/bin/python3 -W ignore:setup.py install is deprecated -W ignore:easy_install command is deprecated setup.py egg_info --egg-base ../../build/timed_led build --build-base /home/optimus/first_ros2_ws/build/timed_led/build install --record /home/optimus/first_ros2_ws/build/timed_led/install.log --single-version-externally-managed install_data
[5.871s] running egg_info
[5.971s] writing ../../build/timed_led/timed_led.egg-info/PKG-INFO
[5.972s] writing dependency_links to ../../build/timed_led/timed_led.egg-info/dependency_links.txt
[5.973s] writing entry points to ../../build/timed_led/timed_led.egg-info/entry_points.txt
[5.974s] writing requirements to ../../build/timed_led/timed_led.egg-info/requires.txt
[5.975s] writing top-level names to ../../build/timed_led/timed_led.egg-info/top_level.txt
[6.168s] reading manifest file '../../build/timed_led/timed_led.egg-info/SOURCES.txt'
[6.170s] adding license file 'LICENSE'
[6.172s] writing manifest file '../../build/timed_led/timed_led.egg-info/SOURCES.txt'
[6.173s] running build
[6.173s] running build_py
[6.175s] copying timed_led/led_action_server.py -> /home/optimus/first_ros2_ws/build/timed_led/build/lib/timed_led
[6.177s] running install
[6.205s] running install_lib
[6.298s] copying /home/optimus/first_ros2_ws/build/timed_led/build/lib/timed_led/led_action_server.py -> /home/optimus/first_ros2_ws/install/timed_led/lib/python3.12/site-packages/timed_led
[6.302s] byte-compiling /home/optimus/first_ros2_ws/install/timed_led/lib/python3.12/site-packages/timed_led/led_action_server.py to led_action_server.cpython-312.pyc
[6.306s] running install_data
[6.306s] running install_egg_info
[6.405s] removing '/home/optimus/first_ros2_ws/install/timed_led/lib/python3.12/site-packages/timed_led-0.0.0-py3.12.egg-info' (and everything under it)
[6.408s] Copying ../../build/timed_led/timed_led.egg-info to /home/optimus/first_ros2_ws/install/timed_led/lib/python3.12/site-packages/timed_led-0.0.0-py3.12.egg-info
[6.416s] running install_scripts
[7.119s] Installing client_led_tracker script to /home/optimus/first_ros2_ws/install/timed_led/lib/timed_led
[7.120s] Installing led_action_server script to /home/optimus/first_ros2_ws/install/timed_led/lib/timed_led
[7.121s] Installing led_timer script to /home/optimus/first_ros2_ws/install/timed_led/lib/timed_led
[7.122s] Installing server_led_tracker script to /home/optimus/first_ros2_ws/install/timed_led/lib/timed_led
[7.123s] Installing timed_led script to /home/optimus/first_ros2_ws/install/timed_led/lib/timed_led
[7.124s] writing list of installed files to '/home/optimus/first_ros2_ws/build/timed_led/install.log'
[7.272s] Invoked command in '/home/optimus/first_ros2_ws/src/timed_led' returned '0': DEBUGINFOD_URLS=https://debuginfod.ubuntu.com PYTHONPATH=/home/optimus/first_ros2_ws/build/timed_led/prefix_override:/usr/lib/python3/dist-packages/colcon_core/task/python/colcon_distutils_commands:/home/optimus/first_ros2_ws/install/timed_led/lib/python3.12/site-packages:${PYTHONPATH} /usr/bin/python3 -W ignore:setup.py install is deprecated -W ignore:easy_install command is deprecated setup.py egg_info --egg-base ../../build/timed_led build --build-base /home/optimus/first_ros2_ws/build/timed_led/build install --record /home/optimus/first_ros2_ws/build/timed_led/install.log --single-version-externally-managed install_data
