[0.467s] DEBUG:colcon:Command line arguments: ['/usr/bin/colcon', 'build', '--packages-select', 'timed_led']
[0.468s] DEBUG:colcon:Parsed command line arguments: Namespace(log_base=None, log_level=None, verb_name='build', build_base='build', install_base='install', merge_install=False, symlink_install=False, test_result_base=None, continue_on_error=False, executor='parallel', parallel_workers=4, event_handlers=None, ignore_user_meta=False, metas=['./colcon.meta'], base_paths=['.'], packages_ignore=None, packages_ignore_regex=None, paths=None, packages_up_to=None, packages_up_to_regex=None, packages_above=None, packages_above_and_dependencies=None, packages_above_depth=None, packages_select_by_dep=None, packages_skip_by_dep=None, packages_skip_up_to=None, packages_select_build_failed=False, packages_skip_build_finished=False, packages_select_test_failures=False, packages_skip_test_passed=False, packages_select=['timed_led'], packages_skip=None, packages_select_regex=None, packages_skip_regex=None, packages_start=None, packages_end=None, allow_overriding=[], cmake_args=None, cmake_target=None, cmake_target_skip_unavailable=False, cmake_clean_cache=False, cmake_clean_first=False, cmake_force_configure=False, ament_cmake_args=None, catkin_cmake_args=None, catkin_skip_building_tests=False, mixin_files=None, mixin=None, verb_parser=<colcon_mixin.mixin.mixin_argument.MixinArgumentDecorator object at 0xffff9d818050>, verb_extension=<colcon_core.verb.build.BuildVerb object at 0xffff9d9c8200>, main=<bound method BuildVerb.main of <colcon_core.verb.build.BuildVerb object at 0xffff9d9c8200>>, mixin_verb=('build',))
[0.635s] Level 1:colcon.colcon_core.package_discovery:discover_packages(colcon_meta) check parameters
[0.635s] Level 1:colcon.colcon_core.package_discovery:discover_packages(recursive) check parameters
[0.635s] Level 1:colcon.colcon_core.package_discovery:discover_packages(ignore) check parameters
[0.636s] Level 1:colcon.colcon_core.package_discovery:discover_packages(path) check parameters
[0.636s] Level 1:colcon.colcon_core.package_discovery:discover_packages(colcon_meta) discover
[0.636s] Level 1:colcon.colcon_core.package_discovery:discover_packages(recursive) discover
[0.636s] INFO:colcon.colcon_core.package_discovery:Crawling recursively for packages in '/home/optimus/first_ros2_ws'
[0.637s] Level 1:colcon.colcon_core.package_identification:_identify(.) by extensions ['ignore', 'ignore_ament_install']
[0.637s] Level 1:colcon.colcon_core.package_identification:_identify(.) by extension 'ignore'
[0.637s] Level 1:colcon.colcon_core.package_identification:_identify(.) by extension 'ignore_ament_install'
[0.637s] Level 1:colcon.colcon_core.package_identification:_identify(.) by extensions ['colcon_pkg']
[0.638s] Level 1:colcon.colcon_core.package_identification:_identify(.) by extension 'colcon_pkg'
[0.638s] Level 1:colcon.colcon_core.package_identification:_identify(.) by extensions ['colcon_meta']
[0.638s] Level 1:colcon.colcon_core.package_identification:_identify(.) by extension 'colcon_meta'
[0.638s] Level 1:colcon.colcon_core.package_identification:_identify(.) by extensions ['ros']
[0.638s] Level 1:colcon.colcon_core.package_identification:_identify(.) by extension 'ros'
[0.748s] Level 1:colcon.colcon_core.package_identification:_identify(.) by extensions ['cmake', 'python']
[0.749s] Level 1:colcon.colcon_core.package_identification:_identify(.) by extension 'cmake'
[0.749s] Level 1:colcon.colcon_core.package_identification:_identify(.) by extension 'python'
[0.749s] Level 1:colcon.colcon_core.package_identification:_identify(.) by extensions ['python_setup_py']
[0.749s] Level 1:colcon.colcon_core.package_identification:_identify(.) by extension 'python_setup_py'
[0.750s] Level 1:colcon.colcon_core.package_identification:_identify(build) by extensions ['ignore', 'ignore_ament_install']
[0.750s] Level 1:colcon.colcon_core.package_identification:_identify(build) by extension 'ignore'
[0.751s] Level 1:colcon.colcon_core.package_identification:_identify(build) ignored
[0.751s] Level 1:colcon.colcon_core.package_identification:_identify(images) by extensions ['ignore', 'ignore_ament_install']
[0.752s] Level 1:colcon.colcon_core.package_identification:_identify(images) by extension 'ignore'
[0.752s] Level 1:colcon.colcon_core.package_identification:_identify(images) by extension 'ignore_ament_install'
[0.752s] Level 1:colcon.colcon_core.package_identification:_identify(images) by extensions ['colcon_pkg']
[0.753s] Level 1:colcon.colcon_core.package_identification:_identify(images) by extension 'colcon_pkg'
[0.753s] Level 1:colcon.colcon_core.package_identification:_identify(images) by extensions ['colcon_meta']
[0.753s] Level 1:colcon.colcon_core.package_identification:_identify(images) by extension 'colcon_meta'
[0.753s] Level 1:colcon.colcon_core.package_identification:_identify(images) by extensions ['ros']
[0.753s] Level 1:colcon.colcon_core.package_identification:_identify(images) by extension 'ros'
[0.754s] Level 1:colcon.colcon_core.package_identification:_identify(images) by extensions ['cmake', 'python']
[0.754s] Level 1:colcon.colcon_core.package_identification:_identify(images) by extension 'cmake'
[0.754s] Level 1:colcon.colcon_core.package_identification:_identify(images) by extension 'python'
[0.755s] Level 1:colcon.colcon_core.package_identification:_identify(images) by extensions ['python_setup_py']
[0.755s] Level 1:colcon.colcon_core.package_identification:_identify(images) by extension 'python_setup_py'
[0.755s] Level 1:colcon.colcon_core.package_identification:_identify(install) by extensions ['ignore', 'ignore_ament_install']
[0.756s] Level 1:colcon.colcon_core.package_identification:_identify(install) by extension 'ignore'
[0.756s] Level 1:colcon.colcon_core.package_identification:_identify(install) ignored
[0.758s] Level 1:colcon.colcon_core.package_identification:_identify(log) by extensions ['ignore', 'ignore_ament_install']
[0.758s] Level 1:colcon.colcon_core.package_identification:_identify(log) by extension 'ignore'
[0.758s] Level 1:colcon.colcon_core.package_identification:_identify(log) ignored
[0.759s] Level 1:colcon.colcon_core.package_identification:_identify(src) by extensions ['ignore', 'ignore_ament_install']
[0.759s] Level 1:colcon.colcon_core.package_identification:_identify(src) by extension 'ignore'
[0.759s] Level 1:colcon.colcon_core.package_identification:_identify(src) by extension 'ignore_ament_install'
[0.760s] Level 1:colcon.colcon_core.package_identification:_identify(src) by extensions ['colcon_pkg']
[0.760s] Level 1:colcon.colcon_core.package_identification:_identify(src) by extension 'colcon_pkg'
[0.760s] Level 1:colcon.colcon_core.package_identification:_identify(src) by extensions ['colcon_meta']
[0.760s] Level 1:colcon.colcon_core.package_identification:_identify(src) by extension 'colcon_meta'
[0.760s] Level 1:colcon.colcon_core.package_identification:_identify(src) by extensions ['ros']
[0.761s] Level 1:colcon.colcon_core.package_identification:_identify(src) by extension 'ros'
[0.761s] Level 1:colcon.colcon_core.package_identification:_identify(src) by extensions ['cmake', 'python']
[0.761s] Level 1:colcon.colcon_core.package_identification:_identify(src) by extension 'cmake'
[0.761s] Level 1:colcon.colcon_core.package_identification:_identify(src) by extension 'python'
[0.762s] Level 1:colcon.colcon_core.package_identification:_identify(src) by extensions ['python_setup_py']
[0.762s] Level 1:colcon.colcon_core.package_identification:_identify(src) by extension 'python_setup_py'
[0.762s] Level 1:colcon.colcon_core.package_identification:_identify(src/intro_interfaces) by extensions ['ignore', 'ignore_ament_install']
[0.763s] Level 1:colcon.colcon_core.package_identification:_identify(src/intro_interfaces) by extension 'ignore'
[0.763s] Level 1:colcon.colcon_core.package_identification:_identify(src/intro_interfaces) by extension 'ignore_ament_install'
[0.763s] Level 1:colcon.colcon_core.package_identification:_identify(src/intro_interfaces) by extensions ['colcon_pkg']
[0.764s] Level 1:colcon.colcon_core.package_identification:_identify(src/intro_interfaces) by extension 'colcon_pkg'
[0.764s] Level 1:colcon.colcon_core.package_identification:_identify(src/intro_interfaces) by extensions ['colcon_meta']
[0.764s] Level 1:colcon.colcon_core.package_identification:_identify(src/intro_interfaces) by extension 'colcon_meta'
[0.764s] Level 1:colcon.colcon_core.package_identification:_identify(src/intro_interfaces) by extensions ['ros']
[0.765s] Level 1:colcon.colcon_core.package_identification:_identify(src/intro_interfaces) by extension 'ros'
[0.775s] DEBUG:colcon.colcon_core.package_identification:Package 'src/intro_interfaces' with type 'ros.ament_cmake' and name 'intro_interfaces'
[0.776s] Level 1:colcon.colcon_core.package_identification:_identify(src/timed_led) by extensions ['ignore', 'ignore_ament_install']
[0.776s] Level 1:colcon.colcon_core.package_identification:_identify(src/timed_led) by extension 'ignore'
[0.776s] Level 1:colcon.colcon_core.package_identification:_identify(src/timed_led) by extension 'ignore_ament_install'
[0.777s] Level 1:colcon.colcon_core.package_identification:_identify(src/timed_led) by extensions ['colcon_pkg']
[0.777s] Level 1:colcon.colcon_core.package_identification:_identify(src/timed_led) by extension 'colcon_pkg'
[0.777s] Level 1:colcon.colcon_core.package_identification:_identify(src/timed_led) by extensions ['colcon_meta']
[0.777s] Level 1:colcon.colcon_core.package_identification:_identify(src/timed_led) by extension 'colcon_meta'
[0.778s] Level 1:colcon.colcon_core.package_identification:_identify(src/timed_led) by extensions ['ros']
[0.778s] Level 1:colcon.colcon_core.package_identification:_identify(src/timed_led) by extension 'ros'
[0.780s] DEBUG:colcon.colcon_core.package_identification:Package 'src/timed_led' with type 'ros.ament_python' and name 'timed_led'
[0.781s] Level 1:colcon.colcon_core.package_discovery:discover_packages(recursive) using defaults
[0.781s] Level 1:colcon.colcon_core.package_discovery:discover_packages(ignore) discover
[0.782s] Level 1:colcon.colcon_core.package_discovery:discover_packages(ignore) using defaults
[0.782s] Level 1:colcon.colcon_core.package_discovery:discover_packages(path) discover
[0.782s] Level 1:colcon.colcon_core.package_discovery:discover_packages(path) using defaults
[0.851s] INFO:colcon.colcon_core.package_selection:Skipping not selected package 'intro_interfaces' in 'src/intro_interfaces'
[0.853s] Level 1:colcon.colcon_core.package_discovery:discover_packages(prefix_path) check parameters
[0.853s] Level 1:colcon.colcon_core.package_discovery:discover_packages(prefix_path) discover
[0.863s] DEBUG:colcon.colcon_installed_package_information.package_discovery:Found 2 installed packages in /home/optimus/first_ros2_ws/install
[0.875s] DEBUG:colcon.colcon_installed_package_information.package_discovery:Found 324 installed packages in /opt/ros/jazzy
[0.883s] Level 1:colcon.colcon_core.package_discovery:discover_packages(prefix_path) using defaults
[1.105s] Level 5:colcon.colcon_core.verb:set package 'timed_led' build argument 'cmake_args' from command line to 'None'
[1.105s] Level 5:colcon.colcon_core.verb:set package 'timed_led' build argument 'cmake_target' from command line to 'None'
[1.105s] Level 5:colcon.colcon_core.verb:set package 'timed_led' build argument 'cmake_target_skip_unavailable' from command line to 'False'
[1.105s] Level 5:colcon.colcon_core.verb:set package 'timed_led' build argument 'cmake_clean_cache' from command line to 'False'
[1.105s] Level 5:colcon.colcon_core.verb:set package 'timed_led' build argument 'cmake_clean_first' from command line to 'False'
[1.105s] Level 5:colcon.colcon_core.verb:set package 'timed_led' build argument 'cmake_force_configure' from command line to 'False'
[1.105s] Level 5:colcon.colcon_core.verb:set package 'timed_led' build argument 'ament_cmake_args' from command line to 'None'
[1.105s] Level 5:colcon.colcon_core.verb:set package 'timed_led' build argument 'catkin_cmake_args' from command line to 'None'
[1.106s] Level 5:colcon.colcon_core.verb:set package 'timed_led' build argument 'catkin_skip_building_tests' from command line to 'False'
[1.106s] DEBUG:colcon.colcon_core.verb:Building package 'timed_led' with the following arguments: {'ament_cmake_args': None, 'build_base': '/home/optimus/first_ros2_ws/build/timed_led', 'catkin_cmake_args': None, 'catkin_skip_building_tests': False, 'cmake_args': None, 'cmake_clean_cache': False, 'cmake_clean_first': False, 'cmake_force_configure': False, 'cmake_target': None, 'cmake_target_skip_unavailable': False, 'install_base': '/home/optimus/first_ros2_ws/install/timed_led', 'merge_install': False, 'path': '/home/optimus/first_ros2_ws/src/timed_led', 'symlink_install': False, 'test_result_base': None}
[1.106s] INFO:colcon.colcon_core.executor:Executing jobs using 'parallel' executor
[1.109s] DEBUG:colcon.colcon_parallel_executor.executor.parallel:run_until_complete
[1.110s] INFO:colcon.colcon_ros.task.ament_python.build:Building ROS package in '/home/optimus/first_ros2_ws/src/timed_led' with build type 'ament_python'
[1.111s] Level 1:colcon.colcon_core.shell:create_environment_hook('timed_led', 'ament_prefix_path')
[1.119s] INFO:colcon.colcon_core.plugin_system:Skipping extension 'colcon_core.shell.bat': Not used on non-Windows systems
[1.120s] INFO:colcon.colcon_core.shell:Creating environment hook '/home/optimus/first_ros2_ws/install/timed_led/share/timed_led/hook/ament_prefix_path.ps1'
[1.123s] INFO:colcon.colcon_core.shell:Creating environment descriptor '/home/optimus/first_ros2_ws/install/timed_led/share/timed_led/hook/ament_prefix_path.dsv'
[1.125s] INFO:colcon.colcon_core.shell:Creating environment hook '/home/optimus/first_ros2_ws/install/timed_led/share/timed_led/hook/ament_prefix_path.sh'
[1.128s] INFO:colcon.colcon_core.shell:Skip shell extension 'powershell' for command environment: Not usable outside of PowerShell
[1.129s] DEBUG:colcon.colcon_core.shell:Skip shell extension 'dsv' for command environment
[2.155s] INFO:colcon.colcon_core.task.python.build:Building Python package in '/home/optimus/first_ros2_ws/src/timed_led'
[2.156s] INFO:colcon.colcon_core.shell:Skip shell extension 'powershell' for command environment: Not usable outside of PowerShell
[2.156s] DEBUG:colcon.colcon_core.shell:Skip shell extension 'dsv' for command environment
[5.039s] DEBUG:colcon.colcon_core.event_handler.log_command:Invoking command in '/home/optimus/first_ros2_ws/src/timed_led': DEBUGINFOD_URLS=https://debuginfod.ubuntu.com PYTHONPATH=/home/optimus/first_ros2_ws/build/timed_led/prefix_override:/usr/lib/python3/dist-packages/colcon_core/task/python/colcon_distutils_commands:/home/optimus/first_ros2_ws/install/timed_led/lib/python3.12/site-packages:${PYTHONPATH} /usr/bin/python3 -W ignore:setup.py install is deprecated -W ignore:easy_install command is deprecated setup.py egg_info --egg-base ../../build/timed_led build --build-base /home/optimus/first_ros2_ws/build/timed_led/build install --record /home/optimus/first_ros2_ws/build/timed_led/install.log --single-version-externally-managed install_data
[7.662s] DEBUG:colcon.colcon_core.event_handler.log_command:Invoked command in '/home/optimus/first_ros2_ws/src/timed_led' returned '0': DEBUGINFOD_URLS=https://debuginfod.ubuntu.com PYTHONPATH=/home/optimus/first_ros2_ws/build/timed_led/prefix_override:/usr/lib/python3/dist-packages/colcon_core/task/python/colcon_distutils_commands:/home/optimus/first_ros2_ws/install/timed_led/lib/python3.12/site-packages:${PYTHONPATH} /usr/bin/python3 -W ignore:setup.py install is deprecated -W ignore:easy_install command is deprecated setup.py egg_info --egg-base ../../build/timed_led build --build-base /home/optimus/first_ros2_ws/build/timed_led/build install --record /home/optimus/first_ros2_ws/build/timed_led/install.log --single-version-externally-managed install_data
[7.671s] Level 1:colcon.colcon_core.environment:checking '/home/optimus/first_ros2_ws/install/timed_led' for CMake module files
[7.675s] Level 1:colcon.colcon_core.environment:checking '/home/optimus/first_ros2_ws/install/timed_led' for CMake config files
[7.679s] Level 1:colcon.colcon_core.environment:checking '/home/optimus/first_ros2_ws/install/timed_led/lib'
[7.680s] Level 1:colcon.colcon_core.environment:checking '/home/optimus/first_ros2_ws/install/timed_led/bin'
[7.680s] Level 1:colcon.colcon_core.environment:checking '/home/optimus/first_ros2_ws/install/timed_led/lib/pkgconfig/timed_led.pc'
[7.681s] Level 1:colcon.colcon_core.environment:checking '/home/optimus/first_ros2_ws/install/timed_led/lib/python3.12/site-packages'
[7.682s] Level 1:colcon.colcon_core.shell:create_environment_hook('timed_led', 'pythonpath')
[7.683s] INFO:colcon.colcon_core.shell:Creating environment hook '/home/optimus/first_ros2_ws/install/timed_led/share/timed_led/hook/pythonpath.ps1'
[7.685s] INFO:colcon.colcon_core.shell:Creating environment descriptor '/home/optimus/first_ros2_ws/install/timed_led/share/timed_led/hook/pythonpath.dsv'
[7.687s] INFO:colcon.colcon_core.shell:Creating environment hook '/home/optimus/first_ros2_ws/install/timed_led/share/timed_led/hook/pythonpath.sh'
[7.689s] Level 1:colcon.colcon_core.environment:checking '/home/optimus/first_ros2_ws/install/timed_led/bin'
[7.690s] Level 1:colcon.colcon_core.environment:create_environment_scripts_only(timed_led)
[7.691s] INFO:colcon.colcon_core.shell:Creating package script '/home/optimus/first_ros2_ws/install/timed_led/share/timed_led/package.ps1'
[7.694s] INFO:colcon.colcon_core.shell:Creating package descriptor '/home/optimus/first_ros2_ws/install/timed_led/share/timed_led/package.dsv'
[7.696s] INFO:colcon.colcon_core.shell:Creating package script '/home/optimus/first_ros2_ws/install/timed_led/share/timed_led/package.sh'
[7.699s] INFO:colcon.colcon_core.shell:Creating package script '/home/optimus/first_ros2_ws/install/timed_led/share/timed_led/package.bash'
[7.702s] INFO:colcon.colcon_core.shell:Creating package script '/home/optimus/first_ros2_ws/install/timed_led/share/timed_led/package.zsh'
[7.705s] Level 1:colcon.colcon_core.environment:create_file_with_runtime_dependencies(/home/optimus/first_ros2_ws/install/timed_led/share/colcon-core/packages/timed_led)
[7.707s] DEBUG:colcon.colcon_parallel_executor.executor.parallel:closing loop
[7.708s] DEBUG:colcon.colcon_parallel_executor.executor.parallel:loop closed
[7.709s] DEBUG:colcon.colcon_parallel_executor.executor.parallel:run_until_complete finished with '0'
[7.709s] DEBUG:colcon.colcon_core.event_reactor:joining thread
[7.732s] INFO:colcon.colcon_core.plugin_system:Skipping extension 'colcon_notification.desktop_notification.terminal_notifier': Not used on non-Darwin systems
[7.732s] INFO:colcon.colcon_core.plugin_system:Skipping extension 'colcon_notification.desktop_notification.win32': Not used on non-Windows systems
[7.732s] INFO:colcon.colcon_notification.desktop_notification:Sending desktop notification using 'notify2'
[7.794s] DEBUG:colcon.colcon_core.event_reactor:joined thread
[7.795s] INFO:colcon.colcon_core.shell:Creating prefix script '/home/optimus/first_ros2_ws/install/local_setup.ps1'
[7.799s] INFO:colcon.colcon_core.shell:Creating prefix util module '/home/optimus/first_ros2_ws/install/_local_setup_util_ps1.py'
[7.804s] INFO:colcon.colcon_core.shell:Creating prefix chain script '/home/optimus/first_ros2_ws/install/setup.ps1'
[7.810s] INFO:colcon.colcon_core.shell:Creating prefix script '/home/optimus/first_ros2_ws/install/local_setup.sh'
[7.813s] INFO:colcon.colcon_core.shell:Creating prefix util module '/home/optimus/first_ros2_ws/install/_local_setup_util_sh.py'
[7.817s] INFO:colcon.colcon_core.shell:Creating prefix chain script '/home/optimus/first_ros2_ws/install/setup.sh'
[7.822s] INFO:colcon.colcon_core.shell:Creating prefix script '/home/optimus/first_ros2_ws/install/local_setup.bash'
[7.824s] INFO:colcon.colcon_core.shell:Creating prefix chain script '/home/optimus/first_ros2_ws/install/setup.bash'
[7.829s] INFO:colcon.colcon_core.shell:Creating prefix script '/home/optimus/first_ros2_ws/install/local_setup.zsh'
[7.832s] INFO:colcon.colcon_core.shell:Creating prefix chain script '/home/optimus/first_ros2_ws/install/setup.zsh'
