[3.730s] Invoking command in '/home/optimus/first_ros2_ws/src/timed_led': DEBUGINFOD_URLS=https://debuginfod.ubuntu.com PYTHONPATH=/home/optimus/first_ros2_ws/build/timed_led/prefix_override:/usr/lib/python3/dist-packages/colcon_core/task/python/colcon_distutils_commands:/home/optimus/first_ros2_ws/install/timed_led/lib/python3.12/site-packages:${PYTHONPATH} /usr/bin/python3 -W ignore:setup.py install is deprecated -W ignore:easy_install command is deprecated setup.py egg_info --egg-base ../../build/timed_led build --build-base /home/optimus/first_ros2_ws/build/timed_led/build install --record /home/optimus/first_ros2_ws/build/timed_led/install.log --single-version-externally-managed install_data
[4.962s] running egg_info
[5.056s] writing ../../build/timed_led/timed_led.egg-info/PKG-INFO
[5.058s] writing dependency_links to ../../build/timed_led/timed_led.egg-info/dependency_links.txt
[5.059s] writing entry points to ../../build/timed_led/timed_led.egg-info/entry_points.txt
[5.060s] writing requirements to ../../build/timed_led/timed_led.egg-info/requires.txt
[5.061s] writing top-level names to ../../build/timed_led/timed_led.egg-info/top_level.txt
[5.244s] reading manifest file '../../build/timed_led/timed_led.egg-info/SOURCES.txt'
[5.245s] adding license file 'LICENSE'
[5.247s] writing manifest file '../../build/timed_led/timed_led.egg-info/SOURCES.txt'
[5.248s] running build
[5.249s] running build_py
[5.250s] copying timed_led/service_led_tracker.py -> /home/optimus/first_ros2_ws/build/timed_led/build/lib/timed_led
[5.252s] running install
[5.275s] running install_lib
[5.389s] copying /home/optimus/first_ros2_ws/build/timed_led/build/lib/timed_led/service_led_tracker.py -> /home/optimus/first_ros2_ws/install/timed_led/lib/python3.12/site-packages/timed_led
[5.393s] byte-compiling /home/optimus/first_ros2_ws/install/timed_led/lib/python3.12/site-packages/timed_led/service_led_tracker.py to service_led_tracker.cpython-312.pyc
[5.396s] running install_data
[5.397s] running install_egg_info
[5.511s] removing '/home/optimus/first_ros2_ws/install/timed_led/lib/python3.12/site-packages/timed_led-0.0.0-py3.12.egg-info' (and everything under it)
[5.514s] Copying ../../build/timed_led/timed_led.egg-info to /home/optimus/first_ros2_ws/install/timed_led/lib/python3.12/site-packages/timed_led-0.0.0-py3.12.egg-info
[5.525s] running install_scripts
[6.181s] Installing client_led_tracker script to /home/optimus/first_ros2_ws/install/timed_led/lib/timed_led
[6.182s] Installing led_timer script to /home/optimus/first_ros2_ws/install/timed_led/lib/timed_led
[6.183s] Installing server_led_tracker script to /home/optimus/first_ros2_ws/install/timed_led/lib/timed_led
[6.185s] Installing timed_led script to /home/optimus/first_ros2_ws/install/timed_led/lib/timed_led
[6.187s] writing list of installed files to '/home/optimus/first_ros2_ws/build/timed_led/install.log'
[6.331s] Invoked command in '/home/optimus/first_ros2_ws/src/timed_led' returned '0': DEBUGINFOD_URLS=https://debuginfod.ubuntu.com PYTHONPATH=/home/optimus/first_ros2_ws/build/timed_led/prefix_override:/usr/lib/python3/dist-packages/colcon_core/task/python/colcon_distutils_commands:/home/optimus/first_ros2_ws/install/timed_led/lib/python3.12/site-packages:${PYTHONPATH} /usr/bin/python3 -W ignore:setup.py install is deprecated -W ignore:easy_install command is deprecated setup.py egg_info --egg-base ../../build/timed_led build --build-base /home/optimus/first_ros2_ws/build/timed_led/build install --record /home/optimus/first_ros2_ws/build/timed_led/install.log --single-version-externally-managed install_data
