[5.944s] Invoking command in '/home/optimus/first_ros2_ws/src/timed_led': DEBUGINFOD_URLS=https://debuginfod.ubuntu.com PYTHONPATH=/home/optimus/first_ros2_ws/build/timed_led/prefix_override:/usr/lib/python3/dist-packages/colcon_core/task/python/colcon_distutils_commands:/home/optimus/first_ros2_ws/install/timed_led/lib/python3.12/site-packages:${PYTHONPATH} /usr/bin/python3 -W ignore:setup.py install is deprecated -W ignore:easy_install command is deprecated setup.py egg_info --egg-base ../../build/timed_led build --build-base /home/optimus/first_ros2_ws/build/timed_led/build install --record /home/optimus/first_ros2_ws/build/timed_led/install.log --single-version-externally-managed install_data
[7.998s] running egg_info
[8.172s] writing ../../build/timed_led/timed_led.egg-info/PKG-INFO
[8.174s] writing dependency_links to ../../build/timed_led/timed_led.egg-info/dependency_links.txt
[8.176s] writing entry points to ../../build/timed_led/timed_led.egg-info/entry_points.txt
[8.177s] writing requirements to ../../build/timed_led/timed_led.egg-info/requires.txt
[8.178s] writing top-level names to ../../build/timed_led/timed_led.egg-info/top_level.txt
[8.528s] reading manifest file '../../build/timed_led/timed_led.egg-info/SOURCES.txt'
[8.530s] adding license file 'LICENSE'
[8.533s] writing manifest file '../../build/timed_led/timed_led.egg-info/SOURCES.txt'
[8.534s] running build
[8.535s] running build_py
[8.536s] copying timed_led/led_action_client.py -> /home/optimus/first_ros2_ws/build/timed_led/build/lib/timed_led
[8.542s] running install
[8.569s] running install_lib
[8.820s] copying /home/optimus/first_ros2_ws/build/timed_led/build/lib/timed_led/led_action_client.py -> /home/optimus/first_ros2_ws/install/timed_led/lib/python3.12/site-packages/timed_led
[8.825s] byte-compiling /home/optimus/first_ros2_ws/install/timed_led/lib/python3.12/site-packages/timed_led/led_action_client.py to led_action_client.cpython-312.pyc
[8.832s] running install_data
[8.836s] running install_egg_info
[9.080s] removing '/home/optimus/first_ros2_ws/install/timed_led/lib/python3.12/site-packages/timed_led-0.0.0-py3.12.egg-info' (and everything under it)
[9.084s] Copying ../../build/timed_led/timed_led.egg-info to /home/optimus/first_ros2_ws/install/timed_led/lib/python3.12/site-packages/timed_led-0.0.0-py3.12.egg-info
[9.095s] running install_scripts
[10.276s] Installing client_led_tracker script to /home/optimus/first_ros2_ws/install/timed_led/lib/timed_led
[10.278s] Installing led_action_client script to /home/optimus/first_ros2_ws/install/timed_led/lib/timed_led
[10.279s] Installing led_action_server script to /home/optimus/first_ros2_ws/install/timed_led/lib/timed_led
[10.280s] Installing led_timer script to /home/optimus/first_ros2_ws/install/timed_led/lib/timed_led
[10.281s] Installing ps4_controller script to /home/optimus/first_ros2_ws/install/timed_led/lib/timed_led
[10.282s] Installing server_led_tracker script to /home/optimus/first_ros2_ws/install/timed_led/lib/timed_led
[10.283s] Installing timed_led script to /home/optimus/first_ros2_ws/install/timed_led/lib/timed_led
[10.285s] writing list of installed files to '/home/optimus/first_ros2_ws/build/timed_led/install.log'
[10.433s] Invoked command in '/home/optimus/first_ros2_ws/src/timed_led' returned '0': DEBUGINFOD_URLS=https://debuginfod.ubuntu.com PYTHONPATH=/home/optimus/first_ros2_ws/build/timed_led/prefix_override:/usr/lib/python3/dist-packages/colcon_core/task/python/colcon_distutils_commands:/home/optimus/first_ros2_ws/install/timed_led/lib/python3.12/site-packages:${PYTHONPATH} /usr/bin/python3 -W ignore:setup.py install is deprecated -W ignore:easy_install command is deprecated setup.py egg_info --egg-base ../../build/timed_led build --build-base /home/optimus/first_ros2_ws/build/timed_led/build install --record /home/optimus/first_ros2_ws/build/timed_led/install.log --single-version-externally-managed install_data
