[3.750s] Invoking command in '/home/optimus/first_ros2_ws/src/timed_led': DEBUGINFOD_URLS=https://debuginfod.ubuntu.com PYTHONPATH=/home/optimus/first_ros2_ws/build/timed_led/prefix_override:/usr/lib/python3/dist-packages/colcon_core/task/python/colcon_distutils_commands:/home/optimus/first_ros2_ws/install/timed_led/lib/python3.12/site-packages:${PYTHONPATH} /usr/bin/python3 -W ignore:setup.py install is deprecated -W ignore:easy_install command is deprecated setup.py egg_info --egg-base ../../build/timed_led build --build-base /home/optimus/first_ros2_ws/build/timed_led/build install --record /home/optimus/first_ros2_ws/build/timed_led/install.log --single-version-externally-managed install_data
[5.129s] running egg_info
[5.217s] writing ../../build/timed_led/timed_led.egg-info/PKG-INFO
[5.218s] writing dependency_links to ../../build/timed_led/timed_led.egg-info/dependency_links.txt
[5.220s] writing entry points to ../../build/timed_led/timed_led.egg-info/entry_points.txt
[5.221s] writing requirements to ../../build/timed_led/timed_led.egg-info/requires.txt
[5.222s] writing top-level names to ../../build/timed_led/timed_led.egg-info/top_level.txt
[5.410s] reading manifest file '../../build/timed_led/timed_led.egg-info/SOURCES.txt'
[5.412s] adding license file 'LICENSE'
[5.414s] writing manifest file '../../build/timed_led/timed_led.egg-info/SOURCES.txt'
[5.415s] running build
[5.415s] running build_py
[5.417s] copying timed_led/led_action_server.py -> /home/optimus/first_ros2_ws/build/timed_led/build/lib/timed_led
[5.419s] running install
[5.443s] running install_lib
[5.672s] copying /home/optimus/first_ros2_ws/build/timed_led/build/lib/timed_led/led_action_server.py -> /home/optimus/first_ros2_ws/install/timed_led/lib/python3.12/site-packages/timed_led
[5.676s] byte-compiling /home/optimus/first_ros2_ws/install/timed_led/lib/python3.12/site-packages/timed_led/led_action_server.py to led_action_server.cpython-312.pyc
[5.680s] running install_data
[5.680s] running install_egg_info
[5.854s] removing '/home/optimus/first_ros2_ws/install/timed_led/lib/python3.12/site-packages/timed_led-0.0.0-py3.12.egg-info' (and everything under it)
[5.855s] Copying ../../build/timed_led/timed_led.egg-info to /home/optimus/first_ros2_ws/install/timed_led/lib/python3.12/site-packages/timed_led-0.0.0-py3.12.egg-info
[5.863s] running install_scripts
[6.546s] Installing client_led_tracker script to /home/optimus/first_ros2_ws/install/timed_led/lib/timed_led
[6.547s] Installing led_action_client script to /home/optimus/first_ros2_ws/install/timed_led/lib/timed_led
[6.549s] Installing led_action_server script to /home/optimus/first_ros2_ws/install/timed_led/lib/timed_led
[6.551s] Installing led_timer script to /home/optimus/first_ros2_ws/install/timed_led/lib/timed_led
[6.552s] Installing server_led_tracker script to /home/optimus/first_ros2_ws/install/timed_led/lib/timed_led
[6.554s] Installing timed_led script to /home/optimus/first_ros2_ws/install/timed_led/lib/timed_led
[6.558s] writing list of installed files to '/home/optimus/first_ros2_ws/build/timed_led/install.log'
[6.702s] Invoked command in '/home/optimus/first_ros2_ws/src/timed_led' returned '0': DEBUGINFOD_URLS=https://debuginfod.ubuntu.com PYTHONPATH=/home/optimus/first_ros2_ws/build/timed_led/prefix_override:/usr/lib/python3/dist-packages/colcon_core/task/python/colcon_distutils_commands:/home/optimus/first_ros2_ws/install/timed_led/lib/python3.12/site-packages:${PYTHONPATH} /usr/bin/python3 -W ignore:setup.py install is deprecated -W ignore:easy_install command is deprecated setup.py egg_info --egg-base ../../build/timed_led build --build-base /home/optimus/first_ros2_ws/build/timed_led/build install --record /home/optimus/first_ros2_ws/build/timed_led/install.log --single-version-externally-managed install_data
