[4.012s] Invoking command in '/home/optimus/first_ros2_ws/src/timed_led': DEBUGINFOD_URLS=https://debuginfod.ubuntu.com PYTHONPATH=/home/optimus/first_ros2_ws/build/timed_led/prefix_override:/usr/lib/python3/dist-packages/colcon_core/task/python/colcon_distutils_commands:/home/optimus/first_ros2_ws/install/timed_led/lib/python3.12/site-packages:${PYTHONPATH} /usr/bin/python3 -W ignore:setup.py install is deprecated -W ignore:easy_install command is deprecated setup.py egg_info --egg-base ../../build/timed_led build --build-base /home/optimus/first_ros2_ws/build/timed_led/build install --record /home/optimus/first_ros2_ws/build/timed_led/install.log --single-version-externally-managed install_data
[5.244s] running egg_info
[5.335s] writing ../../build/timed_led/timed_led.egg-info/PKG-INFO
[5.336s] writing dependency_links to ../../build/timed_led/timed_led.egg-info/dependency_links.txt
[5.337s] writing entry points to ../../build/timed_led/timed_led.egg-info/entry_points.txt
[5.338s] writing requirements to ../../build/timed_led/timed_led.egg-info/requires.txt
[5.340s] writing top-level names to ../../build/timed_led/timed_led.egg-info/top_level.txt
[5.532s] reading manifest file '../../build/timed_led/timed_led.egg-info/SOURCES.txt'
[5.534s] adding license file 'LICENSE'
[5.536s] writing manifest file '../../build/timed_led/timed_led.egg-info/SOURCES.txt'
[5.537s] running build
[5.537s] running build_py
[5.539s] copying timed_led/ps4_controller.py -> /home/optimus/first_ros2_ws/build/timed_led/build/lib/timed_led
[5.542s] running install
[5.568s] running install_lib
[5.661s] copying /home/optimus/first_ros2_ws/build/timed_led/build/lib/timed_led/ps4_controller.py -> /home/optimus/first_ros2_ws/install/timed_led/lib/python3.12/site-packages/timed_led
[5.665s] byte-compiling /home/optimus/first_ros2_ws/install/timed_led/lib/python3.12/site-packages/timed_led/ps4_controller.py to ps4_controller.cpython-312.pyc
[5.668s] running install_data
[5.669s] running install_egg_info
[5.770s] removing '/home/optimus/first_ros2_ws/install/timed_led/lib/python3.12/site-packages/timed_led-0.0.0-py3.12.egg-info' (and everything under it)
[5.773s] Copying ../../build/timed_led/timed_led.egg-info to /home/optimus/first_ros2_ws/install/timed_led/lib/python3.12/site-packages/timed_led-0.0.0-py3.12.egg-info
[5.779s] running install_scripts
[6.465s] Installing client_led_tracker script to /home/optimus/first_ros2_ws/install/timed_led/lib/timed_led
[6.466s] Installing led_action_client script to /home/optimus/first_ros2_ws/install/timed_led/lib/timed_led
[6.467s] Installing led_action_server script to /home/optimus/first_ros2_ws/install/timed_led/lib/timed_led
[6.469s] Installing led_timer script to /home/optimus/first_ros2_ws/install/timed_led/lib/timed_led
[6.471s] Installing ps4_controller script to /home/optimus/first_ros2_ws/install/timed_led/lib/timed_led
[6.472s] Installing server_led_tracker script to /home/optimus/first_ros2_ws/install/timed_led/lib/timed_led
[6.474s] Installing timed_led script to /home/optimus/first_ros2_ws/install/timed_led/lib/timed_led
[6.476s] writing list of installed files to '/home/optimus/first_ros2_ws/build/timed_led/install.log'
[6.621s] Invoked command in '/home/optimus/first_ros2_ws/src/timed_led' returned '0': DEBUGINFOD_URLS=https://debuginfod.ubuntu.com PYTHONPATH=/home/optimus/first_ros2_ws/build/timed_led/prefix_override:/usr/lib/python3/dist-packages/colcon_core/task/python/colcon_distutils_commands:/home/optimus/first_ros2_ws/install/timed_led/lib/python3.12/site-packages:${PYTHONPATH} /usr/bin/python3 -W ignore:setup.py install is deprecated -W ignore:easy_install command is deprecated setup.py egg_info --egg-base ../../build/timed_led build --build-base /home/optimus/first_ros2_ws/build/timed_led/build install --record /home/optimus/first_ros2_ws/build/timed_led/install.log --single-version-externally-managed install_data
