[4.723s] Invoking command in '/home/optimus/first_ros2_ws/src/timed_led': DEBUGINFOD_URLS=https://debuginfod.ubuntu.com PYTHONPATH=/home/optimus/first_ros2_ws/build/timed_led/prefix_override:/usr/lib/python3/dist-packages/colcon_core/task/python/colcon_distutils_commands:/home/optimus/first_ros2_ws/install/timed_led/lib/python3.12/site-packages:${PYTHONPATH} /usr/bin/python3 -W ignore:setup.py install is deprecated -W ignore:easy_install command is deprecated setup.py egg_info --egg-base ../../build/timed_led build --build-base /home/optimus/first_ros2_ws/build/timed_led/build install --record /home/optimus/first_ros2_ws/build/timed_led/install.log --single-version-externally-managed install_data
[6.160s] running egg_info
[6.256s] writing ../../build/timed_led/timed_led.egg-info/PKG-INFO
[6.257s] writing dependency_links to ../../build/timed_led/timed_led.egg-info/dependency_links.txt
[6.259s] writing entry points to ../../build/timed_led/timed_led.egg-info/entry_points.txt
[6.260s] writing requirements to ../../build/timed_led/timed_led.egg-info/requires.txt
[6.261s] writing top-level names to ../../build/timed_led/timed_led.egg-info/top_level.txt
[6.456s] reading manifest file '../../build/timed_led/timed_led.egg-info/SOURCES.txt'
[6.458s] adding license file 'LICENSE'
[6.461s] writing manifest file '../../build/timed_led/timed_led.egg-info/SOURCES.txt'
[6.461s] running build
[6.462s] running build_py
[6.464s] copying timed_led/camera_node.py -> /home/optimus/first_ros2_ws/build/timed_led/build/lib/timed_led
[6.466s] running install
[6.492s] running install_lib
[6.592s] copying /home/optimus/first_ros2_ws/build/timed_led/build/lib/timed_led/camera_node.py -> /home/optimus/first_ros2_ws/install/timed_led/lib/python3.12/site-packages/timed_led
[6.596s] byte-compiling /home/optimus/first_ros2_ws/install/timed_led/lib/python3.12/site-packages/timed_led/camera_node.py to camera_node.cpython-312.pyc
[6.599s] running install_data
[6.600s] running install_egg_info
[6.717s] removing '/home/optimus/first_ros2_ws/install/timed_led/lib/python3.12/site-packages/timed_led-0.0.0-py3.12.egg-info' (and everything under it)
[6.719s] Copying ../../build/timed_led/timed_led.egg-info to /home/optimus/first_ros2_ws/install/timed_led/lib/python3.12/site-packages/timed_led-0.0.0-py3.12.egg-info
[6.726s] running install_scripts
[7.473s] Installing camera_node script to /home/optimus/first_ros2_ws/install/timed_led/lib/timed_led
[7.474s] Installing client_led_tracker script to /home/optimus/first_ros2_ws/install/timed_led/lib/timed_led
[7.475s] Installing led_action_client script to /home/optimus/first_ros2_ws/install/timed_led/lib/timed_led
[7.477s] Installing led_action_server script to /home/optimus/first_ros2_ws/install/timed_led/lib/timed_led
[7.478s] Installing led_timer script to /home/optimus/first_ros2_ws/install/timed_led/lib/timed_led
[7.479s] Installing ps4_controller script to /home/optimus/first_ros2_ws/install/timed_led/lib/timed_led
[7.480s] Installing server_led_tracker script to /home/optimus/first_ros2_ws/install/timed_led/lib/timed_led
[7.481s] Installing timed_led script to /home/optimus/first_ros2_ws/install/timed_led/lib/timed_led
[7.483s] writing list of installed files to '/home/optimus/first_ros2_ws/build/timed_led/install.log'
[7.630s] Invoked command in '/home/optimus/first_ros2_ws/src/timed_led' returned '0': DEBUGINFOD_URLS=https://debuginfod.ubuntu.com PYTHONPATH=/home/optimus/first_ros2_ws/build/timed_led/prefix_override:/usr/lib/python3/dist-packages/colcon_core/task/python/colcon_distutils_commands:/home/optimus/first_ros2_ws/install/timed_led/lib/python3.12/site-packages:${PYTHONPATH} /usr/bin/python3 -W ignore:setup.py install is deprecated -W ignore:easy_install command is deprecated setup.py egg_info --egg-base ../../build/timed_led build --build-base /home/optimus/first_ros2_ws/build/timed_led/build install --record /home/optimus/first_ros2_ws/build/timed_led/install.log --single-version-externally-managed install_data
