[5.773s] Invoking command in '/home/optimus/first_ros2_ws/src/timed_led': DEBUGINFOD_URLS=https://debuginfod.ubuntu.com PYTHONPATH=/home/optimus/first_ros2_ws/build/timed_led/prefix_override:/usr/lib/python3/dist-packages/colcon_core/task/python/colcon_distutils_commands:/home/optimus/first_ros2_ws/install/timed_led/lib/python3.12/site-packages:${PYTHONPATH} /usr/bin/python3 -W ignore:setup.py install is deprecated -W ignore:easy_install command is deprecated setup.py egg_info --egg-base ../../build/timed_led build --build-base /home/optimus/first_ros2_ws/build/timed_led/build install --record /home/optimus/first_ros2_ws/build/timed_led/install.log --single-version-externally-managed install_data
[8.175s] running egg_info
[8.271s] writing ../../build/timed_led/timed_led.egg-info/PKG-INFO
[8.273s] writing dependency_links to ../../build/timed_led/timed_led.egg-info/dependency_links.txt
[8.274s] writing entry points to ../../build/timed_led/timed_led.egg-info/entry_points.txt
[8.275s] writing requirements to ../../build/timed_led/timed_led.egg-info/requires.txt
[8.276s] writing top-level names to ../../build/timed_led/timed_led.egg-info/top_level.txt
[8.474s] reading manifest file '../../build/timed_led/timed_led.egg-info/SOURCES.txt'
[8.475s] adding license file 'LICENSE'
[8.478s] writing manifest file '../../build/timed_led/timed_led.egg-info/SOURCES.txt'
[8.478s] running build
[8.479s] running build_py
[8.481s] copying timed_led/ps4_controller.py -> /home/optimus/first_ros2_ws/build/timed_led/build/lib/timed_led
[8.483s] running install
[8.511s] running install_lib
[8.662s] copying /home/optimus/first_ros2_ws/build/timed_led/build/lib/timed_led/ps4_controller.py -> /home/optimus/first_ros2_ws/install/timed_led/lib/python3.12/site-packages/timed_led
[8.666s] byte-compiling /home/optimus/first_ros2_ws/install/timed_led/lib/python3.12/site-packages/timed_led/ps4_controller.py to ps4_controller.cpython-312.pyc
[8.670s] running install_data
[8.671s] running install_egg_info
[8.771s] removing '/home/optimus/first_ros2_ws/install/timed_led/lib/python3.12/site-packages/timed_led-0.0.0-py3.12.egg-info' (and everything under it)
[8.773s] Copying ../../build/timed_led/timed_led.egg-info to /home/optimus/first_ros2_ws/install/timed_led/lib/python3.12/site-packages/timed_led-0.0.0-py3.12.egg-info
[8.781s] running install_scripts
[9.492s] Installing client_led_tracker script to /home/optimus/first_ros2_ws/install/timed_led/lib/timed_led
[9.493s] Installing led_action_client script to /home/optimus/first_ros2_ws/install/timed_led/lib/timed_led
[9.495s] Installing led_action_server script to /home/optimus/first_ros2_ws/install/timed_led/lib/timed_led
[9.497s] Installing led_timer script to /home/optimus/first_ros2_ws/install/timed_led/lib/timed_led
[9.498s] Installing ps4_controller script to /home/optimus/first_ros2_ws/install/timed_led/lib/timed_led
[9.500s] Installing server_led_tracker script to /home/optimus/first_ros2_ws/install/timed_led/lib/timed_led
[9.501s] Installing timed_led script to /home/optimus/first_ros2_ws/install/timed_led/lib/timed_led
[9.504s] writing list of installed files to '/home/optimus/first_ros2_ws/build/timed_led/install.log'
[9.693s] Invoked command in '/home/optimus/first_ros2_ws/src/timed_led' returned '0': DEBUGINFOD_URLS=https://debuginfod.ubuntu.com PYTHONPATH=/home/optimus/first_ros2_ws/build/timed_led/prefix_override:/usr/lib/python3/dist-packages/colcon_core/task/python/colcon_distutils_commands:/home/optimus/first_ros2_ws/install/timed_led/lib/python3.12/site-packages:${PYTHONPATH} /usr/bin/python3 -W ignore:setup.py install is deprecated -W ignore:easy_install command is deprecated setup.py egg_info --egg-base ../../build/timed_led build --build-base /home/optimus/first_ros2_ws/build/timed_led/build install --record /home/optimus/first_ros2_ws/build/timed_led/install.log --single-version-externally-managed install_data
