[3.923s] Invoking command in '/home/optimus/first_ros2_ws/src/timed_led': DEBUGINFOD_URLS=https://debuginfod.ubuntu.com PYTHONPATH=/home/optimus/first_ros2_ws/build/timed_led/prefix_override:/usr/lib/python3/dist-packages/colcon_core/task/python/colcon_distutils_commands:/home/optimus/first_ros2_ws/install/timed_led/lib/python3.12/site-packages:${PYTHONPATH} /usr/bin/python3 -W ignore:setup.py install is deprecated -W ignore:easy_install command is deprecated setup.py egg_info --egg-base ../../build/timed_led build --build-base /home/optimus/first_ros2_ws/build/timed_led/build install --record /home/optimus/first_ros2_ws/build/timed_led/install.log --single-version-externally-managed install_data
[5.163s] running egg_info
[5.255s] writing ../../build/timed_led/timed_led.egg-info/PKG-INFO
[5.257s] writing dependency_links to ../../build/timed_led/timed_led.egg-info/dependency_links.txt
[5.258s] writing entry points to ../../build/timed_led/timed_led.egg-info/entry_points.txt
[5.259s] writing requirements to ../../build/timed_led/timed_led.egg-info/requires.txt
[5.260s] writing top-level names to ../../build/timed_led/timed_led.egg-info/top_level.txt
[5.456s] reading manifest file '../../build/timed_led/timed_led.egg-info/SOURCES.txt'
[5.458s] adding license file 'LICENSE'
[5.460s] writing manifest file '../../build/timed_led/timed_led.egg-info/SOURCES.txt'
[5.461s] running build
[5.461s] running build_py
[5.464s] copying timed_led/camera_node.py -> /home/optimus/first_ros2_ws/build/timed_led/build/lib/timed_led
[5.466s] running install
[5.490s] running install_lib
[5.592s] copying /home/optimus/first_ros2_ws/build/timed_led/build/lib/timed_led/camera_node.py -> /home/optimus/first_ros2_ws/install/timed_led/lib/python3.12/site-packages/timed_led
[5.595s] byte-compiling /home/optimus/first_ros2_ws/install/timed_led/lib/python3.12/site-packages/timed_led/camera_node.py to camera_node.cpython-312.pyc
[5.598s] running install_data
[5.599s] running install_egg_info
[5.697s] removing '/home/optimus/first_ros2_ws/install/timed_led/lib/python3.12/site-packages/timed_led-0.0.0-py3.12.egg-info' (and everything under it)
[5.699s] Copying ../../build/timed_led/timed_led.egg-info to /home/optimus/first_ros2_ws/install/timed_led/lib/python3.12/site-packages/timed_led-0.0.0-py3.12.egg-info
[5.706s] running install_scripts
[6.388s] Installing camera_node script to /home/optimus/first_ros2_ws/install/timed_led/lib/timed_led
[6.389s] Installing client_led_tracker script to /home/optimus/first_ros2_ws/install/timed_led/lib/timed_led
[6.390s] Installing led_action_client script to /home/optimus/first_ros2_ws/install/timed_led/lib/timed_led
[6.392s] Installing led_action_server script to /home/optimus/first_ros2_ws/install/timed_led/lib/timed_led
[6.394s] Installing led_timer script to /home/optimus/first_ros2_ws/install/timed_led/lib/timed_led
[6.397s] Installing ps4_controller script to /home/optimus/first_ros2_ws/install/timed_led/lib/timed_led
[6.399s] Installing server_led_tracker script to /home/optimus/first_ros2_ws/install/timed_led/lib/timed_led
[6.401s] Installing timed_led script to /home/optimus/first_ros2_ws/install/timed_led/lib/timed_led
[6.404s] writing list of installed files to '/home/optimus/first_ros2_ws/build/timed_led/install.log'
[6.551s] Invoked command in '/home/optimus/first_ros2_ws/src/timed_led' returned '0': DEBUGINFOD_URLS=https://debuginfod.ubuntu.com PYTHONPATH=/home/optimus/first_ros2_ws/build/timed_led/prefix_override:/usr/lib/python3/dist-packages/colcon_core/task/python/colcon_distutils_commands:/home/optimus/first_ros2_ws/install/timed_led/lib/python3.12/site-packages:${PYTHONPATH} /usr/bin/python3 -W ignore:setup.py install is deprecated -W ignore:easy_install command is deprecated setup.py egg_info --egg-base ../../build/timed_led build --build-base /home/optimus/first_ros2_ws/build/timed_led/build install --record /home/optimus/first_ros2_ws/build/timed_led/install.log --single-version-externally-managed install_data
