[0.471s] DEBUG:colcon:Command line arguments: ['/usr/bin/colcon', 'build']
[0.472s] DEBUG:colcon:Parsed command line arguments: Namespace(log_base=None, log_level=None, verb_name='build', build_base='build', install_base='install', merge_install=False, symlink_install=False, test_result_base=None, continue_on_error=False, executor='parallel', parallel_workers=4, event_handlers=None, ignore_user_meta=False, metas=['./colcon.meta'], base_paths=['.'], packages_ignore=None, packages_ignore_regex=None, paths=None, packages_up_to=None, packages_up_to_regex=None, packages_above=None, packages_above_and_dependencies=None, packages_above_depth=None, packages_select_by_dep=None, packages_skip_by_dep=None, packages_skip_up_to=None, packages_select_build_failed=False, packages_skip_build_finished=False, packages_select_test_failures=False, packages_skip_test_passed=False, packages_select=None, packages_skip=None, packages_select_regex=None, packages_skip_regex=None, packages_start=None, packages_end=None, allow_overriding=[], cmake_args=None, cmake_target=None, cmake_target_skip_unavailable=False, cmake_clean_cache=False, cmake_clean_first=False, cmake_force_configure=False, ament_cmake_args=None, catkin_cmake_args=None, catkin_skip_building_tests=False, mixin_files=None, mixin=None, verb_parser=<colcon_mixin.mixin.mixin_argument.MixinArgumentDecorator object at 0xffff8beeb5c0>, verb_extension=<colcon_core.verb.build.BuildVerb object at 0xffff8c09fb60>, main=<bound method BuildVerb.main of <colcon_core.verb.build.BuildVerb object at 0xffff8c09fb60>>, mixin_verb=('build',))
[0.641s] Level 1:colcon.colcon_core.package_discovery:discover_packages(colcon_meta) check parameters
[0.641s] Level 1:colcon.colcon_core.package_discovery:discover_packages(recursive) check parameters
[0.641s] Level 1:colcon.colcon_core.package_discovery:discover_packages(ignore) check parameters
[0.641s] Level 1:colcon.colcon_core.package_discovery:discover_packages(path) check parameters
[0.641s] Level 1:colcon.colcon_core.package_discovery:discover_packages(colcon_meta) discover
[0.642s] Level 1:colcon.colcon_core.package_discovery:discover_packages(recursive) discover
[0.642s] INFO:colcon.colcon_core.package_discovery:Crawling recursively for packages in '/home/optimus/first_ros2_ws'
[0.642s] Level 1:colcon.colcon_core.package_identification:_identify(.) by extensions ['ignore', 'ignore_ament_install']
[0.643s] Level 1:colcon.colcon_core.package_identification:_identify(.) by extension 'ignore'
[0.643s] Level 1:colcon.colcon_core.package_identification:_identify(.) by extension 'ignore_ament_install'
[0.643s] Level 1:colcon.colcon_core.package_identification:_identify(.) by extensions ['colcon_pkg']
[0.643s] Level 1:colcon.colcon_core.package_identification:_identify(.) by extension 'colcon_pkg'
[0.644s] Level 1:colcon.colcon_core.package_identification:_identify(.) by extensions ['colcon_meta']
[0.644s] Level 1:colcon.colcon_core.package_identification:_identify(.) by extension 'colcon_meta'
[0.644s] Level 1:colcon.colcon_core.package_identification:_identify(.) by extensions ['ros']
[0.644s] Level 1:colcon.colcon_core.package_identification:_identify(.) by extension 'ros'
[0.754s] Level 1:colcon.colcon_core.package_identification:_identify(.) by extensions ['cmake', 'python']
[0.755s] Level 1:colcon.colcon_core.package_identification:_identify(.) by extension 'cmake'
[0.755s] Level 1:colcon.colcon_core.package_identification:_identify(.) by extension 'python'
[0.755s] Level 1:colcon.colcon_core.package_identification:_identify(.) by extensions ['python_setup_py']
[0.756s] Level 1:colcon.colcon_core.package_identification:_identify(.) by extension 'python_setup_py'
[0.756s] Level 1:colcon.colcon_core.package_identification:_identify(build) by extensions ['ignore', 'ignore_ament_install']
[0.757s] Level 1:colcon.colcon_core.package_identification:_identify(build) by extension 'ignore'
[0.757s] Level 1:colcon.colcon_core.package_identification:_identify(build) ignored
[0.758s] Level 1:colcon.colcon_core.package_identification:_identify(install) by extensions ['ignore', 'ignore_ament_install']
[0.758s] Level 1:colcon.colcon_core.package_identification:_identify(install) by extension 'ignore'
[0.758s] Level 1:colcon.colcon_core.package_identification:_identify(install) ignored
[0.760s] Level 1:colcon.colcon_core.package_identification:_identify(log) by extensions ['ignore', 'ignore_ament_install']
[0.760s] Level 1:colcon.colcon_core.package_identification:_identify(log) by extension 'ignore'
[0.761s] Level 1:colcon.colcon_core.package_identification:_identify(log) ignored
[0.761s] Level 1:colcon.colcon_core.package_identification:_identify(src) by extensions ['ignore', 'ignore_ament_install']
[0.761s] Level 1:colcon.colcon_core.package_identification:_identify(src) by extension 'ignore'
[0.762s] Level 1:colcon.colcon_core.package_identification:_identify(src) by extension 'ignore_ament_install'
[0.762s] Level 1:colcon.colcon_core.package_identification:_identify(src) by extensions ['colcon_pkg']
[0.762s] Level 1:colcon.colcon_core.package_identification:_identify(src) by extension 'colcon_pkg'
[0.763s] Level 1:colcon.colcon_core.package_identification:_identify(src) by extensions ['colcon_meta']
[0.763s] Level 1:colcon.colcon_core.package_identification:_identify(src) by extension 'colcon_meta'
[0.763s] Level 1:colcon.colcon_core.package_identification:_identify(src) by extensions ['ros']
[0.763s] Level 1:colcon.colcon_core.package_identification:_identify(src) by extension 'ros'
[0.763s] Level 1:colcon.colcon_core.package_identification:_identify(src) by extensions ['cmake', 'python']
[0.764s] Level 1:colcon.colcon_core.package_identification:_identify(src) by extension 'cmake'
[0.764s] Level 1:colcon.colcon_core.package_identification:_identify(src) by extension 'python'
[0.764s] Level 1:colcon.colcon_core.package_identification:_identify(src) by extensions ['python_setup_py']
[0.764s] Level 1:colcon.colcon_core.package_identification:_identify(src) by extension 'python_setup_py'
[0.765s] Level 1:colcon.colcon_core.package_identification:_identify(src/intro_interfaces) by extensions ['ignore', 'ignore_ament_install']
[0.765s] Level 1:colcon.colcon_core.package_identification:_identify(src/intro_interfaces) by extension 'ignore'
[0.765s] Level 1:colcon.colcon_core.package_identification:_identify(src/intro_interfaces) by extension 'ignore_ament_install'
[0.766s] Level 1:colcon.colcon_core.package_identification:_identify(src/intro_interfaces) by extensions ['colcon_pkg']
[0.766s] Level 1:colcon.colcon_core.package_identification:_identify(src/intro_interfaces) by extension 'colcon_pkg'
[0.766s] Level 1:colcon.colcon_core.package_identification:_identify(src/intro_interfaces) by extensions ['colcon_meta']
[0.766s] Level 1:colcon.colcon_core.package_identification:_identify(src/intro_interfaces) by extension 'colcon_meta'
[0.767s] Level 1:colcon.colcon_core.package_identification:_identify(src/intro_interfaces) by extensions ['ros']
[0.767s] Level 1:colcon.colcon_core.package_identification:_identify(src/intro_interfaces) by extension 'ros'
[0.777s] DEBUG:colcon.colcon_core.package_identification:Package 'src/intro_interfaces' with type 'ros.ament_cmake' and name 'intro_interfaces'
[0.778s] Level 1:colcon.colcon_core.package_identification:_identify(src/timed_led) by extensions ['ignore', 'ignore_ament_install']
[0.778s] Level 1:colcon.colcon_core.package_identification:_identify(src/timed_led) by extension 'ignore'
[0.779s] Level 1:colcon.colcon_core.package_identification:_identify(src/timed_led) by extension 'ignore_ament_install'
[0.779s] Level 1:colcon.colcon_core.package_identification:_identify(src/timed_led) by extensions ['colcon_pkg']
[0.779s] Level 1:colcon.colcon_core.package_identification:_identify(src/timed_led) by extension 'colcon_pkg'
[0.780s] Level 1:colcon.colcon_core.package_identification:_identify(src/timed_led) by extensions ['colcon_meta']
[0.780s] Level 1:colcon.colcon_core.package_identification:_identify(src/timed_led) by extension 'colcon_meta'
[0.780s] Level 1:colcon.colcon_core.package_identification:_identify(src/timed_led) by extensions ['ros']
[0.780s] Level 1:colcon.colcon_core.package_identification:_identify(src/timed_led) by extension 'ros'
[0.783s] DEBUG:colcon.colcon_core.package_identification:Package 'src/timed_led' with type 'ros.ament_python' and name 'timed_led'
[0.784s] Level 1:colcon.colcon_core.package_discovery:discover_packages(recursive) using defaults
[0.784s] Level 1:colcon.colcon_core.package_discovery:discover_packages(ignore) discover
[0.784s] Level 1:colcon.colcon_core.package_discovery:discover_packages(ignore) using defaults
[0.784s] Level 1:colcon.colcon_core.package_discovery:discover_packages(path) discover
[0.784s] Level 1:colcon.colcon_core.package_discovery:discover_packages(path) using defaults
[0.855s] Level 1:colcon.colcon_core.package_discovery:discover_packages(prefix_path) check parameters
[0.856s] Level 1:colcon.colcon_core.package_discovery:discover_packages(prefix_path) discover
[0.864s] DEBUG:colcon.colcon_installed_package_information.package_discovery:Found 2 installed packages in /home/optimus/first_ros2_ws/install
[0.873s] DEBUG:colcon.colcon_installed_package_information.package_discovery:Found 284 installed packages in /opt/ros/jazzy
[0.877s] Level 1:colcon.colcon_core.package_discovery:discover_packages(prefix_path) using defaults
[1.098s] Level 5:colcon.colcon_core.verb:set package 'intro_interfaces' build argument 'cmake_args' from command line to 'None'
[1.098s] Level 5:colcon.colcon_core.verb:set package 'intro_interfaces' build argument 'cmake_target' from command line to 'None'
[1.098s] Level 5:colcon.colcon_core.verb:set package 'intro_interfaces' build argument 'cmake_target_skip_unavailable' from command line to 'False'
[1.099s] Level 5:colcon.colcon_core.verb:set package 'intro_interfaces' build argument 'cmake_clean_cache' from command line to 'False'
[1.099s] Level 5:colcon.colcon_core.verb:set package 'intro_interfaces' build argument 'cmake_clean_first' from command line to 'False'
[1.099s] Level 5:colcon.colcon_core.verb:set package 'intro_interfaces' build argument 'cmake_force_configure' from command line to 'False'
[1.099s] Level 5:colcon.colcon_core.verb:set package 'intro_interfaces' build argument 'ament_cmake_args' from command line to 'None'
[1.099s] Level 5:colcon.colcon_core.verb:set package 'intro_interfaces' build argument 'catkin_cmake_args' from command line to 'None'
[1.099s] Level 5:colcon.colcon_core.verb:set package 'intro_interfaces' build argument 'catkin_skip_building_tests' from command line to 'False'
[1.099s] DEBUG:colcon.colcon_core.verb:Building package 'intro_interfaces' with the following arguments: {'ament_cmake_args': None, 'build_base': '/home/optimus/first_ros2_ws/build/intro_interfaces', 'catkin_cmake_args': None, 'catkin_skip_building_tests': False, 'cmake_args': None, 'cmake_clean_cache': False, 'cmake_clean_first': False, 'cmake_force_configure': False, 'cmake_target': None, 'cmake_target_skip_unavailable': False, 'install_base': '/home/optimus/first_ros2_ws/install/intro_interfaces', 'merge_install': False, 'path': '/home/optimus/first_ros2_ws/src/intro_interfaces', 'symlink_install': False, 'test_result_base': None}
[1.100s] Level 5:colcon.colcon_core.verb:set package 'timed_led' build argument 'cmake_args' from command line to 'None'
[1.101s] Level 5:colcon.colcon_core.verb:set package 'timed_led' build argument 'cmake_target' from command line to 'None'
[1.101s] Level 5:colcon.colcon_core.verb:set package 'timed_led' build argument 'cmake_target_skip_unavailable' from command line to 'False'
[1.101s] Level 5:colcon.colcon_core.verb:set package 'timed_led' build argument 'cmake_clean_cache' from command line to 'False'
[1.101s] Level 5:colcon.colcon_core.verb:set package 'timed_led' build argument 'cmake_clean_first' from command line to 'False'
[1.101s] Level 5:colcon.colcon_core.verb:set package 'timed_led' build argument 'cmake_force_configure' from command line to 'False'
[1.101s] Level 5:colcon.colcon_core.verb:set package 'timed_led' build argument 'ament_cmake_args' from command line to 'None'
[1.101s] Level 5:colcon.colcon_core.verb:set package 'timed_led' build argument 'catkin_cmake_args' from command line to 'None'
[1.101s] Level 5:colcon.colcon_core.verb:set package 'timed_led' build argument 'catkin_skip_building_tests' from command line to 'False'
[1.102s] DEBUG:colcon.colcon_core.verb:Building package 'timed_led' with the following arguments: {'ament_cmake_args': None, 'build_base': '/home/optimus/first_ros2_ws/build/timed_led', 'catkin_cmake_args': None, 'catkin_skip_building_tests': False, 'cmake_args': None, 'cmake_clean_cache': False, 'cmake_clean_first': False, 'cmake_force_configure': False, 'cmake_target': None, 'cmake_target_skip_unavailable': False, 'install_base': '/home/optimus/first_ros2_ws/install/timed_led', 'merge_install': False, 'path': '/home/optimus/first_ros2_ws/src/timed_led', 'symlink_install': False, 'test_result_base': None}
[1.102s] INFO:colcon.colcon_core.executor:Executing jobs using 'parallel' executor
[1.105s] DEBUG:colcon.colcon_parallel_executor.executor.parallel:run_until_complete
[1.106s] INFO:colcon.colcon_ros.task.ament_cmake.build:Building ROS package in '/home/optimus/first_ros2_ws/src/intro_interfaces' with build type 'ament_cmake'
[1.107s] INFO:colcon.colcon_cmake.task.cmake.build:Building CMake package in '/home/optimus/first_ros2_ws/src/intro_interfaces'
[1.115s] INFO:colcon.colcon_core.plugin_system:Skipping extension 'colcon_core.shell.bat': Not used on non-Windows systems
[1.116s] INFO:colcon.colcon_core.shell:Skip shell extension 'powershell' for command environment: Not usable outside of PowerShell
[1.116s] DEBUG:colcon.colcon_core.shell:Skip shell extension 'dsv' for command environment
[1.135s] INFO:colcon.colcon_ros.task.ament_python.build:Building ROS package in '/home/optimus/first_ros2_ws/src/timed_led' with build type 'ament_python'
[1.136s] Level 1:colcon.colcon_core.shell:create_environment_hook('timed_led', 'ament_prefix_path')
[1.137s] INFO:colcon.colcon_core.shell:Creating environment hook '/home/optimus/first_ros2_ws/install/timed_led/share/timed_led/hook/ament_prefix_path.ps1'
[1.140s] INFO:colcon.colcon_core.shell:Creating environment descriptor '/home/optimus/first_ros2_ws/install/timed_led/share/timed_led/hook/ament_prefix_path.dsv'
[1.143s] INFO:colcon.colcon_core.shell:Creating environment hook '/home/optimus/first_ros2_ws/install/timed_led/share/timed_led/hook/ament_prefix_path.sh'
[1.148s] INFO:colcon.colcon_core.shell:Skip shell extension 'powershell' for command environment: Not usable outside of PowerShell
[1.148s] DEBUG:colcon.colcon_core.shell:Skip shell extension 'dsv' for command environment
[1.188s] DEBUG:colcon.colcon_core.event_handler.log_command:Invoking command in '/home/optimus/first_ros2_ws/build/intro_interfaces': CMAKE_PREFIX_PATH=${CMAKE_PREFIX_PATH}:/home/optimus/first_ros2_ws/install/timed_led:/opt/ros/jazzy DEBUGINFOD_URLS=https://debuginfod.ubuntu.com /usr/bin/cmake --build /home/optimus/first_ros2_ws/build/intro_interfaces -- -j4 -l4
[2.902s] INFO:colcon.colcon_core.task.python.build:Building Python package in '/home/optimus/first_ros2_ws/src/timed_led'
[2.904s] INFO:colcon.colcon_core.shell:Skip shell extension 'powershell' for command environment: Not usable outside of PowerShell
[2.905s] DEBUG:colcon.colcon_core.shell:Skip shell extension 'dsv' for command environment
[4.021s] DEBUG:colcon.colcon_core.event_handler.log_command:Invoked command in '/home/optimus/first_ros2_ws/build/intro_interfaces' returned '0': CMAKE_PREFIX_PATH=${CMAKE_PREFIX_PATH}:/home/optimus/first_ros2_ws/install/timed_led:/opt/ros/jazzy DEBUGINFOD_URLS=https://debuginfod.ubuntu.com /usr/bin/cmake --build /home/optimus/first_ros2_ws/build/intro_interfaces -- -j4 -l4
[4.073s] DEBUG:colcon.colcon_core.event_handler.log_command:Invoking command in '/home/optimus/first_ros2_ws/build/intro_interfaces': CMAKE_PREFIX_PATH=${CMAKE_PREFIX_PATH}:/home/optimus/first_ros2_ws/install/timed_led:/opt/ros/jazzy DEBUGINFOD_URLS=https://debuginfod.ubuntu.com /usr/bin/cmake --install /home/optimus/first_ros2_ws/build/intro_interfaces
[4.603s] Level 1:colcon.colcon_core.environment:create_environment_scripts_only(intro_interfaces)
[4.647s] Level 1:colcon.colcon_core.environment:checking '/home/optimus/first_ros2_ws/install/intro_interfaces' for CMake module files
[4.658s] Level 1:colcon.colcon_core.environment:checking '/home/optimus/first_ros2_ws/install/intro_interfaces' for CMake config files
[4.678s] Level 1:colcon.colcon_core.shell:create_environment_hook('intro_interfaces', 'cmake_prefix_path')
[4.679s] INFO:colcon.colcon_core.shell:Creating environment hook '/home/optimus/first_ros2_ws/install/intro_interfaces/share/intro_interfaces/hook/cmake_prefix_path.ps1'
[4.715s] INFO:colcon.colcon_core.shell:Creating environment descriptor '/home/optimus/first_ros2_ws/install/intro_interfaces/share/intro_interfaces/hook/cmake_prefix_path.dsv'
[4.771s] INFO:colcon.colcon_core.shell:Creating environment hook '/home/optimus/first_ros2_ws/install/intro_interfaces/share/intro_interfaces/hook/cmake_prefix_path.sh'
[4.845s] Level 1:colcon.colcon_core.environment:checking '/home/optimus/first_ros2_ws/install/intro_interfaces/lib'
[4.846s] Level 1:colcon.colcon_core.shell:create_environment_hook('intro_interfaces', 'ld_library_path_lib')
[4.847s] INFO:colcon.colcon_core.shell:Creating environment hook '/home/optimus/first_ros2_ws/install/intro_interfaces/share/intro_interfaces/hook/ld_library_path_lib.ps1'
[4.864s] DEBUG:colcon.colcon_core.event_handler.log_command:Invoked command in '/home/optimus/first_ros2_ws/build/intro_interfaces' returned '0': CMAKE_PREFIX_PATH=${CMAKE_PREFIX_PATH}:/home/optimus/first_ros2_ws/install/timed_led:/opt/ros/jazzy DEBUGINFOD_URLS=https://debuginfod.ubuntu.com /usr/bin/cmake --install /home/optimus/first_ros2_ws/build/intro_interfaces
[4.865s] INFO:colcon.colcon_core.shell:Creating environment descriptor '/home/optimus/first_ros2_ws/install/intro_interfaces/share/intro_interfaces/hook/ld_library_path_lib.dsv'
[4.867s] INFO:colcon.colcon_core.shell:Creating environment hook '/home/optimus/first_ros2_ws/install/intro_interfaces/share/intro_interfaces/hook/ld_library_path_lib.sh'
[4.907s] Level 1:colcon.colcon_core.environment:checking '/home/optimus/first_ros2_ws/install/intro_interfaces/bin'
[4.946s] Level 1:colcon.colcon_core.environment:checking '/home/optimus/first_ros2_ws/install/intro_interfaces/lib/pkgconfig/intro_interfaces.pc'
[4.947s] Level 1:colcon.colcon_core.environment:checking '/home/optimus/first_ros2_ws/install/intro_interfaces/lib/python3.12/site-packages'
[4.948s] Level 1:colcon.colcon_core.shell:create_environment_hook('intro_interfaces', 'pythonpath')
[4.982s] INFO:colcon.colcon_core.shell:Creating environment hook '/home/optimus/first_ros2_ws/install/intro_interfaces/share/intro_interfaces/hook/pythonpath.ps1'
[5.021s] INFO:colcon.colcon_core.shell:Creating environment descriptor '/home/optimus/first_ros2_ws/install/intro_interfaces/share/intro_interfaces/hook/pythonpath.dsv'
[5.049s] INFO:colcon.colcon_core.shell:Creating environment hook '/home/optimus/first_ros2_ws/install/intro_interfaces/share/intro_interfaces/hook/pythonpath.sh'
[5.093s] Level 1:colcon.colcon_core.environment:checking '/home/optimus/first_ros2_ws/install/intro_interfaces/bin'
[5.113s] INFO:colcon.colcon_core.shell:Creating package script '/home/optimus/first_ros2_ws/install/intro_interfaces/share/intro_interfaces/package.ps1'
[5.153s] INFO:colcon.colcon_core.shell:Creating package descriptor '/home/optimus/first_ros2_ws/install/intro_interfaces/share/intro_interfaces/package.dsv'
[5.179s] INFO:colcon.colcon_core.shell:Creating package script '/home/optimus/first_ros2_ws/install/intro_interfaces/share/intro_interfaces/package.sh'
[5.216s] INFO:colcon.colcon_core.shell:Creating package script '/home/optimus/first_ros2_ws/install/intro_interfaces/share/intro_interfaces/package.bash'
[5.242s] INFO:colcon.colcon_core.shell:Creating package script '/home/optimus/first_ros2_ws/install/intro_interfaces/share/intro_interfaces/package.zsh'
[5.256s] Level 1:colcon.colcon_core.environment:create_file_with_runtime_dependencies(/home/optimus/first_ros2_ws/install/intro_interfaces/share/colcon-core/packages/intro_interfaces)
[5.275s] Level 1:colcon.colcon_core.environment:create_environment_scripts_only(intro_interfaces)
[5.276s] Level 1:colcon.colcon_core.environment:checking '/home/optimus/first_ros2_ws/install/intro_interfaces' for CMake module files
[5.297s] Level 1:colcon.colcon_core.environment:checking '/home/optimus/first_ros2_ws/install/intro_interfaces' for CMake config files
[5.320s] Level 1:colcon.colcon_core.shell:create_environment_hook('intro_interfaces', 'cmake_prefix_path')
[5.321s] INFO:colcon.colcon_core.shell:Creating environment hook '/home/optimus/first_ros2_ws/install/intro_interfaces/share/intro_interfaces/hook/cmake_prefix_path.ps1'
[5.323s] INFO:colcon.colcon_core.shell:Creating environment descriptor '/home/optimus/first_ros2_ws/install/intro_interfaces/share/intro_interfaces/hook/cmake_prefix_path.dsv'
[5.326s] INFO:colcon.colcon_core.shell:Creating environment hook '/home/optimus/first_ros2_ws/install/intro_interfaces/share/intro_interfaces/hook/cmake_prefix_path.sh'
[5.330s] Level 1:colcon.colcon_core.environment:checking '/home/optimus/first_ros2_ws/install/intro_interfaces/lib'
[5.331s] Level 1:colcon.colcon_core.shell:create_environment_hook('intro_interfaces', 'ld_library_path_lib')
[5.332s] INFO:colcon.colcon_core.shell:Creating environment hook '/home/optimus/first_ros2_ws/install/intro_interfaces/share/intro_interfaces/hook/ld_library_path_lib.ps1'
[5.335s] INFO:colcon.colcon_core.shell:Creating environment descriptor '/home/optimus/first_ros2_ws/install/intro_interfaces/share/intro_interfaces/hook/ld_library_path_lib.dsv'
[5.340s] INFO:colcon.colcon_core.shell:Creating environment hook '/home/optimus/first_ros2_ws/install/intro_interfaces/share/intro_interfaces/hook/ld_library_path_lib.sh'
[5.347s] Level 1:colcon.colcon_core.environment:checking '/home/optimus/first_ros2_ws/install/intro_interfaces/bin'
[5.355s] Level 1:colcon.colcon_core.environment:checking '/home/optimus/first_ros2_ws/install/intro_interfaces/lib/pkgconfig/intro_interfaces.pc'
[5.360s] Level 1:colcon.colcon_core.environment:checking '/home/optimus/first_ros2_ws/install/intro_interfaces/lib/python3.12/site-packages'
[5.362s] Level 1:colcon.colcon_core.shell:create_environment_hook('intro_interfaces', 'pythonpath')
[5.373s] INFO:colcon.colcon_core.shell:Creating environment hook '/home/optimus/first_ros2_ws/install/intro_interfaces/share/intro_interfaces/hook/pythonpath.ps1'
[5.406s] INFO:colcon.colcon_core.shell:Creating environment descriptor '/home/optimus/first_ros2_ws/install/intro_interfaces/share/intro_interfaces/hook/pythonpath.dsv'
[5.422s] INFO:colcon.colcon_core.shell:Creating environment hook '/home/optimus/first_ros2_ws/install/intro_interfaces/share/intro_interfaces/hook/pythonpath.sh'
[5.434s] Level 1:colcon.colcon_core.environment:checking '/home/optimus/first_ros2_ws/install/intro_interfaces/bin'
[5.436s] INFO:colcon.colcon_core.shell:Creating package script '/home/optimus/first_ros2_ws/install/intro_interfaces/share/intro_interfaces/package.ps1'
[5.444s] INFO:colcon.colcon_core.shell:Creating package descriptor '/home/optimus/first_ros2_ws/install/intro_interfaces/share/intro_interfaces/package.dsv'
[5.450s] INFO:colcon.colcon_core.shell:Creating package script '/home/optimus/first_ros2_ws/install/intro_interfaces/share/intro_interfaces/package.sh'
[5.455s] INFO:colcon.colcon_core.shell:Creating package script '/home/optimus/first_ros2_ws/install/intro_interfaces/share/intro_interfaces/package.bash'
[5.463s] INFO:colcon.colcon_core.shell:Creating package script '/home/optimus/first_ros2_ws/install/intro_interfaces/share/intro_interfaces/package.zsh'
[5.475s] Level 1:colcon.colcon_core.environment:create_file_with_runtime_dependencies(/home/optimus/first_ros2_ws/install/intro_interfaces/share/colcon-core/packages/intro_interfaces)
[7.613s] DEBUG:colcon.colcon_core.event_handler.log_command:Invoking command in '/home/optimus/first_ros2_ws/src/timed_led': DEBUGINFOD_URLS=https://debuginfod.ubuntu.com PYTHONPATH=/home/optimus/first_ros2_ws/build/timed_led/prefix_override:/usr/lib/python3/dist-packages/colcon_core/task/python/colcon_distutils_commands:/home/optimus/first_ros2_ws/install/timed_led/lib/python3.12/site-packages:${PYTHONPATH} /usr/bin/python3 -W ignore:setup.py install is deprecated -W ignore:easy_install command is deprecated setup.py egg_info --egg-base ../../build/timed_led build --build-base /home/optimus/first_ros2_ws/build/timed_led/build install --record /home/optimus/first_ros2_ws/build/timed_led/install.log --single-version-externally-managed install_data
[11.260s] Level 1:colcon.colcon_core.environment:checking '/home/optimus/first_ros2_ws/install/timed_led' for CMake module files
[11.262s] DEBUG:colcon.colcon_core.event_handler.log_command:Invoked command in '/home/optimus/first_ros2_ws/src/timed_led' returned '0': DEBUGINFOD_URLS=https://debuginfod.ubuntu.com PYTHONPATH=/home/optimus/first_ros2_ws/build/timed_led/prefix_override:/usr/lib/python3/dist-packages/colcon_core/task/python/colcon_distutils_commands:/home/optimus/first_ros2_ws/install/timed_led/lib/python3.12/site-packages:${PYTHONPATH} /usr/bin/python3 -W ignore:setup.py install is deprecated -W ignore:easy_install command is deprecated setup.py egg_info --egg-base ../../build/timed_led build --build-base /home/optimus/first_ros2_ws/build/timed_led/build install --record /home/optimus/first_ros2_ws/build/timed_led/install.log --single-version-externally-managed install_data
[11.265s] Level 1:colcon.colcon_core.environment:checking '/home/optimus/first_ros2_ws/install/timed_led' for CMake config files
[11.269s] Level 1:colcon.colcon_core.environment:checking '/home/optimus/first_ros2_ws/install/timed_led/lib'
[11.270s] Level 1:colcon.colcon_core.environment:checking '/home/optimus/first_ros2_ws/install/timed_led/bin'
[11.270s] Level 1:colcon.colcon_core.environment:checking '/home/optimus/first_ros2_ws/install/timed_led/lib/pkgconfig/timed_led.pc'
[11.271s] Level 1:colcon.colcon_core.environment:checking '/home/optimus/first_ros2_ws/install/timed_led/lib/python3.12/site-packages'
[11.272s] Level 1:colcon.colcon_core.shell:create_environment_hook('timed_led', 'pythonpath')
[11.272s] INFO:colcon.colcon_core.shell:Creating environment hook '/home/optimus/first_ros2_ws/install/timed_led/share/timed_led/hook/pythonpath.ps1'
[11.275s] INFO:colcon.colcon_core.shell:Creating environment descriptor '/home/optimus/first_ros2_ws/install/timed_led/share/timed_led/hook/pythonpath.dsv'
[11.277s] INFO:colcon.colcon_core.shell:Creating environment hook '/home/optimus/first_ros2_ws/install/timed_led/share/timed_led/hook/pythonpath.sh'
[11.279s] Level 1:colcon.colcon_core.environment:checking '/home/optimus/first_ros2_ws/install/timed_led/bin'
[11.280s] Level 1:colcon.colcon_core.environment:create_environment_scripts_only(timed_led)
[11.281s] INFO:colcon.colcon_core.shell:Creating package script '/home/optimus/first_ros2_ws/install/timed_led/share/timed_led/package.ps1'
[11.283s] INFO:colcon.colcon_core.shell:Creating package descriptor '/home/optimus/first_ros2_ws/install/timed_led/share/timed_led/package.dsv'
[11.286s] INFO:colcon.colcon_core.shell:Creating package script '/home/optimus/first_ros2_ws/install/timed_led/share/timed_led/package.sh'
[11.288s] INFO:colcon.colcon_core.shell:Creating package script '/home/optimus/first_ros2_ws/install/timed_led/share/timed_led/package.bash'
[11.290s] INFO:colcon.colcon_core.shell:Creating package script '/home/optimus/first_ros2_ws/install/timed_led/share/timed_led/package.zsh'
[11.292s] Level 1:colcon.colcon_core.environment:create_file_with_runtime_dependencies(/home/optimus/first_ros2_ws/install/timed_led/share/colcon-core/packages/timed_led)
[11.294s] DEBUG:colcon.colcon_parallel_executor.executor.parallel:closing loop
[11.296s] DEBUG:colcon.colcon_parallel_executor.executor.parallel:loop closed
[11.297s] DEBUG:colcon.colcon_parallel_executor.executor.parallel:run_until_complete finished with '0'
[11.297s] DEBUG:colcon.colcon_core.event_reactor:joining thread
[11.320s] INFO:colcon.colcon_core.plugin_system:Skipping extension 'colcon_notification.desktop_notification.terminal_notifier': Not used on non-Darwin systems
[11.320s] INFO:colcon.colcon_core.plugin_system:Skipping extension 'colcon_notification.desktop_notification.win32': Not used on non-Windows systems
[11.321s] INFO:colcon.colcon_notification.desktop_notification:Sending desktop notification using 'notify2'
[11.325s] DEBUG:colcon.colcon_notification.desktop_notification.notify2:Failed to initialize notify2: org.freedesktop.DBus.Error.ServiceUnknown: The name org.freedesktop.Notifications was not provided by any .service files
[11.326s] DEBUG:colcon.colcon_core.event_reactor:joined thread
[11.327s] INFO:colcon.colcon_core.shell:Creating prefix script '/home/optimus/first_ros2_ws/install/local_setup.ps1'
[11.330s] INFO:colcon.colcon_core.shell:Creating prefix util module '/home/optimus/first_ros2_ws/install/_local_setup_util_ps1.py'
[11.336s] INFO:colcon.colcon_core.shell:Creating prefix chain script '/home/optimus/first_ros2_ws/install/setup.ps1'
[11.340s] INFO:colcon.colcon_core.shell:Creating prefix script '/home/optimus/first_ros2_ws/install/local_setup.sh'
[11.344s] INFO:colcon.colcon_core.shell:Creating prefix util module '/home/optimus/first_ros2_ws/install/_local_setup_util_sh.py'
[11.347s] INFO:colcon.colcon_core.shell:Creating prefix chain script '/home/optimus/first_ros2_ws/install/setup.sh'
[11.351s] INFO:colcon.colcon_core.shell:Creating prefix script '/home/optimus/first_ros2_ws/install/local_setup.bash'
[11.353s] INFO:colcon.colcon_core.shell:Creating prefix chain script '/home/optimus/first_ros2_ws/install/setup.bash'
[11.357s] INFO:colcon.colcon_core.shell:Creating prefix script '/home/optimus/first_ros2_ws/install/local_setup.zsh'
[11.359s] INFO:colcon.colcon_core.shell:Creating prefix chain script '/home/optimus/first_ros2_ws/install/setup.zsh'
