[3.765s] Invoking command in '/home/optimus/first_ros2_ws/src/timed_led': DEBUGINFOD_URLS=https://debuginfod.ubuntu.com PYTHONPATH=/home/optimus/first_ros2_ws/build/timed_led/prefix_override:/usr/lib/python3/dist-packages/colcon_core/task/python/colcon_distutils_commands:/home/optimus/first_ros2_ws/install/timed_led/lib/python3.12/site-packages:${PYTHONPATH} /usr/bin/python3 -W ignore:setup.py install is deprecated -W ignore:easy_install command is deprecated setup.py egg_info --egg-base ../../build/timed_led build --build-base /home/optimus/first_ros2_ws/build/timed_led/build install --record /home/optimus/first_ros2_ws/build/timed_led/install.log --single-version-externally-managed install_data
[4.999s] running egg_info
[5.094s] writing ../../build/timed_led/timed_led.egg-info/PKG-INFO
[5.095s] writing dependency_links to ../../build/timed_led/timed_led.egg-info/dependency_links.txt
[5.098s] writing entry points to ../../build/timed_led/timed_led.egg-info/entry_points.txt
[5.099s] writing requirements to ../../build/timed_led/timed_led.egg-info/requires.txt
[5.100s] writing top-level names to ../../build/timed_led/timed_led.egg-info/top_level.txt
[5.290s] reading manifest file '../../build/timed_led/timed_led.egg-info/SOURCES.txt'
[5.291s] adding license file 'LICENSE'
[5.294s] writing manifest file '../../build/timed_led/timed_led.egg-info/SOURCES.txt'
[5.294s] running build
[5.295s] running build_py
[5.297s] copying timed_led/led_action_server.py -> /home/optimus/first_ros2_ws/build/timed_led/build/lib/timed_led
[5.298s] running install
[5.322s] running install_lib
[5.423s] copying /home/optimus/first_ros2_ws/build/timed_led/build/lib/timed_led/led_action_server.py -> /home/optimus/first_ros2_ws/install/timed_led/lib/python3.12/site-packages/timed_led
[5.426s] byte-compiling /home/optimus/first_ros2_ws/install/timed_led/lib/python3.12/site-packages/timed_led/led_action_server.py to led_action_server.cpython-312.pyc
[5.430s] running install_data
[5.430s] running install_egg_info
[5.525s] removing '/home/optimus/first_ros2_ws/install/timed_led/lib/python3.12/site-packages/timed_led-0.0.0-py3.12.egg-info' (and everything under it)
[5.529s] Copying ../../build/timed_led/timed_led.egg-info to /home/optimus/first_ros2_ws/install/timed_led/lib/python3.12/site-packages/timed_led-0.0.0-py3.12.egg-info
[5.535s] running install_scripts
[6.196s] Installing client_led_tracker script to /home/optimus/first_ros2_ws/install/timed_led/lib/timed_led
[6.197s] Installing led_action_client script to /home/optimus/first_ros2_ws/install/timed_led/lib/timed_led
[6.199s] Installing led_action_server script to /home/optimus/first_ros2_ws/install/timed_led/lib/timed_led
[6.200s] Installing led_timer script to /home/optimus/first_ros2_ws/install/timed_led/lib/timed_led
[6.202s] Installing server_led_tracker script to /home/optimus/first_ros2_ws/install/timed_led/lib/timed_led
[6.203s] Installing timed_led script to /home/optimus/first_ros2_ws/install/timed_led/lib/timed_led
[6.207s] writing list of installed files to '/home/optimus/first_ros2_ws/build/timed_led/install.log'
[6.351s] Invoked command in '/home/optimus/first_ros2_ws/src/timed_led' returned '0': DEBUGINFOD_URLS=https://debuginfod.ubuntu.com PYTHONPATH=/home/optimus/first_ros2_ws/build/timed_led/prefix_override:/usr/lib/python3/dist-packages/colcon_core/task/python/colcon_distutils_commands:/home/optimus/first_ros2_ws/install/timed_led/lib/python3.12/site-packages:${PYTHONPATH} /usr/bin/python3 -W ignore:setup.py install is deprecated -W ignore:easy_install command is deprecated setup.py egg_info --egg-base ../../build/timed_led build --build-base /home/optimus/first_ros2_ws/build/timed_led/build install --record /home/optimus/first_ros2_ws/build/timed_led/install.log --single-version-externally-managed install_data
