[0.500s] DEBUG:colcon:Command line arguments: ['/usr/bin/colcon', 'build']
[0.500s] DEBUG:colcon:Parsed command line arguments: Namespace(log_base=None, log_level=None, verb_name='build', build_base='build', install_base='install', merge_install=False, symlink_install=False, test_result_base=None, continue_on_error=False, executor='parallel', parallel_workers=4, event_handlers=None, ignore_user_meta=False, metas=['./colcon.meta'], base_paths=['.'], packages_ignore=None, packages_ignore_regex=None, paths=None, packages_up_to=None, packages_up_to_regex=None, packages_above=None, packages_above_and_dependencies=None, packages_above_depth=None, packages_select_by_dep=None, packages_skip_by_dep=None, packages_skip_up_to=None, packages_select_build_failed=False, packages_skip_build_finished=False, packages_select_test_failures=False, packages_skip_test_passed=False, packages_select=None, packages_skip=None, packages_select_regex=None, packages_skip_regex=None, packages_start=None, packages_end=None, allow_overriding=[], cmake_args=None, cmake_target=None, cmake_target_skip_unavailable=False, cmake_clean_cache=False, cmake_clean_first=False, cmake_force_configure=False, ament_cmake_args=None, catkin_cmake_args=None, catkin_skip_building_tests=False, mixin_files=None, mixin=None, verb_parser=<colcon_mixin.mixin.mixin_argument.MixinArgumentDecorator object at 0xffffb8de7770>, verb_extension=<colcon_core.verb.build.BuildVerb object at 0xffffb8f9bef0>, main=<bound method BuildVerb.main of <colcon_core.verb.build.BuildVerb object at 0xffffb8f9bef0>>, mixin_verb=('build',))
[0.790s] Level 1:colcon.colcon_core.package_discovery:discover_packages(colcon_meta) check parameters
[0.791s] Level 1:colcon.colcon_core.package_discovery:discover_packages(recursive) check parameters
[0.791s] Level 1:colcon.colcon_core.package_discovery:discover_packages(ignore) check parameters
[0.791s] Level 1:colcon.colcon_core.package_discovery:discover_packages(path) check parameters
[0.791s] Level 1:colcon.colcon_core.package_discovery:discover_packages(colcon_meta) discover
[0.796s] Level 1:colcon.colcon_core.package_discovery:discover_packages(recursive) discover
[0.796s] INFO:colcon.colcon_core.package_discovery:Crawling recursively for packages in '/home/optimus/first_ros2_ws'
[0.797s] Level 1:colcon.colcon_core.package_identification:_identify(.) by extensions ['ignore', 'ignore_ament_install']
[0.797s] Level 1:colcon.colcon_core.package_identification:_identify(.) by extension 'ignore'
[0.798s] Level 1:colcon.colcon_core.package_identification:_identify(.) by extension 'ignore_ament_install'
[0.798s] Level 1:colcon.colcon_core.package_identification:_identify(.) by extensions ['colcon_pkg']
[0.798s] Level 1:colcon.colcon_core.package_identification:_identify(.) by extension 'colcon_pkg'
[0.799s] Level 1:colcon.colcon_core.package_identification:_identify(.) by extensions ['colcon_meta']
[0.799s] Level 1:colcon.colcon_core.package_identification:_identify(.) by extension 'colcon_meta'
[0.800s] Level 1:colcon.colcon_core.package_identification:_identify(.) by extensions ['ros']
[0.800s] Level 1:colcon.colcon_core.package_identification:_identify(.) by extension 'ros'
[0.910s] Level 1:colcon.colcon_core.package_identification:_identify(.) by extensions ['cmake', 'python']
[0.911s] Level 1:colcon.colcon_core.package_identification:_identify(.) by extension 'cmake'
[0.911s] Level 1:colcon.colcon_core.package_identification:_identify(.) by extension 'python'
[0.911s] Level 1:colcon.colcon_core.package_identification:_identify(.) by extensions ['python_setup_py']
[0.911s] Level 1:colcon.colcon_core.package_identification:_identify(.) by extension 'python_setup_py'
[0.912s] Level 1:colcon.colcon_core.package_identification:_identify(build) by extensions ['ignore', 'ignore_ament_install']
[0.912s] Level 1:colcon.colcon_core.package_identification:_identify(build) by extension 'ignore'
[0.912s] Level 1:colcon.colcon_core.package_identification:_identify(build) ignored
[0.913s] Level 1:colcon.colcon_core.package_identification:_identify(install) by extensions ['ignore', 'ignore_ament_install']
[0.913s] Level 1:colcon.colcon_core.package_identification:_identify(install) by extension 'ignore'
[0.914s] Level 1:colcon.colcon_core.package_identification:_identify(install) ignored
[0.915s] Level 1:colcon.colcon_core.package_identification:_identify(log) by extensions ['ignore', 'ignore_ament_install']
[0.915s] Level 1:colcon.colcon_core.package_identification:_identify(log) by extension 'ignore'
[0.916s] Level 1:colcon.colcon_core.package_identification:_identify(log) ignored
[0.916s] Level 1:colcon.colcon_core.package_identification:_identify(src) by extensions ['ignore', 'ignore_ament_install']
[0.916s] Level 1:colcon.colcon_core.package_identification:_identify(src) by extension 'ignore'
[0.916s] Level 1:colcon.colcon_core.package_identification:_identify(src) by extension 'ignore_ament_install'
[0.917s] Level 1:colcon.colcon_core.package_identification:_identify(src) by extensions ['colcon_pkg']
[0.917s] Level 1:colcon.colcon_core.package_identification:_identify(src) by extension 'colcon_pkg'
[0.917s] Level 1:colcon.colcon_core.package_identification:_identify(src) by extensions ['colcon_meta']
[0.917s] Level 1:colcon.colcon_core.package_identification:_identify(src) by extension 'colcon_meta'
[0.917s] Level 1:colcon.colcon_core.package_identification:_identify(src) by extensions ['ros']
[0.917s] Level 1:colcon.colcon_core.package_identification:_identify(src) by extension 'ros'
[0.918s] Level 1:colcon.colcon_core.package_identification:_identify(src) by extensions ['cmake', 'python']
[0.918s] Level 1:colcon.colcon_core.package_identification:_identify(src) by extension 'cmake'
[0.918s] Level 1:colcon.colcon_core.package_identification:_identify(src) by extension 'python'
[0.918s] Level 1:colcon.colcon_core.package_identification:_identify(src) by extensions ['python_setup_py']
[0.918s] Level 1:colcon.colcon_core.package_identification:_identify(src) by extension 'python_setup_py'
[0.919s] Level 1:colcon.colcon_core.package_identification:_identify(src/intro_interfaces) by extensions ['ignore', 'ignore_ament_install']
[0.919s] Level 1:colcon.colcon_core.package_identification:_identify(src/intro_interfaces) by extension 'ignore'
[0.919s] Level 1:colcon.colcon_core.package_identification:_identify(src/intro_interfaces) by extension 'ignore_ament_install'
[0.920s] Level 1:colcon.colcon_core.package_identification:_identify(src/intro_interfaces) by extensions ['colcon_pkg']
[0.920s] Level 1:colcon.colcon_core.package_identification:_identify(src/intro_interfaces) by extension 'colcon_pkg'
[0.920s] Level 1:colcon.colcon_core.package_identification:_identify(src/intro_interfaces) by extensions ['colcon_meta']
[0.920s] Level 1:colcon.colcon_core.package_identification:_identify(src/intro_interfaces) by extension 'colcon_meta'
[0.920s] Level 1:colcon.colcon_core.package_identification:_identify(src/intro_interfaces) by extensions ['ros']
[0.920s] Level 1:colcon.colcon_core.package_identification:_identify(src/intro_interfaces) by extension 'ros'
[0.929s] DEBUG:colcon.colcon_core.package_identification:Package 'src/intro_interfaces' with type 'ros.ament_cmake' and name 'intro_interfaces'
[0.929s] Level 1:colcon.colcon_core.package_identification:_identify(src/timed_led) by extensions ['ignore', 'ignore_ament_install']
[0.930s] Level 1:colcon.colcon_core.package_identification:_identify(src/timed_led) by extension 'ignore'
[0.930s] Level 1:colcon.colcon_core.package_identification:_identify(src/timed_led) by extension 'ignore_ament_install'
[0.930s] Level 1:colcon.colcon_core.package_identification:_identify(src/timed_led) by extensions ['colcon_pkg']
[0.930s] Level 1:colcon.colcon_core.package_identification:_identify(src/timed_led) by extension 'colcon_pkg'
[0.931s] Level 1:colcon.colcon_core.package_identification:_identify(src/timed_led) by extensions ['colcon_meta']
[0.931s] Level 1:colcon.colcon_core.package_identification:_identify(src/timed_led) by extension 'colcon_meta'
[0.931s] Level 1:colcon.colcon_core.package_identification:_identify(src/timed_led) by extensions ['ros']
[0.931s] Level 1:colcon.colcon_core.package_identification:_identify(src/timed_led) by extension 'ros'
[0.933s] DEBUG:colcon.colcon_core.package_identification:Package 'src/timed_led' with type 'ros.ament_python' and name 'timed_led'
[0.933s] Level 1:colcon.colcon_core.package_discovery:discover_packages(recursive) using defaults
[0.934s] Level 1:colcon.colcon_core.package_discovery:discover_packages(ignore) discover
[0.934s] Level 1:colcon.colcon_core.package_discovery:discover_packages(ignore) using defaults
[0.934s] Level 1:colcon.colcon_core.package_discovery:discover_packages(path) discover
[0.934s] Level 1:colcon.colcon_core.package_discovery:discover_packages(path) using defaults
[1.003s] Level 1:colcon.colcon_core.package_discovery:discover_packages(prefix_path) check parameters
[1.004s] Level 1:colcon.colcon_core.package_discovery:discover_packages(prefix_path) discover
[1.012s] DEBUG:colcon.colcon_installed_package_information.package_discovery:Found 2 installed packages in /home/optimus/first_ros2_ws/install
[1.022s] DEBUG:colcon.colcon_installed_package_information.package_discovery:Found 284 installed packages in /opt/ros/jazzy
[1.025s] Level 1:colcon.colcon_core.package_discovery:discover_packages(prefix_path) using defaults
[1.221s] Level 5:colcon.colcon_core.verb:set package 'intro_interfaces' build argument 'cmake_args' from command line to 'None'
[1.221s] Level 5:colcon.colcon_core.verb:set package 'intro_interfaces' build argument 'cmake_target' from command line to 'None'
[1.221s] Level 5:colcon.colcon_core.verb:set package 'intro_interfaces' build argument 'cmake_target_skip_unavailable' from command line to 'False'
[1.221s] Level 5:colcon.colcon_core.verb:set package 'intro_interfaces' build argument 'cmake_clean_cache' from command line to 'False'
[1.221s] Level 5:colcon.colcon_core.verb:set package 'intro_interfaces' build argument 'cmake_clean_first' from command line to 'False'
[1.222s] Level 5:colcon.colcon_core.verb:set package 'intro_interfaces' build argument 'cmake_force_configure' from command line to 'False'
[1.222s] Level 5:colcon.colcon_core.verb:set package 'intro_interfaces' build argument 'ament_cmake_args' from command line to 'None'
[1.222s] Level 5:colcon.colcon_core.verb:set package 'intro_interfaces' build argument 'catkin_cmake_args' from command line to 'None'
[1.222s] Level 5:colcon.colcon_core.verb:set package 'intro_interfaces' build argument 'catkin_skip_building_tests' from command line to 'False'
[1.222s] DEBUG:colcon.colcon_core.verb:Building package 'intro_interfaces' with the following arguments: {'ament_cmake_args': None, 'build_base': '/home/optimus/first_ros2_ws/build/intro_interfaces', 'catkin_cmake_args': None, 'catkin_skip_building_tests': False, 'cmake_args': None, 'cmake_clean_cache': False, 'cmake_clean_first': False, 'cmake_force_configure': False, 'cmake_target': None, 'cmake_target_skip_unavailable': False, 'install_base': '/home/optimus/first_ros2_ws/install/intro_interfaces', 'merge_install': False, 'path': '/home/optimus/first_ros2_ws/src/intro_interfaces', 'symlink_install': False, 'test_result_base': None}
[1.223s] Level 5:colcon.colcon_core.verb:set package 'timed_led' build argument 'cmake_args' from command line to 'None'
[1.224s] Level 5:colcon.colcon_core.verb:set package 'timed_led' build argument 'cmake_target' from command line to 'None'
[1.224s] Level 5:colcon.colcon_core.verb:set package 'timed_led' build argument 'cmake_target_skip_unavailable' from command line to 'False'
[1.224s] Level 5:colcon.colcon_core.verb:set package 'timed_led' build argument 'cmake_clean_cache' from command line to 'False'
[1.224s] Level 5:colcon.colcon_core.verb:set package 'timed_led' build argument 'cmake_clean_first' from command line to 'False'
[1.224s] Level 5:colcon.colcon_core.verb:set package 'timed_led' build argument 'cmake_force_configure' from command line to 'False'
[1.224s] Level 5:colcon.colcon_core.verb:set package 'timed_led' build argument 'ament_cmake_args' from command line to 'None'
[1.224s] Level 5:colcon.colcon_core.verb:set package 'timed_led' build argument 'catkin_cmake_args' from command line to 'None'
[1.224s] Level 5:colcon.colcon_core.verb:set package 'timed_led' build argument 'catkin_skip_building_tests' from command line to 'False'
[1.224s] DEBUG:colcon.colcon_core.verb:Building package 'timed_led' with the following arguments: {'ament_cmake_args': None, 'build_base': '/home/optimus/first_ros2_ws/build/timed_led', 'catkin_cmake_args': None, 'catkin_skip_building_tests': False, 'cmake_args': None, 'cmake_clean_cache': False, 'cmake_clean_first': False, 'cmake_force_configure': False, 'cmake_target': None, 'cmake_target_skip_unavailable': False, 'install_base': '/home/optimus/first_ros2_ws/install/timed_led', 'merge_install': False, 'path': '/home/optimus/first_ros2_ws/src/timed_led', 'symlink_install': False, 'test_result_base': None}
[1.225s] INFO:colcon.colcon_core.executor:Executing jobs using 'parallel' executor
[1.228s] DEBUG:colcon.colcon_parallel_executor.executor.parallel:run_until_complete
[1.229s] INFO:colcon.colcon_ros.task.ament_cmake.build:Building ROS package in '/home/optimus/first_ros2_ws/src/intro_interfaces' with build type 'ament_cmake'
[1.230s] INFO:colcon.colcon_cmake.task.cmake.build:Building CMake package in '/home/optimus/first_ros2_ws/src/intro_interfaces'
[1.238s] INFO:colcon.colcon_core.plugin_system:Skipping extension 'colcon_core.shell.bat': Not used on non-Windows systems
[1.239s] INFO:colcon.colcon_core.shell:Skip shell extension 'powershell' for command environment: Not usable outside of PowerShell
[1.240s] DEBUG:colcon.colcon_core.shell:Skip shell extension 'dsv' for command environment
[1.259s] INFO:colcon.colcon_ros.task.ament_python.build:Building ROS package in '/home/optimus/first_ros2_ws/src/timed_led' with build type 'ament_python'
[1.260s] Level 1:colcon.colcon_core.shell:create_environment_hook('timed_led', 'ament_prefix_path')
[1.261s] INFO:colcon.colcon_core.shell:Creating environment hook '/home/optimus/first_ros2_ws/install/timed_led/share/timed_led/hook/ament_prefix_path.ps1'
[1.264s] INFO:colcon.colcon_core.shell:Creating environment descriptor '/home/optimus/first_ros2_ws/install/timed_led/share/timed_led/hook/ament_prefix_path.dsv'
[1.266s] INFO:colcon.colcon_core.shell:Creating environment hook '/home/optimus/first_ros2_ws/install/timed_led/share/timed_led/hook/ament_prefix_path.sh'
[1.269s] INFO:colcon.colcon_core.shell:Skip shell extension 'powershell' for command environment: Not usable outside of PowerShell
[1.270s] DEBUG:colcon.colcon_core.shell:Skip shell extension 'dsv' for command environment
[1.310s] DEBUG:colcon.colcon_core.event_handler.log_command:Invoking command in '/home/optimus/first_ros2_ws/build/intro_interfaces': CMAKE_PREFIX_PATH=${CMAKE_PREFIX_PATH}:/home/optimus/first_ros2_ws/install/timed_led:/opt/ros/jazzy DEBUGINFOD_URLS=https://debuginfod.ubuntu.com /usr/bin/cmake --build /home/optimus/first_ros2_ws/build/intro_interfaces -- -j4 -l4
[2.905s] INFO:colcon.colcon_core.task.python.build:Building Python package in '/home/optimus/first_ros2_ws/src/timed_led'
[2.907s] INFO:colcon.colcon_core.shell:Skip shell extension 'powershell' for command environment: Not usable outside of PowerShell
[2.908s] DEBUG:colcon.colcon_core.shell:Skip shell extension 'dsv' for command environment
[3.925s] DEBUG:colcon.colcon_core.event_handler.log_command:Invoked command in '/home/optimus/first_ros2_ws/build/intro_interfaces' returned '0': CMAKE_PREFIX_PATH=${CMAKE_PREFIX_PATH}:/home/optimus/first_ros2_ws/install/timed_led:/opt/ros/jazzy DEBUGINFOD_URLS=https://debuginfod.ubuntu.com /usr/bin/cmake --build /home/optimus/first_ros2_ws/build/intro_interfaces -- -j4 -l4
[3.977s] DEBUG:colcon.colcon_core.event_handler.log_command:Invoking command in '/home/optimus/first_ros2_ws/build/intro_interfaces': CMAKE_PREFIX_PATH=${CMAKE_PREFIX_PATH}:/home/optimus/first_ros2_ws/install/timed_led:/opt/ros/jazzy DEBUGINFOD_URLS=https://debuginfod.ubuntu.com /usr/bin/cmake --install /home/optimus/first_ros2_ws/build/intro_interfaces
[4.520s] Level 1:colcon.colcon_core.environment:create_environment_scripts_only(intro_interfaces)
[4.569s] Level 1:colcon.colcon_core.environment:checking '/home/optimus/first_ros2_ws/install/intro_interfaces' for CMake module files
[4.579s] Level 1:colcon.colcon_core.environment:checking '/home/optimus/first_ros2_ws/install/intro_interfaces' for CMake config files
[4.602s] DEBUG:colcon.colcon_core.event_handler.log_command:Invoked command in '/home/optimus/first_ros2_ws/build/intro_interfaces' returned '0': CMAKE_PREFIX_PATH=${CMAKE_PREFIX_PATH}:/home/optimus/first_ros2_ws/install/timed_led:/opt/ros/jazzy DEBUGINFOD_URLS=https://debuginfod.ubuntu.com /usr/bin/cmake --install /home/optimus/first_ros2_ws/build/intro_interfaces
[4.604s] Level 1:colcon.colcon_core.shell:create_environment_hook('intro_interfaces', 'cmake_prefix_path')
[4.606s] INFO:colcon.colcon_core.shell:Creating environment hook '/home/optimus/first_ros2_ws/install/intro_interfaces/share/intro_interfaces/hook/cmake_prefix_path.ps1'
[4.610s] INFO:colcon.colcon_core.shell:Creating environment descriptor '/home/optimus/first_ros2_ws/install/intro_interfaces/share/intro_interfaces/hook/cmake_prefix_path.dsv'
[4.614s] INFO:colcon.colcon_core.shell:Creating environment hook '/home/optimus/first_ros2_ws/install/intro_interfaces/share/intro_interfaces/hook/cmake_prefix_path.sh'
[4.619s] Level 1:colcon.colcon_core.environment:checking '/home/optimus/first_ros2_ws/install/intro_interfaces/lib'
[4.620s] Level 1:colcon.colcon_core.shell:create_environment_hook('intro_interfaces', 'ld_library_path_lib')
[4.621s] INFO:colcon.colcon_core.shell:Creating environment hook '/home/optimus/first_ros2_ws/install/intro_interfaces/share/intro_interfaces/hook/ld_library_path_lib.ps1'
[4.623s] INFO:colcon.colcon_core.shell:Creating environment descriptor '/home/optimus/first_ros2_ws/install/intro_interfaces/share/intro_interfaces/hook/ld_library_path_lib.dsv'
[4.625s] INFO:colcon.colcon_core.shell:Creating environment hook '/home/optimus/first_ros2_ws/install/intro_interfaces/share/intro_interfaces/hook/ld_library_path_lib.sh'
[4.628s] Level 1:colcon.colcon_core.environment:checking '/home/optimus/first_ros2_ws/install/intro_interfaces/bin'
[4.628s] Level 1:colcon.colcon_core.environment:checking '/home/optimus/first_ros2_ws/install/intro_interfaces/lib/pkgconfig/intro_interfaces.pc'
[4.629s] Level 1:colcon.colcon_core.environment:checking '/home/optimus/first_ros2_ws/install/intro_interfaces/lib/python3.12/site-packages'
[4.630s] Level 1:colcon.colcon_core.shell:create_environment_hook('intro_interfaces', 'pythonpath')
[4.631s] INFO:colcon.colcon_core.shell:Creating environment hook '/home/optimus/first_ros2_ws/install/intro_interfaces/share/intro_interfaces/hook/pythonpath.ps1'
[4.633s] INFO:colcon.colcon_core.shell:Creating environment descriptor '/home/optimus/first_ros2_ws/install/intro_interfaces/share/intro_interfaces/hook/pythonpath.dsv'
[4.635s] INFO:colcon.colcon_core.shell:Creating environment hook '/home/optimus/first_ros2_ws/install/intro_interfaces/share/intro_interfaces/hook/pythonpath.sh'
[4.638s] Level 1:colcon.colcon_core.environment:checking '/home/optimus/first_ros2_ws/install/intro_interfaces/bin'
[4.639s] INFO:colcon.colcon_core.shell:Creating package script '/home/optimus/first_ros2_ws/install/intro_interfaces/share/intro_interfaces/package.ps1'
[4.643s] INFO:colcon.colcon_core.shell:Creating package descriptor '/home/optimus/first_ros2_ws/install/intro_interfaces/share/intro_interfaces/package.dsv'
[4.646s] INFO:colcon.colcon_core.shell:Creating package script '/home/optimus/first_ros2_ws/install/intro_interfaces/share/intro_interfaces/package.sh'
[4.650s] INFO:colcon.colcon_core.shell:Creating package script '/home/optimus/first_ros2_ws/install/intro_interfaces/share/intro_interfaces/package.bash'
[4.653s] INFO:colcon.colcon_core.shell:Creating package script '/home/optimus/first_ros2_ws/install/intro_interfaces/share/intro_interfaces/package.zsh'
[4.656s] Level 1:colcon.colcon_core.environment:create_file_with_runtime_dependencies(/home/optimus/first_ros2_ws/install/intro_interfaces/share/colcon-core/packages/intro_interfaces)
[4.660s] Level 1:colcon.colcon_core.environment:create_environment_scripts_only(intro_interfaces)
[4.661s] Level 1:colcon.colcon_core.environment:checking '/home/optimus/first_ros2_ws/install/intro_interfaces' for CMake module files
[4.667s] Level 1:colcon.colcon_core.environment:checking '/home/optimus/first_ros2_ws/install/intro_interfaces' for CMake config files
[4.673s] Level 1:colcon.colcon_core.shell:create_environment_hook('intro_interfaces', 'cmake_prefix_path')
[4.674s] INFO:colcon.colcon_core.shell:Creating environment hook '/home/optimus/first_ros2_ws/install/intro_interfaces/share/intro_interfaces/hook/cmake_prefix_path.ps1'
[4.677s] INFO:colcon.colcon_core.shell:Creating environment descriptor '/home/optimus/first_ros2_ws/install/intro_interfaces/share/intro_interfaces/hook/cmake_prefix_path.dsv'
[4.679s] INFO:colcon.colcon_core.shell:Creating environment hook '/home/optimus/first_ros2_ws/install/intro_interfaces/share/intro_interfaces/hook/cmake_prefix_path.sh'
[4.681s] Level 1:colcon.colcon_core.environment:checking '/home/optimus/first_ros2_ws/install/intro_interfaces/lib'
[4.682s] Level 1:colcon.colcon_core.shell:create_environment_hook('intro_interfaces', 'ld_library_path_lib')
[4.683s] INFO:colcon.colcon_core.shell:Creating environment hook '/home/optimus/first_ros2_ws/install/intro_interfaces/share/intro_interfaces/hook/ld_library_path_lib.ps1'
[4.685s] INFO:colcon.colcon_core.shell:Creating environment descriptor '/home/optimus/first_ros2_ws/install/intro_interfaces/share/intro_interfaces/hook/ld_library_path_lib.dsv'
[4.687s] INFO:colcon.colcon_core.shell:Creating environment hook '/home/optimus/first_ros2_ws/install/intro_interfaces/share/intro_interfaces/hook/ld_library_path_lib.sh'
[4.689s] Level 1:colcon.colcon_core.environment:checking '/home/optimus/first_ros2_ws/install/intro_interfaces/bin'
[4.689s] Level 1:colcon.colcon_core.environment:checking '/home/optimus/first_ros2_ws/install/intro_interfaces/lib/pkgconfig/intro_interfaces.pc'
[4.690s] Level 1:colcon.colcon_core.environment:checking '/home/optimus/first_ros2_ws/install/intro_interfaces/lib/python3.12/site-packages'
[4.691s] Level 1:colcon.colcon_core.shell:create_environment_hook('intro_interfaces', 'pythonpath')
[4.692s] INFO:colcon.colcon_core.shell:Creating environment hook '/home/optimus/first_ros2_ws/install/intro_interfaces/share/intro_interfaces/hook/pythonpath.ps1'
[4.693s] INFO:colcon.colcon_core.shell:Creating environment descriptor '/home/optimus/first_ros2_ws/install/intro_interfaces/share/intro_interfaces/hook/pythonpath.dsv'
[4.695s] INFO:colcon.colcon_core.shell:Creating environment hook '/home/optimus/first_ros2_ws/install/intro_interfaces/share/intro_interfaces/hook/pythonpath.sh'
[4.698s] Level 1:colcon.colcon_core.environment:checking '/home/optimus/first_ros2_ws/install/intro_interfaces/bin'
[4.699s] INFO:colcon.colcon_core.shell:Creating package script '/home/optimus/first_ros2_ws/install/intro_interfaces/share/intro_interfaces/package.ps1'
[4.702s] INFO:colcon.colcon_core.shell:Creating package descriptor '/home/optimus/first_ros2_ws/install/intro_interfaces/share/intro_interfaces/package.dsv'
[4.704s] INFO:colcon.colcon_core.shell:Creating package script '/home/optimus/first_ros2_ws/install/intro_interfaces/share/intro_interfaces/package.sh'
[4.707s] INFO:colcon.colcon_core.shell:Creating package script '/home/optimus/first_ros2_ws/install/intro_interfaces/share/intro_interfaces/package.bash'
[4.709s] INFO:colcon.colcon_core.shell:Creating package script '/home/optimus/first_ros2_ws/install/intro_interfaces/share/intro_interfaces/package.zsh'
[4.711s] Level 1:colcon.colcon_core.environment:create_file_with_runtime_dependencies(/home/optimus/first_ros2_ws/install/intro_interfaces/share/colcon-core/packages/intro_interfaces)
[7.242s] DEBUG:colcon.colcon_core.event_handler.log_command:Invoking command in '/home/optimus/first_ros2_ws/src/timed_led': DEBUGINFOD_URLS=https://debuginfod.ubuntu.com PYTHONPATH=/home/optimus/first_ros2_ws/build/timed_led/prefix_override:/usr/lib/python3/dist-packages/colcon_core/task/python/colcon_distutils_commands:/home/optimus/first_ros2_ws/install/timed_led/lib/python3.12/site-packages:${PYTHONPATH} /usr/bin/python3 -W ignore:setup.py install is deprecated -W ignore:easy_install command is deprecated setup.py egg_info --egg-base ../../build/timed_led build --build-base /home/optimus/first_ros2_ws/build/timed_led/build install --record /home/optimus/first_ros2_ws/build/timed_led/install.log --single-version-externally-managed install_data
[10.474s] Level 1:colcon.colcon_core.environment:checking '/home/optimus/first_ros2_ws/install/timed_led' for CMake module files
[10.477s] DEBUG:colcon.colcon_core.event_handler.log_command:Invoked command in '/home/optimus/first_ros2_ws/src/timed_led' returned '0': DEBUGINFOD_URLS=https://debuginfod.ubuntu.com PYTHONPATH=/home/optimus/first_ros2_ws/build/timed_led/prefix_override:/usr/lib/python3/dist-packages/colcon_core/task/python/colcon_distutils_commands:/home/optimus/first_ros2_ws/install/timed_led/lib/python3.12/site-packages:${PYTHONPATH} /usr/bin/python3 -W ignore:setup.py install is deprecated -W ignore:easy_install command is deprecated setup.py egg_info --egg-base ../../build/timed_led build --build-base /home/optimus/first_ros2_ws/build/timed_led/build install --record /home/optimus/first_ros2_ws/build/timed_led/install.log --single-version-externally-managed install_data
[10.479s] Level 1:colcon.colcon_core.environment:checking '/home/optimus/first_ros2_ws/install/timed_led' for CMake config files
[10.483s] Level 1:colcon.colcon_core.environment:checking '/home/optimus/first_ros2_ws/install/timed_led/lib'
[10.484s] Level 1:colcon.colcon_core.environment:checking '/home/optimus/first_ros2_ws/install/timed_led/bin'
[10.484s] Level 1:colcon.colcon_core.environment:checking '/home/optimus/first_ros2_ws/install/timed_led/lib/pkgconfig/timed_led.pc'
[10.486s] Level 1:colcon.colcon_core.environment:checking '/home/optimus/first_ros2_ws/install/timed_led/lib/python3.12/site-packages'
[10.486s] Level 1:colcon.colcon_core.shell:create_environment_hook('timed_led', 'pythonpath')
[10.487s] INFO:colcon.colcon_core.shell:Creating environment hook '/home/optimus/first_ros2_ws/install/timed_led/share/timed_led/hook/pythonpath.ps1'
[10.489s] INFO:colcon.colcon_core.shell:Creating environment descriptor '/home/optimus/first_ros2_ws/install/timed_led/share/timed_led/hook/pythonpath.dsv'
[10.491s] INFO:colcon.colcon_core.shell:Creating environment hook '/home/optimus/first_ros2_ws/install/timed_led/share/timed_led/hook/pythonpath.sh'
[10.494s] Level 1:colcon.colcon_core.environment:checking '/home/optimus/first_ros2_ws/install/timed_led/bin'
[10.494s] Level 1:colcon.colcon_core.environment:create_environment_scripts_only(timed_led)
[10.495s] INFO:colcon.colcon_core.shell:Creating package script '/home/optimus/first_ros2_ws/install/timed_led/share/timed_led/package.ps1'
[10.498s] INFO:colcon.colcon_core.shell:Creating package descriptor '/home/optimus/first_ros2_ws/install/timed_led/share/timed_led/package.dsv'
[10.500s] INFO:colcon.colcon_core.shell:Creating package script '/home/optimus/first_ros2_ws/install/timed_led/share/timed_led/package.sh'
[10.502s] INFO:colcon.colcon_core.shell:Creating package script '/home/optimus/first_ros2_ws/install/timed_led/share/timed_led/package.bash'
[10.504s] INFO:colcon.colcon_core.shell:Creating package script '/home/optimus/first_ros2_ws/install/timed_led/share/timed_led/package.zsh'
[10.507s] Level 1:colcon.colcon_core.environment:create_file_with_runtime_dependencies(/home/optimus/first_ros2_ws/install/timed_led/share/colcon-core/packages/timed_led)
[10.511s] DEBUG:colcon.colcon_parallel_executor.executor.parallel:closing loop
[10.513s] DEBUG:colcon.colcon_parallel_executor.executor.parallel:loop closed
[10.513s] DEBUG:colcon.colcon_parallel_executor.executor.parallel:run_until_complete finished with '0'
[10.514s] DEBUG:colcon.colcon_core.event_reactor:joining thread
[10.543s] INFO:colcon.colcon_core.plugin_system:Skipping extension 'colcon_notification.desktop_notification.terminal_notifier': Not used on non-Darwin systems
[10.544s] INFO:colcon.colcon_core.plugin_system:Skipping extension 'colcon_notification.desktop_notification.win32': Not used on non-Windows systems
[10.544s] INFO:colcon.colcon_notification.desktop_notification:Sending desktop notification using 'notify2'
[10.550s] DEBUG:colcon.colcon_notification.desktop_notification.notify2:Failed to initialize notify2: org.freedesktop.DBus.Error.ServiceUnknown: The name org.freedesktop.Notifications was not provided by any .service files
[10.550s] DEBUG:colcon.colcon_core.event_reactor:joined thread
[10.551s] INFO:colcon.colcon_core.shell:Creating prefix script '/home/optimus/first_ros2_ws/install/local_setup.ps1'
[10.554s] INFO:colcon.colcon_core.shell:Creating prefix util module '/home/optimus/first_ros2_ws/install/_local_setup_util_ps1.py'
[10.559s] INFO:colcon.colcon_core.shell:Creating prefix chain script '/home/optimus/first_ros2_ws/install/setup.ps1'
[10.563s] INFO:colcon.colcon_core.shell:Creating prefix script '/home/optimus/first_ros2_ws/install/local_setup.sh'
[10.566s] INFO:colcon.colcon_core.shell:Creating prefix util module '/home/optimus/first_ros2_ws/install/_local_setup_util_sh.py'
[10.568s] INFO:colcon.colcon_core.shell:Creating prefix chain script '/home/optimus/first_ros2_ws/install/setup.sh'
[10.573s] INFO:colcon.colcon_core.shell:Creating prefix script '/home/optimus/first_ros2_ws/install/local_setup.bash'
[10.575s] INFO:colcon.colcon_core.shell:Creating prefix chain script '/home/optimus/first_ros2_ws/install/setup.bash'
[10.579s] INFO:colcon.colcon_core.shell:Creating prefix script '/home/optimus/first_ros2_ws/install/local_setup.zsh'
[10.581s] INFO:colcon.colcon_core.shell:Creating prefix chain script '/home/optimus/first_ros2_ws/install/setup.zsh'
