running egg_info
writing ../../build/timed_led/timed_led.egg-info/PKG-INFO
writing dependency_links to ../../build/timed_led/timed_led.egg-info/dependency_links.txt
writing entry points to ../../build/timed_led/timed_led.egg-info/entry_points.txt
writing requirements to ../../build/timed_led/timed_led.egg-info/requires.txt
writing top-level names to ../../build/timed_led/timed_led.egg-info/top_level.txt
reading manifest file '../../build/timed_led/timed_led.egg-info/SOURCES.txt'
adding license file 'LICENSE'
writing manifest file '../../build/timed_led/timed_led.egg-info/SOURCES.txt'
running build
running build_py
copying timed_led/subscriber_timed_led.py -> /home/optimus/first_ros2_ws/build/timed_led/build/lib/timed_led
running install
running install_lib
copying /home/optimus/first_ros2_ws/build/timed_led/build/lib/timed_led/subscriber_timed_led.py -> /home/optimus/first_ros2_ws/install/timed_led/lib/python3.12/site-packages/timed_led
byte-compiling /home/optimus/first_ros2_ws/install/timed_led/lib/python3.12/site-packages/timed_led/subscriber_timed_led.py to subscriber_timed_led.cpython-312.pyc
running install_data
running install_egg_info
removing '/home/optimus/first_ros2_ws/install/timed_led/lib/python3.12/site-packages/timed_led-0.0.0-py3.12.egg-info' (and everything under it)
Copying ../../build/timed_led/timed_led.egg-info to /home/optimus/first_ros2_ws/install/timed_led/lib/python3.12/site-packages/timed_led-0.0.0-py3.12.egg-info
running install_scripts
Installing led_timer script to /home/optimus/first_ros2_ws/install/timed_led/lib/timed_led
Installing timed_led script to /home/optimus/first_ros2_ws/install/timed_led/lib/timed_led
writing list of installed files to '/home/optimus/first_ros2_ws/build/timed_led/install.log'
