[4.921s] Invoking command in '/home/optimus/first_ros2_ws/src/timed_led': DEBUGINFOD_URLS=https://debuginfod.ubuntu.com PYTHONPATH=/home/optimus/first_ros2_ws/build/timed_led/prefix_override:/usr/lib/python3/dist-packages/colcon_core/task/python/colcon_distutils_commands:/home/optimus/first_ros2_ws/install/timed_led/lib/python3.12/site-packages:${PYTHONPATH} /usr/bin/python3 -W ignore:setup.py install is deprecated -W ignore:easy_install command is deprecated setup.py egg_info --egg-base ../../build/timed_led build --build-base /home/optimus/first_ros2_ws/build/timed_led/build install --record /home/optimus/first_ros2_ws/build/timed_led/install.log --single-version-externally-managed install_data
[6.949s] running egg_info
[7.045s] writing ../../build/timed_led/timed_led.egg-info/PKG-INFO
[7.046s] writing dependency_links to ../../build/timed_led/timed_led.egg-info/dependency_links.txt
[7.048s] writing entry points to ../../build/timed_led/timed_led.egg-info/entry_points.txt
[7.049s] writing requirements to ../../build/timed_led/timed_led.egg-info/requires.txt
[7.050s] writing top-level names to ../../build/timed_led/timed_led.egg-info/top_level.txt
[7.252s] reading manifest file '../../build/timed_led/timed_led.egg-info/SOURCES.txt'
[7.254s] adding license file 'LICENSE'
[7.256s] writing manifest file '../../build/timed_led/timed_led.egg-info/SOURCES.txt'
[7.257s] running build
[7.258s] running build_py
[7.260s] copying timed_led/led_action_server.py -> /home/optimus/first_ros2_ws/build/timed_led/build/lib/timed_led
[7.263s] running install
[7.288s] running install_lib
[7.391s] copying /home/optimus/first_ros2_ws/build/timed_led/build/lib/timed_led/led_action_server.py -> /home/optimus/first_ros2_ws/install/timed_led/lib/python3.12/site-packages/timed_led
[7.395s] byte-compiling /home/optimus/first_ros2_ws/install/timed_led/lib/python3.12/site-packages/timed_led/led_action_server.py to led_action_server.cpython-312.pyc
[7.399s] running install_data
[7.400s] running install_egg_info
[7.505s] removing '/home/optimus/first_ros2_ws/install/timed_led/lib/python3.12/site-packages/timed_led-0.0.0-py3.12.egg-info' (and everything under it)
[7.508s] Copying ../../build/timed_led/timed_led.egg-info to /home/optimus/first_ros2_ws/install/timed_led/lib/python3.12/site-packages/timed_led-0.0.0-py3.12.egg-info
[7.514s] running install_scripts
[8.259s] Installing client_led_tracker script to /home/optimus/first_ros2_ws/install/timed_led/lib/timed_led
[8.260s] Installing led_action_client script to /home/optimus/first_ros2_ws/install/timed_led/lib/timed_led
[8.261s] Installing led_action_server script to /home/optimus/first_ros2_ws/install/timed_led/lib/timed_led
[8.265s] Installing led_timer script to /home/optimus/first_ros2_ws/install/timed_led/lib/timed_led
[8.266s] Installing ps4_controller script to /home/optimus/first_ros2_ws/install/timed_led/lib/timed_led
[8.268s] Installing server_led_tracker script to /home/optimus/first_ros2_ws/install/timed_led/lib/timed_led
[8.269s] Installing timed_led script to /home/optimus/first_ros2_ws/install/timed_led/lib/timed_led
[8.271s] writing list of installed files to '/home/optimus/first_ros2_ws/build/timed_led/install.log'
[8.419s] Invoked command in '/home/optimus/first_ros2_ws/src/timed_led' returned '0': DEBUGINFOD_URLS=https://debuginfod.ubuntu.com PYTHONPATH=/home/optimus/first_ros2_ws/build/timed_led/prefix_override:/usr/lib/python3/dist-packages/colcon_core/task/python/colcon_distutils_commands:/home/optimus/first_ros2_ws/install/timed_led/lib/python3.12/site-packages:${PYTHONPATH} /usr/bin/python3 -W ignore:setup.py install is deprecated -W ignore:easy_install command is deprecated setup.py egg_info --egg-base ../../build/timed_led build --build-base /home/optimus/first_ros2_ws/build/timed_led/build install --record /home/optimus/first_ros2_ws/build/timed_led/install.log --single-version-externally-managed install_data
