/home/optimus/first_ros2_ws/install/timed_led/lib/python3.12/site-packages/timed_led/client_led_tracker.py
/home/optimus/first_ros2_ws/install/timed_led/lib/python3.12/site-packages/timed_led/publisher_timed_led.py
/home/optimus/first_ros2_ws/install/timed_led/lib/python3.12/site-packages/timed_led/service_led_tracker.py
/home/optimus/first_ros2_ws/install/timed_led/lib/python3.12/site-packages/timed_led/led_action_client.py
/home/optimus/first_ros2_ws/install/timed_led/lib/python3.12/site-packages/timed_led/__init__.py
/home/optimus/first_ros2_ws/install/timed_led/lib/python3.12/site-packages/timed_led/led_action_server.py
/home/optimus/first_ros2_ws/install/timed_led/lib/python3.12/site-packages/timed_led/subscriber_timed_led.py
/home/optimus/first_ros2_ws/install/timed_led/lib/python3.12/site-packages/timed_led/__pycache__/client_led_tracker.cpython-312.pyc
/home/optimus/first_ros2_ws/install/timed_led/lib/python3.12/site-packages/timed_led/__pycache__/publisher_timed_led.cpython-312.pyc
/home/optimus/first_ros2_ws/install/timed_led/lib/python3.12/site-packages/timed_led/__pycache__/service_led_tracker.cpython-312.pyc
/home/optimus/first_ros2_ws/install/timed_led/lib/python3.12/site-packages/timed_led/__pycache__/led_action_client.cpython-312.pyc
/home/optimus/first_ros2_ws/install/timed_led/lib/python3.12/site-packages/timed_led/__pycache__/__init__.cpython-312.pyc
/home/optimus/first_ros2_ws/install/timed_led/lib/python3.12/site-packages/timed_led/__pycache__/led_action_server.cpython-312.pyc
/home/optimus/first_ros2_ws/install/timed_led/lib/python3.12/site-packages/timed_led/__pycache__/subscriber_timed_led.cpython-312.pyc
/home/optimus/first_ros2_ws/install/timed_led/share/ament_index/resource_index/packages/timed_led
/home/optimus/first_ros2_ws/install/timed_led/share/timed_led/package.xml
/home/optimus/first_ros2_ws/install/timed_led/lib/python3.12/site-packages/timed_led-0.0.0-py3.12.egg-info/zip-safe
/home/optimus/first_ros2_ws/install/timed_led/lib/python3.12/site-packages/timed_led-0.0.0-py3.12.egg-info/PKG-INFO
/home/optimus/first_ros2_ws/install/timed_led/lib/python3.12/site-packages/timed_led-0.0.0-py3.12.egg-info/top_level.txt
/home/optimus/first_ros2_ws/install/timed_led/lib/python3.12/site-packages/timed_led-0.0.0-py3.12.egg-info/requires.txt
/home/optimus/first_ros2_ws/install/timed_led/lib/python3.12/site-packages/timed_led-0.0.0-py3.12.egg-info/entry_points.txt
/home/optimus/first_ros2_ws/install/timed_led/lib/python3.12/site-packages/timed_led-0.0.0-py3.12.egg-info/dependency_links.txt
/home/optimus/first_ros2_ws/install/timed_led/lib/python3.12/site-packages/timed_led-0.0.0-py3.12.egg-info/SOURCES.txt
/home/optimus/first_ros2_ws/install/timed_led/lib/timed_led/client_led_tracker
/home/optimus/first_ros2_ws/install/timed_led/lib/timed_led/led_action_client
/home/optimus/first_ros2_ws/install/timed_led/lib/timed_led/led_action_server
/home/optimus/first_ros2_ws/install/timed_led/lib/timed_led/led_timer
/home/optimus/first_ros2_ws/install/timed_led/lib/timed_led/server_led_tracker
/home/optimus/first_ros2_ws/install/timed_led/lib/timed_led/timed_led
