[5.402s] Invoking command in '/home/optimus/first_ros2_ws/src/timed_led': DEBUGINFOD_URLS=https://debuginfod.ubuntu.com PYTHONPATH=/home/optimus/first_ros2_ws/build/timed_led/prefix_override:/usr/lib/python3/dist-packages/colcon_core/task/python/colcon_distutils_commands:/home/optimus/first_ros2_ws/install/timed_led/lib/python3.12/site-packages:${PYTHONPATH} /usr/bin/python3 -W ignore:setup.py install is deprecated -W ignore:easy_install command is deprecated setup.py egg_info --egg-base ../../build/timed_led build --build-base /home/optimus/first_ros2_ws/build/timed_led/build install --record /home/optimus/first_ros2_ws/build/timed_led/install.log --single-version-externally-managed install_data
[6.614s] running egg_info
[6.705s] writing ../../build/timed_led/timed_led.egg-info/PKG-INFO
[6.706s] writing dependency_links to ../../build/timed_led/timed_led.egg-info/dependency_links.txt
[6.709s] writing entry points to ../../build/timed_led/timed_led.egg-info/entry_points.txt
[6.710s] writing requirements to ../../build/timed_led/timed_led.egg-info/requires.txt
[6.711s] writing top-level names to ../../build/timed_led/timed_led.egg-info/top_level.txt
[6.905s] reading manifest file '../../build/timed_led/timed_led.egg-info/SOURCES.txt'
[6.906s] adding license file 'LICENSE'
[6.909s] writing manifest file '../../build/timed_led/timed_led.egg-info/SOURCES.txt'
[6.910s] running build
[6.910s] running build_py
[6.913s] copying timed_led/ps4_controller.py -> /home/optimus/first_ros2_ws/build/timed_led/build/lib/timed_led
[6.914s] running install
[6.941s] running install_lib
[7.036s] copying /home/optimus/first_ros2_ws/build/timed_led/build/lib/timed_led/ps4_controller.py -> /home/optimus/first_ros2_ws/install/timed_led/lib/python3.12/site-packages/timed_led
[7.040s] byte-compiling /home/optimus/first_ros2_ws/install/timed_led/lib/python3.12/site-packages/timed_led/ps4_controller.py to ps4_controller.cpython-312.pyc
[7.044s] running install_data
[7.045s] running install_egg_info
[7.146s] removing '/home/optimus/first_ros2_ws/install/timed_led/lib/python3.12/site-packages/timed_led-0.0.0-py3.12.egg-info' (and everything under it)
[7.149s] Copying ../../build/timed_led/timed_led.egg-info to /home/optimus/first_ros2_ws/install/timed_led/lib/python3.12/site-packages/timed_led-0.0.0-py3.12.egg-info
[7.156s] running install_scripts
[7.861s] Installing client_led_tracker script to /home/optimus/first_ros2_ws/install/timed_led/lib/timed_led
[7.862s] Installing led_action_client script to /home/optimus/first_ros2_ws/install/timed_led/lib/timed_led
[7.863s] Installing led_action_server script to /home/optimus/first_ros2_ws/install/timed_led/lib/timed_led
[7.864s] Installing led_timer script to /home/optimus/first_ros2_ws/install/timed_led/lib/timed_led
[7.865s] Installing ps4_controller script to /home/optimus/first_ros2_ws/install/timed_led/lib/timed_led
[7.866s] Installing server_led_tracker script to /home/optimus/first_ros2_ws/install/timed_led/lib/timed_led
[7.867s] Installing timed_led script to /home/optimus/first_ros2_ws/install/timed_led/lib/timed_led
[7.869s] writing list of installed files to '/home/optimus/first_ros2_ws/build/timed_led/install.log'
[8.041s] Invoked command in '/home/optimus/first_ros2_ws/src/timed_led' returned '0': DEBUGINFOD_URLS=https://debuginfod.ubuntu.com PYTHONPATH=/home/optimus/first_ros2_ws/build/timed_led/prefix_override:/usr/lib/python3/dist-packages/colcon_core/task/python/colcon_distutils_commands:/home/optimus/first_ros2_ws/install/timed_led/lib/python3.12/site-packages:${PYTHONPATH} /usr/bin/python3 -W ignore:setup.py install is deprecated -W ignore:easy_install command is deprecated setup.py egg_info --egg-base ../../build/timed_led build --build-base /home/optimus/first_ros2_ws/build/timed_led/build install --record /home/optimus/first_ros2_ws/build/timed_led/install.log --single-version-externally-managed install_data
