[5.929s] Invoking command in '/home/optimus/first_ros2_ws/src/timed_led': DEBUGINFOD_URLS=https://debuginfod.ubuntu.com PYTHONPATH=/home/optimus/first_ros2_ws/build/timed_led/prefix_override:/usr/lib/python3/dist-packages/colcon_core/task/python/colcon_distutils_commands:/home/optimus/first_ros2_ws/install/timed_led/lib/python3.12/site-packages:${PYTHONPATH} /usr/bin/python3 -W ignore:setup.py install is deprecated -W ignore:easy_install command is deprecated setup.py egg_info --egg-base ../../build/timed_led build --build-base /home/optimus/first_ros2_ws/build/timed_led/build install --record /home/optimus/first_ros2_ws/build/timed_led/install.log --single-version-externally-managed install_data
[8.186s] running egg_info
[8.429s] writing ../../build/timed_led/timed_led.egg-info/PKG-INFO
[8.434s] writing dependency_links to ../../build/timed_led/timed_led.egg-info/dependency_links.txt
[8.434s] writing entry points to ../../build/timed_led/timed_led.egg-info/entry_points.txt
[8.435s] writing requirements to ../../build/timed_led/timed_led.egg-info/requires.txt
[8.446s] writing top-level names to ../../build/timed_led/timed_led.egg-info/top_level.txt
[8.868s] reading manifest file '../../build/timed_led/timed_led.egg-info/SOURCES.txt'
[8.869s] adding license file 'LICENSE'
[8.872s] writing manifest file '../../build/timed_led/timed_led.egg-info/SOURCES.txt'
[8.875s] running build
[8.876s] running build_py
[8.877s] copying timed_led/led_action_server.py -> /home/optimus/first_ros2_ws/build/timed_led/build/lib/timed_led
[8.884s] running install
[8.914s] running install_lib
[9.140s] copying /home/optimus/first_ros2_ws/build/timed_led/build/lib/timed_led/led_action_server.py -> /home/optimus/first_ros2_ws/install/timed_led/lib/python3.12/site-packages/timed_led
[9.146s] byte-compiling /home/optimus/first_ros2_ws/install/timed_led/lib/python3.12/site-packages/timed_led/led_action_server.py to led_action_server.cpython-312.pyc
[9.150s] running install_data
[9.151s] creating /home/optimus/first_ros2_ws/install/timed_led/share/timed_led/launch
[9.153s] copying launch/main_launch._launch.xml -> /home/optimus/first_ros2_ws/install/timed_led/share/timed_led/launch
[9.154s] running install_egg_info
[9.331s] removing '/home/optimus/first_ros2_ws/install/timed_led/lib/python3.12/site-packages/timed_led-0.0.0-py3.12.egg-info' (and everything under it)
[9.333s] Copying ../../build/timed_led/timed_led.egg-info to /home/optimus/first_ros2_ws/install/timed_led/lib/python3.12/site-packages/timed_led-0.0.0-py3.12.egg-info
[9.346s] running install_scripts
[10.252s] Installing client_led_tracker script to /home/optimus/first_ros2_ws/install/timed_led/lib/timed_led
[10.253s] Installing led_action_client script to /home/optimus/first_ros2_ws/install/timed_led/lib/timed_led
[10.254s] Installing led_action_server script to /home/optimus/first_ros2_ws/install/timed_led/lib/timed_led
[10.255s] Installing led_timer script to /home/optimus/first_ros2_ws/install/timed_led/lib/timed_led
[10.257s] Installing ps4_controller script to /home/optimus/first_ros2_ws/install/timed_led/lib/timed_led
[10.258s] Installing server_led_tracker script to /home/optimus/first_ros2_ws/install/timed_led/lib/timed_led
[10.260s] Installing timed_led script to /home/optimus/first_ros2_ws/install/timed_led/lib/timed_led
[10.264s] writing list of installed files to '/home/optimus/first_ros2_ws/build/timed_led/install.log'
[10.412s] Invoked command in '/home/optimus/first_ros2_ws/src/timed_led' returned '0': DEBUGINFOD_URLS=https://debuginfod.ubuntu.com PYTHONPATH=/home/optimus/first_ros2_ws/build/timed_led/prefix_override:/usr/lib/python3/dist-packages/colcon_core/task/python/colcon_distutils_commands:/home/optimus/first_ros2_ws/install/timed_led/lib/python3.12/site-packages:${PYTHONPATH} /usr/bin/python3 -W ignore:setup.py install is deprecated -W ignore:easy_install command is deprecated setup.py egg_info --egg-base ../../build/timed_led build --build-base /home/optimus/first_ros2_ws/build/timed_led/build install --record /home/optimus/first_ros2_ws/build/timed_led/install.log --single-version-externally-managed install_data
