[0.079s] Invoking command in '/home/optimus/first_ros2_ws/build/intro_interfaces': CMAKE_PREFIX_PATH=${CMAKE_PREFIX_PATH}:/opt/ros/jazzy DEBUGINFOD_URLS=https://debuginfod.ubuntu.com /usr/bin/cmake --build /home/optimus/first_ros2_ws/build/intro_interfaces -- -j4 -l4
[0.215s] -- Found ament_cmake: 2.5.3 (/opt/ros/jazzy/share/ament_cmake/cmake)
[0.750s] -- Found rosidl_default_generators: 1.6.0 (/opt/ros/jazzy/share/rosidl_default_generators/cmake)
[0.761s] -- Using all available rosidl_typesupport_c: rosidl_typesupport_fastrtps_c;rosidl_typesupport_introspection_c
[0.982s] -- Using all available rosidl_typesupport_cpp: rosidl_typesupport_fastrtps_cpp;rosidl_typesupport_introspection_cpp
[1.132s] -- Found rosidl_adapter: 4.6.5 (/opt/ros/jazzy/share/rosidl_adapter/cmake)
[2.765s] -- Found ament_cmake_ros: 0.12.0 (/opt/ros/jazzy/share/ament_cmake_ros/cmake)
[3.259s] -- Using all available rosidl_typesupport_c: rosidl_typesupport_fastrtps_c;rosidl_typesupport_introspection_c
[3.900s] -- Using all available rosidl_typesupport_cpp: rosidl_typesupport_fastrtps_cpp;rosidl_typesupport_introspection_cpp
[3.906s] -- Found python_cmake_module: 0.11.1 (/opt/ros/jazzy/share/python_cmake_module/cmake)
[5.330s] -- Found Python3: /usr/bin/python3 (found version "3.12.3") found components: Interpreter Development NumPy Development.Module Development.Embed 
[5.401s] -- Found ament_lint_auto: 0.17.1 (/opt/ros/jazzy/share/ament_lint_auto/cmake)
[5.462s] -- Added test 'lint_cmake' to check CMake code style
[5.471s] -- Added test 'xmllint' to check XML markup files
[5.485s] -- Configuring done (5.3s)
[6.575s] -- Generating done (1.0s)
[6.799s] -- Build files have been written to: /home/optimus/first_ros2_ws/build/intro_interfaces
[7.005s] [  1%] [34m[1mGenerating type hashes for ROS interfaces[0m
[7.088s] [  1%] Built target ament_cmake_python_copy_intro_interfaces
[8.334s] [  1%] Built target intro_interfaces__rosidl_generator_type_description
[8.394s] [  3%] [34m[1mGenerating C code for ROS interfaces[0m
[8.461s] [  5%] [34m[1mGenerating C++ code for ROS interfaces[0m
[8.649s] running egg_info
[8.866s] writing intro_interfaces.egg-info/PKG-INFO
[8.869s] writing dependency_links to intro_interfaces.egg-info/dependency_links.txt
[8.878s] writing top-level names to intro_interfaces.egg-info/top_level.txt
[9.460s] reading manifest file 'intro_interfaces.egg-info/SOURCES.txt'
[9.466s] writing manifest file 'intro_interfaces.egg-info/SOURCES.txt'
[9.663s] [  5%] Built target ament_cmake_python_build_intro_interfaces_egg
[12.196s] [  5%] Built target intro_interfaces__cpp
[12.739s] [  7%] [32mBuilding C object CMakeFiles/intro_interfaces__rosidl_generator_c.dir/rosidl_generator_c/intro_interfaces/msg/detail/led_state__description.c.o[0m
[12.755s] [  9%] [32mBuilding C object CMakeFiles/intro_interfaces__rosidl_generator_c.dir/rosidl_generator_c/intro_interfaces/msg/detail/led_state__functions.c.o[0m
[12.780s] [ 11%] [32mBuilding C object CMakeFiles/intro_interfaces__rosidl_generator_c.dir/rosidl_generator_c/intro_interfaces/srv/detail/led_tracker__description.c.o[0m
[12.789s] [ 12%] [32mBuilding C object CMakeFiles/intro_interfaces__rosidl_generator_c.dir/rosidl_generator_c/intro_interfaces/msg/detail/led_state__type_support.c.o[0m
[13.110s] [ 14%] [32mBuilding C object CMakeFiles/intro_interfaces__rosidl_generator_c.dir/rosidl_generator_c/intro_interfaces/srv/detail/led_tracker__functions.c.o[0m
[13.143s] [ 16%] [32mBuilding C object CMakeFiles/intro_interfaces__rosidl_generator_c.dir/rosidl_generator_c/intro_interfaces/srv/detail/led_tracker__type_support.c.o[0m
[13.374s] [ 18%] [32mBuilding C object CMakeFiles/intro_interfaces__rosidl_generator_c.dir/rosidl_generator_c/intro_interfaces/action/detail/toggle_led__description.c.o[0m
[13.475s] [ 20%] [32mBuilding C object CMakeFiles/intro_interfaces__rosidl_generator_c.dir/rosidl_generator_c/intro_interfaces/action/detail/toggle_led__functions.c.o[0m
[13.602s] [ 22%] [32mBuilding C object CMakeFiles/intro_interfaces__rosidl_generator_c.dir/rosidl_generator_c/intro_interfaces/action/detail/toggle_led__type_support.c.o[0m
[14.888s] [ 24%] [32m[1mLinking C shared library libintro_interfaces__rosidl_generator_c.so[0m
[15.220s] [ 24%] Built target intro_interfaces__rosidl_generator_c
[15.303s] [ 25%] [34m[1mGenerating C type support dispatch for ROS interfaces[0m
[15.308s] [ 27%] [34m[1mGenerating C introspection for ROS interfaces[0m
[15.309s] [ 29%] [34m[1mGenerating C++ type support for eProsima Fast-RTPS[0m
[15.339s] [ 31%] [34m[1mGenerating C++ introspection for ROS interfaces[0m
[17.239s] [ 33%] [32mBuilding CXX object CMakeFiles/intro_interfaces__rosidl_typesupport_c.dir/rosidl_typesupport_c/intro_interfaces/msg/led_state__type_support.cpp.o[0m
[17.607s] [ 35%] [32mBuilding CXX object CMakeFiles/intro_interfaces__rosidl_typesupport_c.dir/rosidl_typesupport_c/intro_interfaces/srv/led_tracker__type_support.cpp.o[0m
[17.751s] [ 37%] [32mBuilding CXX object CMakeFiles/intro_interfaces__rosidl_typesupport_introspection_cpp.dir/rosidl_typesupport_introspection_cpp/intro_interfaces/msg/detail/led_state__type_support.cpp.o[0m
[18.045s] [ 38%] [32mBuilding CXX object CMakeFiles/intro_interfaces__rosidl_typesupport_c.dir/rosidl_typesupport_c/intro_interfaces/action/toggle_led__type_support.cpp.o[0m
[18.111s] [ 40%] [32mBuilding C object CMakeFiles/intro_interfaces__rosidl_typesupport_introspection_c.dir/rosidl_typesupport_introspection_c/intro_interfaces/msg/detail/led_state__type_support.c.o[0m
[18.519s] [ 42%] [32mBuilding C object CMakeFiles/intro_interfaces__rosidl_typesupport_introspection_c.dir/rosidl_typesupport_introspection_c/intro_interfaces/srv/detail/led_tracker__type_support.c.o[0m
[18.543s] [ 44%] [32m[1mLinking CXX shared library libintro_interfaces__rosidl_typesupport_c.so[0m
[18.914s] [ 46%] [32mBuilding C object CMakeFiles/intro_interfaces__rosidl_typesupport_introspection_c.dir/rosidl_typesupport_introspection_c/intro_interfaces/action/detail/toggle_led__type_support.c.o[0m
[18.919s] [ 46%] Built target intro_interfaces__rosidl_typesupport_c
[18.920s] [ 48%] [32mBuilding CXX object CMakeFiles/intro_interfaces__rosidl_typesupport_fastrtps_cpp.dir/rosidl_typesupport_fastrtps_cpp/intro_interfaces/msg/detail/dds_fastrtps/led_state__type_support.cpp.o[0m
[18.981s] [ 50%] [32mBuilding CXX object CMakeFiles/intro_interfaces__rosidl_typesupport_introspection_cpp.dir/rosidl_typesupport_introspection_cpp/intro_interfaces/srv/detail/led_tracker__type_support.cpp.o[0m
[19.388s] [ 51%] [32m[1mLinking C shared library libintro_interfaces__rosidl_typesupport_introspection_c.so[0m
[19.709s] [ 51%] Built target intro_interfaces__rosidl_typesupport_introspection_c
[19.820s] [ 53%] [32mBuilding CXX object CMakeFiles/intro_interfaces__rosidl_typesupport_fastrtps_cpp.dir/rosidl_typesupport_fastrtps_cpp/intro_interfaces/srv/detail/dds_fastrtps/led_tracker__type_support.cpp.o[0m
[19.993s] [ 55%] [34m[1mGenerating C++ type support dispatch for ROS interfaces[0m
[21.930s] [ 57%] [32mBuilding CXX object CMakeFiles/intro_interfaces__rosidl_typesupport_introspection_cpp.dir/rosidl_typesupport_introspection_cpp/intro_interfaces/action/detail/toggle_led__type_support.cpp.o[0m
[22.171s] [ 59%] [34m[1mGenerating C type support for eProsima Fast-RTPS[0m
[22.376s] [ 61%] [32mBuilding CXX object CMakeFiles/intro_interfaces__rosidl_typesupport_cpp.dir/rosidl_typesupport_cpp/intro_interfaces/msg/led_state__type_support.cpp.o[0m
[24.192s] [ 62%] [32mBuilding CXX object CMakeFiles/intro_interfaces__rosidl_typesupport_fastrtps_cpp.dir/rosidl_typesupport_fastrtps_cpp/intro_interfaces/action/detail/dds_fastrtps/toggle_led__type_support.cpp.o[0m
[24.573s] [ 64%] [32mBuilding CXX object CMakeFiles/intro_interfaces__rosidl_typesupport_cpp.dir/rosidl_typesupport_cpp/intro_interfaces/srv/led_tracker__type_support.cpp.o[0m
[26.687s] [ 66%] [32mBuilding CXX object CMakeFiles/intro_interfaces__rosidl_typesupport_fastrtps_c.dir/rosidl_typesupport_fastrtps_c/intro_interfaces/msg/detail/led_state__type_support_c.cpp.o[0m
[27.524s] [ 68%] [32mBuilding CXX object CMakeFiles/intro_interfaces__rosidl_typesupport_cpp.dir/rosidl_typesupport_cpp/intro_interfaces/action/toggle_led__type_support.cpp.o[0m
[27.684s] [ 70%] [32m[1mLinking CXX shared library libintro_interfaces__rosidl_typesupport_introspection_cpp.so[0m
[28.331s] [ 70%] Built target intro_interfaces__rosidl_typesupport_introspection_cpp
[28.422s] [ 72%] [32mBuilding CXX object CMakeFiles/intro_interfaces__rosidl_typesupport_fastrtps_c.dir/rosidl_typesupport_fastrtps_c/intro_interfaces/srv/detail/led_tracker__type_support_c.cpp.o[0m
[30.306s] [ 74%] [32mBuilding CXX object CMakeFiles/intro_interfaces__rosidl_typesupport_fastrtps_c.dir/rosidl_typesupport_fastrtps_c/intro_interfaces/action/detail/toggle_led__type_support_c.cpp.o[0m
[31.567s] [ 75%] [32m[1mLinking CXX shared library libintro_interfaces__rosidl_typesupport_fastrtps_cpp.so[0m
[32.171s] [ 75%] Built target intro_interfaces__rosidl_typesupport_fastrtps_cpp
[32.793s] [ 77%] [32m[1mLinking CXX shared library libintro_interfaces__rosidl_typesupport_cpp.so[0m
[33.306s] [ 77%] Built target intro_interfaces__rosidl_typesupport_cpp
[33.872s] [ 79%] [32m[1mLinking CXX shared library libintro_interfaces__rosidl_typesupport_fastrtps_c.so[0m
[34.259s] [ 79%] Built target intro_interfaces__rosidl_typesupport_fastrtps_c
[34.396s] [ 79%] Built target intro_interfaces
[34.485s] [ 81%] [34m[1mGenerating Python code for ROS interfaces[0m
[38.258s] [ 81%] Built target intro_interfaces__py
[38.397s] [ 83%] [32mBuilding C object CMakeFiles/intro_interfaces__rosidl_generator_py.dir/rosidl_generator_py/intro_interfaces/srv/_led_tracker_s.c.o[0m
[38.404s] [ 85%] [32mBuilding C object CMakeFiles/intro_interfaces__rosidl_generator_py.dir/rosidl_generator_py/intro_interfaces/msg/_led_state_s.c.o[0m
[38.411s] [ 87%] [32mBuilding C object CMakeFiles/intro_interfaces__rosidl_generator_py.dir/rosidl_generator_py/intro_interfaces/action/_toggle_led_s.c.o[0m
[39.453s] [ 88%] [32m[1mLinking C shared library libintro_interfaces__rosidl_generator_py.so[0m
[39.729s] [ 88%] Built target intro_interfaces__rosidl_generator_py
[39.870s] [ 90%] [32mBuilding C object CMakeFiles/intro_interfaces_s__rosidl_typesupport_introspection_c.dir/rosidl_generator_py/intro_interfaces/_intro_interfaces_s.ep.rosidl_typesupport_introspection_c.c.o[0m
[39.880s] [ 92%] [32mBuilding C object CMakeFiles/intro_interfaces_s__rosidl_typesupport_c.dir/rosidl_generator_py/intro_interfaces/_intro_interfaces_s.ep.rosidl_typesupport_c.c.o[0m
[39.896s] [ 94%] [32mBuilding C object CMakeFiles/intro_interfaces_s__rosidl_typesupport_fastrtps_c.dir/rosidl_generator_py/intro_interfaces/_intro_interfaces_s.ep.rosidl_typesupport_fastrtps_c.c.o[0m
[40.758s] [ 96%] [32m[1mLinking C shared module rosidl_generator_py/intro_interfaces/intro_interfaces_s__rosidl_typesupport_introspection_c.so[0m
[40.823s] [ 98%] [32m[1mLinking C shared module rosidl_generator_py/intro_interfaces/intro_interfaces_s__rosidl_typesupport_c.so[0m
[40.847s] [100%] [32m[1mLinking C shared module rosidl_generator_py/intro_interfaces/intro_interfaces_s__rosidl_typesupport_fastrtps_c.so[0m
[41.004s] [100%] Built target intro_interfaces_s__rosidl_typesupport_introspection_c
[41.087s] [100%] Built target intro_interfaces_s__rosidl_typesupport_c
[41.091s] [100%] Built target intro_interfaces_s__rosidl_typesupport_fastrtps_c
[41.159s] Invoked command in '/home/optimus/first_ros2_ws/build/intro_interfaces' returned '0': CMAKE_PREFIX_PATH=${CMAKE_PREFIX_PATH}:/opt/ros/jazzy DEBUGINFOD_URLS=https://debuginfod.ubuntu.com /usr/bin/cmake --build /home/optimus/first_ros2_ws/build/intro_interfaces -- -j4 -l4
[41.210s] Invoking command in '/home/optimus/first_ros2_ws/build/intro_interfaces': CMAKE_PREFIX_PATH=${CMAKE_PREFIX_PATH}:/opt/ros/jazzy DEBUGINFOD_URLS=https://debuginfod.ubuntu.com /usr/bin/cmake --install /home/optimus/first_ros2_ws/build/intro_interfaces
[41.260s] -- Install configuration: ""
[41.261s] -- Installing: /home/optimus/first_ros2_ws/install/intro_interfaces/share/ament_index/resource_index/rosidl_interfaces/intro_interfaces
[41.263s] -- Installing: /home/optimus/first_ros2_ws/install/intro_interfaces/share/intro_interfaces/msg/LEDState.json
[41.268s] -- Installing: /home/optimus/first_ros2_ws/install/intro_interfaces/share/intro_interfaces/srv/LEDTracker.json
[41.269s] -- Installing: /home/optimus/first_ros2_ws/install/intro_interfaces/share/intro_interfaces/action/ToggleLED.json
[41.273s] -- Up-to-date: /home/optimus/first_ros2_ws/install/intro_interfaces/include/intro_interfaces/intro_interfaces
[41.278s] -- Up-to-date: /home/optimus/first_ros2_ws/install/intro_interfaces/include/intro_interfaces/intro_interfaces/srv
[41.279s] -- Installing: /home/optimus/first_ros2_ws/install/intro_interfaces/include/intro_interfaces/intro_interfaces/srv/led_tracker.h
[41.280s] -- Up-to-date: /home/optimus/first_ros2_ws/install/intro_interfaces/include/intro_interfaces/intro_interfaces/srv/detail
[41.284s] -- Installing: /home/optimus/first_ros2_ws/install/intro_interfaces/include/intro_interfaces/intro_interfaces/srv/detail/led_tracker__description.c
[41.284s] -- Installing: /home/optimus/first_ros2_ws/install/intro_interfaces/include/intro_interfaces/intro_interfaces/srv/detail/led_tracker__functions.c
[41.285s] -- Installing: /home/optimus/first_ros2_ws/install/intro_interfaces/include/intro_interfaces/intro_interfaces/srv/detail/led_tracker__struct.h
[41.290s] -- Installing: /home/optimus/first_ros2_ws/install/intro_interfaces/include/intro_interfaces/intro_interfaces/srv/detail/led_tracker__type_support.h
[41.291s] -- Installing: /home/optimus/first_ros2_ws/install/intro_interfaces/include/intro_interfaces/intro_interfaces/srv/detail/led_tracker__functions.h
[41.292s] -- Installing: /home/optimus/first_ros2_ws/install/intro_interfaces/include/intro_interfaces/intro_interfaces/srv/detail/led_tracker__type_support.c
[41.293s] -- Up-to-date: /home/optimus/first_ros2_ws/install/intro_interfaces/include/intro_interfaces/intro_interfaces/msg
[41.297s] -- Installing: /home/optimus/first_ros2_ws/install/intro_interfaces/include/intro_interfaces/intro_interfaces/msg/led_state.h
[41.298s] -- Up-to-date: /home/optimus/first_ros2_ws/install/intro_interfaces/include/intro_interfaces/intro_interfaces/msg/rosidl_generator_c__visibility_control.h
[41.298s] -- Up-to-date: /home/optimus/first_ros2_ws/install/intro_interfaces/include/intro_interfaces/intro_interfaces/msg/detail
[41.299s] -- Installing: /home/optimus/first_ros2_ws/install/intro_interfaces/include/intro_interfaces/intro_interfaces/msg/detail/led_state__type_support.c
[41.299s] -- Installing: /home/optimus/first_ros2_ws/install/intro_interfaces/include/intro_interfaces/intro_interfaces/msg/detail/led_state__description.c
[41.300s] -- Installing: /home/optimus/first_ros2_ws/install/intro_interfaces/include/intro_interfaces/intro_interfaces/msg/detail/led_state__functions.c
[41.304s] -- Installing: /home/optimus/first_ros2_ws/install/intro_interfaces/include/intro_interfaces/intro_interfaces/msg/detail/led_state__type_support.h
[41.305s] -- Installing: /home/optimus/first_ros2_ws/install/intro_interfaces/include/intro_interfaces/intro_interfaces/msg/detail/led_state__struct.h
[41.306s] -- Installing: /home/optimus/first_ros2_ws/install/intro_interfaces/include/intro_interfaces/intro_interfaces/msg/detail/led_state__functions.h
[41.310s] -- Installing: /home/optimus/first_ros2_ws/install/intro_interfaces/include/intro_interfaces/intro_interfaces/action
[41.311s] -- Installing: /home/optimus/first_ros2_ws/install/intro_interfaces/include/intro_interfaces/intro_interfaces/action/detail
[41.316s] -- Installing: /home/optimus/first_ros2_ws/install/intro_interfaces/include/intro_interfaces/intro_interfaces/action/detail/toggle_led__type_support.h
[41.318s] -- Installing: /home/optimus/first_ros2_ws/install/intro_interfaces/include/intro_interfaces/intro_interfaces/action/detail/toggle_led__type_support.c
[41.319s] -- Installing: /home/optimus/first_ros2_ws/install/intro_interfaces/include/intro_interfaces/intro_interfaces/action/detail/toggle_led__functions.c
[41.320s] -- Installing: /home/optimus/first_ros2_ws/install/intro_interfaces/include/intro_interfaces/intro_interfaces/action/detail/toggle_led__struct.h
[41.320s] -- Installing: /home/optimus/first_ros2_ws/install/intro_interfaces/include/intro_interfaces/intro_interfaces/action/detail/toggle_led__description.c
[41.321s] -- Installing: /home/optimus/first_ros2_ws/install/intro_interfaces/include/intro_interfaces/intro_interfaces/action/detail/toggle_led__functions.h
[41.325s] -- Installing: /home/optimus/first_ros2_ws/install/intro_interfaces/include/intro_interfaces/intro_interfaces/action/toggle_led.h
[41.326s] -- Up-to-date: /home/optimus/first_ros2_ws/install/intro_interfaces/share/intro_interfaces/environment/library_path.sh
[41.326s] -- Up-to-date: /home/optimus/first_ros2_ws/install/intro_interfaces/share/intro_interfaces/environment/library_path.dsv
[41.327s] -- Installing: /home/optimus/first_ros2_ws/install/intro_interfaces/lib/libintro_interfaces__rosidl_generator_c.so
[41.331s] -- Set non-toolchain portion of runtime path of "/home/optimus/first_ros2_ws/install/intro_interfaces/lib/libintro_interfaces__rosidl_generator_c.so" to ""
[41.334s] -- Up-to-date: /home/optimus/first_ros2_ws/install/intro_interfaces/include/intro_interfaces/intro_interfaces
[41.335s] -- Up-to-date: /home/optimus/first_ros2_ws/install/intro_interfaces/include/intro_interfaces/intro_interfaces/srv
[41.336s] -- Up-to-date: /home/optimus/first_ros2_ws/install/intro_interfaces/include/intro_interfaces/intro_interfaces/srv/detail
[41.337s] -- Installing: /home/optimus/first_ros2_ws/install/intro_interfaces/include/intro_interfaces/intro_interfaces/srv/detail/led_tracker__rosidl_typesupport_fastrtps_c.h
[41.341s] -- Up-to-date: /home/optimus/first_ros2_ws/install/intro_interfaces/include/intro_interfaces/intro_interfaces/msg
[41.342s] -- Up-to-date: /home/optimus/first_ros2_ws/install/intro_interfaces/include/intro_interfaces/intro_interfaces/msg/detail
[41.342s] -- Installing: /home/optimus/first_ros2_ws/install/intro_interfaces/include/intro_interfaces/intro_interfaces/msg/detail/led_state__rosidl_typesupport_fastrtps_c.h
[41.346s] -- Up-to-date: /home/optimus/first_ros2_ws/install/intro_interfaces/include/intro_interfaces/intro_interfaces/msg/rosidl_typesupport_fastrtps_c__visibility_control.h
[41.347s] -- Up-to-date: /home/optimus/first_ros2_ws/install/intro_interfaces/include/intro_interfaces/intro_interfaces/action
[41.347s] -- Up-to-date: /home/optimus/first_ros2_ws/install/intro_interfaces/include/intro_interfaces/intro_interfaces/action/detail
[41.348s] -- Installing: /home/optimus/first_ros2_ws/install/intro_interfaces/include/intro_interfaces/intro_interfaces/action/detail/toggle_led__rosidl_typesupport_fastrtps_c.h
[41.348s] -- Installing: /home/optimus/first_ros2_ws/install/intro_interfaces/lib/libintro_interfaces__rosidl_typesupport_fastrtps_c.so
[41.355s] -- Set non-toolchain portion of runtime path of "/home/optimus/first_ros2_ws/install/intro_interfaces/lib/libintro_interfaces__rosidl_typesupport_fastrtps_c.so" to ""
[41.356s] -- Up-to-date: /home/optimus/first_ros2_ws/install/intro_interfaces/include/intro_interfaces/intro_interfaces
[41.356s] -- Up-to-date: /home/optimus/first_ros2_ws/install/intro_interfaces/include/intro_interfaces/intro_interfaces/srv
[41.357s] -- Up-to-date: /home/optimus/first_ros2_ws/install/intro_interfaces/include/intro_interfaces/intro_interfaces/srv/detail
[41.360s] -- Installing: /home/optimus/first_ros2_ws/install/intro_interfaces/include/intro_interfaces/intro_interfaces/srv/detail/led_tracker__rosidl_typesupport_introspection_c.h
[41.361s] -- Installing: /home/optimus/first_ros2_ws/install/intro_interfaces/include/intro_interfaces/intro_interfaces/srv/detail/led_tracker__type_support.c
[41.362s] -- Up-to-date: /home/optimus/first_ros2_ws/install/intro_interfaces/include/intro_interfaces/intro_interfaces/msg
[41.363s] -- Up-to-date: /home/optimus/first_ros2_ws/install/intro_interfaces/include/intro_interfaces/intro_interfaces/msg/detail
[41.363s] -- Installing: /home/optimus/first_ros2_ws/install/intro_interfaces/include/intro_interfaces/intro_interfaces/msg/detail/led_state__type_support.c
[41.364s] -- Installing: /home/optimus/first_ros2_ws/install/intro_interfaces/include/intro_interfaces/intro_interfaces/msg/detail/led_state__rosidl_typesupport_introspection_c.h
[41.365s] -- Up-to-date: /home/optimus/first_ros2_ws/install/intro_interfaces/include/intro_interfaces/intro_interfaces/msg/rosidl_typesupport_introspection_c__visibility_control.h
[41.366s] -- Up-to-date: /home/optimus/first_ros2_ws/install/intro_interfaces/include/intro_interfaces/intro_interfaces/action
[41.367s] -- Up-to-date: /home/optimus/first_ros2_ws/install/intro_interfaces/include/intro_interfaces/intro_interfaces/action/detail
[41.367s] -- Installing: /home/optimus/first_ros2_ws/install/intro_interfaces/include/intro_interfaces/intro_interfaces/action/detail/toggle_led__rosidl_typesupport_introspection_c.h
[41.369s] -- Installing: /home/optimus/first_ros2_ws/install/intro_interfaces/include/intro_interfaces/intro_interfaces/action/detail/toggle_led__type_support.c
[41.373s] -- Installing: /home/optimus/first_ros2_ws/install/intro_interfaces/lib/libintro_interfaces__rosidl_typesupport_introspection_c.so
[41.376s] -- Set non-toolchain portion of runtime path of "/home/optimus/first_ros2_ws/install/intro_interfaces/lib/libintro_interfaces__rosidl_typesupport_introspection_c.so" to ""
[41.377s] -- Installing: /home/optimus/first_ros2_ws/install/intro_interfaces/lib/libintro_interfaces__rosidl_typesupport_c.so
[41.381s] -- Set non-toolchain portion of runtime path of "/home/optimus/first_ros2_ws/install/intro_interfaces/lib/libintro_interfaces__rosidl_typesupport_c.so" to ""
[41.383s] -- Up-to-date: /home/optimus/first_ros2_ws/install/intro_interfaces/include/intro_interfaces/intro_interfaces
[41.385s] -- Up-to-date: /home/optimus/first_ros2_ws/install/intro_interfaces/include/intro_interfaces/intro_interfaces/srv
[41.386s] -- Up-to-date: /home/optimus/first_ros2_ws/install/intro_interfaces/include/intro_interfaces/intro_interfaces/srv/detail
[41.387s] -- Installing: /home/optimus/first_ros2_ws/install/intro_interfaces/include/intro_interfaces/intro_interfaces/srv/detail/led_tracker__type_support.hpp
[41.392s] -- Installing: /home/optimus/first_ros2_ws/install/intro_interfaces/include/intro_interfaces/intro_interfaces/srv/detail/led_tracker__struct.hpp
[41.393s] -- Installing: /home/optimus/first_ros2_ws/install/intro_interfaces/include/intro_interfaces/intro_interfaces/srv/detail/led_tracker__builder.hpp
[41.394s] -- Installing: /home/optimus/first_ros2_ws/install/intro_interfaces/include/intro_interfaces/intro_interfaces/srv/detail/led_tracker__traits.hpp
[41.398s] -- Installing: /home/optimus/first_ros2_ws/install/intro_interfaces/include/intro_interfaces/intro_interfaces/srv/led_tracker.hpp
[41.399s] -- Up-to-date: /home/optimus/first_ros2_ws/install/intro_interfaces/include/intro_interfaces/intro_interfaces/msg
[41.404s] -- Installing: /home/optimus/first_ros2_ws/install/intro_interfaces/include/intro_interfaces/intro_interfaces/msg/rosidl_generator_cpp__visibility_control.hpp
[41.405s] -- Installing: /home/optimus/first_ros2_ws/install/intro_interfaces/include/intro_interfaces/intro_interfaces/msg/led_state.hpp
[41.407s] -- Up-to-date: /home/optimus/first_ros2_ws/install/intro_interfaces/include/intro_interfaces/intro_interfaces/msg/detail
[41.411s] -- Installing: /home/optimus/first_ros2_ws/install/intro_interfaces/include/intro_interfaces/intro_interfaces/msg/detail/led_state__struct.hpp
[41.412s] -- Installing: /home/optimus/first_ros2_ws/install/intro_interfaces/include/intro_interfaces/intro_interfaces/msg/detail/led_state__type_support.hpp
[41.412s] -- Installing: /home/optimus/first_ros2_ws/install/intro_interfaces/include/intro_interfaces/intro_interfaces/msg/detail/led_state__builder.hpp
[41.416s] -- Installing: /home/optimus/first_ros2_ws/install/intro_interfaces/include/intro_interfaces/intro_interfaces/msg/detail/led_state__traits.hpp
[41.416s] -- Up-to-date: /home/optimus/first_ros2_ws/install/intro_interfaces/include/intro_interfaces/intro_interfaces/action
[41.418s] -- Installing: /home/optimus/first_ros2_ws/install/intro_interfaces/include/intro_interfaces/intro_interfaces/action/toggle_led.hpp
[41.419s] -- Up-to-date: /home/optimus/first_ros2_ws/install/intro_interfaces/include/intro_interfaces/intro_interfaces/action/detail
[41.423s] -- Installing: /home/optimus/first_ros2_ws/install/intro_interfaces/include/intro_interfaces/intro_interfaces/action/detail/toggle_led__type_support.hpp
[41.424s] -- Installing: /home/optimus/first_ros2_ws/install/intro_interfaces/include/intro_interfaces/intro_interfaces/action/detail/toggle_led__builder.hpp
[41.427s] -- Installing: /home/optimus/first_ros2_ws/install/intro_interfaces/include/intro_interfaces/intro_interfaces/action/detail/toggle_led__struct.hpp
[41.430s] -- Installing: /home/optimus/first_ros2_ws/install/intro_interfaces/include/intro_interfaces/intro_interfaces/action/detail/toggle_led__traits.hpp
[41.435s] -- Up-to-date: /home/optimus/first_ros2_ws/install/intro_interfaces/include/intro_interfaces/intro_interfaces
[41.436s] -- Up-to-date: /home/optimus/first_ros2_ws/install/intro_interfaces/include/intro_interfaces/intro_interfaces/srv
[41.436s] -- Up-to-date: /home/optimus/first_ros2_ws/install/intro_interfaces/include/intro_interfaces/intro_interfaces/srv/detail
[41.437s] -- Up-to-date: /home/optimus/first_ros2_ws/install/intro_interfaces/include/intro_interfaces/intro_interfaces/srv/detail/dds_fastrtps
[41.438s] -- Installing: /home/optimus/first_ros2_ws/install/intro_interfaces/include/intro_interfaces/intro_interfaces/srv/detail/led_tracker__rosidl_typesupport_fastrtps_cpp.hpp
[41.439s] -- Up-to-date: /home/optimus/first_ros2_ws/install/intro_interfaces/include/intro_interfaces/intro_interfaces/msg
[41.440s] -- Up-to-date: /home/optimus/first_ros2_ws/install/intro_interfaces/include/intro_interfaces/intro_interfaces/msg/rosidl_typesupport_fastrtps_cpp__visibility_control.h
[41.440s] -- Up-to-date: /home/optimus/first_ros2_ws/install/intro_interfaces/include/intro_interfaces/intro_interfaces/msg/detail
[41.441s] -- Up-to-date: /home/optimus/first_ros2_ws/install/intro_interfaces/include/intro_interfaces/intro_interfaces/msg/detail/dds_fastrtps
[41.442s] -- Installing: /home/optimus/first_ros2_ws/install/intro_interfaces/include/intro_interfaces/intro_interfaces/msg/detail/led_state__rosidl_typesupport_fastrtps_cpp.hpp
[41.442s] -- Up-to-date: /home/optimus/first_ros2_ws/install/intro_interfaces/include/intro_interfaces/intro_interfaces/action
[41.443s] -- Up-to-date: /home/optimus/first_ros2_ws/install/intro_interfaces/include/intro_interfaces/intro_interfaces/action/detail
[41.444s] -- Installing: /home/optimus/first_ros2_ws/install/intro_interfaces/include/intro_interfaces/intro_interfaces/action/detail/toggle_led__rosidl_typesupport_fastrtps_cpp.hpp
[41.445s] -- Installing: /home/optimus/first_ros2_ws/install/intro_interfaces/include/intro_interfaces/intro_interfaces/action/detail/dds_fastrtps
[41.447s] -- Installing: /home/optimus/first_ros2_ws/install/intro_interfaces/lib/libintro_interfaces__rosidl_typesupport_fastrtps_cpp.so
[41.453s] -- Set non-toolchain portion of runtime path of "/home/optimus/first_ros2_ws/install/intro_interfaces/lib/libintro_interfaces__rosidl_typesupport_fastrtps_cpp.so" to ""
[41.456s] -- Up-to-date: /home/optimus/first_ros2_ws/install/intro_interfaces/include/intro_interfaces/intro_interfaces
[41.457s] -- Up-to-date: /home/optimus/first_ros2_ws/install/intro_interfaces/include/intro_interfaces/intro_interfaces/srv
[41.457s] -- Up-to-date: /home/optimus/first_ros2_ws/install/intro_interfaces/include/intro_interfaces/intro_interfaces/srv/detail
[41.458s] -- Installing: /home/optimus/first_ros2_ws/install/intro_interfaces/include/intro_interfaces/intro_interfaces/srv/detail/led_tracker__rosidl_typesupport_introspection_cpp.hpp
[41.462s] -- Installing: /home/optimus/first_ros2_ws/install/intro_interfaces/include/intro_interfaces/intro_interfaces/srv/detail/led_tracker__type_support.cpp
[41.462s] -- Up-to-date: /home/optimus/first_ros2_ws/install/intro_interfaces/include/intro_interfaces/intro_interfaces/msg
[41.463s] -- Up-to-date: /home/optimus/first_ros2_ws/install/intro_interfaces/include/intro_interfaces/intro_interfaces/msg/detail
[41.464s] -- Installing: /home/optimus/first_ros2_ws/install/intro_interfaces/include/intro_interfaces/intro_interfaces/msg/detail/led_state__rosidl_typesupport_introspection_cpp.hpp
[41.465s] -- Installing: /home/optimus/first_ros2_ws/install/intro_interfaces/include/intro_interfaces/intro_interfaces/msg/detail/led_state__type_support.cpp
[41.466s] -- Up-to-date: /home/optimus/first_ros2_ws/install/intro_interfaces/include/intro_interfaces/intro_interfaces/action
[41.468s] -- Up-to-date: /home/optimus/first_ros2_ws/install/intro_interfaces/include/intro_interfaces/intro_interfaces/action/detail
[41.468s] -- Installing: /home/optimus/first_ros2_ws/install/intro_interfaces/include/intro_interfaces/intro_interfaces/action/detail/toggle_led__rosidl_typesupport_introspection_cpp.hpp
[41.469s] -- Installing: /home/optimus/first_ros2_ws/install/intro_interfaces/include/intro_interfaces/intro_interfaces/action/detail/toggle_led__type_support.cpp
[41.471s] -- Installing: /home/optimus/first_ros2_ws/install/intro_interfaces/lib/libintro_interfaces__rosidl_typesupport_introspection_cpp.so
[41.482s] -- Set non-toolchain portion of runtime path of "/home/optimus/first_ros2_ws/install/intro_interfaces/lib/libintro_interfaces__rosidl_typesupport_introspection_cpp.so" to ""
[41.483s] -- Installing: /home/optimus/first_ros2_ws/install/intro_interfaces/lib/libintro_interfaces__rosidl_typesupport_cpp.so
[41.484s] -- Set non-toolchain portion of runtime path of "/home/optimus/first_ros2_ws/install/intro_interfaces/lib/libintro_interfaces__rosidl_typesupport_cpp.so" to ""
[41.488s] -- Up-to-date: /home/optimus/first_ros2_ws/install/intro_interfaces/share/intro_interfaces/environment/pythonpath.sh
[41.489s] -- Up-to-date: /home/optimus/first_ros2_ws/install/intro_interfaces/share/intro_interfaces/environment/pythonpath.dsv
[41.489s] -- Up-to-date: /home/optimus/first_ros2_ws/install/intro_interfaces/lib/python3.12/site-packages/intro_interfaces-0.0.0-py3.12.egg-info
[41.490s] -- Installing: /home/optimus/first_ros2_ws/install/intro_interfaces/lib/python3.12/site-packages/intro_interfaces-0.0.0-py3.12.egg-info/PKG-INFO
[41.491s] -- Installing: /home/optimus/first_ros2_ws/install/intro_interfaces/lib/python3.12/site-packages/intro_interfaces-0.0.0-py3.12.egg-info/top_level.txt
[41.491s] -- Installing: /home/optimus/first_ros2_ws/install/intro_interfaces/lib/python3.12/site-packages/intro_interfaces-0.0.0-py3.12.egg-info/dependency_links.txt
[41.492s] -- Installing: /home/optimus/first_ros2_ws/install/intro_interfaces/lib/python3.12/site-packages/intro_interfaces-0.0.0-py3.12.egg-info/SOURCES.txt
[41.496s] -- Up-to-date: /home/optimus/first_ros2_ws/install/intro_interfaces/lib/python3.12/site-packages/intro_interfaces
[41.497s] -- Up-to-date: /home/optimus/first_ros2_ws/install/intro_interfaces/lib/python3.12/site-packages/intro_interfaces/srv
[41.501s] -- Installing: /home/optimus/first_ros2_ws/install/intro_interfaces/lib/python3.12/site-packages/intro_interfaces/srv/_led_tracker_s.c
[41.502s] -- Installing: /home/optimus/first_ros2_ws/install/intro_interfaces/lib/python3.12/site-packages/intro_interfaces/srv/_led_tracker.py
[41.502s] -- Installing: /home/optimus/first_ros2_ws/install/intro_interfaces/lib/python3.12/site-packages/intro_interfaces/srv/__init__.py
[41.503s] -- Up-to-date: /home/optimus/first_ros2_ws/install/intro_interfaces/lib/python3.12/site-packages/intro_interfaces/msg
[41.508s] -- Installing: /home/optimus/first_ros2_ws/install/intro_interfaces/lib/python3.12/site-packages/intro_interfaces/msg/__init__.py
[41.509s] -- Installing: /home/optimus/first_ros2_ws/install/intro_interfaces/lib/python3.12/site-packages/intro_interfaces/msg/_led_state.py
[41.512s] -- Installing: /home/optimus/first_ros2_ws/install/intro_interfaces/lib/python3.12/site-packages/intro_interfaces/msg/_led_state_s.c
[41.514s] -- Installing: /home/optimus/first_ros2_ws/install/intro_interfaces/lib/python3.12/site-packages/intro_interfaces/intro_interfaces_s__rosidl_typesupport_fastrtps_c.so
[41.514s] -- Installing: /home/optimus/first_ros2_ws/install/intro_interfaces/lib/python3.12/site-packages/intro_interfaces/intro_interfaces_s__rosidl_typesupport_introspection_c.so
[41.517s] -- Installing: /home/optimus/first_ros2_ws/install/intro_interfaces/lib/python3.12/site-packages/intro_interfaces/action
[41.520s] -- Installing: /home/optimus/first_ros2_ws/install/intro_interfaces/lib/python3.12/site-packages/intro_interfaces/action/__init__.py
[41.521s] -- Installing: /home/optimus/first_ros2_ws/install/intro_interfaces/lib/python3.12/site-packages/intro_interfaces/action/_toggle_led_s.c
[41.522s] -- Installing: /home/optimus/first_ros2_ws/install/intro_interfaces/lib/python3.12/site-packages/intro_interfaces/action/_toggle_led.py
[41.527s] -- Installing: /home/optimus/first_ros2_ws/install/intro_interfaces/lib/python3.12/site-packages/intro_interfaces/__init__.py
[41.528s] -- Installing: /home/optimus/first_ros2_ws/install/intro_interfaces/lib/python3.12/site-packages/intro_interfaces/intro_interfaces_s__rosidl_typesupport_c.so
[41.529s] -- Installing: /home/optimus/first_ros2_ws/install/intro_interfaces/lib/python3.12/site-packages/intro_interfaces/_intro_interfaces_s.ep.rosidl_typesupport_c.c
[41.539s] -- Installing: /home/optimus/first_ros2_ws/install/intro_interfaces/lib/python3.12/site-packages/intro_interfaces/_intro_interfaces_s.ep.rosidl_typesupport_fastrtps_c.c
[41.540s] -- Installing: /home/optimus/first_ros2_ws/install/intro_interfaces/lib/python3.12/site-packages/intro_interfaces/_intro_interfaces_s.ep.rosidl_typesupport_introspection_c.c
[41.912s] Listing '/home/optimus/first_ros2_ws/install/intro_interfaces/lib/python3.12/site-packages/intro_interfaces'...
[41.914s] Compiling '/home/optimus/first_ros2_ws/install/intro_interfaces/lib/python3.12/site-packages/intro_interfaces/__init__.py'...
[41.916s] Listing '/home/optimus/first_ros2_ws/install/intro_interfaces/lib/python3.12/site-packages/intro_interfaces/action'...
[41.918s] Compiling '/home/optimus/first_ros2_ws/install/intro_interfaces/lib/python3.12/site-packages/intro_interfaces/action/__init__.py'...
[41.919s] Compiling '/home/optimus/first_ros2_ws/install/intro_interfaces/lib/python3.12/site-packages/intro_interfaces/action/_toggle_led.py'...
[41.921s] Listing '/home/optimus/first_ros2_ws/install/intro_interfaces/lib/python3.12/site-packages/intro_interfaces/msg'...
[41.925s] Compiling '/home/optimus/first_ros2_ws/install/intro_interfaces/lib/python3.12/site-packages/intro_interfaces/msg/__init__.py'...
[41.928s] Compiling '/home/optimus/first_ros2_ws/install/intro_interfaces/lib/python3.12/site-packages/intro_interfaces/msg/_led_state.py'...
[41.932s] Listing '/home/optimus/first_ros2_ws/install/intro_interfaces/lib/python3.12/site-packages/intro_interfaces/srv'...
[41.935s] Compiling '/home/optimus/first_ros2_ws/install/intro_interfaces/lib/python3.12/site-packages/intro_interfaces/srv/__init__.py'...
[41.936s] Compiling '/home/optimus/first_ros2_ws/install/intro_interfaces/lib/python3.12/site-packages/intro_interfaces/srv/_led_tracker.py'...
[41.957s] -- Installing: /home/optimus/first_ros2_ws/install/intro_interfaces/lib/python3.12/site-packages/intro_interfaces/intro_interfaces_s__rosidl_typesupport_fastrtps_c.so
[41.961s] -- Set non-toolchain portion of runtime path of "/home/optimus/first_ros2_ws/install/intro_interfaces/lib/python3.12/site-packages/intro_interfaces/intro_interfaces_s__rosidl_typesupport_fastrtps_c.so" to ""
[41.963s] -- Installing: /home/optimus/first_ros2_ws/install/intro_interfaces/lib/python3.12/site-packages/intro_interfaces/intro_interfaces_s__rosidl_typesupport_introspection_c.so
[41.966s] -- Set non-toolchain portion of runtime path of "/home/optimus/first_ros2_ws/install/intro_interfaces/lib/python3.12/site-packages/intro_interfaces/intro_interfaces_s__rosidl_typesupport_introspection_c.so" to ""
[41.968s] -- Installing: /home/optimus/first_ros2_ws/install/intro_interfaces/lib/python3.12/site-packages/intro_interfaces/intro_interfaces_s__rosidl_typesupport_c.so
[41.971s] -- Set non-toolchain portion of runtime path of "/home/optimus/first_ros2_ws/install/intro_interfaces/lib/python3.12/site-packages/intro_interfaces/intro_interfaces_s__rosidl_typesupport_c.so" to ""
[41.974s] -- Installing: /home/optimus/first_ros2_ws/install/intro_interfaces/lib/libintro_interfaces__rosidl_generator_py.so
[41.979s] -- Set non-toolchain portion of runtime path of "/home/optimus/first_ros2_ws/install/intro_interfaces/lib/libintro_interfaces__rosidl_generator_py.so" to ""
[41.985s] -- Up-to-date: /home/optimus/first_ros2_ws/install/intro_interfaces/share/intro_interfaces/msg/LEDState.idl
[41.990s] -- Up-to-date: /home/optimus/first_ros2_ws/install/intro_interfaces/share/intro_interfaces/srv/LEDTracker.idl
[41.994s] -- Installing: /home/optimus/first_ros2_ws/install/intro_interfaces/share/intro_interfaces/action/ToggleLED.idl
[41.996s] -- Up-to-date: /home/optimus/first_ros2_ws/install/intro_interfaces/share/intro_interfaces/msg/LEDState.msg
[41.999s] -- Up-to-date: /home/optimus/first_ros2_ws/install/intro_interfaces/share/intro_interfaces/srv/LEDTracker.srv
[42.000s] -- Installing: /home/optimus/first_ros2_ws/install/intro_interfaces/share/intro_interfaces/action/ToggleLED.action
[42.006s] -- Up-to-date: /home/optimus/first_ros2_ws/install/intro_interfaces/share/ament_index/resource_index/package_run_dependencies/intro_interfaces
[42.008s] -- Installing: /home/optimus/first_ros2_ws/install/intro_interfaces/share/ament_index/resource_index/parent_prefix_path/intro_interfaces
[42.009s] -- Up-to-date: /home/optimus/first_ros2_ws/install/intro_interfaces/share/intro_interfaces/environment/ament_prefix_path.sh
[42.011s] -- Up-to-date: /home/optimus/first_ros2_ws/install/intro_interfaces/share/intro_interfaces/environment/ament_prefix_path.dsv
[42.014s] -- Up-to-date: /home/optimus/first_ros2_ws/install/intro_interfaces/share/intro_interfaces/environment/path.sh
[42.015s] -- Up-to-date: /home/optimus/first_ros2_ws/install/intro_interfaces/share/intro_interfaces/environment/path.dsv
[42.017s] -- Up-to-date: /home/optimus/first_ros2_ws/install/intro_interfaces/share/intro_interfaces/local_setup.bash
[42.018s] -- Up-to-date: /home/optimus/first_ros2_ws/install/intro_interfaces/share/intro_interfaces/local_setup.sh
[42.021s] -- Up-to-date: /home/optimus/first_ros2_ws/install/intro_interfaces/share/intro_interfaces/local_setup.zsh
[42.023s] -- Up-to-date: /home/optimus/first_ros2_ws/install/intro_interfaces/share/intro_interfaces/local_setup.dsv
[42.025s] -- Installing: /home/optimus/first_ros2_ws/install/intro_interfaces/share/intro_interfaces/package.dsv
[42.026s] -- Up-to-date: /home/optimus/first_ros2_ws/install/intro_interfaces/share/ament_index/resource_index/packages/intro_interfaces
[42.031s] -- Old export file "/home/optimus/first_ros2_ws/install/intro_interfaces/share/intro_interfaces/cmake/export_intro_interfaces__rosidl_generator_cExport.cmake" will be replaced.  Removing files [/home/optimus/first_ros2_ws/install/intro_interfaces/share/intro_interfaces/cmake/export_intro_interfaces__rosidl_generator_cExport-noconfig.cmake].
[42.032s] -- Installing: /home/optimus/first_ros2_ws/install/intro_interfaces/share/intro_interfaces/cmake/export_intro_interfaces__rosidl_generator_cExport.cmake
[42.035s] -- Installing: /home/optimus/first_ros2_ws/install/intro_interfaces/share/intro_interfaces/cmake/export_intro_interfaces__rosidl_generator_cExport-noconfig.cmake
[42.039s] -- Old export file "/home/optimus/first_ros2_ws/install/intro_interfaces/share/intro_interfaces/cmake/export_intro_interfaces__rosidl_typesupport_fastrtps_cExport.cmake" will be replaced.  Removing files [/home/optimus/first_ros2_ws/install/intro_interfaces/share/intro_interfaces/cmake/export_intro_interfaces__rosidl_typesupport_fastrtps_cExport-noconfig.cmake].
[42.043s] -- Installing: /home/optimus/first_ros2_ws/install/intro_interfaces/share/intro_interfaces/cmake/export_intro_interfaces__rosidl_typesupport_fastrtps_cExport.cmake
[42.045s] -- Installing: /home/optimus/first_ros2_ws/install/intro_interfaces/share/intro_interfaces/cmake/export_intro_interfaces__rosidl_typesupport_fastrtps_cExport-noconfig.cmake
[42.047s] -- Old export file "/home/optimus/first_ros2_ws/install/intro_interfaces/share/intro_interfaces/cmake/intro_interfaces__rosidl_typesupport_introspection_cExport.cmake" will be replaced.  Removing files [/home/optimus/first_ros2_ws/install/intro_interfaces/share/intro_interfaces/cmake/intro_interfaces__rosidl_typesupport_introspection_cExport-noconfig.cmake].
[42.047s] -- Installing: /home/optimus/first_ros2_ws/install/intro_interfaces/share/intro_interfaces/cmake/intro_interfaces__rosidl_typesupport_introspection_cExport.cmake
[42.049s] -- Installing: /home/optimus/first_ros2_ws/install/intro_interfaces/share/intro_interfaces/cmake/intro_interfaces__rosidl_typesupport_introspection_cExport-noconfig.cmake
[42.051s] -- Old export file "/home/optimus/first_ros2_ws/install/intro_interfaces/share/intro_interfaces/cmake/intro_interfaces__rosidl_typesupport_cExport.cmake" will be replaced.  Removing files [/home/optimus/first_ros2_ws/install/intro_interfaces/share/intro_interfaces/cmake/intro_interfaces__rosidl_typesupport_cExport-noconfig.cmake].
[42.052s] -- Installing: /home/optimus/first_ros2_ws/install/intro_interfaces/share/intro_interfaces/cmake/intro_interfaces__rosidl_typesupport_cExport.cmake
[42.053s] -- Installing: /home/optimus/first_ros2_ws/install/intro_interfaces/share/intro_interfaces/cmake/intro_interfaces__rosidl_typesupport_cExport-noconfig.cmake
[42.054s] -- Installing: /home/optimus/first_ros2_ws/install/intro_interfaces/share/intro_interfaces/cmake/export_intro_interfaces__rosidl_generator_cppExport.cmake
[42.055s] -- Old export file "/home/optimus/first_ros2_ws/install/intro_interfaces/share/intro_interfaces/cmake/export_intro_interfaces__rosidl_typesupport_fastrtps_cppExport.cmake" will be replaced.  Removing files [/home/optimus/first_ros2_ws/install/intro_interfaces/share/intro_interfaces/cmake/export_intro_interfaces__rosidl_typesupport_fastrtps_cppExport-noconfig.cmake].
[42.056s] -- Installing: /home/optimus/first_ros2_ws/install/intro_interfaces/share/intro_interfaces/cmake/export_intro_interfaces__rosidl_typesupport_fastrtps_cppExport.cmake
[42.057s] -- Installing: /home/optimus/first_ros2_ws/install/intro_interfaces/share/intro_interfaces/cmake/export_intro_interfaces__rosidl_typesupport_fastrtps_cppExport-noconfig.cmake
[42.059s] -- Old export file "/home/optimus/first_ros2_ws/install/intro_interfaces/share/intro_interfaces/cmake/intro_interfaces__rosidl_typesupport_introspection_cppExport.cmake" will be replaced.  Removing files [/home/optimus/first_ros2_ws/install/intro_interfaces/share/intro_interfaces/cmake/intro_interfaces__rosidl_typesupport_introspection_cppExport-noconfig.cmake].
[42.060s] -- Installing: /home/optimus/first_ros2_ws/install/intro_interfaces/share/intro_interfaces/cmake/intro_interfaces__rosidl_typesupport_introspection_cppExport.cmake
[42.061s] -- Installing: /home/optimus/first_ros2_ws/install/intro_interfaces/share/intro_interfaces/cmake/intro_interfaces__rosidl_typesupport_introspection_cppExport-noconfig.cmake
[42.063s] -- Old export file "/home/optimus/first_ros2_ws/install/intro_interfaces/share/intro_interfaces/cmake/intro_interfaces__rosidl_typesupport_cppExport.cmake" will be replaced.  Removing files [/home/optimus/first_ros2_ws/install/intro_interfaces/share/intro_interfaces/cmake/intro_interfaces__rosidl_typesupport_cppExport-noconfig.cmake].
[42.064s] -- Installing: /home/optimus/first_ros2_ws/install/intro_interfaces/share/intro_interfaces/cmake/intro_interfaces__rosidl_typesupport_cppExport.cmake
[42.066s] -- Installing: /home/optimus/first_ros2_ws/install/intro_interfaces/share/intro_interfaces/cmake/intro_interfaces__rosidl_typesupport_cppExport-noconfig.cmake
[42.067s] -- Up-to-date: /home/optimus/first_ros2_ws/install/intro_interfaces/share/intro_interfaces/cmake/export_intro_interfaces__rosidl_generator_pyExport.cmake
[42.068s] -- Installing: /home/optimus/first_ros2_ws/install/intro_interfaces/share/intro_interfaces/cmake/export_intro_interfaces__rosidl_generator_pyExport-noconfig.cmake
[42.070s] -- Installing: /home/optimus/first_ros2_ws/install/intro_interfaces/share/intro_interfaces/cmake/rosidl_cmake-extras.cmake
[42.071s] -- Installing: /home/optimus/first_ros2_ws/install/intro_interfaces/share/intro_interfaces/cmake/ament_cmake_export_dependencies-extras.cmake
[42.073s] -- Up-to-date: /home/optimus/first_ros2_ws/install/intro_interfaces/share/intro_interfaces/cmake/ament_cmake_export_include_directories-extras.cmake
[42.074s] -- Up-to-date: /home/optimus/first_ros2_ws/install/intro_interfaces/share/intro_interfaces/cmake/ament_cmake_export_libraries-extras.cmake
[42.076s] -- Up-to-date: /home/optimus/first_ros2_ws/install/intro_interfaces/share/intro_interfaces/cmake/ament_cmake_export_targets-extras.cmake
[42.077s] -- Up-to-date: /home/optimus/first_ros2_ws/install/intro_interfaces/share/intro_interfaces/cmake/rosidl_cmake_export_typesupport_targets-extras.cmake
[42.078s] -- Up-to-date: /home/optimus/first_ros2_ws/install/intro_interfaces/share/intro_interfaces/cmake/rosidl_cmake_export_typesupport_libraries-extras.cmake
[42.079s] -- Up-to-date: /home/optimus/first_ros2_ws/install/intro_interfaces/share/intro_interfaces/cmake/intro_interfacesConfig.cmake
[42.080s] -- Up-to-date: /home/optimus/first_ros2_ws/install/intro_interfaces/share/intro_interfaces/cmake/intro_interfacesConfig-version.cmake
[42.082s] -- Up-to-date: /home/optimus/first_ros2_ws/install/intro_interfaces/share/intro_interfaces/package.xml
[42.089s] Invoked command in '/home/optimus/first_ros2_ws/build/intro_interfaces' returned '0': CMAKE_PREFIX_PATH=${CMAKE_PREFIX_PATH}:/opt/ros/jazzy DEBUGINFOD_URLS=https://debuginfod.ubuntu.com /usr/bin/cmake --install /home/optimus/first_ros2_ws/build/intro_interfaces
